[0.025s] Invoking command in '/home/peeranut/ros2_ws/build/simple_robot_ros2': CMAKE_PREFIX_PATH=${CMAKE_PREFIX_PATH}:/opt/ros/humble /usr/bin/cmake --build /home/peeranut/ros2_ws/build/simple_robot_ros2 -- -j20 -l20
[0.053s] Invoked command in '/home/peeranut/ros2_ws/build/simple_robot_ros2' returned '0': CMAKE_PREFIX_PATH=${CMAKE_PREFIX_PATH}:/opt/ros/humble /usr/bin/cmake --build /home/peeranut/ros2_ws/build/simple_robot_ros2 -- -j20 -l20
[0.072s] Invoking command in '/home/peeranut/ros2_ws/build/simple_robot_ros2': CMAKE_PREFIX_PATH=${CMAKE_PREFIX_PATH}:/opt/ros/humble /usr/bin/cmake --install /home/peeranut/ros2_ws/build/simple_robot_ros2
[0.085s] -- Install configuration: ""
[0.085s] -- Up-to-date: /home/peeranut/ros2_ws/install/simple_robot_ros2/share/simple_robot_ros2/config
[0.085s] -- Up-to-date: /home/peeranut/ros2_ws/install/simple_robot_ros2/share/simple_robot_ros2/config/simple_diff_drive.yaml
[0.085s] -- Up-to-date: /home/peeranut/ros2_ws/install/simple_robot_ros2/share/simple_robot_ros2/launch
[0.085s] -- Up-to-date: /home/peeranut/ros2_ws/install/simple_robot_ros2/share/simple_robot_ros2/launch/simple_robot.launch.py
[0.085s] -- Up-to-date: /home/peeranut/ros2_ws/install/simple_robot_ros2/share/simple_robot_ros2/worlds
[0.085s] -- Up-to-date: /home/peeranut/ros2_ws/install/simple_robot_ros2/share/simple_robot_ros2/worlds/simple_world.world
[0.086s] -- Up-to-date: /home/peeranut/ros2_ws/install/simple_robot_ros2/share/simple_robot_ros2/urdf
[0.086s] -- Up-to-date: /home/peeranut/ros2_ws/install/simple_robot_ros2/share/simple_robot_ros2/urdf/simple_robot.urdf.xacro
[0.086s] -- Up-to-date: /home/peeranut/ros2_ws/install/simple_robot_ros2/share/simple_robot_ros2/rviz
[0.086s] -- Up-to-date: /home/peeranut/ros2_ws/install/simple_robot_ros2/share/simple_robot_ros2/rviz/simple_robot.rviz
[0.086s] -- Up-to-date: /home/peeranut/ros2_ws/install/simple_robot_ros2/share/ament_index/resource_index/package_run_dependencies/simple_robot_ros2
[0.086s] -- Up-to-date: /home/peeranut/ros2_ws/install/simple_robot_ros2/share/ament_index/resource_index/parent_prefix_path/simple_robot_ros2
[0.086s] -- Up-to-date: /home/peeranut/ros2_ws/install/simple_robot_ros2/share/simple_robot_ros2/environment/ament_prefix_path.sh
[0.086s] -- Up-to-date: /home/peeranut/ros2_ws/install/simple_robot_ros2/share/simple_robot_ros2/environment/ament_prefix_path.dsv
[0.086s] -- Up-to-date: /home/peeranut/ros2_ws/install/simple_robot_ros2/share/simple_robot_ros2/environment/path.sh
[0.086s] -- Up-to-date: /home/peeranut/ros2_ws/install/simple_robot_ros2/share/simple_robot_ros2/environment/path.dsv
[0.086s] -- Up-to-date: /home/peeranut/ros2_ws/install/simple_robot_ros2/share/simple_robot_ros2/local_setup.bash
[0.087s] -- Up-to-date: /home/peeranut/ros2_ws/install/simple_robot_ros2/share/simple_robot_ros2/local_setup.sh
[0.087s] -- Up-to-date: /home/peeranut/ros2_ws/install/simple_robot_ros2/share/simple_robot_ros2/local_setup.zsh
[0.087s] -- Up-to-date: /home/peeranut/ros2_ws/install/simple_robot_ros2/share/simple_robot_ros2/local_setup.dsv
[0.087s] -- Installing: /home/peeranut/ros2_ws/install/simple_robot_ros2/share/simple_robot_ros2/package.dsv
[0.087s] -- Up-to-date: /home/peeranut/ros2_ws/install/simple_robot_ros2/share/ament_index/resource_index/packages/simple_robot_ros2
[0.087s] -- Up-to-date: /home/peeranut/ros2_ws/install/simple_robot_ros2/share/simple_robot_ros2/cmake/simple_robot_ros2Config.cmake
[0.087s] -- Up-to-date: /home/peeranut/ros2_ws/install/simple_robot_ros2/share/simple_robot_ros2/cmake/simple_robot_ros2Config-version.cmake
[0.088s] -- Up-to-date: /home/peeranut/ros2_ws/install/simple_robot_ros2/share/simple_robot_ros2/package.xml
[0.128s] Invoked command in '/home/peeranut/ros2_ws/build/simple_robot_ros2' returned '0': CMAKE_PREFIX_PATH=${CMAKE_PREFIX_PATH}:/opt/ros/humble /usr/bin/cmake --install /home/peeranut/ros2_ws/build/simple_robot_ros2
