[0.018s] Invoking command in '/home/peeranut/ros2_ws/build/simple_robot_ros2': /usr/bin/cmake --build /home/peeranut/ros2_ws/build/simple_robot_ros2 -- -j20 -l20
[0.081s] Invoked command in '/home/peeranut/ros2_ws/build/simple_robot_ros2' returned '0': /usr/bin/cmake --build /home/peeranut/ros2_ws/build/simple_robot_ros2 -- -j20 -l20
[0.096s] Invoking command in '/home/peeranut/ros2_ws/build/simple_robot_ros2': /usr/bin/cmake --install /home/peeranut/ros2_ws/build/simple_robot_ros2
[0.099s] -- Install configuration: ""
[0.100s] -- Up-to-date: /home/peeranut/ros2_ws/install/simple_robot_ros2/share/simple_robot_ros2/config
[0.100s] -- Up-to-date: /home/peeranut/ros2_ws/install/simple_robot_ros2/share/simple_robot_ros2/config/simple_diff_drive.yaml
[0.100s] -- Up-to-date: /home/peeranut/ros2_ws/install/simple_robot_ros2/share/simple_robot_ros2/launch
[0.101s] -- Up-to-date: /home/peeranut/ros2_ws/install/simple_robot_ros2/share/simple_robot_ros2/launch/simple_robot.launch.py
[0.101s] -- Up-to-date: /home/peeranut/ros2_ws/install/simple_robot_ros2/share/simple_robot_ros2/worlds
[0.101s] -- Up-to-date: /home/peeranut/ros2_ws/install/simple_robot_ros2/share/simple_robot_ros2/worlds/simple_world.world
[0.101s] -- Up-to-date: /home/peeranut/ros2_ws/install/simple_robot_ros2/share/simple_robot_ros2/urdf
[0.102s] -- Up-to-date: /home/peeranut/ros2_ws/install/simple_robot_ros2/share/simple_robot_ros2/urdf/simple_robot.urdf.xacro
[0.102s] -- Up-to-date: /home/peeranut/ros2_ws/install/simple_robot_ros2/share/simple_robot_ros2/rviz
[0.103s] -- Up-to-date: /home/peeranut/ros2_ws/install/simple_robot_ros2/share/simple_robot_ros2/rviz/simple_robot.rviz
[0.104s] -- Up-to-date: /home/peeranut/ros2_ws/install/simple_robot_ros2/share/ament_index/resource_index/package_run_dependencies/simple_robot_ros2
[0.105s] -- Up-to-date: /home/peeranut/ros2_ws/install/simple_robot_ros2/share/ament_index/resource_index/parent_prefix_path/simple_robot_ros2
[0.105s] -- Up-to-date: /home/peeranut/ros2_ws/install/simple_robot_ros2/share/simple_robot_ros2/environment/ament_prefix_path.sh
[0.105s] -- Up-to-date: /home/peeranut/ros2_ws/install/simple_robot_ros2/share/simple_robot_ros2/environment/ament_prefix_path.dsv
[0.106s] -- Up-to-date: /home/peeranut/ros2_ws/install/simple_robot_ros2/share/simple_robot_ros2/environment/path.sh
[0.106s] -- Up-to-date: /home/peeranut/ros2_ws/install/simple_robot_ros2/share/simple_robot_ros2/environment/path.dsv
[0.106s] -- Up-to-date: /home/peeranut/ros2_ws/install/simple_robot_ros2/share/simple_robot_ros2/local_setup.bash
[0.107s] -- Up-to-date: /home/peeranut/ros2_ws/install/simple_robot_ros2/share/simple_robot_ros2/local_setup.sh
[0.107s] -- Up-to-date: /home/peeranut/ros2_ws/install/simple_robot_ros2/share/simple_robot_ros2/local_setup.zsh
[0.107s] -- Up-to-date: /home/peeranut/ros2_ws/install/simple_robot_ros2/share/simple_robot_ros2/local_setup.dsv
[0.108s] -- Installing: /home/peeranut/ros2_ws/install/simple_robot_ros2/share/simple_robot_ros2/package.dsv
[0.112s] -- Up-to-date: /home/peeranut/ros2_ws/install/simple_robot_ros2/share/ament_index/resource_index/packages/simple_robot_ros2
[0.112s] -- Up-to-date: /home/peeranut/ros2_ws/install/simple_robot_ros2/share/simple_robot_ros2/cmake/simple_robot_ros2Config.cmake
[0.112s] -- Up-to-date: /home/peeranut/ros2_ws/install/simple_robot_ros2/share/simple_robot_ros2/cmake/simple_robot_ros2Config-version.cmake
[0.112s] -- Up-to-date: /home/peeranut/ros2_ws/install/simple_robot_ros2/share/simple_robot_ros2/package.xml
[0.114s] Invoked command in '/home/peeranut/ros2_ws/build/simple_robot_ros2' returned '0': /usr/bin/cmake --install /home/peeranut/ros2_ws/build/simple_robot_ros2
