[0.023s] Invoking command in '/home/peeranut/ros2_ws/build/multirobot_map_merge': CMAKE_PREFIX_PATH=${CMAKE_PREFIX_PATH}:/opt/ros/humble /usr/bin/cmake --build /home/peeranut/ros2_ws/build/multirobot_map_merge -- -j20 -l20
[0.050s] [ 16%] Built target gtest_main
[0.051s] [ 33%] Built target gtest
[0.053s] [ 66%] Built target combine_grids
[0.105s] [ 83%] Built target test_merging_pipeline
[0.106s] [100%] Built target map_merge
[0.127s] Invoked command in '/home/peeranut/ros2_ws/build/multirobot_map_merge' returned '0': CMAKE_PREFIX_PATH=${CMAKE_PREFIX_PATH}:/opt/ros/humble /usr/bin/cmake --build /home/peeranut/ros2_ws/build/multirobot_map_merge -- -j20 -l20
[0.155s] Invoking command in '/home/peeranut/ros2_ws/build/multirobot_map_merge': CMAKE_PREFIX_PATH=${CMAKE_PREFIX_PATH}:/opt/ros/humble /usr/bin/cmake --install /home/peeranut/ros2_ws/build/multirobot_map_merge
[0.159s] -- Install configuration: ""
[0.159s] -- Up-to-date: /home/peeranut/ros2_ws/install/multirobot_map_merge/include/map_merge/
[0.159s] -- Up-to-date: /home/peeranut/ros2_ws/install/multirobot_map_merge/include/map_merge//ros1_names.hpp
[0.159s] -- Up-to-date: /home/peeranut/ros2_ws/install/multirobot_map_merge/include/map_merge//map_merge.h
[0.159s] -- Up-to-date: /home/peeranut/ros2_ws/install/multirobot_map_merge/share/multirobot_map_merge/launch
[0.159s] -- Up-to-date: /home/peeranut/ros2_ws/install/multirobot_map_merge/share/multirobot_map_merge/launch/map_merge.rviz
[0.160s] -- Up-to-date: /home/peeranut/ros2_ws/install/multirobot_map_merge/share/multirobot_map_merge/launch/map_merge.launch.py
[0.160s] -- Up-to-date: /home/peeranut/ros2_ws/install/multirobot_map_merge/share/multirobot_map_merge/launch/tb3_simulation
[0.160s] -- Up-to-date: /home/peeranut/ros2_ws/install/multirobot_map_merge/share/multirobot_map_merge/launch/tb3_simulation/bringup_launch.py
[0.160s] -- Up-to-date: /home/peeranut/ros2_ws/install/multirobot_map_merge/share/multirobot_map_merge/launch/tb3_simulation/slam_toolbox.py
[0.160s] -- Up-to-date: /home/peeranut/ros2_ws/install/multirobot_map_merge/share/multirobot_map_merge/launch/tb3_simulation/worlds
[0.160s] -- Up-to-date: /home/peeranut/ros2_ws/install/multirobot_map_merge/share/multirobot_map_merge/launch/tb3_simulation/worlds/world_only.model
[0.160s] -- Up-to-date: /home/peeranut/ros2_ws/install/multirobot_map_merge/share/multirobot_map_merge/launch/tb3_simulation/multi_tb3_simulation_launch.py
[0.160s] -- Up-to-date: /home/peeranut/ros2_ws/install/multirobot_map_merge/share/multirobot_map_merge/launch/tb3_simulation/config
[0.160s] -- Up-to-date: /home/peeranut/ros2_ws/install/multirobot_map_merge/share/multirobot_map_merge/launch/tb3_simulation/config/nav2_multirobot_params_2.yaml
[0.160s] -- Up-to-date: /home/peeranut/ros2_ws/install/multirobot_map_merge/share/multirobot_map_merge/launch/tb3_simulation/config/nav2_multirobot_params_1.yaml
[0.161s] -- Up-to-date: /home/peeranut/ros2_ws/install/multirobot_map_merge/share/multirobot_map_merge/launch/tb3_simulation/tb3_simulation_launch.py
[0.161s] -- Up-to-date: /home/peeranut/ros2_ws/install/multirobot_map_merge/share/multirobot_map_merge/launch/from_map_server.launch.py
[0.161s] -- Up-to-date: /home/peeranut/ros2_ws/install/multirobot_map_merge/share/multirobot_map_merge/config
[0.161s] -- Up-to-date: /home/peeranut/ros2_ws/install/multirobot_map_merge/share/multirobot_map_merge/config/params.yaml
[0.161s] -- Up-to-date: /home/peeranut/ros2_ws/install/multirobot_map_merge/lib/libcombine_grids.a
[0.161s] -- Up-to-date: /home/peeranut/ros2_ws/install/multirobot_map_merge/lib/multirobot_map_merge/map_merge
[0.161s] -- Up-to-date: /home/peeranut/ros2_ws/install/multirobot_map_merge/share/multirobot_map_merge/environment/library_path.sh
[0.161s] -- Up-to-date: /home/peeranut/ros2_ws/install/multirobot_map_merge/share/multirobot_map_merge/environment/library_path.dsv
[0.161s] -- Up-to-date: /home/peeranut/ros2_ws/install/multirobot_map_merge/share/ament_index/resource_index/package_run_dependencies/multirobot_map_merge
[0.161s] -- Up-to-date: /home/peeranut/ros2_ws/install/multirobot_map_merge/share/ament_index/resource_index/parent_prefix_path/multirobot_map_merge
[0.161s] -- Up-to-date: /home/peeranut/ros2_ws/install/multirobot_map_merge/share/multirobot_map_merge/environment/ament_prefix_path.sh
[0.162s] -- Up-to-date: /home/peeranut/ros2_ws/install/multirobot_map_merge/share/multirobot_map_merge/environment/ament_prefix_path.dsv
[0.162s] -- Up-to-date: /home/peeranut/ros2_ws/install/multirobot_map_merge/share/multirobot_map_merge/environment/path.sh
[0.162s] -- Up-to-date: /home/peeranut/ros2_ws/install/multirobot_map_merge/share/multirobot_map_merge/environment/path.dsv
[0.162s] -- Up-to-date: /home/peeranut/ros2_ws/install/multirobot_map_merge/share/multirobot_map_merge/local_setup.bash
[0.162s] -- Up-to-date: /home/peeranut/ros2_ws/install/multirobot_map_merge/share/multirobot_map_merge/local_setup.sh
[0.162s] -- Up-to-date: /home/peeranut/ros2_ws/install/multirobot_map_merge/share/multirobot_map_merge/local_setup.zsh
[0.162s] -- Up-to-date: /home/peeranut/ros2_ws/install/multirobot_map_merge/share/multirobot_map_merge/local_setup.dsv
[0.162s] -- Installing: /home/peeranut/ros2_ws/install/multirobot_map_merge/share/multirobot_map_merge/package.dsv
[0.162s] -- Up-to-date: /home/peeranut/ros2_ws/install/multirobot_map_merge/share/ament_index/resource_index/packages/multirobot_map_merge
[0.162s] -- Up-to-date: /home/peeranut/ros2_ws/install/multirobot_map_merge/share/multirobot_map_merge/cmake/ament_cmake_export_include_directories-extras.cmake
[0.162s] -- Up-to-date: /home/peeranut/ros2_ws/install/multirobot_map_merge/share/multirobot_map_merge/cmake/ament_cmake_export_libraries-extras.cmake
[0.162s] -- Up-to-date: /home/peeranut/ros2_ws/install/multirobot_map_merge/share/multirobot_map_merge/cmake/multirobot_map_mergeConfig.cmake
[0.163s] -- Up-to-date: /home/peeranut/ros2_ws/install/multirobot_map_merge/share/multirobot_map_merge/cmake/multirobot_map_mergeConfig-version.cmake
[0.163s] -- Up-to-date: /home/peeranut/ros2_ws/install/multirobot_map_merge/share/multirobot_map_merge/package.xml
[0.168s] Invoked command in '/home/peeranut/ros2_ws/build/multirobot_map_merge' returned '0': CMAKE_PREFIX_PATH=${CMAKE_PREFIX_PATH}:/opt/ros/humble /usr/bin/cmake --install /home/peeranut/ros2_ws/build/multirobot_map_merge
