[0.387s] DEBUG:colcon:Command line arguments: ['/usr/bin/colcon', 'build']
[0.387s] DEBUG:colcon:Parsed command line arguments: Namespace(log_base=None, log_level=None, verb_name='build', build_base='build', install_base='install', merge_install=False, symlink_install=False, test_result_base=None, continue_on_error=False, executor='parallel', parallel_workers=20, event_handlers=None, ignore_user_meta=False, metas=['./colcon.meta'], base_paths=['.'], packages_ignore=None, packages_ignore_regex=None, paths=None, packages_up_to=None, packages_up_to_regex=None, packages_above=None, packages_above_and_dependencies=None, packages_above_depth=None, packages_select_by_dep=None, packages_skip_by_dep=None, packages_skip_up_to=None, packages_select_build_failed=False, packages_skip_build_finished=False, packages_select_test_failures=False, packages_skip_test_passed=False, packages_select=None, packages_skip=None, packages_select_regex=None, packages_skip_regex=None, packages_start=None, packages_end=None, allow_overriding=[], cmake_args=None, cmake_target=None, cmake_target_skip_unavailable=False, cmake_clean_cache=False, cmake_clean_first=False, cmake_force_configure=False, ament_cmake_args=None, catkin_cmake_args=None, catkin_skip_building_tests=False, verb_parser=<colcon_defaults.argument_parser.defaults.DefaultArgumentsDecorator object at 0x7f1d49c00640>, verb_extension=<colcon_core.verb.build.BuildVerb object at 0x7f1d4a3eb730>, main=<bound method BuildVerb.main of <colcon_core.verb.build.BuildVerb object at 0x7f1d4a3eb730>>)
[0.407s] Level 1:colcon.colcon_core.package_discovery:discover_packages(colcon_meta) check parameters
[0.407s] Level 1:colcon.colcon_core.package_discovery:discover_packages(recursive) check parameters
[0.407s] Level 1:colcon.colcon_core.package_discovery:discover_packages(ignore) check parameters
[0.407s] Level 1:colcon.colcon_core.package_discovery:discover_packages(path) check parameters
[0.407s] Level 1:colcon.colcon_core.package_discovery:discover_packages(colcon_meta) discover
[0.408s] Level 1:colcon.colcon_core.package_discovery:discover_packages(recursive) discover
[0.408s] INFO:colcon.colcon_core.package_discovery:Crawling recursively for packages in '/home/peeranut/ros2_ws'
[0.408s] Level 1:colcon.colcon_core.package_identification:_identify(.) by extensions ['ignore', 'ignore_ament_install']
[0.408s] Level 1:colcon.colcon_core.package_identification:_identify(.) by extension 'ignore'
[0.408s] Level 1:colcon.colcon_core.package_identification:_identify(.) by extension 'ignore_ament_install'
[0.408s] Level 1:colcon.colcon_core.package_identification:_identify(.) by extensions ['colcon_pkg']
[0.408s] Level 1:colcon.colcon_core.package_identification:_identify(.) by extension 'colcon_pkg'
[0.408s] Level 1:colcon.colcon_core.package_identification:_identify(.) by extensions ['colcon_meta']
[0.408s] Level 1:colcon.colcon_core.package_identification:_identify(.) by extension 'colcon_meta'
[0.408s] Level 1:colcon.colcon_core.package_identification:_identify(.) by extensions ['ros']
[0.408s] Level 1:colcon.colcon_core.package_identification:_identify(.) by extension 'ros'
[0.416s] Level 1:colcon.colcon_core.package_identification:_identify(.) by extensions ['cmake', 'python']
[0.416s] Level 1:colcon.colcon_core.package_identification:_identify(.) by extension 'cmake'
[0.416s] Level 1:colcon.colcon_core.package_identification:_identify(.) by extension 'python'
[0.416s] Level 1:colcon.colcon_core.package_identification:_identify(.) by extensions ['python_setup_py']
[0.416s] Level 1:colcon.colcon_core.package_identification:_identify(.) by extension 'python_setup_py'
[0.417s] Level 1:colcon.colcon_core.package_identification:_identify(build) by extensions ['ignore', 'ignore_ament_install']
[0.417s] Level 1:colcon.colcon_core.package_identification:_identify(build) by extension 'ignore'
[0.417s] Level 1:colcon.colcon_core.package_identification:_identify(build) ignored
[0.417s] Level 1:colcon.colcon_core.package_identification:_identify(install) by extensions ['ignore', 'ignore_ament_install']
[0.417s] Level 1:colcon.colcon_core.package_identification:_identify(install) by extension 'ignore'
[0.417s] Level 1:colcon.colcon_core.package_identification:_identify(install) ignored
[0.417s] Level 1:colcon.colcon_core.package_identification:_identify(log) by extensions ['ignore', 'ignore_ament_install']
[0.417s] Level 1:colcon.colcon_core.package_identification:_identify(log) by extension 'ignore'
[0.417s] Level 1:colcon.colcon_core.package_identification:_identify(log) ignored
[0.417s] Level 1:colcon.colcon_core.package_identification:_identify(src) by extensions ['ignore', 'ignore_ament_install']
[0.417s] Level 1:colcon.colcon_core.package_identification:_identify(src) by extension 'ignore'
[0.417s] Level 1:colcon.colcon_core.package_identification:_identify(src) by extension 'ignore_ament_install'
[0.417s] Level 1:colcon.colcon_core.package_identification:_identify(src) by extensions ['colcon_pkg']
[0.417s] Level 1:colcon.colcon_core.package_identification:_identify(src) by extension 'colcon_pkg'
[0.417s] Level 1:colcon.colcon_core.package_identification:_identify(src) by extensions ['colcon_meta']
[0.417s] Level 1:colcon.colcon_core.package_identification:_identify(src) by extension 'colcon_meta'
[0.417s] Level 1:colcon.colcon_core.package_identification:_identify(src) by extensions ['ros']
[0.417s] Level 1:colcon.colcon_core.package_identification:_identify(src) by extension 'ros'
[0.417s] Level 1:colcon.colcon_core.package_identification:_identify(src) by extensions ['cmake', 'python']
[0.417s] Level 1:colcon.colcon_core.package_identification:_identify(src) by extension 'cmake'
[0.417s] Level 1:colcon.colcon_core.package_identification:_identify(src) by extension 'python'
[0.417s] Level 1:colcon.colcon_core.package_identification:_identify(src) by extensions ['python_setup_py']
[0.417s] Level 1:colcon.colcon_core.package_identification:_identify(src) by extension 'python_setup_py'
[0.417s] Level 1:colcon.colcon_core.package_identification:_identify(src/simple_robot_nav2_ros2) by extensions ['ignore', 'ignore_ament_install']
[0.417s] Level 1:colcon.colcon_core.package_identification:_identify(src/simple_robot_nav2_ros2) by extension 'ignore'
[0.417s] Level 1:colcon.colcon_core.package_identification:_identify(src/simple_robot_nav2_ros2) by extension 'ignore_ament_install'
[0.417s] Level 1:colcon.colcon_core.package_identification:_identify(src/simple_robot_nav2_ros2) by extensions ['colcon_pkg']
[0.417s] Level 1:colcon.colcon_core.package_identification:_identify(src/simple_robot_nav2_ros2) by extension 'colcon_pkg'
[0.417s] Level 1:colcon.colcon_core.package_identification:_identify(src/simple_robot_nav2_ros2) by extensions ['colcon_meta']
[0.417s] Level 1:colcon.colcon_core.package_identification:_identify(src/simple_robot_nav2_ros2) by extension 'colcon_meta'
[0.417s] Level 1:colcon.colcon_core.package_identification:_identify(src/simple_robot_nav2_ros2) by extensions ['ros']
[0.418s] Level 1:colcon.colcon_core.package_identification:_identify(src/simple_robot_nav2_ros2) by extension 'ros'
[0.419s] DEBUG:colcon.colcon_core.package_identification:Package 'src/simple_robot_nav2_ros2' with type 'ros.ament_cmake' and name 'simple_robot_nav2_ros2'
[0.419s] Level 1:colcon.colcon_core.package_identification:_identify(src/simple_robot_ros2) by extensions ['ignore', 'ignore_ament_install']
[0.419s] Level 1:colcon.colcon_core.package_identification:_identify(src/simple_robot_ros2) by extension 'ignore'
[0.419s] Level 1:colcon.colcon_core.package_identification:_identify(src/simple_robot_ros2) by extension 'ignore_ament_install'
[0.419s] Level 1:colcon.colcon_core.package_identification:_identify(src/simple_robot_ros2) by extensions ['colcon_pkg']
[0.419s] Level 1:colcon.colcon_core.package_identification:_identify(src/simple_robot_ros2) by extension 'colcon_pkg'
[0.419s] Level 1:colcon.colcon_core.package_identification:_identify(src/simple_robot_ros2) by extensions ['colcon_meta']
[0.419s] Level 1:colcon.colcon_core.package_identification:_identify(src/simple_robot_ros2) by extension 'colcon_meta'
[0.419s] Level 1:colcon.colcon_core.package_identification:_identify(src/simple_robot_ros2) by extensions ['ros']
[0.419s] Level 1:colcon.colcon_core.package_identification:_identify(src/simple_robot_ros2) by extension 'ros'
[0.420s] DEBUG:colcon.colcon_core.package_identification:Package 'src/simple_robot_ros2' with type 'ros.ament_cmake' and name 'simple_robot_ros2'
[0.420s] Level 1:colcon.colcon_core.package_discovery:discover_packages(recursive) using defaults
[0.420s] Level 1:colcon.colcon_core.package_discovery:discover_packages(ignore) discover
[0.420s] Level 1:colcon.colcon_core.package_discovery:discover_packages(ignore) using defaults
[0.420s] Level 1:colcon.colcon_core.package_discovery:discover_packages(path) discover
[0.420s] Level 1:colcon.colcon_core.package_discovery:discover_packages(path) using defaults
[0.435s] Level 1:colcon.colcon_core.package_discovery:discover_packages(prefix_path) check parameters
[0.435s] Level 1:colcon.colcon_core.package_discovery:discover_packages(prefix_path) discover
[0.436s] DEBUG:colcon.colcon_installed_package_information.package_discovery:Found 2 installed packages in /home/peeranut/ros2_ws/install
[0.437s] DEBUG:colcon.colcon_installed_package_information.package_discovery:Found 377 installed packages in /opt/ros/humble
[0.438s] Level 1:colcon.colcon_core.package_discovery:discover_packages(prefix_path) using defaults
[0.481s] Level 5:colcon.colcon_core.verb:set package 'simple_robot_nav2_ros2' build argument 'cmake_args' from command line to 'None'
[0.481s] Level 5:colcon.colcon_core.verb:set package 'simple_robot_nav2_ros2' build argument 'cmake_target' from command line to 'None'
[0.481s] Level 5:colcon.colcon_core.verb:set package 'simple_robot_nav2_ros2' build argument 'cmake_target_skip_unavailable' from command line to 'False'
[0.481s] Level 5:colcon.colcon_core.verb:set package 'simple_robot_nav2_ros2' build argument 'cmake_clean_cache' from command line to 'False'
[0.481s] Level 5:colcon.colcon_core.verb:set package 'simple_robot_nav2_ros2' build argument 'cmake_clean_first' from command line to 'False'
[0.481s] Level 5:colcon.colcon_core.verb:set package 'simple_robot_nav2_ros2' build argument 'cmake_force_configure' from command line to 'False'
[0.481s] Level 5:colcon.colcon_core.verb:set package 'simple_robot_nav2_ros2' build argument 'ament_cmake_args' from command line to 'None'
[0.481s] Level 5:colcon.colcon_core.verb:set package 'simple_robot_nav2_ros2' build argument 'catkin_cmake_args' from command line to 'None'
[0.481s] Level 5:colcon.colcon_core.verb:set package 'simple_robot_nav2_ros2' build argument 'catkin_skip_building_tests' from command line to 'False'
[0.481s] DEBUG:colcon.colcon_core.verb:Building package 'simple_robot_nav2_ros2' with the following arguments: {'ament_cmake_args': None, 'build_base': '/home/peeranut/ros2_ws/build/simple_robot_nav2_ros2', 'catkin_cmake_args': None, 'catkin_skip_building_tests': False, 'cmake_args': None, 'cmake_clean_cache': False, 'cmake_clean_first': False, 'cmake_force_configure': False, 'cmake_target': None, 'cmake_target_skip_unavailable': False, 'install_base': '/home/peeranut/ros2_ws/install/simple_robot_nav2_ros2', 'merge_install': False, 'path': '/home/peeranut/ros2_ws/src/simple_robot_nav2_ros2', 'symlink_install': False, 'test_result_base': None}
[0.481s] Level 5:colcon.colcon_core.verb:set package 'simple_robot_ros2' build argument 'cmake_args' from command line to 'None'
[0.482s] Level 5:colcon.colcon_core.verb:set package 'simple_robot_ros2' build argument 'cmake_target' from command line to 'None'
[0.482s] Level 5:colcon.colcon_core.verb:set package 'simple_robot_ros2' build argument 'cmake_target_skip_unavailable' from command line to 'False'
[0.482s] Level 5:colcon.colcon_core.verb:set package 'simple_robot_ros2' build argument 'cmake_clean_cache' from command line to 'False'
[0.482s] Level 5:colcon.colcon_core.verb:set package 'simple_robot_ros2' build argument 'cmake_clean_first' from command line to 'False'
[0.482s] Level 5:colcon.colcon_core.verb:set package 'simple_robot_ros2' build argument 'cmake_force_configure' from command line to 'False'
[0.482s] Level 5:colcon.colcon_core.verb:set package 'simple_robot_ros2' build argument 'ament_cmake_args' from command line to 'None'
[0.482s] Level 5:colcon.colcon_core.verb:set package 'simple_robot_ros2' build argument 'catkin_cmake_args' from command line to 'None'
[0.482s] Level 5:colcon.colcon_core.verb:set package 'simple_robot_ros2' build argument 'catkin_skip_building_tests' from command line to 'False'
[0.482s] DEBUG:colcon.colcon_core.verb:Building package 'simple_robot_ros2' with the following arguments: {'ament_cmake_args': None, 'build_base': '/home/peeranut/ros2_ws/build/simple_robot_ros2', 'catkin_cmake_args': None, 'catkin_skip_building_tests': False, 'cmake_args': None, 'cmake_clean_cache': False, 'cmake_clean_first': False, 'cmake_force_configure': False, 'cmake_target': None, 'cmake_target_skip_unavailable': False, 'install_base': '/home/peeranut/ros2_ws/install/simple_robot_ros2', 'merge_install': False, 'path': '/home/peeranut/ros2_ws/src/simple_robot_ros2', 'symlink_install': False, 'test_result_base': None}
[0.482s] INFO:colcon.colcon_core.executor:Executing jobs using 'parallel' executor
[0.484s] DEBUG:colcon.colcon_parallel_executor.executor.parallel:run_until_complete
[0.484s] INFO:colcon.colcon_ros.task.ament_cmake.build:Building ROS package in '/home/peeranut/ros2_ws/src/simple_robot_nav2_ros2' with build type 'ament_cmake'
[0.484s] INFO:colcon.colcon_cmake.task.cmake.build:Building CMake package in '/home/peeranut/ros2_ws/src/simple_robot_nav2_ros2'
[0.487s] INFO:colcon.colcon_core.plugin_system:Skipping extension 'colcon_core.shell.bat': Not used on non-Windows systems
[0.488s] INFO:colcon.colcon_core.shell:Skip shell extension 'powershell' for command environment: Not usable outside of PowerShell
[0.488s] DEBUG:colcon.colcon_core.shell:Skip shell extension 'dsv' for command environment
[0.491s] INFO:colcon.colcon_ros.task.ament_cmake.build:Building ROS package in '/home/peeranut/ros2_ws/src/simple_robot_ros2' with build type 'ament_cmake'
[0.491s] INFO:colcon.colcon_cmake.task.cmake.build:Building CMake package in '/home/peeranut/ros2_ws/src/simple_robot_ros2'
[0.492s] INFO:colcon.colcon_core.shell:Skip shell extension 'powershell' for command environment: Not usable outside of PowerShell
[0.492s] DEBUG:colcon.colcon_core.shell:Skip shell extension 'dsv' for command environment
[0.499s] DEBUG:colcon.colcon_core.event_handler.log_command:Invoking command in '/home/peeranut/ros2_ws/build/simple_robot_nav2_ros2': CMAKE_PREFIX_PATH=${CMAKE_PREFIX_PATH}:/opt/ros/humble /usr/bin/cmake --build /home/peeranut/ros2_ws/build/simple_robot_nav2_ros2 -- -j20 -l20
[0.503s] DEBUG:colcon.colcon_core.event_handler.log_command:Invoking command in '/home/peeranut/ros2_ws/build/simple_robot_ros2': CMAKE_PREFIX_PATH=${CMAKE_PREFIX_PATH}:/opt/ros/humble /usr/bin/cmake --build /home/peeranut/ros2_ws/build/simple_robot_ros2 -- -j20 -l20
[0.521s] DEBUG:colcon.colcon_core.event_handler.log_command:Invoked command in '/home/peeranut/ros2_ws/build/simple_robot_nav2_ros2' returned '0': CMAKE_PREFIX_PATH=${CMAKE_PREFIX_PATH}:/opt/ros/humble /usr/bin/cmake --build /home/peeranut/ros2_ws/build/simple_robot_nav2_ros2 -- -j20 -l20
[0.523s] DEBUG:colcon.colcon_core.event_handler.log_command:Invoked command in '/home/peeranut/ros2_ws/build/simple_robot_ros2' returned '0': CMAKE_PREFIX_PATH=${CMAKE_PREFIX_PATH}:/opt/ros/humble /usr/bin/cmake --build /home/peeranut/ros2_ws/build/simple_robot_ros2 -- -j20 -l20
[0.540s] DEBUG:colcon.colcon_core.event_handler.log_command:Invoking command in '/home/peeranut/ros2_ws/build/simple_robot_nav2_ros2': CMAKE_PREFIX_PATH=${CMAKE_PREFIX_PATH}:/opt/ros/humble /usr/bin/cmake --install /home/peeranut/ros2_ws/build/simple_robot_nav2_ros2
[0.542s] DEBUG:colcon.colcon_core.event_handler.log_command:Invoking command in '/home/peeranut/ros2_ws/build/simple_robot_ros2': CMAKE_PREFIX_PATH=${CMAKE_PREFIX_PATH}:/opt/ros/humble /usr/bin/cmake --install /home/peeranut/ros2_ws/build/simple_robot_ros2
[0.550s] Level 1:colcon.colcon_core.environment:create_environment_scripts_only(simple_robot_nav2_ros2)
[0.552s] DEBUG:colcon.colcon_core.event_handler.log_command:Invoked command in '/home/peeranut/ros2_ws/build/simple_robot_nav2_ros2' returned '0': CMAKE_PREFIX_PATH=${CMAKE_PREFIX_PATH}:/opt/ros/humble /usr/bin/cmake --install /home/peeranut/ros2_ws/build/simple_robot_nav2_ros2
[0.555s] Level 1:colcon.colcon_core.environment:checking '/home/peeranut/ros2_ws/install/simple_robot_nav2_ros2' for CMake module files
[0.556s] Level 1:colcon.colcon_core.environment:checking '/home/peeranut/ros2_ws/install/simple_robot_nav2_ros2' for CMake config files
[0.556s] Level 1:colcon.colcon_core.shell:create_environment_hook('simple_robot_nav2_ros2', 'cmake_prefix_path')
[0.557s] INFO:colcon.colcon_core.shell:Creating environment hook '/home/peeranut/ros2_ws/install/simple_robot_nav2_ros2/share/simple_robot_nav2_ros2/hook/cmake_prefix_path.ps1'
[0.557s] INFO:colcon.colcon_core.shell:Creating environment descriptor '/home/peeranut/ros2_ws/install/simple_robot_nav2_ros2/share/simple_robot_nav2_ros2/hook/cmake_prefix_path.dsv'
[0.557s] INFO:colcon.colcon_core.shell:Creating environment hook '/home/peeranut/ros2_ws/install/simple_robot_nav2_ros2/share/simple_robot_nav2_ros2/hook/cmake_prefix_path.sh'
[0.558s] Level 1:colcon.colcon_core.environment:checking '/home/peeranut/ros2_ws/install/simple_robot_nav2_ros2/bin'
[0.558s] Level 1:colcon.colcon_core.environment:checking '/home/peeranut/ros2_ws/install/simple_robot_nav2_ros2/lib/pkgconfig/simple_robot_nav2_ros2.pc'
[0.558s] Level 1:colcon.colcon_core.environment:checking '/home/peeranut/ros2_ws/install/simple_robot_nav2_ros2/lib/python3.10/site-packages'
[0.558s] Level 1:colcon.colcon_core.environment:checking '/home/peeranut/ros2_ws/install/simple_robot_nav2_ros2/bin'
[0.559s] INFO:colcon.colcon_core.shell:Creating package script '/home/peeranut/ros2_ws/install/simple_robot_nav2_ros2/share/simple_robot_nav2_ros2/package.ps1'
[0.560s] INFO:colcon.colcon_core.shell:Creating package descriptor '/home/peeranut/ros2_ws/install/simple_robot_nav2_ros2/share/simple_robot_nav2_ros2/package.dsv'
[0.560s] INFO:colcon.colcon_core.shell:Creating package script '/home/peeranut/ros2_ws/install/simple_robot_nav2_ros2/share/simple_robot_nav2_ros2/package.sh'
[0.560s] INFO:colcon.colcon_core.shell:Creating package script '/home/peeranut/ros2_ws/install/simple_robot_nav2_ros2/share/simple_robot_nav2_ros2/package.bash'
[0.561s] INFO:colcon.colcon_core.shell:Creating package script '/home/peeranut/ros2_ws/install/simple_robot_nav2_ros2/share/simple_robot_nav2_ros2/package.zsh'
[0.561s] Level 1:colcon.colcon_core.environment:create_file_with_runtime_dependencies(/home/peeranut/ros2_ws/install/simple_robot_nav2_ros2/share/colcon-core/packages/simple_robot_nav2_ros2)
[0.562s] Level 1:colcon.colcon_core.environment:create_environment_scripts_only(simple_robot_ros2)
[0.565s] Level 1:colcon.colcon_core.environment:checking '/home/peeranut/ros2_ws/install/simple_robot_ros2' for CMake module files
[0.566s] DEBUG:colcon.colcon_core.event_handler.log_command:Invoked command in '/home/peeranut/ros2_ws/build/simple_robot_ros2' returned '0': CMAKE_PREFIX_PATH=${CMAKE_PREFIX_PATH}:/opt/ros/humble /usr/bin/cmake --install /home/peeranut/ros2_ws/build/simple_robot_ros2
[0.566s] Level 1:colcon.colcon_core.environment:checking '/home/peeranut/ros2_ws/install/simple_robot_ros2' for CMake config files
[0.566s] Level 1:colcon.colcon_core.shell:create_environment_hook('simple_robot_ros2', 'cmake_prefix_path')
[0.567s] INFO:colcon.colcon_core.shell:Creating environment hook '/home/peeranut/ros2_ws/install/simple_robot_ros2/share/simple_robot_ros2/hook/cmake_prefix_path.ps1'
[0.567s] INFO:colcon.colcon_core.shell:Creating environment descriptor '/home/peeranut/ros2_ws/install/simple_robot_ros2/share/simple_robot_ros2/hook/cmake_prefix_path.dsv'
[0.567s] INFO:colcon.colcon_core.shell:Creating environment hook '/home/peeranut/ros2_ws/install/simple_robot_ros2/share/simple_robot_ros2/hook/cmake_prefix_path.sh'
[0.567s] Level 1:colcon.colcon_core.environment:checking '/home/peeranut/ros2_ws/install/simple_robot_ros2/bin'
[0.568s] Level 1:colcon.colcon_core.environment:checking '/home/peeranut/ros2_ws/install/simple_robot_ros2/lib/pkgconfig/simple_robot_ros2.pc'
[0.568s] Level 1:colcon.colcon_core.environment:checking '/home/peeranut/ros2_ws/install/simple_robot_ros2/lib/python3.10/site-packages'
[0.568s] Level 1:colcon.colcon_core.environment:checking '/home/peeranut/ros2_ws/install/simple_robot_ros2/bin'
[0.569s] INFO:colcon.colcon_core.shell:Creating package script '/home/peeranut/ros2_ws/install/simple_robot_ros2/share/simple_robot_ros2/package.ps1'
[0.569s] INFO:colcon.colcon_core.shell:Creating package descriptor '/home/peeranut/ros2_ws/install/simple_robot_ros2/share/simple_robot_ros2/package.dsv'
[0.569s] INFO:colcon.colcon_core.shell:Creating package script '/home/peeranut/ros2_ws/install/simple_robot_ros2/share/simple_robot_ros2/package.sh'
[0.570s] INFO:colcon.colcon_core.shell:Creating package script '/home/peeranut/ros2_ws/install/simple_robot_ros2/share/simple_robot_ros2/package.bash'
[0.570s] INFO:colcon.colcon_core.shell:Creating package script '/home/peeranut/ros2_ws/install/simple_robot_ros2/share/simple_robot_ros2/package.zsh'
[0.570s] Level 1:colcon.colcon_core.environment:create_file_with_runtime_dependencies(/home/peeranut/ros2_ws/install/simple_robot_ros2/share/colcon-core/packages/simple_robot_ros2)
[0.574s] Level 1:colcon.colcon_core.environment:create_environment_scripts_only(simple_robot_nav2_ros2)
[0.575s] Level 1:colcon.colcon_core.environment:checking '/home/peeranut/ros2_ws/install/simple_robot_nav2_ros2' for CMake module files
[0.576s] Level 1:colcon.colcon_core.environment:checking '/home/peeranut/ros2_ws/install/simple_robot_nav2_ros2' for CMake config files
[0.576s] Level 1:colcon.colcon_core.shell:create_environment_hook('simple_robot_nav2_ros2', 'cmake_prefix_path')
[0.577s] INFO:colcon.colcon_core.shell:Creating environment hook '/home/peeranut/ros2_ws/install/simple_robot_nav2_ros2/share/simple_robot_nav2_ros2/hook/cmake_prefix_path.ps1'
[0.577s] INFO:colcon.colcon_core.shell:Creating environment descriptor '/home/peeranut/ros2_ws/install/simple_robot_nav2_ros2/share/simple_robot_nav2_ros2/hook/cmake_prefix_path.dsv'
[0.577s] INFO:colcon.colcon_core.shell:Creating environment hook '/home/peeranut/ros2_ws/install/simple_robot_nav2_ros2/share/simple_robot_nav2_ros2/hook/cmake_prefix_path.sh'
[0.577s] Level 1:colcon.colcon_core.environment:checking '/home/peeranut/ros2_ws/install/simple_robot_nav2_ros2/bin'
[0.577s] Level 1:colcon.colcon_core.environment:checking '/home/peeranut/ros2_ws/install/simple_robot_nav2_ros2/lib/pkgconfig/simple_robot_nav2_ros2.pc'
[0.578s] Level 1:colcon.colcon_core.environment:checking '/home/peeranut/ros2_ws/install/simple_robot_nav2_ros2/lib/python3.10/site-packages'
[0.578s] Level 1:colcon.colcon_core.environment:checking '/home/peeranut/ros2_ws/install/simple_robot_nav2_ros2/bin'
[0.579s] INFO:colcon.colcon_core.shell:Creating package script '/home/peeranut/ros2_ws/install/simple_robot_nav2_ros2/share/simple_robot_nav2_ros2/package.ps1'
[0.579s] INFO:colcon.colcon_core.shell:Creating package descriptor '/home/peeranut/ros2_ws/install/simple_robot_nav2_ros2/share/simple_robot_nav2_ros2/package.dsv'
[0.579s] INFO:colcon.colcon_core.shell:Creating package script '/home/peeranut/ros2_ws/install/simple_robot_nav2_ros2/share/simple_robot_nav2_ros2/package.sh'
[0.580s] INFO:colcon.colcon_core.shell:Creating package script '/home/peeranut/ros2_ws/install/simple_robot_nav2_ros2/share/simple_robot_nav2_ros2/package.bash'
[0.580s] INFO:colcon.colcon_core.shell:Creating package script '/home/peeranut/ros2_ws/install/simple_robot_nav2_ros2/share/simple_robot_nav2_ros2/package.zsh'
[0.580s] Level 1:colcon.colcon_core.environment:create_file_with_runtime_dependencies(/home/peeranut/ros2_ws/install/simple_robot_nav2_ros2/share/colcon-core/packages/simple_robot_nav2_ros2)
[0.583s] Level 1:colcon.colcon_core.environment:create_environment_scripts_only(simple_robot_ros2)
[0.584s] Level 1:colcon.colcon_core.environment:checking '/home/peeranut/ros2_ws/install/simple_robot_ros2' for CMake module files
[0.585s] Level 1:colcon.colcon_core.environment:checking '/home/peeranut/ros2_ws/install/simple_robot_ros2' for CMake config files
[0.585s] Level 1:colcon.colcon_core.shell:create_environment_hook('simple_robot_ros2', 'cmake_prefix_path')
[0.586s] INFO:colcon.colcon_core.shell:Creating environment hook '/home/peeranut/ros2_ws/install/simple_robot_ros2/share/simple_robot_ros2/hook/cmake_prefix_path.ps1'
[0.593s] INFO:colcon.colcon_core.shell:Creating environment descriptor '/home/peeranut/ros2_ws/install/simple_robot_ros2/share/simple_robot_ros2/hook/cmake_prefix_path.dsv'
[0.593s] INFO:colcon.colcon_core.shell:Creating environment hook '/home/peeranut/ros2_ws/install/simple_robot_ros2/share/simple_robot_ros2/hook/cmake_prefix_path.sh'
[0.594s] Level 1:colcon.colcon_core.environment:checking '/home/peeranut/ros2_ws/install/simple_robot_ros2/bin'
[0.594s] Level 1:colcon.colcon_core.environment:checking '/home/peeranut/ros2_ws/install/simple_robot_ros2/lib/pkgconfig/simple_robot_ros2.pc'
[0.594s] Level 1:colcon.colcon_core.environment:checking '/home/peeranut/ros2_ws/install/simple_robot_ros2/lib/python3.10/site-packages'
[0.594s] Level 1:colcon.colcon_core.environment:checking '/home/peeranut/ros2_ws/install/simple_robot_ros2/bin'
[0.595s] INFO:colcon.colcon_core.shell:Creating package script '/home/peeranut/ros2_ws/install/simple_robot_ros2/share/simple_robot_ros2/package.ps1'
[0.595s] INFO:colcon.colcon_core.shell:Creating package descriptor '/home/peeranut/ros2_ws/install/simple_robot_ros2/share/simple_robot_ros2/package.dsv'
[0.595s] INFO:colcon.colcon_core.shell:Creating package script '/home/peeranut/ros2_ws/install/simple_robot_ros2/share/simple_robot_ros2/package.sh'
[0.595s] INFO:colcon.colcon_core.shell:Creating package script '/home/peeranut/ros2_ws/install/simple_robot_ros2/share/simple_robot_ros2/package.bash'
[0.596s] INFO:colcon.colcon_core.shell:Creating package script '/home/peeranut/ros2_ws/install/simple_robot_ros2/share/simple_robot_ros2/package.zsh'
[0.596s] Level 1:colcon.colcon_core.environment:create_file_with_runtime_dependencies(/home/peeranut/ros2_ws/install/simple_robot_ros2/share/colcon-core/packages/simple_robot_ros2)
[0.596s] DEBUG:colcon.colcon_parallel_executor.executor.parallel:closing loop
[0.596s] DEBUG:colcon.colcon_parallel_executor.executor.parallel:loop closed
[0.597s] DEBUG:colcon.colcon_parallel_executor.executor.parallel:run_until_complete finished with '0'
[0.597s] DEBUG:colcon.colcon_core.event_reactor:joining thread
[0.711s] INFO:colcon.colcon_core.plugin_system:Skipping extension 'colcon_notification.desktop_notification.notify_send': Could not find 'notify-send'
[0.712s] INFO:colcon.colcon_core.plugin_system:Skipping extension 'colcon_notification.desktop_notification.terminal_notifier': Not used on non-Darwin systems
[0.712s] INFO:colcon.colcon_core.plugin_system:Skipping extension 'colcon_notification.desktop_notification.win32': Not used on non-Windows systems
[0.712s] INFO:colcon.colcon_notification.desktop_notification:Sending desktop notification using 'notify2'
[0.712s] DEBUG:colcon.colcon_notification.desktop_notification.notify2:Failed to initialize notify2: org.freedesktop.DBus.Error.FileNotFound: Failed to connect to socket /run/user/1000/bus: No such file or directory
[0.712s] DEBUG:colcon.colcon_core.event_reactor:joined thread
[0.713s] INFO:colcon.colcon_core.shell:Creating prefix script '/home/peeranut/ros2_ws/install/local_setup.ps1'
[0.713s] INFO:colcon.colcon_core.shell:Creating prefix util module '/home/peeranut/ros2_ws/install/_local_setup_util_ps1.py'
[0.714s] INFO:colcon.colcon_core.shell:Creating prefix chain script '/home/peeranut/ros2_ws/install/setup.ps1'
[0.715s] INFO:colcon.colcon_core.shell:Creating prefix script '/home/peeranut/ros2_ws/install/local_setup.sh'
[0.715s] INFO:colcon.colcon_core.shell:Creating prefix util module '/home/peeranut/ros2_ws/install/_local_setup_util_sh.py'
[0.718s] INFO:colcon.colcon_core.shell:Creating prefix chain script '/home/peeranut/ros2_ws/install/setup.sh'
[0.719s] INFO:colcon.colcon_core.shell:Creating prefix script '/home/peeranut/ros2_ws/install/local_setup.bash'
[0.719s] INFO:colcon.colcon_core.shell:Creating prefix chain script '/home/peeranut/ros2_ws/install/setup.bash'
[0.720s] INFO:colcon.colcon_core.shell:Creating prefix script '/home/peeranut/ros2_ws/install/local_setup.zsh'
[0.720s] INFO:colcon.colcon_core.shell:Creating prefix chain script '/home/peeranut/ros2_ws/install/setup.zsh'
