--2023-07-05 14:22:04--  https://raw.githubusercontent.com/hrnr/m-explore-extra/master/map_merge/hector_maps/map00.pgm
Resolving raw.githubusercontent.com (raw.githubusercontent.com)... 185.199.111.133, 185.199.109.133, 185.199.110.133, ...
Connecting to raw.githubusercontent.com (raw.githubusercontent.com)|185.199.111.133|:443... connected.
HTTP request sent, awaiting response... 200 OK
Length: 4194362 (4.0M) [application/octet-stream]
Saving to: ‘/home/peeranut/ros2_ws/build/multirobot_map_merge/map00.pgm’

     0K .......... .......... .......... .......... ..........  1% 1.17M 3s
    50K .......... .......... .......... .......... ..........  2% 1.39M 3s
   100K .......... .......... .......... .......... ..........  3% 3.99M 2s
   150K .......... .......... .......... .......... ..........  4% 3.39M 2s
   200K .......... .......... .......... .......... ..........  6% 1.48M 2s
   250K .......... .......... .......... .......... ..........  7% 6.38M 2s
   300K .......... .......... .......... .......... ..........  8% 3.97M 2s
   350K .......... .......... .......... .......... ..........  9% 3.17M 2s
   400K .......... .......... .......... .......... .......... 10%  445K 2s
   450K .......... .......... .......... .......... .......... 12% 8.89M 2s
   500K .......... .......... .......... .......... .......... 13%  555M 2s
   550K .......... .......... .......... .......... .......... 14% 7.65M 2s
   600K .......... .......... .......... .......... .......... 15% 6.26M 2s
   650K .......... .......... .......... .......... .......... 17%  221M 1s
   700K .......... .......... .......... .......... .......... 18%  406M 1s
   750K .......... .......... .......... .......... .......... 19%  434M 1s
   800K .......... .......... .......... .......... .......... 20%  303M 1s
   850K .......... .......... .......... .......... .......... 21% 6.59M 1s
   900K .......... .......... .......... .......... .......... 23% 3.17M 1s
   950K .......... .......... .......... .......... .......... 24% 3.96M 1s
  1000K .......... .......... .......... .......... .......... 25% 4.06M 1s
  1050K .......... .......... .......... .......... .......... 26% 2.57M 1s
  1100K .......... .......... .......... .......... .......... 28% 3.96M 1s
  1150K .......... .......... .......... .......... .......... 29% 1.83M 1s
  1200K .......... .......... .......... .......... .......... 30%  348K 1s
  1250K .......... .......... .......... .......... .......... 31% 3.60M 1s
  1300K .......... .......... .......... .......... .......... 32% 3.99M 1s
  1350K .......... .......... .......... .......... .......... 34% 3.89M 1s
  1400K .......... .......... .......... .......... .......... 35% 4.10M 1s
  1450K .......... .......... .......... .......... .......... 36% 3.03M 1s
  1500K .......... .......... .......... .......... .......... 37% 1.12M 1s
  1550K .......... .......... .......... .......... .......... 39% 1.03M 1s
  1600K .......... .......... .......... .......... .......... 40%  739K 1s
  1650K .......... .......... .......... .......... .......... 41% 3.96M 1s
  1700K .......... .......... .......... .......... .......... 42% 3.96M 1s
  1750K .......... .......... .......... .......... .......... 43% 1.55M 1s
  1800K .......... .......... .......... .......... .......... 45%  738K 1s
  1850K .......... .......... .......... .......... .......... 46% 2.90M 1s
  1900K .......... .......... .......... .......... .......... 47% 3.08M 1s
  1950K .......... .......... .......... .......... .......... 48% 2.61M 1s
  2000K .......... .......... .......... .......... .......... 50% 4.65M 1s
  2050K .......... .......... .......... .......... .......... 51% 3.61M 1s
  2100K .......... .......... .......... .......... .......... 52%  462K 1s
  2150K .......... .......... .......... .......... .......... 53% 2.75M 1s
  2200K .......... .......... .......... .......... .......... 54%  407K 1s
  2250K .......... .......... .......... .......... .......... 56%  430M 1s
  2300K .......... .......... .......... .......... .......... 57%  343M 1s
  2350K .......... .......... .......... .......... .......... 58%  404M 1s
  2400K .......... .......... .......... .......... .......... 59%  681M 1s
  2450K .......... .......... .......... .......... .......... 61%  619M 1s
  2500K .......... .......... .......... .......... .......... 62% 6.32M 1s
  2550K .......... .......... .......... .......... .......... 63% 3.75M 1s
  2600K .......... .......... .......... .......... .......... 64% 4.69M 1s
  2650K .......... .......... .......... .......... .......... 65% 3.90M 1s
  2700K .......... .......... .......... .......... .......... 67% 2.35M 1s
  2750K .......... .......... .......... .......... .......... 68%  423K 1s
  2800K .......... .......... .......... .......... .......... 69% 6.52M 1s
  2850K .......... .......... .......... .......... .......... 70% 2.39M 1s
  2900K .......... .......... .......... .......... .......... 72% 3.83M 1s
  2950K .......... .......... .......... .......... .......... 73% 3.93M 1s
  3000K .......... .......... .......... .......... .......... 74% 2.76M 1s
  3050K .......... .......... .......... .......... .......... 75%  468K 1s
  3100K .......... .......... .......... .......... .......... 76% 3.99M 0s
  3150K .......... .......... .......... .......... .......... 78% 2.37M 0s
  3200K .......... .......... .......... .......... .......... 79% 3.58M 0s
  3250K .......... .......... .......... .......... .......... 80% 5.26M 0s
  3300K .......... .......... .......... .......... .......... 81% 3.53M 0s
  3350K .......... .......... .......... .......... .......... 83% 2.54M 0s
  3400K .......... .......... .......... .......... .......... 84% 2.90M 0s
  3450K .......... .......... .......... .......... .......... 85% 2.84M 0s
  3500K .......... .......... .......... .......... .......... 86% 2.64M 0s
  3550K .......... .......... .......... .......... .......... 87%  397K 0s
  3600K .......... .......... .......... .......... .......... 89% 1.52M 0s
  3650K .......... .......... .......... .......... .......... 90% 2.24M 0s
  3700K .......... .......... .......... .......... .......... 91% 1.58M 0s
  3750K .......... .......... .......... .......... .......... 92% 2.51M 0s
  3800K .......... .......... .......... .......... .......... 93% 3.04M 0s
  3850K .......... .......... .......... .......... .......... 95% 1.39M 0s
  3900K .......... .......... .......... .......... .......... 96%  345K 0s
  3950K .......... .......... .......... .......... .......... 97% 3.87M 0s
  4000K .......... .......... .......... .......... .......... 98% 3.57M 0s
  4050K .......... .......... .......... .......... ......    100% 5.00M=2.2s

2023-07-05 14:22:06 (1.83 MB/s) - ‘/home/peeranut/ros2_ws/build/multirobot_map_merge/map00.pgm’ saved [4194362/4194362]

--2023-07-05 14:22:06--  https://raw.githubusercontent.com/hrnr/m-explore-extra/master/map_merge/hector_maps/map05.pgm
Resolving raw.githubusercontent.com (raw.githubusercontent.com)... 185.199.111.133, 185.199.109.133, 185.199.110.133, ...
Connecting to raw.githubusercontent.com (raw.githubusercontent.com)|185.199.111.133|:443... connected.
HTTP request sent, awaiting response... 200 OK
Length: 4194362 (4.0M) [application/octet-stream]
Saving to: ‘/home/peeranut/ros2_ws/build/multirobot_map_merge/map05.pgm’

     0K .......... .......... .......... .......... ..........  1% 1.01M 4s
    50K .......... .......... .......... .......... ..........  2% 1.23M 4s
   100K .......... .......... .......... .......... ..........  3% 3.25M 3s
   150K .......... .......... .......... .......... ..........  4% 2.92M 2s
   200K .......... .......... .......... .......... ..........  6% 1.41M 2s
   250K .......... .......... .......... .......... ..........  7% 3.68M 2s
   300K .......... .......... .......... .......... ..........  8% 3.91M 2s
   350K .......... .......... .......... .......... ..........  9% 1.62M 2s
   400K .......... .......... .......... .......... .......... 10% 2.15M 2s
   450K .......... .......... .......... .......... .......... 12% 2.09M 2s
   500K .......... .......... .......... .......... .......... 13% 2.70M 2s
   550K .......... .......... .......... .......... .......... 14% 2.08M 2s
   600K .......... .......... .......... .......... .......... 15% 2.84M 2s
   650K .......... .......... .......... .......... .......... 17% 1.02M 2s
   700K .......... .......... .......... .......... .......... 18% 2.76M 2s
   750K .......... .......... .......... .......... .......... 19% 2.51M 2s
   800K .......... .......... .......... .......... .......... 20% 2.60M 2s
   850K .......... .......... .......... .......... .......... 21% 3.01M 2s
   900K .......... .......... .......... .......... .......... 23%  364K 2s
   950K .......... .......... .......... .......... .......... 24% 1.45M 2s
  1000K .......... .......... .......... .......... .......... 25% 3.69M 2s
  1050K .......... .......... .......... .......... .......... 26% 2.26M 2s
  1100K .......... .......... .......... .......... .......... 28% 3.97M 2s
  1150K .......... .......... .......... .......... .......... 29% 1.11M 2s
  1200K .......... .......... .......... .......... .......... 30% 2.46M 2s
  1250K .......... .......... .......... .......... .......... 31% 3.94M 2s
  1300K .......... .......... .......... .......... .......... 32% 1.74M 2s
  1350K .......... .......... .......... .......... .......... 34%  984K 2s
  1400K .......... .......... .......... .......... .......... 35% 2.17M 2s
  1450K .......... .......... .......... .......... .......... 36% 2.86M 1s
  1500K .......... .......... .......... .......... .......... 37% 2.78M 1s
  1550K .......... .......... .......... .......... .......... 39%  451K 2s
  1600K .......... .......... .......... .......... .......... 40% 3.75M 1s
  1650K .......... .......... .......... .......... .......... 41% 3.96M 1s
  1700K .......... .......... .......... .......... .......... 42% 3.95M 1s
  1750K .......... .......... .......... .......... .......... 43% 2.37M 1s
  1800K .......... .......... .......... .......... .......... 45% 3.20M 1s
  1850K .......... .......... .......... .......... .......... 46% 2.73M 1s
  1900K .......... .......... .......... .......... .......... 47% 2.90M 1s
  1950K .......... .......... .......... .......... .......... 48% 2.24M 1s
  2000K .......... .......... .......... .......... .......... 50% 3.85M 1s
  2050K .......... .......... .......... .......... .......... 51% 1.01M 1s
  2100K .......... .......... .......... .......... .......... 52%  444K 1s
  2150K .......... .......... .......... .......... .......... 53% 1.46M 1s
  2200K .......... .......... .......... .......... .......... 54% 2.63M 1s
  2250K .......... .......... .......... .......... .......... 56% 1.26M 1s
  2300K .......... .......... .......... .......... .......... 57% 2.83M 1s
  2350K .......... .......... .......... .......... .......... 58% 2.98M 1s
  2400K .......... .......... .......... .......... .......... 59% 1.88M 1s
  2450K .......... .......... .......... .......... .......... 61% 1.92M 1s
  2500K .......... .......... .......... .......... .......... 62% 1.66M 1s
  2550K .......... .......... .......... .......... .......... 63% 2.12M 1s
  2600K .......... .......... .......... .......... .......... 64% 2.03M 1s
  2650K .......... .......... .......... .......... .......... 65%  358K 1s
  2700K .......... .......... .......... .......... .......... 67% 1.72M 1s
  2750K .......... .......... .......... .......... .......... 68% 2.99M 1s
  2800K .......... .......... .......... .......... .......... 69% 1.60M 1s
  2850K .......... .......... .......... .......... .......... 70% 2.13M 1s
  2900K .......... .......... .......... .......... .......... 72% 1.29M 1s
  2950K .......... .......... .......... .......... .......... 73% 3.24M 1s
  3000K .......... .......... .......... .......... .......... 74% 1.64M 1s
  3050K .......... .......... .......... .......... .......... 75%  429K 1s
  3100K .......... .......... .......... .......... .......... 76% 2.82M 1s
  3150K .......... .......... .......... .......... .......... 78% 1.63M 1s
  3200K .......... .......... .......... .......... .......... 79%  463K 1s
  3250K .......... .......... .......... .......... .......... 80% 1.95M 1s
  3300K .......... .......... .......... .......... .......... 81% 3.45M 0s
  3350K .......... .......... .......... .......... .......... 83% 2.09M 0s
  3400K .......... .......... .......... .......... .......... 84% 1.88M 0s
  3450K .......... .......... .......... .......... .......... 85% 1.96M 0s
  3500K .......... .......... .......... .......... .......... 86% 1.88M 0s
  3550K .......... .......... .......... .......... .......... 87% 4.79M 0s
  3600K .......... .......... .......... .......... .......... 89% 3.53M 0s
  3650K .......... .......... .......... .......... .......... 90% 2.98M 0s
  3700K .......... .......... .......... .......... .......... 91% 3.18M 0s
  3750K .......... .......... .......... .......... .......... 92% 2.29M 0s
  3800K .......... .......... .......... .......... .......... 93% 2.49M 0s
  3850K .......... .......... .......... .......... .......... 95% 4.44M 0s
  3900K .......... .......... .......... .......... .......... 96% 4.14M 0s
  3950K .......... .......... .......... .......... .......... 97% 6.45M 0s
  4000K .......... .......... .......... .......... .......... 98% 3.81M 0s
  4050K .......... .......... .......... .......... ......    100% 6.03M=2.4s

2023-07-05 14:22:09 (1.66 MB/s) - ‘/home/peeranut/ros2_ws/build/multirobot_map_merge/map05.pgm’ saved [4194362/4194362]

--2023-07-05 14:22:09--  https://raw.githubusercontent.com/hrnr/m-explore-extra/master/map_merge/gmapping_maps/2011-08-09-12-22-52.pgm
Resolving raw.githubusercontent.com (raw.githubusercontent.com)... 185.199.111.133, 185.199.109.133, 185.199.110.133, ...
Connecting to raw.githubusercontent.com (raw.githubusercontent.com)|185.199.111.133|:443... connected.
HTTP request sent, awaiting response... 200 OK
Length: 16000058 (15M) [text/plain]
Saving to: ‘/home/peeranut/ros2_ws/build/multirobot_map_merge/2011-08-09-12-22-52.pgm’

     0K .......... .......... .......... .......... ..........  0%  956K 16s
    50K .......... .......... .......... .......... ..........  0% 2.68M 11s
   100K .......... .......... .......... .......... ..........  0% 3.39M 9s
   150K .......... .......... .......... .......... ..........  1% 2.19M 8s
   200K .......... .......... .......... .......... ..........  1% 5.42M 7s
   250K .......... .......... .......... .......... ..........  1% 2.49M 7s
   300K .......... .......... .......... .......... ..........  2% 4.34M 6s
   350K .......... .......... .......... .......... ..........  2% 2.05M 7s
   400K .......... .......... .......... .......... ..........  2% 3.19M 6s
   450K .......... .......... .......... .......... ..........  3%  413K 9s
   500K .......... .......... .......... .......... ..........  3% 14.3M 9s
   550K .......... .......... .......... .......... ..........  3% 5.69M 8s
   600K .......... .......... .......... .......... ..........  4%  423M 7s
   650K .......... .......... .......... .......... ..........  4%  365M 7s
   700K .......... .......... .......... .......... ..........  4%  438M 6s
   750K .......... .......... .......... .......... ..........  5% 5.79M 6s
   800K .......... .......... .......... .......... ..........  5% 2.87M 6s
   850K .......... .......... .......... .......... ..........  5% 1.48M 6s
   900K .......... .......... .......... .......... ..........  6% 19.6M 6s
   950K .......... .......... .......... .......... ..........  6% 2.85M 6s
  1000K .......... .......... .......... .......... ..........  6% 2.09M 6s
  1050K .......... .......... .......... .......... ..........  7% 6.22M 6s
  1100K .......... .......... .......... .......... ..........  7% 2.92M 6s
  1150K .......... .......... .......... .......... ..........  7% 2.14M 6s
  1200K .......... .......... .......... .......... ..........  7% 2.77M 6s
  1250K .......... .......... .......... .......... ..........  8% 5.05M 5s
  1300K .......... .......... .......... .......... ..........  8% 2.45M 5s
  1350K .......... .......... .......... .......... ..........  8% 5.28M 5s
  1400K .......... .......... .......... .......... ..........  9% 4.15M 5s
  1450K .......... .......... .......... .......... ..........  9% 4.32M 5s
  1500K .......... .......... .......... .......... ..........  9% 2.26M 5s
  1550K .......... .......... .......... .......... .......... 10% 3.43M 5s
  1600K .......... .......... .......... .......... .......... 10% 4.95M 5s
  1650K .......... .......... .......... .......... .......... 10% 2.60M 5s
  1700K .......... .......... .......... .......... .......... 11% 9.22M 5s
  1750K .......... .......... .......... .......... .......... 11%  428K 6s
  1800K .......... .......... .......... .......... .......... 11% 1.56M 6s
  1850K .......... .......... .......... .......... .......... 12% 1.49M 6s
  1900K .......... .......... .......... .......... .......... 12% 2.73M 6s
  1950K .......... .......... .......... .......... .......... 12% 7.57M 6s
  2000K .......... .......... .......... .......... .......... 13% 4.42M 6s
  2050K .......... .......... .......... .......... .......... 13% 4.64M 5s
  2100K .......... .......... .......... .......... .......... 13% 2.03M 5s
  2150K .......... .......... .......... .......... .......... 14% 2.36M 5s
  2200K .......... .......... .......... .......... .......... 14% 2.18M 5s
  2250K .......... .......... .......... .......... .......... 14% 24.9M 5s
  2300K .......... .......... .......... .......... .......... 15% 1003K 5s
  2350K .......... .......... .......... .......... .......... 15% 12.9M 5s
  2400K .......... .......... .......... .......... .......... 15%  618M 5s
  2450K .......... .......... .......... .......... .......... 15%  421M 5s
  2500K .......... .......... .......... .......... .......... 16%  418M 5s
  2550K .......... .......... .......... .......... .......... 16% 4.36M 5s
  2600K .......... .......... .......... .......... .......... 16% 3.24M 5s
  2650K .......... .......... .......... .......... .......... 17% 2.37M 5s
  2700K .......... .......... .......... .......... .......... 17% 2.93M 5s
  2750K .......... .......... .......... .......... .......... 17% 2.22M 5s
  2800K .......... .......... .......... .......... .......... 18% 4.31M 5s
  2850K .......... .......... .......... .......... .......... 18% 4.27M 5s
  2900K .......... .......... .......... .......... .......... 18% 1.72M 5s
  2950K .......... .......... .......... .......... .......... 19% 6.55M 5s
  3000K .......... .......... .......... .......... .......... 19% 3.70M 5s
  3050K .......... .......... .......... .......... .......... 19% 6.84M 5s
  3100K .......... .......... .......... .......... .......... 20%  987K 5s
  3150K .......... .......... .......... .......... .......... 20%  611K 5s
  3200K .......... .......... .......... .......... .......... 20% 2.31M 5s
  3250K .......... .......... .......... .......... .......... 21% 16.2M 5s
  3300K .......... .......... .......... .......... .......... 21% 1.65M 5s
  3350K .......... .......... .......... .......... .......... 21% 2.60M 5s
  3400K .......... .......... .......... .......... .......... 22% 3.46M 5s
  3450K .......... .......... .......... .......... .......... 22% 3.42M 5s
  3500K .......... .......... .......... .......... .......... 22% 5.39M 5s
  3550K .......... .......... .......... .......... .......... 23% 5.49M 5s
  3600K .......... .......... .......... .......... .......... 23% 2.70M 5s
  3650K .......... .......... .......... .......... .......... 23% 1.67M 5s
  3700K .......... .......... .......... .......... .......... 23% 2.05M 5s
  3750K .......... .......... .......... .......... .......... 24% 3.98M 5s
  3800K .......... .......... .......... .......... .......... 24% 2.49M 5s
  3850K .......... .......... .......... .......... .......... 24% 1.21M 5s
  3900K .......... .......... .......... .......... .......... 25% 3.18M 5s
  3950K .......... .......... .......... .......... .......... 25% 1.61M 5s
  4000K .......... .......... .......... .......... .......... 25% 6.86M 5s
  4050K .......... .......... .......... .......... .......... 26% 2.55M 4s
  4100K .......... .......... .......... .......... .......... 26% 1.07M 5s
  4150K .......... .......... .......... .......... .......... 26% 2.46M 5s
  4200K .......... .......... .......... .......... .......... 27% 3.01M 4s
  4250K .......... .......... .......... .......... .......... 27% 4.51M 4s
  4300K .......... .......... .......... .......... .......... 27%  793K 5s
  4350K .......... .......... .......... .......... .......... 28% 2.95M 5s
  4400K .......... .......... .......... .......... .......... 28% 1.66M 5s
  4450K .......... .......... .......... .......... .......... 28% 10.6M 4s
  4500K .......... .......... .......... .......... .......... 29% 2.29M 4s
  4550K .......... .......... .......... .......... .......... 29% 4.21M 4s
  4600K .......... .......... .......... .......... .......... 29% 4.08M 4s
  4650K .......... .......... .......... .......... .......... 30% 5.76M 4s
  4700K .......... .......... .......... .......... .......... 30% 2.53M 4s
  4750K .......... .......... .......... .......... .......... 30% 1.98M 4s
  4800K .......... .......... .......... .......... .......... 31% 3.77M 4s
  4850K .......... .......... .......... .......... .......... 31% 4.60M 4s
  4900K .......... .......... .......... .......... .......... 31% 7.82M 4s
  4950K .......... .......... .......... .......... .......... 31% 1.30M 4s
  5000K .......... .......... .......... .......... .......... 32% 3.48M 4s
  5050K .......... .......... .......... .......... .......... 32% 1.19M 4s
  5100K .......... .......... .......... .......... .......... 32% 2.09M 4s
  5150K .......... .......... .......... .......... .......... 33% 2.74M 4s
  5200K .......... .......... .......... .......... .......... 33% 9.73M 4s
  5250K .......... .......... .......... .......... .......... 33% 11.6M 4s
  5300K .......... .......... .......... .......... .......... 34% 4.48M 4s
  5350K .......... .......... .......... .......... .......... 34% 1.18M 4s
  5400K .......... .......... .......... .......... .......... 34% 4.36M 4s
  5450K .......... .......... .......... .......... .......... 35% 4.05M 4s
  5500K .......... .......... .......... .......... .......... 35% 3.14M 4s
  5550K .......... .......... .......... .......... .......... 35% 5.88M 4s
  5600K .......... .......... .......... .......... .......... 36% 3.23M 4s
  5650K .......... .......... .......... .......... .......... 36% 12.7M 4s
  5700K .......... .......... .......... .......... .......... 36% 2.09M 4s
  5750K .......... .......... .......... .......... .......... 37% 2.43M 4s
  5800K .......... .......... .......... .......... .......... 37% 2.94M 4s
  5850K .......... .......... .......... .......... .......... 37% 3.10M 4s
  5900K .......... .......... .......... .......... .......... 38% 4.45M 4s
  5950K .......... .......... .......... .......... .......... 38%  447K 4s
  6000K .......... .......... .......... .......... .......... 38% 3.23M 4s
  6050K .......... .......... .......... .......... .......... 39% 3.67M 4s
  6100K .......... .......... .......... .......... .......... 39% 7.34M 4s
  6150K .......... .......... .......... .......... .......... 39% 2.40M 4s
  6200K .......... .......... .......... .......... .......... 39% 2.89M 4s
  6250K .......... .......... .......... .......... .......... 40% 2.07M 4s
  6300K .......... .......... .......... .......... .......... 40% 3.37M 4s
  6350K .......... .......... .......... .......... .......... 40% 3.15M 4s
  6400K .......... .......... .......... .......... .......... 41% 3.62M 4s
  6450K .......... .......... .......... .......... .......... 41% 3.38M 4s
  6500K .......... .......... .......... .......... .......... 41% 3.81M 4s
  6550K .......... .......... .......... .......... .......... 42% 4.31M 4s
  6600K .......... .......... .......... .......... .......... 42% 4.29M 3s
  6650K .......... .......... .......... .......... .......... 42% 2.37M 3s
  6700K .......... .......... .......... .......... .......... 43% 3.57M 3s
  6750K .......... .......... .......... .......... .......... 43% 3.38M 3s
  6800K .......... .......... .......... .......... .......... 43% 1.05M 3s
  6850K .......... .......... .......... .......... .......... 44% 3.80M 3s
  6900K .......... .......... .......... .......... .......... 44% 3.74M 3s
  6950K .......... .......... .......... .......... .......... 44% 3.11M 3s
  7000K .......... .......... .......... .......... .......... 45% 3.25M 3s
  7050K .......... .......... .......... .......... .......... 45% 4.29M 3s
  7100K .......... .......... .......... .......... .......... 45% 6.81M 3s
  7150K .......... .......... .......... .......... .......... 46% 7.32M 3s
  7200K .......... .......... .......... .......... .......... 46% 2.23M 3s
  7250K .......... .......... .......... .......... .......... 46% 5.92M 3s
  7300K .......... .......... .......... .......... .......... 47% 1.30M 3s
  7350K .......... .......... .......... .......... .......... 47% 4.46M 3s
  7400K .......... .......... .......... .......... .......... 47% 4.26M 3s
  7450K .......... .......... .......... .......... .......... 47% 5.88M 3s
  7500K .......... .......... .......... .......... .......... 48% 4.45M 3s
  7550K .......... .......... .......... .......... .......... 48% 2.88M 3s
  7600K .......... .......... .......... .......... .......... 48% 3.03M 3s
  7650K .......... .......... .......... .......... .......... 49% 2.07M 3s
  7700K .......... .......... .......... .......... .......... 49% 2.48M 3s
  7750K .......... .......... .......... .......... .......... 49% 12.6M 3s
  7800K .......... .......... .......... .......... .......... 50% 1.68M 3s
  7850K .......... .......... .......... .......... .......... 50% 7.26M 3s
  7900K .......... .......... .......... .......... .......... 50% 1.92M 3s
  7950K .......... .......... .......... .......... .......... 51% 7.15M 3s
  8000K .......... .......... .......... .......... .......... 51% 6.03M 3s
  8050K .......... .......... .......... .......... .......... 51% 2.87M 3s
  8100K .......... .......... .......... .......... .......... 52% 4.43M 3s
  8150K .......... .......... .......... .......... .......... 52% 3.92M 3s
  8200K .......... .......... .......... .......... .......... 52% 4.17M 3s
  8250K .......... .......... .......... .......... .......... 53% 5.49M 3s
  8300K .......... .......... .......... .......... .......... 53% 3.31M 3s
  8350K .......... .......... .......... .......... .......... 53% 7.35M 3s
  8400K .......... .......... .......... .......... .......... 54% 2.03M 3s
  8450K .......... .......... .......... .......... .......... 54% 1.70M 3s
  8500K .......... .......... .......... .......... .......... 54% 1.85M 3s
  8550K .......... .......... .......... .......... .......... 55% 3.86M 3s
  8600K .......... .......... .......... .......... .......... 55% 1.57M 3s
  8650K .......... .......... .......... .......... .......... 55% 5.96M 3s
  8700K .......... .......... .......... .......... .......... 55% 4.00M 3s
  8750K .......... .......... .......... .......... .......... 56% 4.04M 3s
  8800K .......... .......... .......... .......... .......... 56% 5.51M 3s
  8850K .......... .......... .......... .......... .......... 56% 3.93M 2s
  8900K .......... .......... .......... .......... .......... 57% 4.66M 2s
  8950K .......... .......... .......... .......... .......... 57% 3.34M 2s
  9000K .......... .......... .......... .......... .......... 57% 3.77M 2s
  9050K .......... .......... .......... .......... .......... 58% 2.27M 2s
  9100K .......... .......... .......... .......... .......... 58% 9.14M 2s
  9150K .......... .......... .......... .......... .......... 58% 2.47M 2s
  9200K .......... .......... .......... .......... .......... 59% 18.7M 2s
  9250K .......... .......... .......... .......... .......... 59%  581K 2s
  9300K .......... .......... .......... .......... .......... 59% 3.84M 2s
  9350K .......... .......... .......... .......... .......... 60% 3.80M 2s
  9400K .......... .......... .......... .......... .......... 60% 4.15M 2s
  9450K .......... .......... .......... .......... .......... 60% 4.40M 2s
  9500K .......... .......... .......... .......... .......... 61% 3.57M 2s
  9550K .......... .......... .......... .......... .......... 61% 2.38M 2s
  9600K .......... .......... .......... .......... .......... 61% 3.02M 2s
  9650K .......... .......... .......... .......... .......... 62% 5.23M 2s
  9700K .......... .......... .......... .......... .......... 62% 4.52M 2s
  9750K .......... .......... .......... .......... .......... 62% 3.51M 2s
  9800K .......... .......... .......... .......... .......... 63% 4.66M 2s
  9850K .......... .......... .......... .......... .......... 63% 6.16M 2s
  9900K .......... .......... .......... .......... .......... 63% 6.47M 2s
  9950K .......... .......... .......... .......... .......... 63% 3.57M 2s
 10000K .......... .......... .......... .......... .......... 64% 3.02M 2s
 10050K .......... .......... .......... .......... .......... 64% 1.75M 2s
 10100K .......... .......... .......... .......... .......... 64% 3.74M 2s
 10150K .......... .......... .......... .......... .......... 65% 6.04M 2s
 10200K .......... .......... .......... .......... .......... 65% 3.66M 2s
 10250K .......... .......... .......... .......... .......... 65% 6.07M 2s
 10300K .......... .......... .......... .......... .......... 66% 3.92M 2s
 10350K .......... .......... .......... .......... .......... 66% 3.90M 2s
 10400K .......... .......... .......... .......... .......... 66% 3.47M 2s
 10450K .......... .......... .......... .......... .......... 67% 2.84M 2s
 10500K .......... .......... .......... .......... .......... 67% 1.84M 2s
 10550K .......... .......... .......... .......... .......... 67% 2.81M 2s
 10600K .......... .......... .......... .......... .......... 68% 3.14M 2s
 10650K .......... .......... .......... .......... .......... 68% 3.02M 2s
 10700K .......... .......... .......... .......... .......... 68% 4.55M 2s
 10750K .......... .......... .......... .......... .......... 69% 7.45M 2s
 10800K .......... .......... .......... .......... .......... 69% 3.92M 2s
 10850K .......... .......... .......... .......... .......... 69% 1.50M 2s
 10900K .......... .......... .......... .......... .......... 70% 3.51M 2s
 10950K .......... .......... .......... .......... .......... 70% 4.07M 2s
 11000K .......... .......... .......... .......... .......... 70% 4.21M 2s
 11050K .......... .......... .......... .......... .......... 71% 5.80M 2s
 11100K .......... .......... .......... .......... .......... 71% 3.03M 2s
 11150K .......... .......... .......... .......... .......... 71% 7.39M 2s
 11200K .......... .......... .......... .......... .......... 71% 5.16M 2s
 11250K .......... .......... .......... .......... .......... 72% 4.19M 2s
 11300K .......... .......... .......... .......... .......... 72% 3.70M 2s
 11350K .......... .......... .......... .......... .......... 72% 3.91M 1s
 11400K .......... .......... .......... .......... .......... 73% 1.19M 1s
 11450K .......... .......... .......... .......... .......... 73% 5.64M 1s
 11500K .......... .......... .......... .......... .......... 73% 3.15M 1s
 11550K .......... .......... .......... .......... .......... 74% 1.84M 1s
 11600K .......... .......... .......... .......... .......... 74% 6.51M 1s
 11650K .......... .......... .......... .......... .......... 74% 3.23M 1s
 11700K .......... .......... .......... .......... .......... 75% 5.69M 1s
 11750K .......... .......... .......... .......... .......... 75% 4.61M 1s
 11800K .......... .......... .......... .......... .......... 75% 3.21M 1s
 11850K .......... .......... .......... .......... .......... 76% 4.80M 1s
 11900K .......... .......... .......... .......... .......... 76% 3.12M 1s
 11950K .......... .......... .......... .......... .......... 76% 2.91M 1s
 12000K .......... .......... .......... .......... .......... 77% 2.69M 1s
 12050K .......... .......... .......... .......... .......... 77% 2.36M 1s
 12100K .......... .......... .......... .......... .......... 77% 6.11M 1s
 12150K .......... .......... .......... .......... .......... 78% 4.13M 1s
 12200K .......... .......... .......... .......... .......... 78% 4.21M 1s
 12250K .......... .......... .......... .......... .......... 78% 3.28M 1s
 12300K .......... .......... .......... .......... .......... 79% 2.56M 1s
 12350K .......... .......... .......... .......... .......... 79% 3.73M 1s
 12400K .......... .......... .......... .......... .......... 79% 3.04M 1s
 12450K .......... .......... .......... .......... .......... 79% 6.23M 1s
 12500K .......... .......... .......... .......... .......... 80% 1.81M 1s
 12550K .......... .......... .......... .......... .......... 80%  128M 1s
 12600K .......... .......... .......... .......... .......... 80% 2.69M 1s
 12650K .......... .......... .......... .......... .......... 81% 8.24M 1s
 12700K .......... .......... .......... .......... .......... 81% 4.73M 1s
 12750K .......... .......... .......... .......... .......... 81% 3.61M 1s
 12800K .......... .......... .......... .......... .......... 82% 2.51M 1s
 12850K .......... .......... .......... .......... .......... 82%  620K 1s
 12900K .......... .......... .......... .......... .......... 82% 2.81M 1s
 12950K .......... .......... .......... .......... .......... 83% 1.50M 1s
 13000K .......... .......... .......... .......... .......... 83% 2.99M 1s
 13050K .......... .......... .......... .......... .......... 83% 5.51M 1s
 13100K .......... .......... .......... .......... .......... 84% 4.17M 1s
 13150K .......... .......... .......... .......... .......... 84% 2.96M 1s
 13200K .......... .......... .......... .......... .......... 84% 1.44M 1s
 13250K .......... .......... .......... .......... .......... 85% 4.90M 1s
 13300K .......... .......... .......... .......... .......... 85% 3.00M 1s
 13350K .......... .......... .......... .......... .......... 85% 4.12M 1s
 13400K .......... .......... .......... .......... .......... 86% 2.91M 1s
 13450K .......... .......... .......... .......... .......... 86% 3.78M 1s
 13500K .......... .......... .......... .......... .......... 86% 3.81M 1s
 13550K .......... .......... .......... .......... .......... 87% 6.80M 1s
 13600K .......... .......... .......... .......... .......... 87% 2.37M 1s
 13650K .......... .......... .......... .......... .......... 87% 6.19M 1s
 13700K .......... .......... .......... .......... .......... 87% 2.44M 1s
 13750K .......... .......... .......... .......... .......... 88% 4.03M 1s
 13800K .......... .......... .......... .......... .......... 88% 3.15M 1s
 13850K .......... .......... .......... .......... .......... 88% 9.27M 1s
 13900K .......... .......... .......... .......... .......... 89% 3.19M 1s
 13950K .......... .......... .......... .......... .......... 89% 6.21M 1s
 14000K .......... .......... .......... .......... .......... 89% 3.54M 1s
 14050K .......... .......... .......... .......... .......... 90% 3.00M 1s
 14100K .......... .......... .......... .......... .......... 90% 2.82M 1s
 14150K .......... .......... .......... .......... .......... 90% 6.39M 0s
 14200K .......... .......... .......... .......... .......... 91% 3.65M 0s
 14250K .......... .......... .......... .......... .......... 91% 2.40M 0s
 14300K .......... .......... .......... .......... .......... 91% 3.72M 0s
 14350K .......... .......... .......... .......... .......... 92% 6.43M 0s
 14400K .......... .......... .......... .......... .......... 92% 2.43M 0s
 14450K .......... .......... .......... .......... .......... 92% 3.88M 0s
 14500K .......... .......... .......... .......... .......... 93% 2.80M 0s
 14550K .......... .......... .......... .......... .......... 93% 9.04M 0s
 14600K .......... .......... .......... .......... .......... 93% 4.06M 0s
 14650K .......... .......... .......... .......... .......... 94% 2.53M 0s
 14700K .......... .......... .......... .......... .......... 94% 4.84M 0s
 14750K .......... .......... .......... .......... .......... 94% 3.68M 0s
 14800K .......... .......... .......... .......... .......... 95% 3.13M 0s
 14850K .......... .......... .......... .......... .......... 95% 6.28M 0s
 14900K .......... .......... .......... .......... .......... 95% 2.41M 0s
 14950K .......... .......... .......... .......... .......... 95% 2.50M 0s
 15000K .......... .......... .......... .......... .......... 96% 5.07M 0s
 15050K .......... .......... .......... .......... .......... 96% 3.84M 0s
 15100K .......... .......... .......... .......... .......... 96% 1.54M 0s
 15150K .......... .......... .......... .......... .......... 97% 3.13M 0s
 15200K .......... .......... .......... .......... .......... 97% 2.53M 0s
 15250K .......... .......... .......... .......... .......... 97%  363K 0s
 15300K .......... .......... .......... .......... .......... 98% 6.36M 0s
 15350K .......... .......... .......... .......... .......... 98% 2.85M 0s
 15400K .......... .......... .......... .......... .......... 98% 6.23M 0s
 15450K .......... .......... .......... .......... .......... 99% 3.54M 0s
 15500K .......... .......... .......... .......... .......... 99% 1.64M 0s
 15550K .......... .......... .......... .......... .......... 99% 2.72M 0s
 15600K .......... .......... .....                           100% 9.52M=5.5s

2023-07-05 14:22:17 (2.79 MB/s) - ‘/home/peeranut/ros2_ws/build/multirobot_map_merge/2011-08-09-12-22-52.pgm’ saved [16000058/16000058]

--2023-07-05 14:22:17--  https://raw.githubusercontent.com/hrnr/m-explore-extra/master/map_merge/gmapping_maps/2012-01-28-11-12-01.pgm
Resolving raw.githubusercontent.com (raw.githubusercontent.com)... 185.199.111.133, 185.199.109.133, 185.199.110.133, ...
Connecting to raw.githubusercontent.com (raw.githubusercontent.com)|185.199.111.133|:443... connected.
HTTP request sent, awaiting response... 200 OK
Length: 16000058 (15M) [text/plain]
Saving to: ‘/home/peeranut/ros2_ws/build/multirobot_map_merge/2012-01-28-11-12-01.pgm’

     0K .......... .......... .......... .......... ..........  0% 1.21M 13s
    50K .......... .......... .......... .......... ..........  0% 2.16M 10s
   100K .......... .......... .......... .......... ..........  0% 3.29M 8s
   150K .......... .......... .......... .......... ..........  1% 2.71M 7s
   200K .......... .......... .......... .......... ..........  1% 1.87M 8s
   250K .......... .......... .......... .......... ..........  1% 3.30M 7s
   300K .......... .......... .......... .......... ..........  2%  733K 9s
   350K .......... .......... .......... .......... ..........  2%  329K 14s
   400K .......... .......... .......... .......... ..........  2% 6.66M 12s
   450K .......... .......... .......... .......... ..........  3%  131M 11s
   500K .......... .......... .......... .......... ..........  3%  141M 10s
   550K .......... .......... .......... .......... ..........  3% 2.98M 10s
   600K .......... .......... .......... .......... ..........  4% 3.22M 9s
   650K .......... .......... .......... .......... ..........  4%  231M 8s
   700K .......... .......... .......... .......... ..........  4%  180M 8s
   750K .......... .......... .......... .......... ..........  5%  187M 7s
   800K .......... .......... .......... .......... ..........  5% 1.80M 7s
   850K .......... .......... .......... .......... ..........  5% 3.34M 7s
   900K .......... .......... .......... .......... ..........  6% 3.18M 7s
   950K .......... .......... .......... .......... ..........  6% 5.04M 7s
  1000K .......... .......... .......... .......... ..........  6% 4.09M 7s
  1050K .......... .......... .......... .......... ..........  7% 4.28M 6s
  1100K .......... .......... .......... .......... ..........  7% 5.72M 6s
  1150K .......... .......... .......... .......... ..........  7% 4.06M 6s
  1200K .......... .......... .......... .......... ..........  7% 5.86M 6s
  1250K .......... .......... .......... .......... ..........  8% 4.26M 6s
  1300K .......... .......... .......... .......... ..........  8%  424K 7s
  1350K .......... .......... .......... .......... ..........  8% 5.60M 7s
  1400K .......... .......... .......... .......... ..........  9% 3.14M 7s
  1450K .......... .......... .......... .......... ..........  9% 6.08M 6s
  1500K .......... .......... .......... .......... ..........  9% 3.29M 6s
  1550K .......... .......... .......... .......... .......... 10% 4.32M 6s
  1600K .......... .......... .......... .......... .......... 10% 5.22M 6s
  1650K .......... .......... .......... .......... .......... 10% 1.92M 6s
  1700K .......... .......... .......... .......... .......... 11% 5.89M 6s
  1750K .......... .......... .......... .......... .......... 11% 1.82M 6s
  1800K .......... .......... .......... .......... .......... 11%  353K 7s
  1850K .......... .......... .......... .......... .......... 12%  169M 7s
  1900K .......... .......... .......... .......... .......... 12%  107M 6s
  1950K .......... .......... .......... .......... .......... 12% 85.9M 6s
  2000K .......... .......... .......... .......... .......... 13%  132M 6s
  2050K .......... .......... .......... .......... .......... 13% 5.47M 6s
  2100K .......... .......... .......... .......... .......... 13% 3.50M 6s
  2150K .......... .......... .......... .......... .......... 14% 3.98M 6s
  2200K .......... .......... .......... .......... .......... 14% 1.65M 6s
  2250K .......... .......... .......... .......... .......... 14% 2.88M 6s
  2300K .......... .......... .......... .......... .......... 15% 3.87M 6s
  2350K .......... .......... .......... .......... .......... 15% 6.51M 6s
  2400K .......... .......... .......... .......... .......... 15% 2.73M 6s
  2450K .......... .......... .......... .......... .......... 15% 2.58M 6s
  2500K .......... .......... .......... .......... .......... 16% 4.05M 5s
  2550K .......... .......... .......... .......... .......... 16% 6.30M 5s
  2600K .......... .......... .......... .......... .......... 16% 3.07M 5s
  2650K .......... .......... .......... .......... .......... 17% 2.59M 5s
  2700K .......... .......... .......... .......... .......... 17% 3.29M 5s
  2750K .......... .......... .......... .......... .......... 17% 4.62M 5s
  2800K .......... .......... .......... .......... .......... 18% 2.98M 5s
  2850K .......... .......... .......... .......... .......... 18% 4.07M 5s
  2900K .......... .......... .......... .......... .......... 18% 6.27M 5s
  2950K .......... .......... .......... .......... .......... 19% 3.59M 5s
  3000K .......... .......... .......... .......... .......... 19% 2.60M 5s
  3050K .......... .......... .......... .......... .......... 19% 2.96M 5s
  3100K .......... .......... .......... .......... .......... 20% 3.47M 5s
  3150K .......... .......... .......... .......... .......... 20% 4.60M 5s
  3200K .......... .......... .......... .......... .......... 20% 2.20M 5s
  3250K .......... .......... .......... .......... .......... 21% 2.95M 5s
  3300K .......... .......... .......... .......... .......... 21% 6.29M 5s
  3350K .......... .......... .......... .......... .......... 21% 5.36M 5s
  3400K .......... .......... .......... .......... .......... 22% 1.71M 5s
  3450K .......... .......... .......... .......... .......... 22% 4.24M 5s
  3500K .......... .......... .......... .......... .......... 22% 6.29M 5s
  3550K .......... .......... .......... .......... .......... 23% 4.94M 5s
  3600K .......... .......... .......... .......... .......... 23% 1.36M 5s
  3650K .......... .......... .......... .......... .......... 23% 3.48M 5s
  3700K .......... .......... .......... .......... .......... 23% 3.71M 5s
  3750K .......... .......... .......... .......... .......... 24% 1.63M 5s
  3800K .......... .......... .......... .......... .......... 24% 62.4M 4s
  3850K .......... .......... .......... .......... .......... 24% 3.36M 4s
  3900K .......... .......... .......... .......... .......... 25% 5.87M 4s
  3950K .......... .......... .......... .......... .......... 25%  818K 4s
  4000K .......... .......... .......... .......... .......... 25% 2.46M 4s
  4050K .......... .......... .......... .......... .......... 26%  570K 5s
  4100K .......... .......... .......... .......... .......... 26% 3.50M 5s
  4150K .......... .......... .......... .......... .......... 26% 5.62M 5s
  4200K .......... .......... .......... .......... .......... 27% 2.89M 5s
  4250K .......... .......... .......... .......... .......... 27% 2.36M 4s
  4300K .......... .......... .......... .......... .......... 27% 18.1M 4s
  4350K .......... .......... .......... .......... .......... 28% 1.67M 4s
  4400K .......... .......... .......... .......... .......... 28% 2.23M 4s
  4450K .......... .......... .......... .......... .......... 28% 2.36M 4s
  4500K .......... .......... .......... .......... .......... 29% 3.77M 4s
  4550K .......... .......... .......... .......... .......... 29% 3.95M 4s
  4600K .......... .......... .......... .......... .......... 29% 4.08M 4s
  4650K .......... .......... .......... .......... .......... 30% 6.43M 4s
  4700K .......... .......... .......... .......... .......... 30% 3.39M 4s
  4750K .......... .......... .......... .......... .......... 30% 3.04M 4s
  4800K .......... .......... .......... .......... .......... 31% 2.93M 4s
  4850K .......... .......... .......... .......... .......... 31% 2.88M 4s
  4900K .......... .......... .......... .......... .......... 31% 4.20M 4s
  4950K .......... .......... .......... .......... .......... 31% 2.71M 4s
  5000K .......... .......... .......... .......... .......... 32% 3.11M 4s
  5050K .......... .......... .......... .......... .......... 32% 6.06M 4s
  5100K .......... .......... .......... .......... .......... 32% 3.28M 4s
  5150K .......... .......... .......... .......... .......... 33% 6.23M 4s
  5200K .......... .......... .......... .......... .......... 33% 1.28M 4s
  5250K .......... .......... .......... .......... .......... 33% 2.74M 4s
  5300K .......... .......... .......... .......... .......... 34% 6.19M 4s
  5350K .......... .......... .......... .......... .......... 34% 4.45M 4s
  5400K .......... .......... .......... .......... .......... 34% 3.89M 4s
  5450K .......... .......... .......... .......... .......... 35% 2.91M 4s
  5500K .......... .......... .......... .......... .......... 35% 4.21M 4s
  5550K .......... .......... .......... .......... .......... 35% 1.98M 4s
  5600K .......... .......... .......... .......... .......... 36% 5.95M 4s
  5650K .......... .......... .......... .......... .......... 36% 4.02M 4s
  5700K .......... .......... .......... .......... .......... 36% 3.56M 4s
  5750K .......... .......... .......... .......... .......... 37%  990K 4s
  5800K .......... .......... .......... .......... .......... 37% 3.51M 4s
  5850K .......... .......... .......... .......... .......... 37% 3.30M 4s
  5900K .......... .......... .......... .......... .......... 38%  327K 4s
  5950K .......... .......... .......... .......... .......... 38% 4.06M 4s
  6000K .......... .......... .......... .......... .......... 38% 2.79M 4s
  6050K .......... .......... .......... .......... .......... 39% 6.31M 4s
  6100K .......... .......... .......... .......... .......... 39% 3.08M 4s
  6150K .......... .......... .......... .......... .......... 39% 2.45M 4s
  6200K .......... .......... .......... .......... .......... 39% 1.59M 4s
  6250K .......... .......... .......... .......... .......... 40% 2.12M 4s
  6300K .......... .......... .......... .......... .......... 40% 4.16M 4s
  6350K .......... .......... .......... .......... .......... 40% 1.36M 4s
  6400K .......... .......... .......... .......... .......... 41% 4.13M 4s
  6450K .......... .......... .......... .......... .......... 41% 6.43M 4s
  6500K .......... .......... .......... .......... .......... 41% 2.57M 4s
  6550K .......... .......... .......... .......... .......... 42% 4.14M 4s
  6600K .......... .......... .......... .......... .......... 42% 6.41M 4s
  6650K .......... .......... .......... .......... .......... 42% 4.28M 3s
  6700K .......... .......... .......... .......... .......... 43% 3.42M 3s
  6750K .......... .......... .......... .......... .......... 43% 2.70M 3s
  6800K .......... .......... .......... .......... .......... 43% 3.05M 3s
  6850K .......... .......... .......... .......... .......... 44% 4.97M 3s
  6900K .......... .......... .......... .......... .......... 44% 2.50M 3s
  6950K .......... .......... .......... .......... .......... 44% 4.25M 3s
  7000K .......... .......... .......... .......... .......... 45% 6.44M 3s
  7050K .......... .......... .......... .......... .......... 45% 4.35M 3s
  7100K .......... .......... .......... .......... .......... 45% 1.38M 3s
  7150K .......... .......... .......... .......... .......... 46% 2.13M 3s
  7200K .......... .......... .......... .......... .......... 46% 1.90M 3s
  7250K .......... .......... .......... .......... .......... 46% 3.52M 3s
  7300K .......... .......... .......... .......... .......... 47% 6.26M 3s
  7350K .......... .......... .......... .......... .......... 47% 3.17M 3s
  7400K .......... .......... .......... .......... .......... 47% 6.31M 3s
  7450K .......... .......... .......... .......... .......... 47% 3.06M 3s
  7500K .......... .......... .......... .......... .......... 48% 3.55M 3s
  7550K .......... .......... .......... .......... .......... 48% 2.89M 3s
  7600K .......... .......... .......... .......... .......... 48% 3.31M 3s
  7650K .......... .......... .......... .......... .......... 49% 3.08M 3s
  7700K .......... .......... .......... .......... .......... 49% 5.28M 3s
  7750K .......... .......... .......... .......... .......... 49% 6.28M 3s
  7800K .......... .......... .......... .......... .......... 50% 3.48M 3s
  7850K .......... .......... .......... .......... .......... 50% 6.28M 3s
  7900K .......... .......... .......... .......... .......... 50% 2.26M 3s
  7950K .......... .......... .......... .......... .......... 51% 4.26M 3s
  8000K .......... .......... .......... .......... .......... 51% 2.89M 3s
  8050K .......... .......... .......... .......... .......... 51% 4.10M 3s
  8100K .......... .......... .......... .......... .......... 52% 3.71M 3s
  8150K .......... .......... .......... .......... .......... 52% 6.63M 3s
  8200K .......... .......... .......... .......... .......... 52% 2.34M 3s
  8250K .......... .......... .......... .......... .......... 53% 3.26M 3s
  8300K .......... .......... .......... .......... .......... 53% 2.33M 3s
  8350K .......... .......... .......... .......... .......... 53% 1.87M 3s
  8400K .......... .......... .......... .......... .......... 54% 5.35M 3s
  8450K .......... .......... .......... .......... .......... 54% 4.29M 3s
  8500K .......... .......... .......... .......... .......... 54% 5.93M 3s
  8550K .......... .......... .......... .......... .......... 55% 2.53M 3s
  8600K .......... .......... .......... .......... .......... 55% 3.35M 3s
  8650K .......... .......... .......... .......... .......... 55% 3.60M 3s
  8700K .......... .......... .......... .......... .......... 55% 4.71M 3s
  8750K .......... .......... .......... .......... .......... 56% 3.91M 3s
  8800K .......... .......... .......... .......... .......... 56% 4.78M 2s
  8850K .......... .......... .......... .......... .......... 56% 3.52M 2s
  8900K .......... .......... .......... .......... .......... 57% 6.63M 2s
  8950K .......... .......... .......... .......... .......... 57% 3.21M 2s
  9000K .......... .......... .......... .......... .......... 57% 2.42M 2s
  9050K .......... .......... .......... .......... .......... 58% 1.72M 2s
  9100K .......... .......... .......... .......... .......... 58% 5.36M 2s
  9150K .......... .......... .......... .......... .......... 58% 4.02M 2s
  9200K .......... .......... .......... .......... .......... 59% 3.07M 2s
  9250K .......... .......... .......... .......... .......... 59% 4.23M 2s
  9300K .......... .......... .......... .......... .......... 59% 4.28M 2s
  9350K .......... .......... .......... .......... .......... 60% 6.13M 2s
  9400K .......... .......... .......... .......... .......... 60% 1.43M 2s
  9450K .......... .......... .......... .......... .......... 60% 3.62M 2s
  9500K .......... .......... .......... .......... .......... 61% 5.86M 2s
  9550K .......... .......... .......... .......... .......... 61% 2.89M 2s
  9600K .......... .......... .......... .......... .......... 61% 4.00M 2s
  9650K .......... .......... .......... .......... .......... 62% 3.23M 2s
  9700K .......... .......... .......... .......... .......... 62% 6.40M 2s
  9750K .......... .......... .......... .......... .......... 62% 2.74M 2s
  9800K .......... .......... .......... .......... .......... 63% 1.48M 2s
  9850K .......... .......... .......... .......... .......... 63% 5.28M 2s
  9900K .......... .......... .......... .......... .......... 63% 2.41M 2s
  9950K .......... .......... .......... .......... .......... 63% 4.95M 2s
 10000K .......... .......... .......... .......... .......... 64% 6.31M 2s
 10050K .......... .......... .......... .......... .......... 64% 2.81M 2s
 10100K .......... .......... .......... .......... .......... 64%  986K 2s
 10150K .......... .......... .......... .......... .......... 65% 5.73M 2s
 10200K .......... .......... .......... .......... .......... 65% 3.36M 2s
 10250K .......... .......... .......... .......... .......... 65% 3.97M 2s
 10300K .......... .......... .......... .......... .......... 66% 6.70M 2s
 10350K .......... .......... .......... .......... .......... 66% 1.17M 2s
 10400K .......... .......... .......... .......... .......... 66% 2.65M 2s
 10450K .......... .......... .......... .......... .......... 67% 3.79M 2s
 10500K .......... .......... .......... .......... .......... 67% 3.48M 2s
 10550K .......... .......... .......... .......... .......... 67% 6.14M 2s
 10600K .......... .......... .......... .......... .......... 68% 1.21M 2s
 10650K .......... .......... .......... .......... .......... 68% 3.53M 2s
 10700K .......... .......... .......... .......... .......... 68% 4.23M 2s
 10750K .......... .......... .......... .......... .......... 69% 4.76M 2s
 10800K .......... .......... .......... .......... .......... 69% 6.37M 2s
 10850K .......... .......... .......... .......... .......... 69% 2.16M 2s
 10900K .......... .......... .......... .......... .......... 70% 5.32M 2s
 10950K .......... .......... .......... .......... .......... 70%  975K 2s
 11000K .......... .......... .......... .......... .......... 70% 1.89M 2s
 11050K .......... .......... .......... .......... .......... 71% 1.10M 2s
 11100K .......... .......... .......... .......... .......... 71% 1.53M 2s
 11150K .......... .......... .......... .......... .......... 71% 1.90M 2s
 11200K .......... .......... .......... .......... .......... 71% 6.43M 2s
 11250K .......... .......... .......... .......... .......... 72% 1.95M 2s
 11300K .......... .......... .......... .......... .......... 72% 2.02M 2s
 11350K .......... .......... .......... .......... .......... 72% 2.78M 2s
 11400K .......... .......... .......... .......... .......... 73% 5.92M 2s
 11450K .......... .......... .......... .......... .......... 73% 2.94M 2s
 11500K .......... .......... .......... .......... .......... 73% 3.03M 1s
 11550K .......... .......... .......... .......... .......... 74% 3.19M 1s
 11600K .......... .......... .......... .......... .......... 74%  461K 1s
 11650K .......... .......... .......... .......... .......... 74% 3.83M 1s
 11700K .......... .......... .......... .......... .......... 75% 3.88M 1s
 11750K .......... .......... .......... .......... .......... 75% 6.22M 1s
 11800K .......... .......... .......... .......... .......... 75% 4.01M 1s
 11850K .......... .......... .......... .......... .......... 76% 4.07M 1s
 11900K .......... .......... .......... .......... .......... 76% 2.51M 1s
 11950K .......... .......... .......... .......... .......... 76% 2.26M 1s
 12000K .......... .......... .......... .......... .......... 77% 7.27M 1s
 12050K .......... .......... .......... .......... .......... 77% 2.54M 1s
 12100K .......... .......... .......... .......... .......... 77% 4.09M 1s
 12150K .......... .......... .......... .......... .......... 78% 4.37M 1s
 12200K .......... .......... .......... .......... .......... 78% 2.31M 1s
 12250K .......... .......... .......... .......... .......... 78% 4.46M 1s
 12300K .......... .......... .......... .......... .......... 79% 4.16M 1s
 12350K .......... .......... .......... .......... .......... 79% 2.28M 1s
 12400K .......... .......... .......... .......... .......... 79% 2.34M 1s
 12450K .......... .......... .......... .......... .......... 79% 3.80M 1s
 12500K .......... .......... .......... .......... .......... 80%  449K 1s
 12550K .......... .......... .......... .......... .......... 80% 3.97M 1s
 12600K .......... .......... .......... .......... .......... 80% 3.41M 1s
 12650K .......... .......... .......... .......... .......... 81% 3.51M 1s
 12700K .......... .......... .......... .......... .......... 81% 2.81M 1s
 12750K .......... .......... .......... .......... .......... 81% 2.14M 1s
 12800K .......... .......... .......... .......... .......... 82% 6.55M 1s
 12850K .......... .......... .......... .......... .......... 82% 2.82M 1s
 12900K .......... .......... .......... .......... .......... 82% 2.91M 1s
 12950K .......... .......... .......... .......... .......... 83% 3.20M 1s
 13000K .......... .......... .......... .......... .......... 83% 3.40M 1s
 13050K .......... .......... .......... .......... .......... 83% 3.31M 1s
 13100K .......... .......... .......... .......... .......... 84% 2.80M 1s
 13150K .......... .......... .......... .......... .......... 84% 3.22M 1s
 13200K .......... .......... .......... .......... .......... 84% 2.32M 1s
 13250K .......... .......... .......... .......... .......... 85% 6.39M 1s
 13300K .......... .......... .......... .......... .......... 85% 5.01M 1s
 13350K .......... .......... .......... .......... .......... 85% 4.15M 1s
 13400K .......... .......... .......... .......... .......... 86% 4.35M 1s
 13450K .......... .......... .......... .......... .......... 86% 1.54M 1s
 13500K .......... .......... .......... .......... .......... 86% 6.20M 1s
 13550K .......... .......... .......... .......... .......... 87% 3.92M 1s
 13600K .......... .......... .......... .......... .......... 87% 4.81M 1s
 13650K .......... .......... .......... .......... .......... 87% 3.72M 1s
 13700K .......... .......... .......... .......... .......... 87% 4.09M 1s
 13750K .......... .......... .......... .......... .......... 88% 6.24M 1s
 13800K .......... .......... .......... .......... .......... 88% 3.84M 1s
 13850K .......... .......... .......... .......... .......... 88% 1.31M 1s
 13900K .......... .......... .......... .......... .......... 89% 6.41M 1s
 13950K .......... .......... .......... .......... .......... 89% 4.21M 1s
 14000K .......... .......... .......... .......... .......... 89% 4.34M 1s
 14050K .......... .......... .......... .......... .......... 90% 2.59M 1s
 14100K .......... .......... .......... .......... .......... 90%  691K 1s
 14150K .......... .......... .......... .......... .......... 90%  499K 1s
 14200K .......... .......... .......... .......... .......... 91% 4.95M 1s
 14250K .......... .......... .......... .......... .......... 91% 3.34M 0s
 14300K .......... .......... .......... .......... .......... 91% 2.68M 0s
 14350K .......... .......... .......... .......... .......... 92% 1.08M 0s
 14400K .......... .......... .......... .......... .......... 92% 1.67M 0s
 14450K .......... .......... .......... .......... .......... 92% 2.80M 0s
 14500K .......... .......... .......... .......... .......... 93% 6.17M 0s
 14550K .......... .......... .......... .......... .......... 93% 3.86M 0s
 14600K .......... .......... .......... .......... .......... 93% 3.90M 0s
 14650K .......... .......... .......... .......... .......... 94% 4.05M 0s
 14700K .......... .......... .......... .......... .......... 94% 3.49M 0s
 14750K .......... .......... .......... .......... .......... 94% 4.00M 0s
 14800K .......... .......... .......... .......... .......... 95% 3.08M 0s
 14850K .......... .......... .......... .......... .......... 95% 5.79M 0s
 14900K .......... .......... .......... .......... .......... 95% 1.92M 0s
 14950K .......... .......... .......... .......... .......... 95% 3.39M 0s
 15000K .......... .......... .......... .......... .......... 96% 3.57M 0s
 15050K .......... .......... .......... .......... .......... 96% 4.15M 0s
 15100K .......... .......... .......... .......... .......... 96% 5.07M 0s
 15150K .......... .......... .......... .......... .......... 97% 1.20M 0s
 15200K .......... .......... .......... .......... .......... 97% 3.52M 0s
 15250K .......... .......... .......... .......... .......... 97% 3.71M 0s
 15300K .......... .......... .......... .......... .......... 98% 2.05M 0s
 15350K .......... .......... .......... .......... .......... 98% 6.31M 0s
 15400K .......... .......... .......... .......... .......... 98% 6.38M 0s
 15450K .......... .......... .......... .......... .......... 99% 1.75M 0s
 15500K .......... .......... .......... .......... .......... 99% 6.29M 0s
 15550K .......... .......... .......... .......... .......... 99% 4.73M 0s
 15600K .......... .......... .....                           100% 8.57M=5.8s

2023-07-05 14:22:23 (2.64 MB/s) - ‘/home/peeranut/ros2_ws/build/multirobot_map_merge/2012-01-28-11-12-01.pgm’ saved [16000058/16000058]

In file included from [01m[K/home/peeranut/ros2_ws/src/m-explore-ros2/map_merge/test/testing_helpers.h:7[m[K,
                 from [01m[K/home/peeranut/ros2_ws/src/m-explore-ros2/map_merge/test/test_merging_pipeline.cpp:42[m[K:
[01m[K/opt/ros/humble/include/tf2_geometry_msgs/tf2_geometry_msgs/tf2_geometry_msgs.h:35:2:[m[K [01;35m[Kwarning: [m[K#warning This header is obsolete, please include tf2_geometry_msgs/tf2_geometry_msgs.hpp instead [[01;35m[K]8;;https://gcc.gnu.org/onlinedocs/gcc/Warning-Options.html#index-Wcpp-Wcpp]8;;[m[K]
   35 | #[01;35m[Kwarning[m[K This header is obsolete, please include tf2_geometry_msgs/tf2_geometry_msgs.hpp instead
      |  [01;35m[K^~~~~~~[m[K
In file included from [01m[K/home/peeranut/ros2_ws/src/m-explore-ros2/map_merge/src/map_merge.cpp:44[m[K:
[01m[K/opt/ros/humble/include/tf2_geometry_msgs/tf2_geometry_msgs/tf2_geometry_msgs.h:35:2:[m[K [01;35m[Kwarning: [m[K#warning This header is obsolete, please include tf2_geometry_msgs/tf2_geometry_msgs.hpp instead [[01;35m[K]8;;https://gcc.gnu.org/onlinedocs/gcc/Warning-Options.html#index-Wcpp-Wcpp]8;;[m[K]
   35 | #[01;35m[Kwarning[m[K This header is obsolete, please include tf2_geometry_msgs/tf2_geometry_msgs.hpp instead
      |  [01;35m[K^~~~~~~[m[K
