[0.017s] Invoking command in '/home/peeranut/ros2_ws/build/multirobot_map_merge': CMAKE_PREFIX_PATH=${CMAKE_PREFIX_PATH}:/opt/ros/humble /usr/bin/cmake /home/peeranut/ros2_ws/src/m-explore-ros2/map_merge -DCMAKE_INSTALL_PREFIX=/home/peeranut/ros2_ws/install/multirobot_map_merge
[0.201s] -- The C compiler identification is GNU 11.3.0
[0.845s] -- The CXX compiler identification is GNU 11.3.0
[1.457s] -- Detecting C compiler ABI info
[1.681s] -- Detecting C compiler ABI info - done
[1.687s] -- Check for working C compiler: /usr/bin/cc - skipped
[1.687s] -- Detecting C compile features
[1.688s] -- Detecting C compile features - done
[1.691s] -- Detecting CXX compiler ABI info
[1.988s] -- Detecting CXX compiler ABI info - done
[1.993s] -- Check for working CXX compiler: /usr/bin/c++ - skipped
[1.993s] -- Detecting CXX compile features
[1.994s] -- Detecting CXX compile features - done
[1.996s] -- Found ament_cmake: 1.3.5 (/opt/ros/humble/share/ament_cmake/cmake)
[2.105s] -- Found Python3: /usr/bin/python3.10 (found version "3.10.6") found components: Interpreter 
[2.166s] -- Found rclcpp: 16.0.4 (/opt/ros/humble/share/rclcpp/cmake)
[2.414s] -- Found rosidl_generator_c: 3.1.4 (/opt/ros/humble/share/rosidl_generator_c/cmake)
[2.420s] -- Found rosidl_adapter: 3.1.4 (/opt/ros/humble/share/rosidl_adapter/cmake)
[2.427s] -- Found rosidl_generator_cpp: 3.1.4 (/opt/ros/humble/share/rosidl_generator_cpp/cmake)
[2.444s] -- Using all available rosidl_typesupport_c: rosidl_typesupport_fastrtps_c;rosidl_typesupport_introspection_c
[2.463s] -- Using all available rosidl_typesupport_cpp: rosidl_typesupport_fastrtps_cpp;rosidl_typesupport_introspection_cpp
[2.519s] -- Found rmw_implementation_cmake: 6.1.1 (/opt/ros/humble/share/rmw_implementation_cmake/cmake)
[2.521s] -- Found rmw_fastrtps_cpp: 6.2.2 (/opt/ros/humble/share/rmw_fastrtps_cpp/cmake)
[3.258s] -- Found OpenSSL: /usr/lib/x86_64-linux-gnu/libcrypto.so (found version "3.0.2")  
[4.294s] -- Found FastRTPS: /opt/ros/humble/include  
[5.812s] -- Using RMW implementation 'rmw_fastrtps_cpp' as default
[5.822s] -- Looking for pthread.h
[6.026s] -- Looking for pthread.h - found
[6.026s] -- Performing Test CMAKE_HAVE_LIBC_PTHREAD
[6.316s] -- Performing Test CMAKE_HAVE_LIBC_PTHREAD - Success
[6.318s] -- Found Threads: TRUE  
[6.423s] -- Found geometry_msgs: 4.2.3 (/opt/ros/humble/share/geometry_msgs/cmake)
[6.454s] -- Found image_geometry: 3.2.1 (/opt/ros/humble/share/image_geometry/cmake)
[6.528s] -- Found map_msgs: 2.1.0 (/opt/ros/humble/share/map_msgs/cmake)
[6.702s] -- Found tf2_geometry_msgs: 0.25.2 (/opt/ros/humble/share/tf2_geometry_msgs/cmake)
[6.807s] -- Found eigen3_cmake_module: 0.1.1 (/opt/ros/humble/share/eigen3_cmake_module/cmake)
[6.810s] -- Found Eigen3: TRUE (found version "3.4.0") 
[6.811s] -- Ensuring Eigen3 include directory is part of orocos-kdl CMake target
[7.072s] -- Found Boost: /usr/lib/x86_64-linux-gnu/cmake/Boost-1.74.0/BoostConfig.cmake (found version "1.74.0") found components: thread 
[7.076s] -- Found OpenCV: /usr (found version "4.5.4") 
[7.088s] -- Found ament_lint_auto: 0.12.6 (/opt/ros/humble/share/ament_lint_auto/cmake)
[7.136s] -- Found ament_cmake_gtest: 1.3.5 (/opt/ros/humble/share/ament_cmake_gtest/cmake)
[7.145s] --2023-07-05 14:22:04--  https://raw.githubusercontent.com/hrnr/m-explore-extra/master/map_merge/hector_maps/map00.pgm
[7.152s] Resolving raw.githubusercontent.com (raw.githubusercontent.com)... 185.199.111.133, 185.199.109.133, 185.199.110.133, ...
[7.177s] Connecting to raw.githubusercontent.com (raw.githubusercontent.com)|185.199.111.133|:443... connected.
[7.593s] HTTP request sent, awaiting response... 200 OK
[7.593s] Length: 4194362 (4.0M) [application/octet-stream]
[7.593s] Saving to: ‘/home/peeranut/ros2_ws/build/multirobot_map_merge/map00.pgm’
[7.600s] 
[7.635s]      0K .......... .......... .......... .......... ..........  1% 1.17M 3s
[7.671s]     50K .......... .......... .......... .......... ..........  2% 1.39M 3s
[7.683s]    100K .......... .......... .......... .......... ..........  3% 3.99M 2s
[7.697s]    150K .......... .......... .......... .......... ..........  4% 3.39M 2s
[7.730s]    200K .......... .......... .......... .......... ..........  6% 1.48M 2s
[7.738s]    250K .......... .......... .......... .......... ..........  7% 6.38M 2s
[7.750s]    300K .......... .......... .......... .......... ..........  8% 3.97M 2s
[7.770s]    350K .......... .......... .......... .......... ..........  9% 3.17M 2s
[7.878s]    400K .......... .......... .......... .......... .......... 10%  445K 2s
[7.883s]    450K .......... .......... .......... .......... .......... 12% 8.89M 2s
[7.883s]    500K .......... .......... .......... .......... .......... 13%  555M 2s
[7.889s]    550K .......... .......... .......... .......... .......... 14% 7.65M 2s
[7.897s]    600K .......... .......... .......... .......... .......... 15% 6.26M 2s
[7.898s]    650K .......... .......... .......... .......... .......... 17%  221M 1s
[7.898s]    700K .......... .......... .......... .......... .......... 18%  406M 1s
[7.898s]    750K .......... .......... .......... .......... .......... 19%  434M 1s
[7.898s]    800K .......... .......... .......... .......... .......... 20%  303M 1s
[7.905s]    850K .......... .......... .......... .......... .......... 21% 6.59M 1s
[7.921s]    900K .......... .......... .......... .......... .......... 23% 3.17M 1s
[7.933s]    950K .......... .......... .......... .......... .......... 24% 3.96M 1s
[7.945s]   1000K .......... .......... .......... .......... .......... 25% 4.06M 1s
[7.964s]   1050K .......... .......... .......... .......... .......... 26% 2.57M 1s
[7.976s]   1100K .......... .......... .......... .......... .......... 28% 3.96M 1s
[8.003s]   1150K .......... .......... .......... .......... .......... 29% 1.83M 1s
[8.147s]   1200K .......... .......... .......... .......... .......... 30%  348K 1s
[8.160s]   1250K .......... .......... .......... .......... .......... 31% 3.60M 1s
[8.177s]   1300K .......... .......... .......... .......... .......... 32% 3.99M 1s
[8.185s]   1350K .......... .......... .......... .......... .......... 34% 3.89M 1s
[8.197s]   1400K .......... .......... .......... .......... .......... 35% 4.10M 1s
[8.213s]   1450K .......... .......... .......... .......... .......... 36% 3.03M 1s
[8.257s]   1500K .......... .......... .......... .......... .......... 37% 1.12M 1s
[8.304s]   1550K .......... .......... .......... .......... .......... 39% 1.03M 1s
[8.372s]   1600K .......... .......... .......... .......... .......... 40%  739K 1s
[8.384s]   1650K .......... .......... .......... .......... .......... 41% 3.96M 1s
[8.397s]   1700K .......... .......... .......... .......... .......... 42% 3.96M 1s
[8.428s]   1750K .......... .......... .......... .......... .......... 43% 1.55M 1s
[8.496s]   1800K .......... .......... .......... .......... .......... 45%  738K 1s
[8.513s]   1850K .......... .......... .......... .......... .......... 46% 2.90M 1s
[8.529s]   1900K .......... .......... .......... .......... .......... 47% 3.08M 1s
[8.547s]   1950K .......... .......... .......... .......... .......... 48% 2.61M 1s
[8.558s]   2000K .......... .......... .......... .......... .......... 50% 4.65M 1s
[8.571s]   2050K .......... .......... .......... .......... .......... 51% 3.61M 1s
[8.680s]   2100K .......... .......... .......... .......... .......... 52%  462K 1s
[8.698s]   2150K .......... .......... .......... .......... .......... 53% 2.75M 1s
[8.820s]   2200K .......... .......... .......... .......... .......... 54%  407K 1s
[8.821s]   2250K .......... .......... .......... .......... .......... 56%  430M 1s
[8.821s]   2300K .......... .......... .......... .......... .......... 57%  343M 1s
[8.821s]   2350K .......... .......... .......... .......... .......... 58%  404M 1s
[8.821s]   2400K .......... .......... .......... .......... .......... 59%  681M 1s
[8.821s]   2450K .......... .......... .......... .......... .......... 61%  619M 1s
[8.829s]   2500K .......... .......... .......... .......... .......... 62% 6.32M 1s
[8.842s]   2550K .......... .......... .......... .......... .......... 63% 3.75M 1s
[8.852s]   2600K .......... .......... .......... .......... .......... 64% 4.69M 1s
[8.864s]   2650K .......... .......... .......... .......... .......... 65% 3.90M 1s
[8.885s]   2700K .......... .......... .......... .......... .......... 67% 2.35M 1s
[9.003s]   2750K .......... .......... .......... .......... .......... 68%  423K 1s
[9.011s]   2800K .......... .......... .......... .......... .......... 69% 6.52M 1s
[9.031s]   2850K .......... .......... .......... .......... .......... 70% 2.39M 1s
[9.044s]   2900K .......... .......... .......... .......... .......... 72% 3.83M 1s
[9.056s]   2950K .......... .......... .......... .......... .......... 73% 3.93M 1s
[9.074s]   3000K .......... .......... .......... .......... .......... 74% 2.76M 1s
[9.181s]   3050K .......... .......... .......... .......... .......... 75%  468K 1s
[9.193s]   3100K .......... .......... .......... .......... .......... 76% 3.99M 0s
[9.214s]   3150K .......... .......... .......... .......... .......... 78% 2.37M 0s
[9.227s]   3200K .......... .......... .......... .......... .......... 79% 3.58M 0s
[9.237s]   3250K .......... .......... .......... .......... .......... 80% 5.26M 0s
[9.251s]   3300K .......... .......... .......... .......... .......... 81% 3.53M 0s
[9.270s]   3350K .......... .......... .......... .......... .......... 83% 2.54M 0s
[9.290s]   3400K .......... .......... .......... .......... .......... 84% 2.90M 0s
[9.304s]   3450K .......... .......... .......... .......... .......... 85% 2.84M 0s
[9.322s]   3500K .......... .......... .......... .......... .......... 86% 2.64M 0s
[9.448s]   3550K .......... .......... .......... .......... .......... 87%  397K 0s
[9.480s]   3600K .......... .......... .......... .......... .......... 89% 1.52M 0s
[9.502s]   3650K .......... .......... .......... .......... .......... 90% 2.24M 0s
[9.533s]   3700K .......... .......... .......... .......... .......... 91% 1.58M 0s
[9.552s]   3750K .......... .......... .......... .......... .......... 92% 2.51M 0s
[9.572s]   3800K .......... .......... .......... .......... .......... 93% 3.04M 0s
[9.604s]   3850K .......... .......... .......... .......... .......... 95% 1.39M 0s
[9.748s]   3900K .......... .......... .......... .......... .......... 96%  345K 0s
[9.761s]   3950K .......... .......... .......... .......... .......... 97% 3.87M 0s
[9.775s]   4000K .......... .......... .......... .......... .......... 98% 3.57M 0s
[9.784s]   4050K .......... .......... .......... .......... ......    100% 5.00M=2.2s
[9.784s] 
[9.784s] 2023-07-05 14:22:06 (1.83 MB/s) - ‘/home/peeranut/ros2_ws/build/multirobot_map_merge/map00.pgm’ saved [4194362/4194362]
[9.784s] 
[9.785s] Checking MD5 sum of /home/peeranut/ros2_ws/build/multirobot_map_merge/map00.pgm
[9.791s] /home/peeranut/ros2_ws/build/multirobot_map_merge/map00.pgm: OK
[9.794s] --2023-07-05 14:22:06--  https://raw.githubusercontent.com/hrnr/m-explore-extra/master/map_merge/hector_maps/map05.pgm
[9.797s] Resolving raw.githubusercontent.com (raw.githubusercontent.com)... 185.199.111.133, 185.199.109.133, 185.199.110.133, ...
[9.822s] Connecting to raw.githubusercontent.com (raw.githubusercontent.com)|185.199.111.133|:443... connected.
[10.400s] HTTP request sent, awaiting response... 200 OK
[10.400s] Length: 4194362 (4.0M) [application/octet-stream]
[10.400s] Saving to: ‘/home/peeranut/ros2_ws/build/multirobot_map_merge/map05.pgm’
[10.405s] 
[10.448s]      0K .......... .......... .......... .......... ..........  1% 1.01M 4s
[10.488s]     50K .......... .......... .......... .......... ..........  2% 1.23M 4s
[10.503s]    100K .......... .......... .......... .......... ..........  3% 3.25M 3s
[10.520s]    150K .......... .......... .......... .......... ..........  4% 2.92M 2s
[10.555s]    200K .......... .......... .......... .......... ..........  6% 1.41M 2s
[10.568s]    250K .......... .......... .......... .......... ..........  7% 3.68M 2s
[10.580s]    300K .......... .......... .......... .......... ..........  8% 3.91M 2s
[10.614s]    350K .......... .......... .......... .......... ..........  9% 1.62M 2s
[10.633s]    400K .......... .......... .......... .......... .......... 10% 2.15M 2s
[10.656s]    450K .......... .......... .......... .......... .......... 12% 2.09M 2s
[10.675s]    500K .......... .......... .......... .......... .......... 13% 2.70M 2s
[10.698s]    550K .......... .......... .......... .......... .......... 14% 2.08M 2s
[10.715s]    600K .......... .......... .......... .......... .......... 15% 2.84M 2s
[10.763s]    650K .......... .......... .......... .......... .......... 17% 1.02M 2s
[10.781s]    700K .......... .......... .......... .......... .......... 18% 2.76M 2s
[10.800s]    750K .......... .......... .......... .......... .......... 19% 2.51M 2s
[10.819s]    800K .......... .......... .......... .......... .......... 20% 2.60M 2s
[10.835s]    850K .......... .......... .......... .......... .......... 21% 3.01M 2s
[10.973s]    900K .......... .......... .......... .......... .......... 23%  364K 2s
[11.006s]    950K .......... .......... .......... .......... .......... 24% 1.45M 2s
[11.020s]   1000K .......... .......... .......... .......... .......... 25% 3.69M 2s
[11.042s]   1050K .......... .......... .......... .......... .......... 26% 2.26M 2s
[11.053s]   1100K .......... .......... .......... .......... .......... 28% 3.97M 2s
[11.098s]   1150K .......... .......... .......... .......... .......... 29% 1.11M 2s
[11.117s]   1200K .......... .......... .......... .......... .......... 30% 2.46M 2s
[11.130s]   1250K .......... .......... .......... .......... .......... 31% 3.94M 2s
[11.167s]   1300K .......... .......... .......... .......... .......... 32% 1.74M 2s
[11.209s]   1350K .......... .......... .......... .......... .......... 34%  984K 2s
[11.231s]   1400K .......... .......... .......... .......... .......... 35% 2.17M 2s
[11.248s]   1450K .......... .......... .......... .......... .......... 36% 2.86M 1s
[11.266s]   1500K .......... .......... .......... .......... .......... 37% 2.78M 1s
[11.377s]   1550K .......... .......... .......... .......... .......... 39%  451K 2s
[11.390s]   1600K .......... .......... .......... .......... .......... 40% 3.75M 1s
[11.402s]   1650K .......... .......... .......... .......... .......... 41% 3.96M 1s
[11.414s]   1700K .......... .......... .......... .......... .......... 42% 3.95M 1s
[11.435s]   1750K .......... .......... .......... .......... .......... 43% 2.37M 1s
[11.450s]   1800K .......... .......... .......... .......... .......... 45% 3.20M 1s
[11.468s]   1850K .......... .......... .......... .......... .......... 46% 2.73M 1s
[11.485s]   1900K .......... .......... .......... .......... .......... 47% 2.90M 1s
[11.507s]   1950K .......... .......... .......... .......... .......... 48% 2.24M 1s
[11.520s]   2000K .......... .......... .......... .......... .......... 50% 3.85M 1s
[11.568s]   2050K .......... .......... .......... .......... .......... 51% 1.01M 1s
[11.680s]   2100K .......... .......... .......... .......... .......... 52%  444K 1s
[11.714s]   2150K .......... .......... .......... .......... .......... 53% 1.46M 1s
[11.740s]   2200K .......... .......... .......... .......... .......... 54% 2.63M 1s
[11.771s]   2250K .......... .......... .......... .......... .......... 56% 1.26M 1s
[11.788s]   2300K .......... .......... .......... .......... .......... 57% 2.83M 1s
[11.805s]   2350K .......... .......... .......... .......... .......... 58% 2.98M 1s
[11.831s]   2400K .......... .......... .......... .......... .......... 59% 1.88M 1s
[11.856s]   2450K .......... .......... .......... .......... .......... 61% 1.92M 1s
[11.886s]   2500K .......... .......... .......... .......... .......... 62% 1.66M 1s
[11.908s]   2550K .......... .......... .......... .......... .......... 63% 2.12M 1s
[11.933s]   2600K .......... .......... .......... .......... .......... 64% 2.03M 1s
[12.073s]   2650K .......... .......... .......... .......... .......... 65%  358K 1s
[12.101s]   2700K .......... .......... .......... .......... .......... 67% 1.72M 1s
[12.117s]   2750K .......... .......... .......... .......... .......... 68% 2.99M 1s
[12.148s]   2800K .......... .......... .......... .......... .......... 69% 1.60M 1s
[12.171s]   2850K .......... .......... .......... .......... .......... 70% 2.13M 1s
[12.208s]   2900K .......... .......... .......... .......... .......... 72% 1.29M 1s
[12.223s]   2950K .......... .......... .......... .......... .......... 73% 3.24M 1s
[12.253s]   3000K .......... .......... .......... .......... .......... 74% 1.64M 1s
[12.370s]   3050K .......... .......... .......... .......... .......... 75%  429K 1s
[12.387s]   3100K .......... .......... .......... .......... .......... 76% 2.82M 1s
[12.417s]   3150K .......... .......... .......... .......... .......... 78% 1.63M 1s
[12.525s]   3200K .......... .......... .......... .......... .......... 79%  463K 1s
[12.550s]   3250K .......... .......... .......... .......... .......... 80% 1.95M 1s
[12.564s]   3300K .......... .......... .......... .......... .......... 81% 3.45M 0s
[12.588s]   3350K .......... .......... .......... .......... .......... 83% 2.09M 0s
[12.624s]   3400K .......... .......... .......... .......... .......... 84% 1.88M 0s
[12.638s]   3450K .......... .......... .......... .......... .......... 85% 1.96M 0s
[12.664s]   3500K .......... .......... .......... .......... .......... 86% 1.88M 0s
[12.675s]   3550K .......... .......... .......... .......... .......... 87% 4.79M 0s
[12.688s]   3600K .......... .......... .......... .......... .......... 89% 3.53M 0s
[12.709s]   3650K .......... .......... .......... .......... .......... 90% 2.98M 0s
[12.720s]   3700K .......... .......... .......... .......... .......... 91% 3.18M 0s
[12.742s]   3750K .......... .......... .......... .......... .......... 92% 2.29M 0s
[12.761s]   3800K .......... .......... .......... .......... .......... 93% 2.49M 0s
[12.772s]   3850K .......... .......... .......... .......... .......... 95% 4.44M 0s
[12.784s]   3900K .......... .......... .......... .......... .......... 96% 4.14M 0s
[12.792s]   3950K .......... .......... .......... .......... .......... 97% 6.45M 0s
[12.804s]   4000K .......... .......... .......... .......... .......... 98% 3.81M 0s
[12.812s]   4050K .......... .......... .......... .......... ......    100% 6.03M=2.4s
[12.812s] 
[12.812s] 2023-07-05 14:22:09 (1.66 MB/s) - ‘/home/peeranut/ros2_ws/build/multirobot_map_merge/map05.pgm’ saved [4194362/4194362]
[12.812s] 
[12.813s] Checking MD5 sum of /home/peeranut/ros2_ws/build/multirobot_map_merge/map05.pgm
[12.822s] /home/peeranut/ros2_ws/build/multirobot_map_merge/map05.pgm: OK
[12.826s] --2023-07-05 14:22:09--  https://raw.githubusercontent.com/hrnr/m-explore-extra/master/map_merge/gmapping_maps/2011-08-09-12-22-52.pgm
[12.829s] Resolving raw.githubusercontent.com (raw.githubusercontent.com)... 185.199.111.133, 185.199.109.133, 185.199.110.133, ...
[12.854s] Connecting to raw.githubusercontent.com (raw.githubusercontent.com)|185.199.111.133|:443... connected.
[14.647s] HTTP request sent, awaiting response... 200 OK
[14.647s] Length: 16000058 (15M) [text/plain]
[14.647s] Saving to: ‘/home/peeranut/ros2_ws/build/multirobot_map_merge/2011-08-09-12-22-52.pgm’
[14.648s] 
[14.699s]      0K .......... .......... .......... .......... ..........  0%  956K 16s
[14.717s]     50K .......... .......... .......... .......... ..........  0% 2.68M 11s
[14.732s]    100K .......... .......... .......... .......... ..........  0% 3.39M 9s
[14.754s]    150K .......... .......... .......... .......... ..........  1% 2.19M 8s
[14.763s]    200K .......... .......... .......... .......... ..........  1% 5.42M 7s
[14.783s]    250K .......... .......... .......... .......... ..........  1% 2.49M 7s
[14.798s]    300K .......... .......... .......... .......... ..........  2% 4.34M 6s
[14.818s]    350K .......... .......... .......... .......... ..........  2% 2.05M 7s
[14.833s]    400K .......... .......... .......... .......... ..........  2% 3.19M 6s
[14.954s]    450K .......... .......... .......... .......... ..........  3%  413K 9s
[14.957s]    500K .......... .......... .......... .......... ..........  3% 14.3M 9s
[14.966s]    550K .......... .......... .......... .......... ..........  3% 5.69M 8s
[14.966s]    600K .......... .......... .......... .......... ..........  4%  423M 7s
[14.967s]    650K .......... .......... .......... .......... ..........  4%  365M 7s
[14.967s]    700K .......... .......... .......... .......... ..........  4%  438M 6s
[14.975s]    750K .......... .......... .......... .......... ..........  5% 5.79M 6s
[14.992s]    800K .......... .......... .......... .......... ..........  5% 2.87M 6s
[15.025s]    850K .......... .......... .......... .......... ..........  5% 1.48M 6s
[15.027s]    900K .......... .......... .......... .......... ..........  6% 19.6M 6s
[15.045s]    950K .......... .......... .......... .......... ..........  6% 2.85M 6s
[15.068s]   1000K .......... .......... .......... .......... ..........  6% 2.09M 6s
[15.076s]   1050K .......... .......... .......... .......... ..........  7% 6.22M 6s
[15.093s]   1100K .......... .......... .......... .......... ..........  7% 2.92M 6s
[15.115s]   1150K .......... .......... .......... .......... ..........  7% 2.14M 6s
[15.133s]   1200K .......... .......... .......... .......... ..........  7% 2.77M 6s
[15.143s]   1250K .......... .......... .......... .......... ..........  8% 5.05M 5s
[15.163s]   1300K .......... .......... .......... .......... ..........  8% 2.45M 5s
[15.172s]   1350K .......... .......... .......... .......... ..........  8% 5.28M 5s
[15.184s]   1400K .......... .......... .......... .......... ..........  9% 4.15M 5s
[15.195s]   1450K .......... .......... .......... .......... ..........  9% 4.32M 5s
[15.216s]   1500K .......... .......... .......... .......... ..........  9% 2.26M 5s
[15.231s]   1550K .......... .......... .......... .......... .......... 10% 3.43M 5s
[15.241s]   1600K .......... .......... .......... .......... .......... 10% 4.95M 5s
[15.259s]   1650K .......... .......... .......... .......... .......... 10% 2.60M 5s
[15.265s]   1700K .......... .......... .......... .......... .......... 11% 9.22M 5s
[15.381s]   1750K .......... .......... .......... .......... .......... 11%  428K 6s
[15.413s]   1800K .......... .......... .......... .......... .......... 11% 1.56M 6s
[15.445s]   1850K .......... .......... .......... .......... .......... 12% 1.49M 6s
[15.463s]   1900K .......... .......... .......... .......... .......... 12% 2.73M 6s
[15.470s]   1950K .......... .......... .......... .......... .......... 12% 7.57M 6s
[15.481s]   2000K .......... .......... .......... .......... .......... 13% 4.42M 6s
[15.491s]   2050K .......... .......... .......... .......... .......... 13% 4.64M 5s
[15.515s]   2100K .......... .......... .......... .......... .......... 13% 2.03M 5s
[15.536s]   2150K .......... .......... .......... .......... .......... 14% 2.36M 5s
[15.558s]   2200K .......... .......... .......... .......... .......... 14% 2.18M 5s
[15.560s]   2250K .......... .......... .......... .......... .......... 14% 24.9M 5s
[15.610s]   2300K .......... .......... .......... .......... .......... 15% 1003K 5s
[15.614s]   2350K .......... .......... .......... .......... .......... 15% 12.9M 5s
[15.614s]   2400K .......... .......... .......... .......... .......... 15%  618M 5s
[15.614s]   2450K .......... .......... .......... .......... .......... 15%  421M 5s
[15.614s]   2500K .......... .......... .......... .......... .......... 16%  418M 5s
[15.626s]   2550K .......... .......... .......... .......... .......... 16% 4.36M 5s
[15.641s]   2600K .......... .......... .......... .......... .......... 16% 3.24M 5s
[15.661s]   2650K .......... .......... .......... .......... .......... 17% 2.37M 5s
[15.678s]   2700K .......... .......... .......... .......... .......... 17% 2.93M 5s
[15.700s]   2750K .......... .......... .......... .......... .......... 17% 2.22M 5s
[15.711s]   2800K .......... .......... .......... .......... .......... 18% 4.31M 5s
[15.725s]   2850K .......... .......... .......... .......... .......... 18% 4.27M 5s
[15.751s]   2900K .......... .......... .......... .......... .......... 18% 1.72M 5s
[15.758s]   2950K .......... .......... .......... .......... .......... 19% 6.55M 5s
[15.772s]   3000K .......... .......... .......... .......... .......... 19% 3.70M 5s
[15.779s]   3050K .......... .......... .......... .......... .......... 19% 6.84M 5s
[15.829s]   3100K .......... .......... .......... .......... .......... 20%  987K 5s
[15.911s]   3150K .......... .......... .......... .......... .......... 20%  611K 5s
[15.933s]   3200K .......... .......... .......... .......... .......... 20% 2.31M 5s
[15.935s]   3250K .......... .......... .......... .......... .......... 21% 16.2M 5s
[15.965s]   3300K .......... .......... .......... .......... .......... 21% 1.65M 5s
[15.984s]   3350K .......... .......... .......... .......... .......... 21% 2.60M 5s
[16.002s]   3400K .......... .......... .......... .......... .......... 22% 3.46M 5s
[16.012s]   3450K .......... .......... .......... .......... .......... 22% 3.42M 5s
[16.021s]   3500K .......... .......... .......... .......... .......... 22% 5.39M 5s
[16.030s]   3550K .......... .......... .......... .......... .......... 23% 5.49M 5s
[16.048s]   3600K .......... .......... .......... .......... .......... 23% 2.70M 5s
[16.078s]   3650K .......... .......... .......... .......... .......... 23% 1.67M 5s
[16.101s]   3700K .......... .......... .......... .......... .......... 23% 2.05M 5s
[16.113s]   3750K .......... .......... .......... .......... .......... 24% 3.98M 5s
[16.137s]   3800K .......... .......... .......... .......... .......... 24% 2.49M 5s
[16.174s]   3850K .......... .......... .......... .......... .......... 24% 1.21M 5s
[16.189s]   3900K .......... .......... .......... .......... .......... 25% 3.18M 5s
[16.219s]   3950K .......... .......... .......... .......... .......... 25% 1.61M 5s
[16.226s]   4000K .......... .......... .......... .......... .......... 25% 6.86M 5s
[16.245s]   4050K .......... .......... .......... .......... .......... 26% 2.55M 4s
[16.291s]   4100K .......... .......... .......... .......... .......... 26% 1.07M 5s
[16.311s]   4150K .......... .......... .......... .......... .......... 26% 2.46M 5s
[16.327s]   4200K .......... .......... .......... .......... .......... 27% 3.01M 4s
[16.338s]   4250K .......... .......... .......... .......... .......... 27% 4.51M 4s
[16.401s]   4300K .......... .......... .......... .......... .......... 27%  793K 5s
[16.418s]   4350K .......... .......... .......... .......... .......... 28% 2.95M 5s
[16.447s]   4400K .......... .......... .......... .......... .......... 28% 1.66M 5s
[16.451s]   4450K .......... .......... .......... .......... .......... 28% 10.6M 4s
[16.473s]   4500K .......... .......... .......... .......... .......... 29% 2.29M 4s
[16.484s]   4550K .......... .......... .......... .......... .......... 29% 4.21M 4s
[16.496s]   4600K .......... .......... .......... .......... .......... 29% 4.08M 4s
[16.505s]   4650K .......... .......... .......... .......... .......... 30% 5.76M 4s
[16.524s]   4700K .......... .......... .......... .......... .......... 30% 2.53M 4s
[16.549s]   4750K .......... .......... .......... .......... .......... 30% 1.98M 4s
[16.562s]   4800K .......... .......... .......... .......... .......... 31% 3.77M 4s
[16.572s]   4850K .......... .......... .......... .......... .......... 31% 4.60M 4s
[16.578s]   4900K .......... .......... .......... .......... .......... 31% 7.82M 4s
[16.616s]   4950K .......... .......... .......... .......... .......... 31% 1.30M 4s
[16.630s]   5000K .......... .......... .......... .......... .......... 32% 3.48M 4s
[16.671s]   5050K .......... .......... .......... .......... .......... 32% 1.19M 4s
[16.695s]   5100K .......... .......... .......... .......... .......... 32% 2.09M 4s
[16.713s]   5150K .......... .......... .......... .......... .......... 33% 2.74M 4s
[16.717s]   5200K .......... .......... .......... .......... .......... 33% 9.73M 4s
[16.722s]   5250K .......... .......... .......... .......... .......... 33% 11.6M 4s
[16.732s]   5300K .......... .......... .......... .......... .......... 34% 4.48M 4s
[16.774s]   5350K .......... .......... .......... .......... .......... 34% 1.18M 4s
[16.785s]   5400K .......... .......... .......... .......... .......... 34% 4.36M 4s
[16.797s]   5450K .......... .......... .......... .......... .......... 35% 4.05M 4s
[16.813s]   5500K .......... .......... .......... .......... .......... 35% 3.14M 4s
[16.821s]   5550K .......... .......... .......... .......... .......... 35% 5.88M 4s
[16.836s]   5600K .......... .......... .......... .......... .......... 36% 3.23M 4s
[16.840s]   5650K .......... .......... .......... .......... .......... 36% 12.7M 4s
[16.863s]   5700K .......... .......... .......... .......... .......... 36% 2.09M 4s
[16.883s]   5750K .......... .......... .......... .......... .......... 37% 2.43M 4s
[16.900s]   5800K .......... .......... .......... .......... .......... 37% 2.94M 4s
[16.916s]   5850K .......... .......... .......... .......... .......... 37% 3.10M 4s
[16.927s]   5900K .......... .......... .......... .......... .......... 38% 4.45M 4s
[17.039s]   5950K .......... .......... .......... .......... .......... 38%  447K 4s
[17.054s]   6000K .......... .......... .......... .......... .......... 38% 3.23M 4s
[17.067s]   6050K .......... .......... .......... .......... .......... 39% 3.67M 4s
[17.074s]   6100K .......... .......... .......... .......... .......... 39% 7.34M 4s
[17.094s]   6150K .......... .......... .......... .......... .......... 39% 2.40M 4s
[17.111s]   6200K .......... .......... .......... .......... .......... 39% 2.89M 4s
[17.134s]   6250K .......... .......... .......... .......... .......... 40% 2.07M 4s
[17.149s]   6300K .......... .......... .......... .......... .......... 40% 3.37M 4s
[17.165s]   6350K .......... .......... .......... .......... .......... 40% 3.15M 4s
[17.178s]   6400K .......... .......... .......... .......... .......... 41% 3.62M 4s
[17.192s]   6450K .......... .......... .......... .......... .......... 41% 3.38M 4s
[17.209s]   6500K .......... .......... .......... .......... .......... 41% 3.81M 4s
[17.216s]   6550K .......... .......... .......... .......... .......... 42% 4.31M 4s
[17.228s]   6600K .......... .......... .......... .......... .......... 42% 4.29M 3s
[17.248s]   6650K .......... .......... .......... .......... .......... 42% 2.37M 3s
[17.262s]   6700K .......... .......... .......... .......... .......... 43% 3.57M 3s
[17.277s]   6750K .......... .......... .......... .......... .......... 43% 3.38M 3s
[17.323s]   6800K .......... .......... .......... .......... .......... 43% 1.05M 3s
[17.336s]   6850K .......... .......... .......... .......... .......... 44% 3.80M 3s
[17.349s]   6900K .......... .......... .......... .......... .......... 44% 3.74M 3s
[17.365s]   6950K .......... .......... .......... .......... .......... 44% 3.11M 3s
[17.380s]   7000K .......... .......... .......... .......... .......... 45% 3.25M 3s
[17.391s]   7050K .......... .......... .......... .......... .......... 45% 4.29M 3s
[17.398s]   7100K .......... .......... .......... .......... .......... 45% 6.81M 3s
[17.405s]   7150K .......... .......... .......... .......... .......... 46% 7.32M 3s
[17.427s]   7200K .......... .......... .......... .......... .......... 46% 2.23M 3s
[17.435s]   7250K .......... .......... .......... .......... .......... 46% 5.92M 3s
[17.473s]   7300K .......... .......... .......... .......... .......... 47% 1.30M 3s
[17.484s]   7350K .......... .......... .......... .......... .......... 47% 4.46M 3s
[17.495s]   7400K .......... .......... .......... .......... .......... 47% 4.26M 3s
[17.504s]   7450K .......... .......... .......... .......... .......... 47% 5.88M 3s
[17.514s]   7500K .......... .......... .......... .......... .......... 48% 4.45M 3s
[17.532s]   7550K .......... .......... .......... .......... .......... 48% 2.88M 3s
[17.548s]   7600K .......... .......... .......... .......... .......... 48% 3.03M 3s
[17.571s]   7650K .......... .......... .......... .......... .......... 49% 2.07M 3s
[17.591s]   7700K .......... .......... .......... .......... .......... 49% 2.48M 3s
[17.599s]   7750K .......... .......... .......... .......... .......... 49% 12.6M 3s
[17.624s]   7800K .......... .......... .......... .......... .......... 50% 1.68M 3s
[17.631s]   7850K .......... .......... .......... .......... .......... 50% 7.26M 3s
[17.656s]   7900K .......... .......... .......... .......... .......... 50% 1.92M 3s
[17.663s]   7950K .......... .......... .......... .......... .......... 51% 7.15M 3s
[17.671s]   8000K .......... .......... .......... .......... .......... 51% 6.03M 3s
[17.688s]   8050K .......... .......... .......... .......... .......... 51% 2.87M 3s
[17.699s]   8100K .......... .......... .......... .......... .......... 52% 4.43M 3s
[17.715s]   8150K .......... .......... .......... .......... .......... 52% 3.92M 3s
[17.723s]   8200K .......... .......... .......... .......... .......... 52% 4.17M 3s
[17.732s]   8250K .......... .......... .......... .......... .......... 53% 5.49M 3s
[17.747s]   8300K .......... .......... .......... .......... .......... 53% 3.31M 3s
[17.753s]   8350K .......... .......... .......... .......... .......... 53% 7.35M 3s
[17.778s]   8400K .......... .......... .......... .......... .......... 54% 2.03M 3s
[17.806s]   8450K .......... .......... .......... .......... .......... 54% 1.70M 3s
[17.833s]   8500K .......... .......... .......... .......... .......... 54% 1.85M 3s
[17.849s]   8550K .......... .......... .......... .......... .......... 55% 3.86M 3s
[17.876s]   8600K .......... .......... .......... .......... .......... 55% 1.57M 3s
[17.884s]   8650K .......... .......... .......... .......... .......... 55% 5.96M 3s
[17.897s]   8700K .......... .......... .......... .......... .......... 55% 4.00M 3s
[17.909s]   8750K .......... .......... .......... .......... .......... 56% 4.04M 3s
[17.918s]   8800K .......... .......... .......... .......... .......... 56% 5.51M 3s
[17.930s]   8850K .......... .......... .......... .......... .......... 56% 3.93M 2s
[17.940s]   8900K .......... .......... .......... .......... .......... 57% 4.66M 2s
[17.955s]   8950K .......... .......... .......... .......... .......... 57% 3.34M 2s
[17.968s]   9000K .......... .......... .......... .......... .......... 57% 3.77M 2s
[17.990s]   9050K .......... .......... .......... .......... .......... 58% 2.27M 2s
[17.995s]   9100K .......... .......... .......... .......... .......... 58% 9.14M 2s
[18.015s]   9150K .......... .......... .......... .......... .......... 58% 2.47M 2s
[18.017s]   9200K .......... .......... .......... .......... .......... 59% 18.7M 2s
[18.104s]   9250K .......... .......... .......... .......... .......... 59%  581K 2s
[18.116s]   9300K .......... .......... .......... .......... .......... 59% 3.84M 2s
[18.129s]   9350K .......... .......... .......... .......... .......... 60% 3.80M 2s
[18.141s]   9400K .......... .......... .......... .......... .......... 60% 4.15M 2s
[18.152s]   9450K .......... .......... .......... .......... .......... 60% 4.40M 2s
[18.165s]   9500K .......... .......... .......... .......... .......... 61% 3.57M 2s
[18.186s]   9550K .......... .......... .......... .......... .......... 61% 2.38M 2s
[18.202s]   9600K .......... .......... .......... .......... .......... 61% 3.02M 2s
[18.212s]   9650K .......... .......... .......... .......... .......... 62% 5.23M 2s
[18.222s]   9700K .......... .......... .......... .......... .......... 62% 4.52M 2s
[18.236s]   9750K .......... .......... .......... .......... .......... 62% 3.51M 2s
[18.247s]   9800K .......... .......... .......... .......... .......... 63% 4.66M 2s
[18.255s]   9850K .......... .......... .......... .......... .......... 63% 6.16M 2s
[18.262s]   9900K .......... .......... .......... .......... .......... 63% 6.47M 2s
[18.276s]   9950K .......... .......... .......... .......... .......... 63% 3.57M 2s
[18.292s]  10000K .......... .......... .......... .......... .......... 64% 3.02M 2s
[18.320s]  10050K .......... .......... .......... .......... .......... 64% 1.75M 2s
[18.333s]  10100K .......... .......... .......... .......... .......... 64% 3.74M 2s
[18.341s]  10150K .......... .......... .......... .......... .......... 65% 6.04M 2s
[18.354s]  10200K .......... .......... .......... .......... .......... 65% 3.66M 2s
[18.363s]  10250K .......... .......... .......... .......... .......... 65% 6.07M 2s
[18.375s]  10300K .......... .......... .......... .......... .......... 66% 3.92M 2s
[18.387s]  10350K .......... .......... .......... .......... .......... 66% 3.90M 2s
[18.401s]  10400K .......... .......... .......... .......... .......... 66% 3.47M 2s
[18.419s]  10450K .......... .......... .......... .......... .......... 67% 2.84M 2s
[18.445s]  10500K .......... .......... .......... .......... .......... 67% 1.84M 2s
[18.471s]  10550K .......... .......... .......... .......... .......... 67% 2.81M 2s
[18.478s]  10600K .......... .......... .......... .......... .......... 68% 3.14M 2s
[18.494s]  10650K .......... .......... .......... .......... .......... 68% 3.02M 2s
[18.505s]  10700K .......... .......... .......... .......... .......... 68% 4.55M 2s
[18.512s]  10750K .......... .......... .......... .......... .......... 69% 7.45M 2s
[18.524s]  10800K .......... .......... .......... .......... .......... 69% 3.92M 2s
[18.556s]  10850K .......... .......... .......... .......... .......... 69% 1.50M 2s
[18.570s]  10900K .......... .......... .......... .......... .......... 70% 3.51M 2s
[18.582s]  10950K .......... .......... .......... .......... .......... 70% 4.07M 2s
[18.594s]  11000K .......... .......... .......... .......... .......... 70% 4.21M 2s
[18.602s]  11050K .......... .......... .......... .......... .......... 71% 5.80M 2s
[18.619s]  11100K .......... .......... .......... .......... .......... 71% 3.03M 2s
[18.625s]  11150K .......... .......... .......... .......... .......... 71% 7.39M 2s
[18.635s]  11200K .......... .......... .......... .......... .......... 71% 5.16M 2s
[18.646s]  11250K .......... .......... .......... .......... .......... 72% 4.19M 2s
[18.660s]  11300K .......... .......... .......... .......... .......... 72% 3.70M 2s
[18.672s]  11350K .......... .......... .......... .......... .......... 72% 3.91M 1s
[18.713s]  11400K .......... .......... .......... .......... .......... 73% 1.19M 1s
[18.722s]  11450K .......... .......... .......... .......... .......... 73% 5.64M 1s
[18.737s]  11500K .......... .......... .......... .......... .......... 73% 3.15M 1s
[18.764s]  11550K .......... .......... .......... .......... .......... 74% 1.84M 1s
[18.771s]  11600K .......... .......... .......... .......... .......... 74% 6.51M 1s
[18.787s]  11650K .......... .......... .......... .......... .......... 74% 3.23M 1s
[18.795s]  11700K .......... .......... .......... .......... .......... 75% 5.69M 1s
[18.806s]  11750K .......... .......... .......... .......... .......... 75% 4.61M 1s
[18.821s]  11800K .......... .......... .......... .......... .......... 75% 3.21M 1s
[18.831s]  11850K .......... .......... .......... .......... .......... 76% 4.80M 1s
[18.847s]  11900K .......... .......... .......... .......... .......... 76% 3.12M 1s
[18.874s]  11950K .......... .......... .......... .......... .......... 76% 2.91M 1s
[18.882s]  12000K .......... .......... .......... .......... .......... 77% 2.69M 1s
[18.902s]  12050K .......... .......... .......... .......... .......... 77% 2.36M 1s
[18.910s]  12100K .......... .......... .......... .......... .......... 77% 6.11M 1s
[18.922s]  12150K .......... .......... .......... .......... .......... 78% 4.13M 1s
[18.941s]  12200K .......... .......... .......... .......... .......... 78% 4.21M 1s
[18.948s]  12250K .......... .......... .......... .......... .......... 78% 3.28M 1s
[18.968s]  12300K .......... .......... .......... .......... .......... 79% 2.56M 1s
[18.981s]  12350K .......... .......... .......... .......... .......... 79% 3.73M 1s
[18.997s]  12400K .......... .......... .......... .......... .......... 79% 3.04M 1s
[19.008s]  12450K .......... .......... .......... .......... .......... 79% 6.23M 1s
[19.032s]  12500K .......... .......... .......... .......... .......... 80% 1.81M 1s
[19.032s]  12550K .......... .......... .......... .......... .......... 80%  128M 1s
[19.050s]  12600K .......... .......... .......... .......... .......... 80% 2.69M 1s
[19.056s]  12650K .......... .......... .......... .......... .......... 81% 8.24M 1s
[19.066s]  12700K .......... .......... .......... .......... .......... 81% 4.73M 1s
[19.080s]  12750K .......... .......... .......... .......... .......... 81% 3.61M 1s
[19.099s]  12800K .......... .......... .......... .......... .......... 82% 2.51M 1s
[19.180s]  12850K .......... .......... .......... .......... .......... 82%  620K 1s
[19.197s]  12900K .......... .......... .......... .......... .......... 82% 2.81M 1s
[19.230s]  12950K .......... .......... .......... .......... .......... 83% 1.50M 1s
[19.246s]  13000K .......... .......... .......... .......... .......... 83% 2.99M 1s
[19.255s]  13050K .......... .......... .......... .......... .......... 83% 5.51M 1s
[19.267s]  13100K .......... .......... .......... .......... .......... 84% 4.17M 1s
[19.284s]  13150K .......... .......... .......... .......... .......... 84% 2.96M 1s
[19.317s]  13200K .......... .......... .......... .......... .......... 84% 1.44M 1s
[19.327s]  13250K .......... .......... .......... .......... .......... 85% 4.90M 1s
[19.343s]  13300K .......... .......... .......... .......... .......... 85% 3.00M 1s
[19.355s]  13350K .......... .......... .......... .......... .......... 85% 4.12M 1s
[19.372s]  13400K .......... .......... .......... .......... .......... 86% 2.91M 1s
[19.385s]  13450K .......... .......... .......... .......... .......... 86% 3.78M 1s
[19.398s]  13500K .......... .......... .......... .......... .......... 86% 3.81M 1s
[19.405s]  13550K .......... .......... .......... .......... .......... 87% 6.80M 1s
[19.426s]  13600K .......... .......... .......... .......... .......... 87% 2.37M 1s
[19.437s]  13650K .......... .......... .......... .......... .......... 87% 6.19M 1s
[19.454s]  13700K .......... .......... .......... .......... .......... 87% 2.44M 1s
[19.466s]  13750K .......... .......... .......... .......... .......... 88% 4.03M 1s
[19.481s]  13800K .......... .......... .......... .......... .......... 88% 3.15M 1s
[19.486s]  13850K .......... .......... .......... .......... .......... 88% 9.27M 1s
[19.502s]  13900K .......... .......... .......... .......... .......... 89% 3.19M 1s
[19.510s]  13950K .......... .......... .......... .......... .......... 89% 6.21M 1s
[19.524s]  14000K .......... .......... .......... .......... .......... 89% 3.54M 1s
[19.544s]  14050K .......... .......... .......... .......... .......... 90% 3.00M 1s
[19.557s]  14100K .......... .......... .......... .......... .......... 90% 2.82M 1s
[19.565s]  14150K .......... .......... .......... .......... .......... 90% 6.39M 0s
[19.578s]  14200K .......... .......... .......... .......... .......... 91% 3.65M 0s
[19.599s]  14250K .......... .......... .......... .......... .......... 91% 2.40M 0s
[19.612s]  14300K .......... .......... .......... .......... .......... 91% 3.72M 0s
[19.619s]  14350K .......... .......... .......... .......... .......... 92% 6.43M 0s
[19.639s]  14400K .......... .......... .......... .......... .......... 92% 2.43M 0s
[19.656s]  14450K .......... .......... .......... .......... .......... 92% 3.88M 0s
[19.669s]  14500K .......... .......... .......... .......... .......... 93% 2.80M 0s
[19.675s]  14550K .......... .......... .......... .......... .......... 93% 9.04M 0s
[19.687s]  14600K .......... .......... .......... .......... .......... 93% 4.06M 0s
[19.706s]  14650K .......... .......... .......... .......... .......... 94% 2.53M 0s
[19.716s]  14700K .......... .......... .......... .......... .......... 94% 4.84M 0s
[19.729s]  14750K .......... .......... .......... .......... .......... 94% 3.68M 0s
[19.745s]  14800K .......... .......... .......... .......... .......... 95% 3.13M 0s
[19.752s]  14850K .......... .......... .......... .......... .......... 95% 6.28M 0s
[19.773s]  14900K .......... .......... .......... .......... .......... 95% 2.41M 0s
[19.793s]  14950K .......... .......... .......... .......... .......... 95% 2.50M 0s
[19.809s]  15000K .......... .......... .......... .......... .......... 96% 5.07M 0s
[19.815s]  15050K .......... .......... .......... .......... .......... 96% 3.84M 0s
[19.847s]  15100K .......... .......... .......... .......... .......... 96% 1.54M 0s
[19.862s]  15150K .......... .......... .......... .......... .......... 97% 3.13M 0s
[19.881s]  15200K .......... .......... .......... .......... .......... 97% 2.53M 0s
[20.019s]  15250K .......... .......... .......... .......... .......... 97%  363K 0s
[20.026s]  15300K .......... .......... .......... .......... .......... 98% 6.36M 0s
[20.044s]  15350K .......... .......... .......... .......... .......... 98% 2.85M 0s
[20.055s]  15400K .......... .......... .......... .......... .......... 98% 6.23M 0s
[20.066s]  15450K .......... .......... .......... .......... .......... 99% 3.54M 0s
[20.095s]  15500K .......... .......... .......... .......... .......... 99% 1.64M 0s
[20.113s]  15550K .......... .......... .......... .......... .......... 99% 2.72M 0s
[20.116s]  15600K .......... .......... .....                           100% 9.52M=5.5s
[20.116s] 
[20.116s] 2023-07-05 14:22:17 (2.79 MB/s) - ‘/home/peeranut/ros2_ws/build/multirobot_map_merge/2011-08-09-12-22-52.pgm’ saved [16000058/16000058]
[20.116s] 
[20.123s] Checking MD5 sum of /home/peeranut/ros2_ws/build/multirobot_map_merge/2011-08-09-12-22-52.pgm
[20.148s] /home/peeranut/ros2_ws/build/multirobot_map_merge/2011-08-09-12-22-52.pgm: OK
[20.156s] --2023-07-05 14:22:17--  https://raw.githubusercontent.com/hrnr/m-explore-extra/master/map_merge/gmapping_maps/2012-01-28-11-12-01.pgm
[20.159s] Resolving raw.githubusercontent.com (raw.githubusercontent.com)... 185.199.111.133, 185.199.109.133, 185.199.110.133, ...
[20.183s] Connecting to raw.githubusercontent.com (raw.githubusercontent.com)|185.199.111.133|:443... connected.
[20.431s] HTTP request sent, awaiting response... 200 OK
[20.431s] Length: 16000058 (15M) [text/plain]
[20.431s] Saving to: ‘/home/peeranut/ros2_ws/build/multirobot_map_merge/2012-01-28-11-12-01.pgm’
[20.436s] 
[20.472s]      0K .......... .......... .......... .......... ..........  0% 1.21M 13s
[20.494s]     50K .......... .......... .......... .......... ..........  0% 2.16M 10s
[20.509s]    100K .......... .......... .......... .......... ..........  0% 3.29M 8s
[20.527s]    150K .......... .......... .......... .......... ..........  1% 2.71M 7s
[20.553s]    200K .......... .......... .......... .......... ..........  1% 1.87M 8s
[20.568s]    250K .......... .......... .......... .......... ..........  1% 3.30M 7s
[20.636s]    300K .......... .......... .......... .......... ..........  2%  733K 9s
[20.792s]    350K .......... .......... .......... .......... ..........  2%  329K 14s
[20.796s]    400K .......... .......... .......... .......... ..........  2% 6.66M 12s
[20.796s]    450K .......... .......... .......... .......... ..........  3%  131M 11s
[20.796s]    500K .......... .......... .......... .......... ..........  3%  141M 10s
[20.813s]    550K .......... .......... .......... .......... ..........  3% 2.98M 10s
[20.828s]    600K .......... .......... .......... .......... ..........  4% 3.22M 9s
[20.828s]    650K .......... .......... .......... .......... ..........  4%  231M 8s
[20.828s]    700K .......... .......... .......... .......... ..........  4%  180M 8s
[20.831s]    750K .......... .......... .......... .......... ..........  5%  187M 7s
[20.856s]    800K .......... .......... .......... .......... ..........  5% 1.80M 7s
[20.874s]    850K .......... .......... .......... .......... ..........  5% 3.34M 7s
[20.886s]    900K .......... .......... .......... .......... ..........  6% 3.18M 7s
[20.895s]    950K .......... .......... .......... .......... ..........  6% 5.04M 7s
[20.907s]   1000K .......... .......... .......... .......... ..........  6% 4.09M 7s
[20.919s]   1050K .......... .......... .......... .......... ..........  7% 4.28M 6s
[20.927s]   1100K .......... .......... .......... .......... ..........  7% 5.72M 6s
[20.939s]   1150K .......... .......... .......... .......... ..........  7% 4.06M 6s
[20.948s]   1200K .......... .......... .......... .......... ..........  7% 5.86M 6s
[20.969s]   1250K .......... .......... .......... .......... ..........  8% 4.26M 6s
[21.077s]   1300K .......... .......... .......... .......... ..........  8%  424K 7s
[21.086s]   1350K .......... .......... .......... .......... ..........  8% 5.60M 7s
[21.101s]   1400K .......... .......... .......... .......... ..........  9% 3.14M 7s
[21.109s]   1450K .......... .......... .......... .......... ..........  9% 6.08M 6s
[21.124s]   1500K .......... .......... .......... .......... ..........  9% 3.29M 6s
[21.135s]   1550K .......... .......... .......... .......... .......... 10% 4.32M 6s
[21.145s]   1600K .......... .......... .......... .......... .......... 10% 5.22M 6s
[21.170s]   1650K .......... .......... .......... .......... .......... 10% 1.92M 6s
[21.179s]   1700K .......... .......... .......... .......... .......... 11% 5.89M 6s
[21.205s]   1750K .......... .......... .......... .......... .......... 11% 1.82M 6s
[21.347s]   1800K .......... .......... .......... .......... .......... 11%  353K 7s
[21.347s]   1850K .......... .......... .......... .......... .......... 12%  169M 7s
[21.348s]   1900K .......... .......... .......... .......... .......... 12%  107M 6s
[21.348s]   1950K .......... .......... .......... .......... .......... 12% 85.9M 6s
[21.348s]   2000K .......... .......... .......... .......... .......... 13%  132M 6s
[21.358s]   2050K .......... .......... .......... .......... .......... 13% 5.47M 6s
[21.371s]   2100K .......... .......... .......... .......... .......... 13% 3.50M 6s
[21.384s]   2150K .......... .......... .......... .......... .......... 14% 3.98M 6s
[21.413s]   2200K .......... .......... .......... .......... .......... 14% 1.65M 6s
[21.430s]   2250K .......... .......... .......... .......... .......... 14% 2.88M 6s
[21.443s]   2300K .......... .......... .......... .......... .......... 15% 3.87M 6s
[21.450s]   2350K .......... .......... .......... .......... .......... 15% 6.51M 6s
[21.468s]   2400K .......... .......... .......... .......... .......... 15% 2.73M 6s
[21.487s]   2450K .......... .......... .......... .......... .......... 15% 2.58M 6s
[21.499s]   2500K .......... .......... .......... .......... .......... 16% 4.05M 5s
[21.507s]   2550K .......... .......... .......... .......... .......... 16% 6.30M 5s
[21.523s]   2600K .......... .......... .......... .......... .......... 16% 3.07M 5s
[21.542s]   2650K .......... .......... .......... .......... .......... 17% 2.59M 5s
[21.557s]   2700K .......... .......... .......... .......... .......... 17% 3.29M 5s
[21.567s]   2750K .......... .......... .......... .......... .......... 17% 4.62M 5s
[21.584s]   2800K .......... .......... .......... .......... .......... 18% 2.98M 5s
[21.595s]   2850K .......... .......... .......... .......... .......... 18% 4.07M 5s
[21.603s]   2900K .......... .......... .......... .......... .......... 18% 6.27M 5s
[21.617s]   2950K .......... .......... .......... .......... .......... 19% 3.59M 5s
[21.636s]   3000K .......... .......... .......... .......... .......... 19% 2.60M 5s
[21.652s]   3050K .......... .......... .......... .......... .......... 19% 2.96M 5s
[21.666s]   3100K .......... .......... .......... .......... .......... 20% 3.47M 5s
[21.677s]   3150K .......... .......... .......... .......... .......... 20% 4.60M 5s
[21.699s]   3200K .......... .......... .......... .......... .......... 20% 2.20M 5s
[21.716s]   3250K .......... .......... .......... .......... .......... 21% 2.95M 5s
[21.723s]   3300K .......... .......... .......... .......... .......... 21% 6.29M 5s
[21.732s]   3350K .......... .......... .......... .......... .......... 21% 5.36M 5s
[21.761s]   3400K .......... .......... .......... .......... .......... 22% 1.71M 5s
[21.773s]   3450K .......... .......... .......... .......... .......... 22% 4.24M 5s
[21.780s]   3500K .......... .......... .......... .......... .......... 22% 6.29M 5s
[21.790s]   3550K .......... .......... .......... .......... .......... 23% 4.94M 5s
[21.826s]   3600K .......... .......... .......... .......... .......... 23% 1.36M 5s
[21.845s]   3650K .......... .......... .......... .......... .......... 23% 3.48M 5s
[21.853s]   3700K .......... .......... .......... .......... .......... 23% 3.71M 5s
[21.884s]   3750K .......... .......... .......... .......... .......... 24% 1.63M 5s
[21.884s]   3800K .......... .......... .......... .......... .......... 24% 62.4M 4s
[21.899s]   3850K .......... .......... .......... .......... .......... 24% 3.36M 4s
[21.907s]   3900K .......... .......... .......... .......... .......... 25% 5.87M 4s
[21.968s]   3950K .......... .......... .......... .......... .......... 25%  818K 4s
[21.988s]   4000K .......... .......... .......... .......... .......... 25% 2.46M 4s
[22.076s]   4050K .......... .......... .......... .......... .......... 26%  570K 5s
[22.090s]   4100K .......... .......... .......... .......... .......... 26% 3.50M 5s
[22.098s]   4150K .......... .......... .......... .......... .......... 26% 5.62M 5s
[22.115s]   4200K .......... .......... .......... .......... .......... 27% 2.89M 5s
[22.136s]   4250K .......... .......... .......... .......... .......... 27% 2.36M 4s
[22.148s]   4300K .......... .......... .......... .......... .......... 27% 18.1M 4s
[22.168s]   4350K .......... .......... .......... .......... .......... 28% 1.67M 4s
[22.190s]   4400K .......... .......... .......... .......... .......... 28% 2.23M 4s
[22.211s]   4450K .......... .......... .......... .......... .......... 28% 2.36M 4s
[22.224s]   4500K .......... .......... .......... .......... .......... 29% 3.77M 4s
[22.236s]   4550K .......... .......... .......... .......... .......... 29% 3.95M 4s
[22.248s]   4600K .......... .......... .......... .......... .......... 29% 4.08M 4s
[22.256s]   4650K .......... .......... .......... .......... .......... 30% 6.43M 4s
[22.270s]   4700K .......... .......... .......... .......... .......... 30% 3.39M 4s
[22.286s]   4750K .......... .......... .......... .......... .......... 30% 3.04M 4s
[22.303s]   4800K .......... .......... .......... .......... .......... 31% 2.93M 4s
[22.319s]   4850K .......... .......... .......... .......... .......... 31% 2.88M 4s
[22.331s]   4900K .......... .......... .......... .......... .......... 31% 4.20M 4s
[22.349s]   4950K .......... .......... .......... .......... .......... 31% 2.71M 4s
[22.365s]   5000K .......... .......... .......... .......... .......... 32% 3.11M 4s
[22.376s]   5050K .......... .......... .......... .......... .......... 32% 6.06M 4s
[22.388s]   5100K .......... .......... .......... .......... .......... 32% 3.28M 4s
[22.395s]   5150K .......... .......... .......... .......... .......... 33% 6.23M 4s
[22.434s]   5200K .......... .......... .......... .......... .......... 33% 1.28M 4s
[22.451s]   5250K .......... .......... .......... .......... .......... 33% 2.74M 4s
[22.459s]   5300K .......... .......... .......... .......... .......... 34% 6.19M 4s
[22.470s]   5350K .......... .......... .......... .......... .......... 34% 4.45M 4s
[22.483s]   5400K .......... .......... .......... .......... .......... 34% 3.89M 4s
[22.503s]   5450K .......... .......... .......... .......... .......... 35% 2.91M 4s
[22.511s]   5500K .......... .......... .......... .......... .......... 35% 4.21M 4s
[22.536s]   5550K .......... .......... .......... .......... .......... 35% 1.98M 4s
[22.544s]   5600K .......... .......... .......... .......... .......... 36% 5.95M 4s
[22.556s]   5650K .......... .......... .......... .......... .......... 36% 4.02M 4s
[22.570s]   5700K .......... .......... .......... .......... .......... 36% 3.56M 4s
[22.621s]   5750K .......... .......... .......... .......... .......... 37%  990K 4s
[22.634s]   5800K .......... .......... .......... .......... .......... 37% 3.51M 4s
[22.649s]   5850K .......... .......... .......... .......... .......... 37% 3.30M 4s
[22.802s]   5900K .......... .......... .......... .......... .......... 38%  327K 4s
[22.814s]   5950K .......... .......... .......... .......... .......... 38% 4.06M 4s
[22.831s]   6000K .......... .......... .......... .......... .......... 38% 2.79M 4s
[22.839s]   6050K .......... .......... .......... .......... .......... 39% 6.31M 4s
[22.855s]   6100K .......... .......... .......... .......... .......... 39% 3.08M 4s
[22.875s]   6150K .......... .......... .......... .......... .......... 39% 2.45M 4s
[22.906s]   6200K .......... .......... .......... .......... .......... 39% 1.59M 4s
[22.929s]   6250K .......... .......... .......... .......... .......... 40% 2.12M 4s
[22.940s]   6300K .......... .......... .......... .......... .......... 40% 4.16M 4s
[22.977s]   6350K .......... .......... .......... .......... .......... 40% 1.36M 4s
[22.988s]   6400K .......... .......... .......... .......... .......... 41% 4.13M 4s
[22.996s]   6450K .......... .......... .......... .......... .......... 41% 6.43M 4s
[23.015s]   6500K .......... .......... .......... .......... .......... 41% 2.57M 4s
[23.027s]   6550K .......... .......... .......... .......... .......... 42% 4.14M 4s
[23.034s]   6600K .......... .......... .......... .......... .......... 42% 6.41M 4s
[23.046s]   6650K .......... .......... .......... .......... .......... 42% 4.28M 3s
[23.060s]   6700K .......... .......... .......... .......... .......... 43% 3.42M 3s
[23.078s]   6750K .......... .......... .......... .......... .......... 43% 2.70M 3s
[23.094s]   6800K .......... .......... .......... .......... .......... 43% 3.05M 3s
[23.104s]   6850K .......... .......... .......... .......... .......... 44% 4.97M 3s
[23.123s]   6900K .......... .......... .......... .......... .......... 44% 2.50M 3s
[23.135s]   6950K .......... .......... .......... .......... .......... 44% 4.25M 3s
[23.142s]   7000K .......... .......... .......... .......... .......... 45% 6.44M 3s
[23.154s]   7050K .......... .......... .......... .......... .......... 45% 4.35M 3s
[23.189s]   7100K .......... .......... .......... .......... .......... 45% 1.38M 3s
[23.217s]   7150K .......... .......... .......... .......... .......... 46% 2.13M 3s
[23.238s]   7200K .......... .......... .......... .......... .......... 46% 1.90M 3s
[23.252s]   7250K .......... .......... .......... .......... .......... 46% 3.52M 3s
[23.259s]   7300K .......... .......... .......... .......... .......... 47% 6.26M 3s
[23.275s]   7350K .......... .......... .......... .......... .......... 47% 3.17M 3s
[23.283s]   7400K .......... .......... .......... .......... .......... 47% 6.31M 3s
[23.299s]   7450K .......... .......... .......... .......... .......... 47% 3.06M 3s
[23.312s]   7500K .......... .......... .......... .......... .......... 48% 3.55M 3s
[23.333s]   7550K .......... .......... .......... .......... .......... 48% 2.89M 3s
[23.344s]   7600K .......... .......... .......... .......... .......... 48% 3.31M 3s
[23.360s]   7650K .......... .......... .......... .......... .......... 49% 3.08M 3s
[23.369s]   7700K .......... .......... .......... .......... .......... 49% 5.28M 3s
[23.377s]   7750K .......... .......... .......... .......... .......... 49% 6.28M 3s
[23.391s]   7800K .......... .......... .......... .......... .......... 50% 3.48M 3s
[23.409s]   7850K .......... .......... .......... .......... .......... 50% 6.28M 3s
[23.421s]   7900K .......... .......... .......... .......... .......... 50% 2.26M 3s
[23.432s]   7950K .......... .......... .......... .......... .......... 51% 4.26M 3s
[23.449s]   8000K .......... .......... .......... .......... .......... 51% 2.89M 3s
[23.461s]   8050K .......... .......... .......... .......... .......... 51% 4.10M 3s
[23.474s]   8100K .......... .......... .......... .......... .......... 52% 3.71M 3s
[23.481s]   8150K .......... .......... .......... .......... .......... 52% 6.63M 3s
[23.502s]   8200K .......... .......... .......... .......... .......... 52% 2.34M 3s
[23.522s]   8250K .......... .......... .......... .......... .......... 53% 3.26M 3s
[23.538s]   8300K .......... .......... .......... .......... .......... 53% 2.33M 3s
[23.564s]   8350K .......... .......... .......... .......... .......... 53% 1.87M 3s
[23.573s]   8400K .......... .......... .......... .......... .......... 54% 5.35M 3s
[23.585s]   8450K .......... .......... .......... .......... .......... 54% 4.29M 3s
[23.593s]   8500K .......... .......... .......... .......... .......... 54% 5.93M 3s
[23.612s]   8550K .......... .......... .......... .......... .......... 55% 2.53M 3s
[23.627s]   8600K .......... .......... .......... .......... .......... 55% 3.35M 3s
[23.640s]   8650K .......... .......... .......... .......... .......... 55% 3.60M 3s
[23.651s]   8700K .......... .......... .......... .......... .......... 55% 4.71M 3s
[23.663s]   8750K .......... .......... .......... .......... .......... 56% 3.91M 3s
[23.673s]   8800K .......... .......... .......... .......... .......... 56% 4.78M 2s
[23.687s]   8850K .......... .......... .......... .......... .......... 56% 3.52M 2s
[23.694s]   8900K .......... .......... .......... .......... .......... 57% 6.63M 2s
[23.710s]   8950K .......... .......... .......... .......... .......... 57% 3.21M 2s
[23.730s]   9000K .......... .......... .......... .......... .......... 57% 2.42M 2s
[23.758s]   9050K .......... .......... .......... .......... .......... 58% 1.72M 2s
[23.768s]   9100K .......... .......... .......... .......... .......... 58% 5.36M 2s
[23.780s]   9150K .......... .......... .......... .......... .......... 58% 4.02M 2s
[23.796s]   9200K .......... .......... .......... .......... .......... 59% 3.07M 2s
[23.807s]   9250K .......... .......... .......... .......... .......... 59% 4.23M 2s
[23.818s]   9300K .......... .......... .......... .......... .......... 59% 4.28M 2s
[23.826s]   9350K .......... .......... .......... .......... .......... 60% 6.13M 2s
[23.860s]   9400K .......... .......... .......... .......... .......... 60% 1.43M 2s
[23.874s]   9450K .......... .......... .......... .......... .......... 60% 3.62M 2s
[23.882s]   9500K .......... .......... .......... .......... .......... 61% 5.86M 2s
[23.899s]   9550K .......... .......... .......... .......... .......... 61% 2.89M 2s
[23.911s]   9600K .......... .......... .......... .......... .......... 61% 4.00M 2s
[23.927s]   9650K .......... .......... .......... .......... .......... 62% 3.23M 2s
[23.934s]   9700K .......... .......... .......... .......... .......... 62% 6.40M 2s
[23.952s]   9750K .......... .......... .......... .......... .......... 62% 2.74M 2s
[23.985s]   9800K .......... .......... .......... .......... .......... 63% 1.48M 2s
[23.994s]   9850K .......... .......... .......... .......... .......... 63% 5.28M 2s
[24.014s]   9900K .......... .......... .......... .......... .......... 63% 2.41M 2s
[24.024s]   9950K .......... .......... .......... .......... .......... 63% 4.95M 2s
[24.032s]  10000K .......... .......... .......... .......... .......... 64% 6.31M 2s
[24.049s]  10050K .......... .......... .......... .......... .......... 64% 2.81M 2s
[24.100s]  10100K .......... .......... .......... .......... .......... 64%  986K 2s
[24.109s]  10150K .......... .......... .......... .......... .......... 65% 5.73M 2s
[24.123s]  10200K .......... .......... .......... .......... .......... 65% 3.36M 2s
[24.135s]  10250K .......... .......... .......... .......... .......... 65% 3.97M 2s
[24.143s]  10300K .......... .......... .......... .......... .......... 66% 6.70M 2s
[24.184s]  10350K .......... .......... .......... .......... .......... 66% 1.17M 2s
[24.203s]  10400K .......... .......... .......... .......... .......... 66% 2.65M 2s
[24.216s]  10450K .......... .......... .......... .......... .......... 67% 3.79M 2s
[24.230s]  10500K .......... .......... .......... .......... .......... 67% 3.48M 2s
[24.238s]  10550K .......... .......... .......... .......... .......... 67% 6.14M 2s
[24.278s]  10600K .......... .......... .......... .......... .......... 68% 1.21M 2s
[24.292s]  10650K .......... .......... .......... .......... .......... 68% 3.53M 2s
[24.303s]  10700K .......... .......... .......... .......... .......... 68% 4.23M 2s
[24.314s]  10750K .......... .......... .......... .......... .......... 69% 4.76M 2s
[24.325s]  10800K .......... .......... .......... .......... .......... 69% 6.37M 2s
[24.344s]  10850K .......... .......... .......... .......... .......... 69% 2.16M 2s
[24.353s]  10900K .......... .......... .......... .......... .......... 70% 5.32M 2s
[24.404s]  10950K .......... .......... .......... .......... .......... 70%  975K 2s
[24.430s]  11000K .......... .......... .......... .......... .......... 70% 1.89M 2s
[24.494s]  11050K .......... .......... .......... .......... .......... 71% 1.10M 2s
[24.506s]  11100K .......... .......... .......... .......... .......... 71% 1.53M 2s
[24.532s]  11150K .......... .......... .......... .......... .......... 71% 1.90M 2s
[24.540s]  11200K .......... .......... .......... .......... .......... 71% 6.43M 2s
[24.565s]  11250K .......... .......... .......... .......... .......... 72% 1.95M 2s
[24.589s]  11300K .......... .......... .......... .......... .......... 72% 2.02M 2s
[24.607s]  11350K .......... .......... .......... .......... .......... 72% 2.78M 2s
[24.615s]  11400K .......... .......... .......... .......... .......... 73% 5.92M 2s
[24.631s]  11450K .......... .......... .......... .......... .......... 73% 2.94M 2s
[24.647s]  11500K .......... .......... .......... .......... .......... 73% 3.03M 1s
[24.663s]  11550K .......... .......... .......... .......... .......... 74% 3.19M 1s
[24.771s]  11600K .......... .......... .......... .......... .......... 74%  461K 1s
[24.784s]  11650K .......... .......... .......... .......... .......... 74% 3.83M 1s
[24.797s]  11700K .......... .......... .......... .......... .......... 75% 3.88M 1s
[24.804s]  11750K .......... .......... .......... .......... .......... 75% 6.22M 1s
[24.817s]  11800K .......... .......... .......... .......... .......... 75% 4.01M 1s
[24.829s]  11850K .......... .......... .......... .......... .......... 76% 4.07M 1s
[24.848s]  11900K .......... .......... .......... .......... .......... 76% 2.51M 1s
[24.870s]  11950K .......... .......... .......... .......... .......... 76% 2.26M 1s
[24.877s]  12000K .......... .......... .......... .......... .......... 77% 7.27M 1s
[24.896s]  12050K .......... .......... .......... .......... .......... 77% 2.54M 1s
[24.908s]  12100K .......... .......... .......... .......... .......... 77% 4.09M 1s
[24.919s]  12150K .......... .......... .......... .......... .......... 78% 4.37M 1s
[24.940s]  12200K .......... .......... .......... .......... .......... 78% 2.31M 1s
[24.951s]  12250K .......... .......... .......... .......... .......... 78% 4.46M 1s
[24.963s]  12300K .......... .......... .......... .......... .......... 79% 4.16M 1s
[24.984s]  12350K .......... .......... .......... .......... .......... 79% 2.28M 1s
[25.005s]  12400K .......... .......... .......... .......... .......... 79% 2.34M 1s
[25.018s]  12450K .......... .......... .......... .......... .......... 79% 3.80M 1s
[25.129s]  12500K .......... .......... .......... .......... .......... 80%  449K 1s
[25.142s]  12550K .......... .......... .......... .......... .......... 80% 3.97M 1s
[25.156s]  12600K .......... .......... .......... .......... .......... 80% 3.41M 1s
[25.170s]  12650K .......... .......... .......... .......... .......... 81% 3.51M 1s
[25.187s]  12700K .......... .......... .......... .......... .......... 81% 2.81M 1s
[25.210s]  12750K .......... .......... .......... .......... .......... 81% 2.14M 1s
[25.217s]  12800K .......... .......... .......... .......... .......... 82% 6.55M 1s
[25.235s]  12850K .......... .......... .......... .......... .......... 82% 2.82M 1s
[25.251s]  12900K .......... .......... .......... .......... .......... 82% 2.91M 1s
[25.270s]  12950K .......... .......... .......... .......... .......... 83% 3.20M 1s
[25.281s]  13000K .......... .......... .......... .......... .......... 83% 3.40M 1s
[25.296s]  13050K .......... .......... .......... .......... .......... 83% 3.31M 1s
[25.313s]  13100K .......... .......... .......... .......... .......... 84% 2.80M 1s
[25.328s]  13150K .......... .......... .......... .......... .......... 84% 3.22M 1s
[25.349s]  13200K .......... .......... .......... .......... .......... 84% 2.32M 1s
[25.357s]  13250K .......... .......... .......... .......... .......... 85% 6.39M 1s
[25.367s]  13300K .......... .......... .......... .......... .......... 85% 5.01M 1s
[25.379s]  13350K .......... .......... .......... .......... .......... 85% 4.15M 1s
[25.390s]  13400K .......... .......... .......... .......... .......... 86% 4.35M 1s
[25.422s]  13450K .......... .......... .......... .......... .......... 86% 1.54M 1s
[25.429s]  13500K .......... .......... .......... .......... .......... 86% 6.20M 1s
[25.442s]  13550K .......... .......... .......... .......... .......... 87% 3.92M 1s
[25.452s]  13600K .......... .......... .......... .......... .......... 87% 4.81M 1s
[25.465s]  13650K .......... .......... .......... .......... .......... 87% 3.72M 1s
[25.477s]  13700K .......... .......... .......... .......... .......... 87% 4.09M 1s
[25.485s]  13750K .......... .......... .......... .......... .......... 88% 6.24M 1s
[25.498s]  13800K .......... .......... .......... .......... .......... 88% 3.84M 1s
[25.535s]  13850K .......... .......... .......... .......... .......... 88% 1.31M 1s
[25.543s]  13900K .......... .......... .......... .......... .......... 89% 6.41M 1s
[25.554s]  13950K .......... .......... .......... .......... .......... 89% 4.21M 1s
[25.565s]  14000K .......... .......... .......... .......... .......... 89% 4.34M 1s
[25.584s]  14050K .......... .......... .......... .......... .......... 90% 2.59M 1s
[25.657s]  14100K .......... .......... .......... .......... .......... 90%  691K 1s
[25.757s]  14150K .......... .......... .......... .......... .......... 90%  499K 1s
[25.767s]  14200K .......... .......... .......... .......... .......... 91% 4.95M 1s
[25.781s]  14250K .......... .......... .......... .......... .......... 91% 3.34M 0s
[25.799s]  14300K .......... .......... .......... .......... .......... 91% 2.68M 0s
[25.845s]  14350K .......... .......... .......... .......... .......... 92% 1.08M 0s
[25.874s]  14400K .......... .......... .......... .......... .......... 92% 1.67M 0s
[25.891s]  14450K .......... .......... .......... .......... .......... 92% 2.80M 0s
[25.899s]  14500K .......... .......... .......... .......... .......... 93% 6.17M 0s
[25.912s]  14550K .......... .......... .......... .......... .......... 93% 3.86M 0s
[25.924s]  14600K .......... .......... .......... .......... .......... 93% 3.90M 0s
[25.936s]  14650K .......... .......... .......... .......... .......... 94% 4.05M 0s
[25.950s]  14700K .......... .......... .......... .......... .......... 94% 3.49M 0s
[25.963s]  14750K .......... .......... .......... .......... .......... 94% 4.00M 0s
[25.979s]  14800K .......... .......... .......... .......... .......... 95% 3.08M 0s
[25.987s]  14850K .......... .......... .......... .......... .......... 95% 5.79M 0s
[26.012s]  14900K .......... .......... .......... .......... .......... 95% 1.92M 0s
[26.027s]  14950K .......... .......... .......... .......... .......... 95% 3.39M 0s
[26.040s]  15000K .......... .......... .......... .......... .......... 96% 3.57M 0s
[26.052s]  15050K .......... .......... .......... .......... .......... 96% 4.15M 0s
[26.062s]  15100K .......... .......... .......... .......... .......... 96% 5.07M 0s
[26.103s]  15150K .......... .......... .......... .......... .......... 97% 1.20M 0s
[26.116s]  15200K .......... .......... .......... .......... .......... 97% 3.52M 0s
[26.130s]  15250K .......... .......... .......... .......... .......... 97% 3.71M 0s
[26.153s]  15300K .......... .......... .......... .......... .......... 98% 2.05M 0s
[26.161s]  15350K .......... .......... .......... .......... .......... 98% 6.31M 0s
[26.177s]  15400K .......... .......... .......... .......... .......... 98% 6.38M 0s
[26.197s]  15450K .......... .......... .......... .......... .......... 99% 1.75M 0s
[26.204s]  15500K .......... .......... .......... .......... .......... 99% 6.29M 0s
[26.215s]  15550K .......... .......... .......... .......... .......... 99% 4.73M 0s
[26.217s]  15600K .......... .......... .....                           100% 8.57M=5.8s
[26.217s] 
[26.218s] 2023-07-05 14:22:23 (2.64 MB/s) - ‘/home/peeranut/ros2_ws/build/multirobot_map_merge/2012-01-28-11-12-01.pgm’ saved [16000058/16000058]
[26.218s] 
[26.218s] Checking MD5 sum of /home/peeranut/ros2_ws/build/multirobot_map_merge/2012-01-28-11-12-01.pgm
[26.243s] /home/peeranut/ros2_ws/build/multirobot_map_merge/2012-01-28-11-12-01.pgm: OK
[26.245s] -- Found gtest sources under '/opt/ros/humble/src/gtest_vendor': C++ tests using 'Google Test' will be built
[26.252s] -- Added test 'cppcheck' to perform static code analysis on C / C++ code
[26.253s] -- Configured cppcheck include dirs: /home/peeranut/ros2_ws/src/m-explore-ros2/map_merge/include;$<BUILD_INTERFACE:/home/peeranut/ros2_ws/src/m-explore-ros2/map_merge/include>
[26.253s] -- Configured cppcheck exclude dirs and/or files: 
[26.253s] -- Added test 'flake8' to check Python code syntax and style conventions
[26.254s] -- Added test 'lint_cmake' to check CMake code style
[26.254s] -- Added test 'pep257' to check Python code against some of the docstring style conventions in PEP 257
[26.255s] -- Added test 'uncrustify' to check C / C++ code style
[26.255s] -- Configured uncrustify additional arguments: 
[26.256s] -- Added test 'xmllint' to check XML markup files
[26.258s] -- Configuring done
[26.302s] -- Generating done
[26.303s] -- Build files have been written to: /home/peeranut/ros2_ws/build/multirobot_map_merge
[26.313s] Invoked command in '/home/peeranut/ros2_ws/build/multirobot_map_merge' returned '0': CMAKE_PREFIX_PATH=${CMAKE_PREFIX_PATH}:/opt/ros/humble /usr/bin/cmake /home/peeranut/ros2_ws/src/m-explore-ros2/map_merge -DCMAKE_INSTALL_PREFIX=/home/peeranut/ros2_ws/install/multirobot_map_merge
[26.314s] Invoking command in '/home/peeranut/ros2_ws/build/multirobot_map_merge': CMAKE_PREFIX_PATH=${CMAKE_PREFIX_PATH}:/opt/ros/humble /usr/bin/cmake --build /home/peeranut/ros2_ws/build/multirobot_map_merge -- -j20 -l20
[26.344s] [  8%] [32mBuilding CXX object gtest/CMakeFiles/gtest_main.dir/src/gtest_main.cc.o[0m
[26.344s] [ 16%] [32mBuilding CXX object gtest/CMakeFiles/gtest.dir/src/gtest-all.cc.o[0m
[26.344s] [ 25%] [32mBuilding CXX object CMakeFiles/combine_grids.dir/src/combine_grids/grid_compositor.cpp.o[0m
[26.344s] [ 33%] [32mBuilding CXX object CMakeFiles/combine_grids.dir/src/combine_grids/grid_warper.cpp.o[0m
[26.345s] [ 41%] [32mBuilding CXX object CMakeFiles/combine_grids.dir/src/combine_grids/merging_pipeline.cpp.o[0m
[26.985s] [ 50%] [32m[1mLinking CXX static library libgtest_main.a[0m
[27.005s] [ 50%] Built target gtest_main
[28.580s] [ 58%] [32m[1mLinking CXX static library libgtest.a[0m
[28.613s] [ 58%] Built target gtest
[28.925s] [ 66%] [32m[1mLinking CXX static library libcombine_grids.a[0m
[28.947s] [ 66%] Built target combine_grids
[28.959s] [ 75%] [32mBuilding CXX object CMakeFiles/test_merging_pipeline.dir/test/test_merging_pipeline.cpp.o[0m
[28.959s] [ 83%] [32mBuilding CXX object CMakeFiles/map_merge.dir/src/map_merge.cpp.o[0m
[29.074s] In file included from [01m[K/home/peeranut/ros2_ws/src/m-explore-ros2/map_merge/test/testing_helpers.h:7[m[K,
[29.074s]                  from [01m[K/home/peeranut/ros2_ws/src/m-explore-ros2/map_merge/test/test_merging_pipeline.cpp:42[m[K:
[29.074s] [01m[K/opt/ros/humble/include/tf2_geometry_msgs/tf2_geometry_msgs/tf2_geometry_msgs.h:35:2:[m[K [01;35m[Kwarning: [m[K#warning This header is obsolete, please include tf2_geometry_msgs/tf2_geometry_msgs.hpp instead [[01;35m[K]8;;https://gcc.gnu.org/onlinedocs/gcc/Warning-Options.html#index-Wcpp-Wcpp]8;;[m[K]
[29.074s]    35 | #[01;35m[Kwarning[m[K This header is obsolete, please include tf2_geometry_msgs/tf2_geometry_msgs.hpp instead
[29.074s]       |  [01;35m[K^~~~~~~[m[K
[29.552s] In file included from [01m[K/home/peeranut/ros2_ws/src/m-explore-ros2/map_merge/src/map_merge.cpp:44[m[K:
[29.553s] [01m[K/opt/ros/humble/include/tf2_geometry_msgs/tf2_geometry_msgs/tf2_geometry_msgs.h:35:2:[m[K [01;35m[Kwarning: [m[K#warning This header is obsolete, please include tf2_geometry_msgs/tf2_geometry_msgs.hpp instead [[01;35m[K]8;;https://gcc.gnu.org/onlinedocs/gcc/Warning-Options.html#index-Wcpp-Wcpp]8;;[m[K]
[29.553s]    35 | #[01;35m[Kwarning[m[K This header is obsolete, please include tf2_geometry_msgs/tf2_geometry_msgs.hpp instead
[29.553s]       |  [01;35m[K^~~~~~~[m[K
[32.153s] [ 91%] [32m[1mLinking CXX executable test_merging_pipeline[0m
[32.971s] [ 91%] Built target test_merging_pipeline
[38.487s] [100%] [32m[1mLinking CXX executable map_merge[0m
[39.427s] [100%] Built target map_merge
[39.434s] Invoked command in '/home/peeranut/ros2_ws/build/multirobot_map_merge' returned '0': CMAKE_PREFIX_PATH=${CMAKE_PREFIX_PATH}:/opt/ros/humble /usr/bin/cmake --build /home/peeranut/ros2_ws/build/multirobot_map_merge -- -j20 -l20
[39.457s] Invoking command in '/home/peeranut/ros2_ws/build/multirobot_map_merge': CMAKE_PREFIX_PATH=${CMAKE_PREFIX_PATH}:/opt/ros/humble /usr/bin/cmake --install /home/peeranut/ros2_ws/build/multirobot_map_merge
[39.461s] -- Install configuration: ""
[39.461s] -- Installing: /home/peeranut/ros2_ws/install/multirobot_map_merge/include/map_merge/
[39.461s] -- Installing: /home/peeranut/ros2_ws/install/multirobot_map_merge/include/map_merge//ros1_names.hpp
[39.461s] -- Installing: /home/peeranut/ros2_ws/install/multirobot_map_merge/include/map_merge//map_merge.h
[39.461s] -- Installing: /home/peeranut/ros2_ws/install/multirobot_map_merge/share/multirobot_map_merge/launch
[39.461s] -- Installing: /home/peeranut/ros2_ws/install/multirobot_map_merge/share/multirobot_map_merge/launch/map_merge.rviz
[39.462s] -- Installing: /home/peeranut/ros2_ws/install/multirobot_map_merge/share/multirobot_map_merge/launch/map_merge.launch.py
[39.462s] -- Installing: /home/peeranut/ros2_ws/install/multirobot_map_merge/share/multirobot_map_merge/launch/tb3_simulation
[39.462s] -- Installing: /home/peeranut/ros2_ws/install/multirobot_map_merge/share/multirobot_map_merge/launch/tb3_simulation/bringup_launch.py
[39.462s] -- Installing: /home/peeranut/ros2_ws/install/multirobot_map_merge/share/multirobot_map_merge/launch/tb3_simulation/slam_toolbox.py
[39.462s] -- Installing: /home/peeranut/ros2_ws/install/multirobot_map_merge/share/multirobot_map_merge/launch/tb3_simulation/worlds
[39.462s] -- Installing: /home/peeranut/ros2_ws/install/multirobot_map_merge/share/multirobot_map_merge/launch/tb3_simulation/worlds/world_only.model
[39.462s] -- Installing: /home/peeranut/ros2_ws/install/multirobot_map_merge/share/multirobot_map_merge/launch/tb3_simulation/multi_tb3_simulation_launch.py
[39.462s] -- Installing: /home/peeranut/ros2_ws/install/multirobot_map_merge/share/multirobot_map_merge/launch/tb3_simulation/config
[39.462s] -- Installing: /home/peeranut/ros2_ws/install/multirobot_map_merge/share/multirobot_map_merge/launch/tb3_simulation/config/nav2_multirobot_params_2.yaml
[39.462s] -- Installing: /home/peeranut/ros2_ws/install/multirobot_map_merge/share/multirobot_map_merge/launch/tb3_simulation/config/nav2_multirobot_params_1.yaml
[39.463s] -- Installing: /home/peeranut/ros2_ws/install/multirobot_map_merge/share/multirobot_map_merge/launch/tb3_simulation/tb3_simulation_launch.py
[39.463s] -- Installing: /home/peeranut/ros2_ws/install/multirobot_map_merge/share/multirobot_map_merge/launch/from_map_server.launch.py
[39.463s] -- Installing: /home/peeranut/ros2_ws/install/multirobot_map_merge/share/multirobot_map_merge/config
[39.463s] -- Installing: /home/peeranut/ros2_ws/install/multirobot_map_merge/share/multirobot_map_merge/config/params.yaml
[39.463s] -- Installing: /home/peeranut/ros2_ws/install/multirobot_map_merge/lib/libcombine_grids.a
[39.463s] -- Installing: /home/peeranut/ros2_ws/install/multirobot_map_merge/lib/multirobot_map_merge/map_merge
[39.467s] -- Set runtime path of "/home/peeranut/ros2_ws/install/multirobot_map_merge/lib/multirobot_map_merge/map_merge" to ""
[39.467s] -- Installing: /home/peeranut/ros2_ws/install/multirobot_map_merge/share/multirobot_map_merge/environment/library_path.sh
[39.467s] -- Installing: /home/peeranut/ros2_ws/install/multirobot_map_merge/share/multirobot_map_merge/environment/library_path.dsv
[39.468s] -- Installing: /home/peeranut/ros2_ws/install/multirobot_map_merge/share/ament_index/resource_index/package_run_dependencies/multirobot_map_merge
[39.468s] -- Installing: /home/peeranut/ros2_ws/install/multirobot_map_merge/share/ament_index/resource_index/parent_prefix_path/multirobot_map_merge
[39.468s] -- Installing: /home/peeranut/ros2_ws/install/multirobot_map_merge/share/multirobot_map_merge/environment/ament_prefix_path.sh
[39.468s] -- Installing: /home/peeranut/ros2_ws/install/multirobot_map_merge/share/multirobot_map_merge/environment/ament_prefix_path.dsv
[39.468s] -- Installing: /home/peeranut/ros2_ws/install/multirobot_map_merge/share/multirobot_map_merge/environment/path.sh
[39.468s] -- Installing: /home/peeranut/ros2_ws/install/multirobot_map_merge/share/multirobot_map_merge/environment/path.dsv
[39.468s] -- Installing: /home/peeranut/ros2_ws/install/multirobot_map_merge/share/multirobot_map_merge/local_setup.bash
[39.469s] -- Installing: /home/peeranut/ros2_ws/install/multirobot_map_merge/share/multirobot_map_merge/local_setup.sh
[39.469s] -- Installing: /home/peeranut/ros2_ws/install/multirobot_map_merge/share/multirobot_map_merge/local_setup.zsh
[39.469s] -- Installing: /home/peeranut/ros2_ws/install/multirobot_map_merge/share/multirobot_map_merge/local_setup.dsv
[39.469s] -- Installing: /home/peeranut/ros2_ws/install/multirobot_map_merge/share/multirobot_map_merge/package.dsv
[39.470s] -- Installing: /home/peeranut/ros2_ws/install/multirobot_map_merge/share/ament_index/resource_index/packages/multirobot_map_merge
[39.470s] -- Installing: /home/peeranut/ros2_ws/install/multirobot_map_merge/share/multirobot_map_merge/cmake/ament_cmake_export_include_directories-extras.cmake
[39.470s] -- Installing: /home/peeranut/ros2_ws/install/multirobot_map_merge/share/multirobot_map_merge/cmake/ament_cmake_export_libraries-extras.cmake
[39.470s] -- Installing: /home/peeranut/ros2_ws/install/multirobot_map_merge/share/multirobot_map_merge/cmake/multirobot_map_mergeConfig.cmake
[39.470s] -- Installing: /home/peeranut/ros2_ws/install/multirobot_map_merge/share/multirobot_map_merge/cmake/multirobot_map_mergeConfig-version.cmake
[39.470s] -- Installing: /home/peeranut/ros2_ws/install/multirobot_map_merge/share/multirobot_map_merge/package.xml
[39.471s] Invoked command in '/home/peeranut/ros2_ws/build/multirobot_map_merge' returned '0': CMAKE_PREFIX_PATH=${CMAKE_PREFIX_PATH}:/opt/ros/humble /usr/bin/cmake --install /home/peeranut/ros2_ws/build/multirobot_map_merge
