[0.954s] DEBUG:colcon:Command line arguments: ['/usr/bin/colcon', 'build']
[0.954s] DEBUG:colcon:Parsed command line arguments: Namespace(log_base=None, log_level=None, verb_name='build', build_base='build', install_base='install', merge_install=False, symlink_install=False, test_result_base=None, continue_on_error=False, executor='parallel', parallel_workers=20, event_handlers=None, ignore_user_meta=False, metas=['./colcon.meta'], base_paths=['.'], packages_ignore=None, packages_ignore_regex=None, paths=None, packages_up_to=None, packages_up_to_regex=None, packages_above=None, packages_above_and_dependencies=None, packages_above_depth=None, packages_select_by_dep=None, packages_skip_by_dep=None, packages_skip_up_to=None, packages_select_build_failed=False, packages_skip_build_finished=False, packages_select_test_failures=False, packages_skip_test_passed=False, packages_select=None, packages_skip=None, packages_select_regex=None, packages_skip_regex=None, packages_start=None, packages_end=None, allow_overriding=[], cmake_args=None, cmake_target=None, cmake_target_skip_unavailable=False, cmake_clean_cache=False, cmake_clean_first=False, cmake_force_configure=False, ament_cmake_args=None, catkin_cmake_args=None, catkin_skip_building_tests=False, verb_parser=<colcon_defaults.argument_parser.defaults.DefaultArgumentsDecorator object at 0x7f97c59d84f0>, verb_extension=<colcon_core.verb.build.BuildVerb object at 0x7f97c5a179d0>, main=<bound method BuildVerb.main of <colcon_core.verb.build.BuildVerb object at 0x7f97c5a179d0>>)
[1.023s] Level 1:colcon.colcon_core.package_discovery:discover_packages(colcon_meta) check parameters
[1.024s] Level 1:colcon.colcon_core.package_discovery:discover_packages(recursive) check parameters
[1.024s] Level 1:colcon.colcon_core.package_discovery:discover_packages(ignore) check parameters
[1.024s] Level 1:colcon.colcon_core.package_discovery:discover_packages(path) check parameters
[1.024s] Level 1:colcon.colcon_core.package_discovery:discover_packages(colcon_meta) discover
[1.024s] Level 1:colcon.colcon_core.package_discovery:discover_packages(recursive) discover
[1.024s] INFO:colcon.colcon_core.package_discovery:Crawling recursively for packages in '/home/peeranut/ros2_ws'
[1.024s] Level 1:colcon.colcon_core.package_identification:_identify(.) by extensions ['ignore', 'ignore_ament_install']
[1.024s] Level 1:colcon.colcon_core.package_identification:_identify(.) by extension 'ignore'
[1.024s] Level 1:colcon.colcon_core.package_identification:_identify(.) by extension 'ignore_ament_install'
[1.024s] Level 1:colcon.colcon_core.package_identification:_identify(.) by extensions ['colcon_pkg']
[1.024s] Level 1:colcon.colcon_core.package_identification:_identify(.) by extension 'colcon_pkg'
[1.024s] Level 1:colcon.colcon_core.package_identification:_identify(.) by extensions ['colcon_meta']
[1.024s] Level 1:colcon.colcon_core.package_identification:_identify(.) by extension 'colcon_meta'
[1.024s] Level 1:colcon.colcon_core.package_identification:_identify(.) by extensions ['ros']
[1.024s] Level 1:colcon.colcon_core.package_identification:_identify(.) by extension 'ros'
[1.038s] Level 1:colcon.colcon_core.package_identification:_identify(.) by extensions ['cmake', 'python']
[1.038s] Level 1:colcon.colcon_core.package_identification:_identify(.) by extension 'cmake'
[1.039s] Level 1:colcon.colcon_core.package_identification:_identify(.) by extension 'python'
[1.039s] Level 1:colcon.colcon_core.package_identification:_identify(.) by extensions ['python_setup_py']
[1.039s] Level 1:colcon.colcon_core.package_identification:_identify(.) by extension 'python_setup_py'
[1.039s] Level 1:colcon.colcon_core.package_identification:_identify(build) by extensions ['ignore', 'ignore_ament_install']
[1.039s] Level 1:colcon.colcon_core.package_identification:_identify(build) by extension 'ignore'
[1.039s] Level 1:colcon.colcon_core.package_identification:_identify(build) ignored
[1.039s] Level 1:colcon.colcon_core.package_identification:_identify(install) by extensions ['ignore', 'ignore_ament_install']
[1.039s] Level 1:colcon.colcon_core.package_identification:_identify(install) by extension 'ignore'
[1.039s] Level 1:colcon.colcon_core.package_identification:_identify(install) ignored
[1.039s] Level 1:colcon.colcon_core.package_identification:_identify(log) by extensions ['ignore', 'ignore_ament_install']
[1.039s] Level 1:colcon.colcon_core.package_identification:_identify(log) by extension 'ignore'
[1.039s] Level 1:colcon.colcon_core.package_identification:_identify(log) ignored
[1.040s] Level 1:colcon.colcon_core.package_identification:_identify(scripts) by extensions ['ignore', 'ignore_ament_install']
[1.040s] Level 1:colcon.colcon_core.package_identification:_identify(scripts) by extension 'ignore'
[1.040s] Level 1:colcon.colcon_core.package_identification:_identify(scripts) by extension 'ignore_ament_install'
[1.040s] Level 1:colcon.colcon_core.package_identification:_identify(scripts) by extensions ['colcon_pkg']
[1.040s] Level 1:colcon.colcon_core.package_identification:_identify(scripts) by extension 'colcon_pkg'
[1.040s] Level 1:colcon.colcon_core.package_identification:_identify(scripts) by extensions ['colcon_meta']
[1.040s] Level 1:colcon.colcon_core.package_identification:_identify(scripts) by extension 'colcon_meta'
[1.040s] Level 1:colcon.colcon_core.package_identification:_identify(scripts) by extensions ['ros']
[1.040s] Level 1:colcon.colcon_core.package_identification:_identify(scripts) by extension 'ros'
[1.040s] Level 1:colcon.colcon_core.package_identification:_identify(scripts) by extensions ['cmake', 'python']
[1.040s] Level 1:colcon.colcon_core.package_identification:_identify(scripts) by extension 'cmake'
[1.040s] Level 1:colcon.colcon_core.package_identification:_identify(scripts) by extension 'python'
[1.040s] Level 1:colcon.colcon_core.package_identification:_identify(scripts) by extensions ['python_setup_py']
[1.040s] Level 1:colcon.colcon_core.package_identification:_identify(scripts) by extension 'python_setup_py'
[1.040s] Level 1:colcon.colcon_core.package_identification:_identify(src) by extensions ['ignore', 'ignore_ament_install']
[1.040s] Level 1:colcon.colcon_core.package_identification:_identify(src) by extension 'ignore'
[1.040s] Level 1:colcon.colcon_core.package_identification:_identify(src) by extension 'ignore_ament_install'
[1.041s] Level 1:colcon.colcon_core.package_identification:_identify(src) by extensions ['colcon_pkg']
[1.041s] Level 1:colcon.colcon_core.package_identification:_identify(src) by extension 'colcon_pkg'
[1.041s] Level 1:colcon.colcon_core.package_identification:_identify(src) by extensions ['colcon_meta']
[1.041s] Level 1:colcon.colcon_core.package_identification:_identify(src) by extension 'colcon_meta'
[1.041s] Level 1:colcon.colcon_core.package_identification:_identify(src) by extensions ['ros']
[1.041s] Level 1:colcon.colcon_core.package_identification:_identify(src) by extension 'ros'
[1.041s] Level 1:colcon.colcon_core.package_identification:_identify(src) by extensions ['cmake', 'python']
[1.041s] Level 1:colcon.colcon_core.package_identification:_identify(src) by extension 'cmake'
[1.041s] Level 1:colcon.colcon_core.package_identification:_identify(src) by extension 'python'
[1.041s] Level 1:colcon.colcon_core.package_identification:_identify(src) by extensions ['python_setup_py']
[1.041s] Level 1:colcon.colcon_core.package_identification:_identify(src) by extension 'python_setup_py'
[1.041s] Level 1:colcon.colcon_core.package_identification:_identify(src/m-explore-ros2) by extensions ['ignore', 'ignore_ament_install']
[1.041s] Level 1:colcon.colcon_core.package_identification:_identify(src/m-explore-ros2) by extension 'ignore'
[1.041s] Level 1:colcon.colcon_core.package_identification:_identify(src/m-explore-ros2) by extension 'ignore_ament_install'
[1.041s] Level 1:colcon.colcon_core.package_identification:_identify(src/m-explore-ros2) by extensions ['colcon_pkg']
[1.041s] Level 1:colcon.colcon_core.package_identification:_identify(src/m-explore-ros2) by extension 'colcon_pkg'
[1.041s] Level 1:colcon.colcon_core.package_identification:_identify(src/m-explore-ros2) by extensions ['colcon_meta']
[1.041s] Level 1:colcon.colcon_core.package_identification:_identify(src/m-explore-ros2) by extension 'colcon_meta'
[1.041s] Level 1:colcon.colcon_core.package_identification:_identify(src/m-explore-ros2) by extensions ['ros']
[1.041s] Level 1:colcon.colcon_core.package_identification:_identify(src/m-explore-ros2) by extension 'ros'
[1.042s] Level 1:colcon.colcon_core.package_identification:_identify(src/m-explore-ros2) by extensions ['cmake', 'python']
[1.042s] Level 1:colcon.colcon_core.package_identification:_identify(src/m-explore-ros2) by extension 'cmake'
[1.042s] Level 1:colcon.colcon_core.package_identification:_identify(src/m-explore-ros2) by extension 'python'
[1.042s] Level 1:colcon.colcon_core.package_identification:_identify(src/m-explore-ros2) by extensions ['python_setup_py']
[1.042s] Level 1:colcon.colcon_core.package_identification:_identify(src/m-explore-ros2) by extension 'python_setup_py'
[1.042s] Level 1:colcon.colcon_core.package_identification:_identify(src/m-explore-ros2/explore) by extensions ['ignore', 'ignore_ament_install']
[1.042s] Level 1:colcon.colcon_core.package_identification:_identify(src/m-explore-ros2/explore) by extension 'ignore'
[1.042s] Level 1:colcon.colcon_core.package_identification:_identify(src/m-explore-ros2/explore) by extension 'ignore_ament_install'
[1.042s] Level 1:colcon.colcon_core.package_identification:_identify(src/m-explore-ros2/explore) by extensions ['colcon_pkg']
[1.042s] Level 1:colcon.colcon_core.package_identification:_identify(src/m-explore-ros2/explore) by extension 'colcon_pkg'
[1.042s] Level 1:colcon.colcon_core.package_identification:_identify(src/m-explore-ros2/explore) by extensions ['colcon_meta']
[1.042s] Level 1:colcon.colcon_core.package_identification:_identify(src/m-explore-ros2/explore) by extension 'colcon_meta'
[1.042s] Level 1:colcon.colcon_core.package_identification:_identify(src/m-explore-ros2/explore) by extensions ['ros']
[1.042s] Level 1:colcon.colcon_core.package_identification:_identify(src/m-explore-ros2/explore) by extension 'ros'
[1.046s] DEBUG:colcon.colcon_core.package_identification:Package 'src/m-explore-ros2/explore' with type 'ros.ament_cmake' and name 'explore_lite'
[1.047s] Level 1:colcon.colcon_core.package_identification:_identify(src/m-explore-ros2/map_merge) by extensions ['ignore', 'ignore_ament_install']
[1.047s] Level 1:colcon.colcon_core.package_identification:_identify(src/m-explore-ros2/map_merge) by extension 'ignore'
[1.047s] Level 1:colcon.colcon_core.package_identification:_identify(src/m-explore-ros2/map_merge) by extension 'ignore_ament_install'
[1.047s] Level 1:colcon.colcon_core.package_identification:_identify(src/m-explore-ros2/map_merge) by extensions ['colcon_pkg']
[1.047s] Level 1:colcon.colcon_core.package_identification:_identify(src/m-explore-ros2/map_merge) by extension 'colcon_pkg'
[1.047s] Level 1:colcon.colcon_core.package_identification:_identify(src/m-explore-ros2/map_merge) by extensions ['colcon_meta']
[1.047s] Level 1:colcon.colcon_core.package_identification:_identify(src/m-explore-ros2/map_merge) by extension 'colcon_meta'
[1.047s] Level 1:colcon.colcon_core.package_identification:_identify(src/m-explore-ros2/map_merge) by extensions ['ros']
[1.047s] Level 1:colcon.colcon_core.package_identification:_identify(src/m-explore-ros2/map_merge) by extension 'ros'
[1.049s] DEBUG:colcon.colcon_core.package_identification:Package 'src/m-explore-ros2/map_merge' with type 'ros.ament_cmake' and name 'multirobot_map_merge'
[1.049s] Level 1:colcon.colcon_core.package_identification:_identify(src/mobile_robotic_course_assessment_task_2023) by extensions ['ignore', 'ignore_ament_install']
[1.049s] Level 1:colcon.colcon_core.package_identification:_identify(src/mobile_robotic_course_assessment_task_2023) by extension 'ignore'
[1.049s] Level 1:colcon.colcon_core.package_identification:_identify(src/mobile_robotic_course_assessment_task_2023) by extension 'ignore_ament_install'
[1.049s] Level 1:colcon.colcon_core.package_identification:_identify(src/mobile_robotic_course_assessment_task_2023) by extensions ['colcon_pkg']
[1.049s] Level 1:colcon.colcon_core.package_identification:_identify(src/mobile_robotic_course_assessment_task_2023) by extension 'colcon_pkg'
[1.049s] Level 1:colcon.colcon_core.package_identification:_identify(src/mobile_robotic_course_assessment_task_2023) by extensions ['colcon_meta']
[1.049s] Level 1:colcon.colcon_core.package_identification:_identify(src/mobile_robotic_course_assessment_task_2023) by extension 'colcon_meta'
[1.049s] Level 1:colcon.colcon_core.package_identification:_identify(src/mobile_robotic_course_assessment_task_2023) by extensions ['ros']
[1.049s] Level 1:colcon.colcon_core.package_identification:_identify(src/mobile_robotic_course_assessment_task_2023) by extension 'ros'
[1.050s] DEBUG:colcon.colcon_core.package_identification:Package 'src/mobile_robotic_course_assessment_task_2023' with type 'ros.ament_cmake' and name 'mobile_robotic_course_assessment_task_2023'
[1.051s] Level 1:colcon.colcon_core.package_identification:_identify(src/simple_robot_nav2_ros2) by extensions ['ignore', 'ignore_ament_install']
[1.051s] Level 1:colcon.colcon_core.package_identification:_identify(src/simple_robot_nav2_ros2) by extension 'ignore'
[1.051s] Level 1:colcon.colcon_core.package_identification:_identify(src/simple_robot_nav2_ros2) by extension 'ignore_ament_install'
[1.051s] Level 1:colcon.colcon_core.package_identification:_identify(src/simple_robot_nav2_ros2) by extensions ['colcon_pkg']
[1.051s] Level 1:colcon.colcon_core.package_identification:_identify(src/simple_robot_nav2_ros2) by extension 'colcon_pkg'
[1.051s] Level 1:colcon.colcon_core.package_identification:_identify(src/simple_robot_nav2_ros2) by extensions ['colcon_meta']
[1.051s] Level 1:colcon.colcon_core.package_identification:_identify(src/simple_robot_nav2_ros2) by extension 'colcon_meta'
[1.051s] Level 1:colcon.colcon_core.package_identification:_identify(src/simple_robot_nav2_ros2) by extensions ['ros']
[1.051s] Level 1:colcon.colcon_core.package_identification:_identify(src/simple_robot_nav2_ros2) by extension 'ros'
[1.052s] DEBUG:colcon.colcon_core.package_identification:Package 'src/simple_robot_nav2_ros2' with type 'ros.ament_cmake' and name 'simple_robot_nav2_ros2'
[1.052s] Level 1:colcon.colcon_core.package_identification:_identify(src/simple_robot_ros2) by extensions ['ignore', 'ignore_ament_install']
[1.052s] Level 1:colcon.colcon_core.package_identification:_identify(src/simple_robot_ros2) by extension 'ignore'
[1.052s] Level 1:colcon.colcon_core.package_identification:_identify(src/simple_robot_ros2) by extension 'ignore_ament_install'
[1.052s] Level 1:colcon.colcon_core.package_identification:_identify(src/simple_robot_ros2) by extensions ['colcon_pkg']
[1.052s] Level 1:colcon.colcon_core.package_identification:_identify(src/simple_robot_ros2) by extension 'colcon_pkg'
[1.052s] Level 1:colcon.colcon_core.package_identification:_identify(src/simple_robot_ros2) by extensions ['colcon_meta']
[1.052s] Level 1:colcon.colcon_core.package_identification:_identify(src/simple_robot_ros2) by extension 'colcon_meta'
[1.052s] Level 1:colcon.colcon_core.package_identification:_identify(src/simple_robot_ros2) by extensions ['ros']
[1.052s] Level 1:colcon.colcon_core.package_identification:_identify(src/simple_robot_ros2) by extension 'ros'
[1.053s] DEBUG:colcon.colcon_core.package_identification:Package 'src/simple_robot_ros2' with type 'ros.ament_cmake' and name 'simple_robot_ros2'
[1.053s] Level 1:colcon.colcon_core.package_discovery:discover_packages(recursive) using defaults
[1.053s] Level 1:colcon.colcon_core.package_discovery:discover_packages(ignore) discover
[1.053s] Level 1:colcon.colcon_core.package_discovery:discover_packages(ignore) using defaults
[1.053s] Level 1:colcon.colcon_core.package_discovery:discover_packages(path) discover
[1.053s] Level 1:colcon.colcon_core.package_discovery:discover_packages(path) using defaults
[1.089s] Level 1:colcon.colcon_core.package_discovery:discover_packages(prefix_path) check parameters
[1.089s] Level 1:colcon.colcon_core.package_discovery:discover_packages(prefix_path) discover
[1.093s] DEBUG:colcon.colcon_installed_package_information.package_discovery:Found 5 installed packages in /home/peeranut/ros2_ws/install
[1.094s] DEBUG:colcon.colcon_installed_package_information.package_discovery:Found 377 installed packages in /opt/ros/humble
[1.095s] Level 1:colcon.colcon_core.package_discovery:discover_packages(prefix_path) using defaults
[1.142s] Level 5:colcon.colcon_core.verb:set package 'explore_lite' build argument 'cmake_args' from command line to 'None'
[1.142s] Level 5:colcon.colcon_core.verb:set package 'explore_lite' build argument 'cmake_target' from command line to 'None'
[1.142s] Level 5:colcon.colcon_core.verb:set package 'explore_lite' build argument 'cmake_target_skip_unavailable' from command line to 'False'
[1.142s] Level 5:colcon.colcon_core.verb:set package 'explore_lite' build argument 'cmake_clean_cache' from command line to 'False'
[1.142s] Level 5:colcon.colcon_core.verb:set package 'explore_lite' build argument 'cmake_clean_first' from command line to 'False'
[1.142s] Level 5:colcon.colcon_core.verb:set package 'explore_lite' build argument 'cmake_force_configure' from command line to 'False'
[1.143s] Level 5:colcon.colcon_core.verb:set package 'explore_lite' build argument 'ament_cmake_args' from command line to 'None'
[1.143s] Level 5:colcon.colcon_core.verb:set package 'explore_lite' build argument 'catkin_cmake_args' from command line to 'None'
[1.143s] Level 5:colcon.colcon_core.verb:set package 'explore_lite' build argument 'catkin_skip_building_tests' from command line to 'False'
[1.143s] DEBUG:colcon.colcon_core.verb:Building package 'explore_lite' with the following arguments: {'ament_cmake_args': None, 'build_base': '/home/peeranut/ros2_ws/build/explore_lite', 'catkin_cmake_args': None, 'catkin_skip_building_tests': False, 'cmake_args': None, 'cmake_clean_cache': False, 'cmake_clean_first': False, 'cmake_force_configure': False, 'cmake_target': None, 'cmake_target_skip_unavailable': False, 'install_base': '/home/peeranut/ros2_ws/install/explore_lite', 'merge_install': False, 'path': '/home/peeranut/ros2_ws/src/m-explore-ros2/explore', 'symlink_install': False, 'test_result_base': None}
[1.143s] Level 5:colcon.colcon_core.verb:set package 'mobile_robotic_course_assessment_task_2023' build argument 'cmake_args' from command line to 'None'
[1.143s] Level 5:colcon.colcon_core.verb:set package 'mobile_robotic_course_assessment_task_2023' build argument 'cmake_target' from command line to 'None'
[1.143s] Level 5:colcon.colcon_core.verb:set package 'mobile_robotic_course_assessment_task_2023' build argument 'cmake_target_skip_unavailable' from command line to 'False'
[1.143s] Level 5:colcon.colcon_core.verb:set package 'mobile_robotic_course_assessment_task_2023' build argument 'cmake_clean_cache' from command line to 'False'
[1.143s] Level 5:colcon.colcon_core.verb:set package 'mobile_robotic_course_assessment_task_2023' build argument 'cmake_clean_first' from command line to 'False'
[1.143s] Level 5:colcon.colcon_core.verb:set package 'mobile_robotic_course_assessment_task_2023' build argument 'cmake_force_configure' from command line to 'False'
[1.143s] Level 5:colcon.colcon_core.verb:set package 'mobile_robotic_course_assessment_task_2023' build argument 'ament_cmake_args' from command line to 'None'
[1.143s] Level 5:colcon.colcon_core.verb:set package 'mobile_robotic_course_assessment_task_2023' build argument 'catkin_cmake_args' from command line to 'None'
[1.143s] Level 5:colcon.colcon_core.verb:set package 'mobile_robotic_course_assessment_task_2023' build argument 'catkin_skip_building_tests' from command line to 'False'
[1.143s] DEBUG:colcon.colcon_core.verb:Building package 'mobile_robotic_course_assessment_task_2023' with the following arguments: {'ament_cmake_args': None, 'build_base': '/home/peeranut/ros2_ws/build/mobile_robotic_course_assessment_task_2023', 'catkin_cmake_args': None, 'catkin_skip_building_tests': False, 'cmake_args': None, 'cmake_clean_cache': False, 'cmake_clean_first': False, 'cmake_force_configure': False, 'cmake_target': None, 'cmake_target_skip_unavailable': False, 'install_base': '/home/peeranut/ros2_ws/install/mobile_robotic_course_assessment_task_2023', 'merge_install': False, 'path': '/home/peeranut/ros2_ws/src/mobile_robotic_course_assessment_task_2023', 'symlink_install': False, 'test_result_base': None}
[1.144s] Level 5:colcon.colcon_core.verb:set package 'multirobot_map_merge' build argument 'cmake_args' from command line to 'None'
[1.144s] Level 5:colcon.colcon_core.verb:set package 'multirobot_map_merge' build argument 'cmake_target' from command line to 'None'
[1.144s] Level 5:colcon.colcon_core.verb:set package 'multirobot_map_merge' build argument 'cmake_target_skip_unavailable' from command line to 'False'
[1.144s] Level 5:colcon.colcon_core.verb:set package 'multirobot_map_merge' build argument 'cmake_clean_cache' from command line to 'False'
[1.144s] Level 5:colcon.colcon_core.verb:set package 'multirobot_map_merge' build argument 'cmake_clean_first' from command line to 'False'
[1.144s] Level 5:colcon.colcon_core.verb:set package 'multirobot_map_merge' build argument 'cmake_force_configure' from command line to 'False'
[1.144s] Level 5:colcon.colcon_core.verb:set package 'multirobot_map_merge' build argument 'ament_cmake_args' from command line to 'None'
[1.144s] Level 5:colcon.colcon_core.verb:set package 'multirobot_map_merge' build argument 'catkin_cmake_args' from command line to 'None'
[1.144s] Level 5:colcon.colcon_core.verb:set package 'multirobot_map_merge' build argument 'catkin_skip_building_tests' from command line to 'False'
[1.144s] DEBUG:colcon.colcon_core.verb:Building package 'multirobot_map_merge' with the following arguments: {'ament_cmake_args': None, 'build_base': '/home/peeranut/ros2_ws/build/multirobot_map_merge', 'catkin_cmake_args': None, 'catkin_skip_building_tests': False, 'cmake_args': None, 'cmake_clean_cache': False, 'cmake_clean_first': False, 'cmake_force_configure': False, 'cmake_target': None, 'cmake_target_skip_unavailable': False, 'install_base': '/home/peeranut/ros2_ws/install/multirobot_map_merge', 'merge_install': False, 'path': '/home/peeranut/ros2_ws/src/m-explore-ros2/map_merge', 'symlink_install': False, 'test_result_base': None}
[1.144s] Level 5:colcon.colcon_core.verb:set package 'simple_robot_nav2_ros2' build argument 'cmake_args' from command line to 'None'
[1.144s] Level 5:colcon.colcon_core.verb:set package 'simple_robot_nav2_ros2' build argument 'cmake_target' from command line to 'None'
[1.144s] Level 5:colcon.colcon_core.verb:set package 'simple_robot_nav2_ros2' build argument 'cmake_target_skip_unavailable' from command line to 'False'
[1.144s] Level 5:colcon.colcon_core.verb:set package 'simple_robot_nav2_ros2' build argument 'cmake_clean_cache' from command line to 'False'
[1.144s] Level 5:colcon.colcon_core.verb:set package 'simple_robot_nav2_ros2' build argument 'cmake_clean_first' from command line to 'False'
[1.144s] Level 5:colcon.colcon_core.verb:set package 'simple_robot_nav2_ros2' build argument 'cmake_force_configure' from command line to 'False'
[1.144s] Level 5:colcon.colcon_core.verb:set package 'simple_robot_nav2_ros2' build argument 'ament_cmake_args' from command line to 'None'
[1.144s] Level 5:colcon.colcon_core.verb:set package 'simple_robot_nav2_ros2' build argument 'catkin_cmake_args' from command line to 'None'
[1.144s] Level 5:colcon.colcon_core.verb:set package 'simple_robot_nav2_ros2' build argument 'catkin_skip_building_tests' from command line to 'False'
[1.144s] DEBUG:colcon.colcon_core.verb:Building package 'simple_robot_nav2_ros2' with the following arguments: {'ament_cmake_args': None, 'build_base': '/home/peeranut/ros2_ws/build/simple_robot_nav2_ros2', 'catkin_cmake_args': None, 'catkin_skip_building_tests': False, 'cmake_args': None, 'cmake_clean_cache': False, 'cmake_clean_first': False, 'cmake_force_configure': False, 'cmake_target': None, 'cmake_target_skip_unavailable': False, 'install_base': '/home/peeranut/ros2_ws/install/simple_robot_nav2_ros2', 'merge_install': False, 'path': '/home/peeranut/ros2_ws/src/simple_robot_nav2_ros2', 'symlink_install': False, 'test_result_base': None}
[1.145s] Level 5:colcon.colcon_core.verb:set package 'simple_robot_ros2' build argument 'cmake_args' from command line to 'None'
[1.145s] Level 5:colcon.colcon_core.verb:set package 'simple_robot_ros2' build argument 'cmake_target' from command line to 'None'
[1.145s] Level 5:colcon.colcon_core.verb:set package 'simple_robot_ros2' build argument 'cmake_target_skip_unavailable' from command line to 'False'
[1.145s] Level 5:colcon.colcon_core.verb:set package 'simple_robot_ros2' build argument 'cmake_clean_cache' from command line to 'False'
[1.145s] Level 5:colcon.colcon_core.verb:set package 'simple_robot_ros2' build argument 'cmake_clean_first' from command line to 'False'
[1.145s] Level 5:colcon.colcon_core.verb:set package 'simple_robot_ros2' build argument 'cmake_force_configure' from command line to 'False'
[1.145s] Level 5:colcon.colcon_core.verb:set package 'simple_robot_ros2' build argument 'ament_cmake_args' from command line to 'None'
[1.145s] Level 5:colcon.colcon_core.verb:set package 'simple_robot_ros2' build argument 'catkin_cmake_args' from command line to 'None'
[1.145s] Level 5:colcon.colcon_core.verb:set package 'simple_robot_ros2' build argument 'catkin_skip_building_tests' from command line to 'False'
[1.145s] DEBUG:colcon.colcon_core.verb:Building package 'simple_robot_ros2' with the following arguments: {'ament_cmake_args': None, 'build_base': '/home/peeranut/ros2_ws/build/simple_robot_ros2', 'catkin_cmake_args': None, 'catkin_skip_building_tests': False, 'cmake_args': None, 'cmake_clean_cache': False, 'cmake_clean_first': False, 'cmake_force_configure': False, 'cmake_target': None, 'cmake_target_skip_unavailable': False, 'install_base': '/home/peeranut/ros2_ws/install/simple_robot_ros2', 'merge_install': False, 'path': '/home/peeranut/ros2_ws/src/simple_robot_ros2', 'symlink_install': False, 'test_result_base': None}
[1.145s] INFO:colcon.colcon_core.executor:Executing jobs using 'parallel' executor
[1.147s] DEBUG:colcon.colcon_parallel_executor.executor.parallel:run_until_complete
[1.147s] INFO:colcon.colcon_ros.task.ament_cmake.build:Building ROS package in '/home/peeranut/ros2_ws/src/m-explore-ros2/explore' with build type 'ament_cmake'
[1.147s] INFO:colcon.colcon_cmake.task.cmake.build:Building CMake package in '/home/peeranut/ros2_ws/src/m-explore-ros2/explore'
[1.156s] INFO:colcon.colcon_core.plugin_system:Skipping extension 'colcon_core.shell.bat': Not used on non-Windows systems
[1.157s] INFO:colcon.colcon_core.shell:Skip shell extension 'powershell' for command environment: Not usable outside of PowerShell
[1.157s] DEBUG:colcon.colcon_core.shell:Skip shell extension 'dsv' for command environment
[1.161s] INFO:colcon.colcon_ros.task.ament_cmake.build:Building ROS package in '/home/peeranut/ros2_ws/src/mobile_robotic_course_assessment_task_2023' with build type 'ament_cmake'
[1.161s] INFO:colcon.colcon_cmake.task.cmake.build:Building CMake package in '/home/peeranut/ros2_ws/src/mobile_robotic_course_assessment_task_2023'
[1.162s] INFO:colcon.colcon_core.shell:Skip shell extension 'powershell' for command environment: Not usable outside of PowerShell
[1.162s] DEBUG:colcon.colcon_core.shell:Skip shell extension 'dsv' for command environment
[1.165s] INFO:colcon.colcon_ros.task.ament_cmake.build:Building ROS package in '/home/peeranut/ros2_ws/src/m-explore-ros2/map_merge' with build type 'ament_cmake'
[1.165s] INFO:colcon.colcon_cmake.task.cmake.build:Building CMake package in '/home/peeranut/ros2_ws/src/m-explore-ros2/map_merge'
[1.166s] INFO:colcon.colcon_core.shell:Skip shell extension 'powershell' for command environment: Not usable outside of PowerShell
[1.166s] DEBUG:colcon.colcon_core.shell:Skip shell extension 'dsv' for command environment
[1.171s] INFO:colcon.colcon_ros.task.ament_cmake.build:Building ROS package in '/home/peeranut/ros2_ws/src/simple_robot_nav2_ros2' with build type 'ament_cmake'
[1.171s] INFO:colcon.colcon_cmake.task.cmake.build:Building CMake package in '/home/peeranut/ros2_ws/src/simple_robot_nav2_ros2'
[1.171s] INFO:colcon.colcon_core.shell:Skip shell extension 'powershell' for command environment: Not usable outside of PowerShell
[1.171s] DEBUG:colcon.colcon_core.shell:Skip shell extension 'dsv' for command environment
[1.174s] INFO:colcon.colcon_ros.task.ament_cmake.build:Building ROS package in '/home/peeranut/ros2_ws/src/simple_robot_ros2' with build type 'ament_cmake'
[1.174s] INFO:colcon.colcon_cmake.task.cmake.build:Building CMake package in '/home/peeranut/ros2_ws/src/simple_robot_ros2'
[1.175s] INFO:colcon.colcon_core.shell:Skip shell extension 'powershell' for command environment: Not usable outside of PowerShell
[1.175s] DEBUG:colcon.colcon_core.shell:Skip shell extension 'dsv' for command environment
[1.183s] DEBUG:colcon.colcon_core.event_handler.log_command:Invoking command in '/home/peeranut/ros2_ws/build/explore_lite': CMAKE_PREFIX_PATH=${CMAKE_PREFIX_PATH}:/opt/ros/humble /usr/bin/cmake --build /home/peeranut/ros2_ws/build/explore_lite -- -j20 -l20
[1.188s] DEBUG:colcon.colcon_core.event_handler.log_command:Invoking command in '/home/peeranut/ros2_ws/build/mobile_robotic_course_assessment_task_2023': CMAKE_PREFIX_PATH=${CMAKE_PREFIX_PATH}:/opt/ros/humble /usr/bin/cmake --build /home/peeranut/ros2_ws/build/mobile_robotic_course_assessment_task_2023 -- -j20 -l20
[1.191s] DEBUG:colcon.colcon_core.event_handler.log_command:Invoking command in '/home/peeranut/ros2_ws/build/multirobot_map_merge': CMAKE_PREFIX_PATH=${CMAKE_PREFIX_PATH}:/opt/ros/humble /usr/bin/cmake --build /home/peeranut/ros2_ws/build/multirobot_map_merge -- -j20 -l20
[1.193s] DEBUG:colcon.colcon_core.event_handler.log_command:Invoking command in '/home/peeranut/ros2_ws/build/simple_robot_nav2_ros2': CMAKE_PREFIX_PATH=${CMAKE_PREFIX_PATH}:/opt/ros/humble /usr/bin/cmake --build /home/peeranut/ros2_ws/build/simple_robot_nav2_ros2 -- -j20 -l20
[1.200s] DEBUG:colcon.colcon_core.event_handler.log_command:Invoking command in '/home/peeranut/ros2_ws/build/simple_robot_ros2': CMAKE_PREFIX_PATH=${CMAKE_PREFIX_PATH}:/opt/ros/humble /usr/bin/cmake --build /home/peeranut/ros2_ws/build/simple_robot_ros2 -- -j20 -l20
[1.265s] DEBUG:colcon.colcon_core.event_handler.log_command:Invoked command in '/home/peeranut/ros2_ws/build/simple_robot_ros2' returned '0': CMAKE_PREFIX_PATH=${CMAKE_PREFIX_PATH}:/opt/ros/humble /usr/bin/cmake --build /home/peeranut/ros2_ws/build/simple_robot_ros2 -- -j20 -l20
[1.266s] DEBUG:colcon.colcon_core.event_handler.log_command:Invoked command in '/home/peeranut/ros2_ws/build/mobile_robotic_course_assessment_task_2023' returned '0': CMAKE_PREFIX_PATH=${CMAKE_PREFIX_PATH}:/opt/ros/humble /usr/bin/cmake --build /home/peeranut/ros2_ws/build/mobile_robotic_course_assessment_task_2023 -- -j20 -l20
[1.268s] DEBUG:colcon.colcon_core.event_handler.log_command:Invoked command in '/home/peeranut/ros2_ws/build/simple_robot_nav2_ros2' returned '0': CMAKE_PREFIX_PATH=${CMAKE_PREFIX_PATH}:/opt/ros/humble /usr/bin/cmake --build /home/peeranut/ros2_ws/build/simple_robot_nav2_ros2 -- -j20 -l20
[1.285s] DEBUG:colcon.colcon_core.event_handler.log_command:Invoking command in '/home/peeranut/ros2_ws/build/simple_robot_ros2': CMAKE_PREFIX_PATH=${CMAKE_PREFIX_PATH}:/opt/ros/humble /usr/bin/cmake --install /home/peeranut/ros2_ws/build/simple_robot_ros2
[1.287s] DEBUG:colcon.colcon_core.event_handler.log_command:Invoking command in '/home/peeranut/ros2_ws/build/mobile_robotic_course_assessment_task_2023': CMAKE_PREFIX_PATH=${CMAKE_PREFIX_PATH}:/opt/ros/humble /usr/bin/cmake --install /home/peeranut/ros2_ws/build/mobile_robotic_course_assessment_task_2023
[1.288s] DEBUG:colcon.colcon_core.event_handler.log_command:Invoking command in '/home/peeranut/ros2_ws/build/simple_robot_nav2_ros2': CMAKE_PREFIX_PATH=${CMAKE_PREFIX_PATH}:/opt/ros/humble /usr/bin/cmake --install /home/peeranut/ros2_ws/build/simple_robot_nav2_ros2
[1.302s] Level 1:colcon.colcon_core.environment:create_environment_scripts_only(simple_robot_ros2)
[1.317s] DEBUG:colcon.colcon_core.event_handler.log_command:Invoked command in '/home/peeranut/ros2_ws/build/simple_robot_ros2' returned '0': CMAKE_PREFIX_PATH=${CMAKE_PREFIX_PATH}:/opt/ros/humble /usr/bin/cmake --install /home/peeranut/ros2_ws/build/simple_robot_ros2
[1.332s] Level 1:colcon.colcon_core.environment:checking '/home/peeranut/ros2_ws/install/simple_robot_ros2' for CMake module files
[1.332s] Level 1:colcon.colcon_core.environment:checking '/home/peeranut/ros2_ws/install/simple_robot_ros2' for CMake config files
[1.332s] Level 1:colcon.colcon_core.shell:create_environment_hook('simple_robot_ros2', 'cmake_prefix_path')
[1.333s] INFO:colcon.colcon_core.shell:Creating environment hook '/home/peeranut/ros2_ws/install/simple_robot_ros2/share/simple_robot_ros2/hook/cmake_prefix_path.ps1'
[1.334s] INFO:colcon.colcon_core.shell:Creating environment descriptor '/home/peeranut/ros2_ws/install/simple_robot_ros2/share/simple_robot_ros2/hook/cmake_prefix_path.dsv'
[1.334s] INFO:colcon.colcon_core.shell:Creating environment hook '/home/peeranut/ros2_ws/install/simple_robot_ros2/share/simple_robot_ros2/hook/cmake_prefix_path.sh'
[1.335s] Level 1:colcon.colcon_core.environment:checking '/home/peeranut/ros2_ws/install/simple_robot_ros2/bin'
[1.335s] Level 1:colcon.colcon_core.environment:checking '/home/peeranut/ros2_ws/install/simple_robot_ros2/lib/pkgconfig/simple_robot_ros2.pc'
[1.335s] Level 1:colcon.colcon_core.environment:checking '/home/peeranut/ros2_ws/install/simple_robot_ros2/lib/python3.10/site-packages'
[1.336s] Level 1:colcon.colcon_core.environment:checking '/home/peeranut/ros2_ws/install/simple_robot_ros2/bin'
[1.336s] INFO:colcon.colcon_core.shell:Creating package script '/home/peeranut/ros2_ws/install/simple_robot_ros2/share/simple_robot_ros2/package.ps1'
[1.337s] INFO:colcon.colcon_core.shell:Creating package descriptor '/home/peeranut/ros2_ws/install/simple_robot_ros2/share/simple_robot_ros2/package.dsv'
[1.337s] INFO:colcon.colcon_core.shell:Creating package script '/home/peeranut/ros2_ws/install/simple_robot_ros2/share/simple_robot_ros2/package.sh'
[1.338s] INFO:colcon.colcon_core.shell:Creating package script '/home/peeranut/ros2_ws/install/simple_robot_ros2/share/simple_robot_ros2/package.bash'
[1.339s] INFO:colcon.colcon_core.shell:Creating package script '/home/peeranut/ros2_ws/install/simple_robot_ros2/share/simple_robot_ros2/package.zsh'
[1.340s] Level 1:colcon.colcon_core.environment:create_file_with_runtime_dependencies(/home/peeranut/ros2_ws/install/simple_robot_ros2/share/colcon-core/packages/simple_robot_ros2)
[1.341s] Level 1:colcon.colcon_core.environment:create_environment_scripts_only(simple_robot_nav2_ros2)
[1.342s] Level 1:colcon.colcon_core.environment:checking '/home/peeranut/ros2_ws/install/simple_robot_nav2_ros2' for CMake module files
[1.343s] DEBUG:colcon.colcon_core.event_handler.log_command:Invoked command in '/home/peeranut/ros2_ws/build/simple_robot_nav2_ros2' returned '0': CMAKE_PREFIX_PATH=${CMAKE_PREFIX_PATH}:/opt/ros/humble /usr/bin/cmake --install /home/peeranut/ros2_ws/build/simple_robot_nav2_ros2
[1.343s] Level 1:colcon.colcon_core.environment:checking '/home/peeranut/ros2_ws/install/simple_robot_nav2_ros2' for CMake config files
[1.343s] Level 1:colcon.colcon_core.shell:create_environment_hook('simple_robot_nav2_ros2', 'cmake_prefix_path')
[1.344s] INFO:colcon.colcon_core.shell:Creating environment hook '/home/peeranut/ros2_ws/install/simple_robot_nav2_ros2/share/simple_robot_nav2_ros2/hook/cmake_prefix_path.ps1'
[1.344s] INFO:colcon.colcon_core.shell:Creating environment descriptor '/home/peeranut/ros2_ws/install/simple_robot_nav2_ros2/share/simple_robot_nav2_ros2/hook/cmake_prefix_path.dsv'
[1.344s] INFO:colcon.colcon_core.shell:Creating environment hook '/home/peeranut/ros2_ws/install/simple_robot_nav2_ros2/share/simple_robot_nav2_ros2/hook/cmake_prefix_path.sh'
[1.345s] Level 1:colcon.colcon_core.environment:checking '/home/peeranut/ros2_ws/install/simple_robot_nav2_ros2/bin'
[1.345s] Level 1:colcon.colcon_core.environment:checking '/home/peeranut/ros2_ws/install/simple_robot_nav2_ros2/lib/pkgconfig/simple_robot_nav2_ros2.pc'
[1.345s] Level 1:colcon.colcon_core.environment:checking '/home/peeranut/ros2_ws/install/simple_robot_nav2_ros2/lib/python3.10/site-packages'
[1.345s] Level 1:colcon.colcon_core.environment:checking '/home/peeranut/ros2_ws/install/simple_robot_nav2_ros2/bin'
[1.346s] INFO:colcon.colcon_core.shell:Creating package script '/home/peeranut/ros2_ws/install/simple_robot_nav2_ros2/share/simple_robot_nav2_ros2/package.ps1'
[1.346s] INFO:colcon.colcon_core.shell:Creating package descriptor '/home/peeranut/ros2_ws/install/simple_robot_nav2_ros2/share/simple_robot_nav2_ros2/package.dsv'
[1.346s] INFO:colcon.colcon_core.shell:Creating package script '/home/peeranut/ros2_ws/install/simple_robot_nav2_ros2/share/simple_robot_nav2_ros2/package.sh'
[1.346s] INFO:colcon.colcon_core.shell:Creating package script '/home/peeranut/ros2_ws/install/simple_robot_nav2_ros2/share/simple_robot_nav2_ros2/package.bash'
[1.347s] INFO:colcon.colcon_core.shell:Creating package script '/home/peeranut/ros2_ws/install/simple_robot_nav2_ros2/share/simple_robot_nav2_ros2/package.zsh'
[1.347s] Level 1:colcon.colcon_core.environment:create_file_with_runtime_dependencies(/home/peeranut/ros2_ws/install/simple_robot_nav2_ros2/share/colcon-core/packages/simple_robot_nav2_ros2)
[1.348s] Level 1:colcon.colcon_core.environment:create_environment_scripts_only(mobile_robotic_course_assessment_task_2023)
[1.349s] Level 1:colcon.colcon_core.environment:checking '/home/peeranut/ros2_ws/install/mobile_robotic_course_assessment_task_2023' for CMake module files
[1.349s] DEBUG:colcon.colcon_core.event_handler.log_command:Invoked command in '/home/peeranut/ros2_ws/build/mobile_robotic_course_assessment_task_2023' returned '0': CMAKE_PREFIX_PATH=${CMAKE_PREFIX_PATH}:/opt/ros/humble /usr/bin/cmake --install /home/peeranut/ros2_ws/build/mobile_robotic_course_assessment_task_2023
[1.350s] Level 1:colcon.colcon_core.environment:checking '/home/peeranut/ros2_ws/install/mobile_robotic_course_assessment_task_2023' for CMake config files
[1.350s] Level 1:colcon.colcon_core.shell:create_environment_hook('mobile_robotic_course_assessment_task_2023', 'cmake_prefix_path')
[1.351s] INFO:colcon.colcon_core.shell:Creating environment hook '/home/peeranut/ros2_ws/install/mobile_robotic_course_assessment_task_2023/share/mobile_robotic_course_assessment_task_2023/hook/cmake_prefix_path.ps1'
[1.351s] INFO:colcon.colcon_core.shell:Creating environment descriptor '/home/peeranut/ros2_ws/install/mobile_robotic_course_assessment_task_2023/share/mobile_robotic_course_assessment_task_2023/hook/cmake_prefix_path.dsv'
[1.351s] INFO:colcon.colcon_core.shell:Creating environment hook '/home/peeranut/ros2_ws/install/mobile_robotic_course_assessment_task_2023/share/mobile_robotic_course_assessment_task_2023/hook/cmake_prefix_path.sh'
[1.352s] Level 1:colcon.colcon_core.environment:checking '/home/peeranut/ros2_ws/install/mobile_robotic_course_assessment_task_2023/bin'
[1.352s] Level 1:colcon.colcon_core.environment:checking '/home/peeranut/ros2_ws/install/mobile_robotic_course_assessment_task_2023/lib/pkgconfig/mobile_robotic_course_assessment_task_2023.pc'
[1.352s] Level 1:colcon.colcon_core.environment:checking '/home/peeranut/ros2_ws/install/mobile_robotic_course_assessment_task_2023/lib/python3.10/site-packages'
[1.352s] Level 1:colcon.colcon_core.environment:checking '/home/peeranut/ros2_ws/install/mobile_robotic_course_assessment_task_2023/bin'
[1.353s] INFO:colcon.colcon_core.shell:Creating package script '/home/peeranut/ros2_ws/install/mobile_robotic_course_assessment_task_2023/share/mobile_robotic_course_assessment_task_2023/package.ps1'
[1.353s] INFO:colcon.colcon_core.shell:Creating package descriptor '/home/peeranut/ros2_ws/install/mobile_robotic_course_assessment_task_2023/share/mobile_robotic_course_assessment_task_2023/package.dsv'
[1.353s] INFO:colcon.colcon_core.shell:Creating package script '/home/peeranut/ros2_ws/install/mobile_robotic_course_assessment_task_2023/share/mobile_robotic_course_assessment_task_2023/package.sh'
[1.353s] INFO:colcon.colcon_core.shell:Creating package script '/home/peeranut/ros2_ws/install/mobile_robotic_course_assessment_task_2023/share/mobile_robotic_course_assessment_task_2023/package.bash'
[1.353s] INFO:colcon.colcon_core.shell:Creating package script '/home/peeranut/ros2_ws/install/mobile_robotic_course_assessment_task_2023/share/mobile_robotic_course_assessment_task_2023/package.zsh'
[1.354s] Level 1:colcon.colcon_core.environment:create_file_with_runtime_dependencies(/home/peeranut/ros2_ws/install/mobile_robotic_course_assessment_task_2023/share/colcon-core/packages/mobile_robotic_course_assessment_task_2023)
[1.354s] DEBUG:colcon.colcon_core.event_handler.log_command:Invoked command in '/home/peeranut/ros2_ws/build/explore_lite' returned '0': CMAKE_PREFIX_PATH=${CMAKE_PREFIX_PATH}:/opt/ros/humble /usr/bin/cmake --build /home/peeranut/ros2_ws/build/explore_lite -- -j20 -l20
[1.356s] Level 1:colcon.colcon_core.environment:create_environment_scripts_only(simple_robot_ros2)
[1.357s] Level 1:colcon.colcon_core.environment:checking '/home/peeranut/ros2_ws/install/simple_robot_ros2' for CMake module files
[1.357s] Level 1:colcon.colcon_core.environment:checking '/home/peeranut/ros2_ws/install/simple_robot_ros2' for CMake config files
[1.357s] Level 1:colcon.colcon_core.shell:create_environment_hook('simple_robot_ros2', 'cmake_prefix_path')
[1.358s] INFO:colcon.colcon_core.shell:Creating environment hook '/home/peeranut/ros2_ws/install/simple_robot_ros2/share/simple_robot_ros2/hook/cmake_prefix_path.ps1'
[1.358s] INFO:colcon.colcon_core.shell:Creating environment descriptor '/home/peeranut/ros2_ws/install/simple_robot_ros2/share/simple_robot_ros2/hook/cmake_prefix_path.dsv'
[1.359s] INFO:colcon.colcon_core.shell:Creating environment hook '/home/peeranut/ros2_ws/install/simple_robot_ros2/share/simple_robot_ros2/hook/cmake_prefix_path.sh'
[1.359s] Level 1:colcon.colcon_core.environment:checking '/home/peeranut/ros2_ws/install/simple_robot_ros2/bin'
[1.359s] Level 1:colcon.colcon_core.environment:checking '/home/peeranut/ros2_ws/install/simple_robot_ros2/lib/pkgconfig/simple_robot_ros2.pc'
[1.359s] Level 1:colcon.colcon_core.environment:checking '/home/peeranut/ros2_ws/install/simple_robot_ros2/lib/python3.10/site-packages'
[1.359s] Level 1:colcon.colcon_core.environment:checking '/home/peeranut/ros2_ws/install/simple_robot_ros2/bin'
[1.360s] INFO:colcon.colcon_core.shell:Creating package script '/home/peeranut/ros2_ws/install/simple_robot_ros2/share/simple_robot_ros2/package.ps1'
[1.360s] INFO:colcon.colcon_core.shell:Creating package descriptor '/home/peeranut/ros2_ws/install/simple_robot_ros2/share/simple_robot_ros2/package.dsv'
[1.360s] INFO:colcon.colcon_core.shell:Creating package script '/home/peeranut/ros2_ws/install/simple_robot_ros2/share/simple_robot_ros2/package.sh'
[1.361s] INFO:colcon.colcon_core.shell:Creating package script '/home/peeranut/ros2_ws/install/simple_robot_ros2/share/simple_robot_ros2/package.bash'
[1.361s] INFO:colcon.colcon_core.shell:Creating package script '/home/peeranut/ros2_ws/install/simple_robot_ros2/share/simple_robot_ros2/package.zsh'
[1.361s] Level 1:colcon.colcon_core.environment:create_file_with_runtime_dependencies(/home/peeranut/ros2_ws/install/simple_robot_ros2/share/colcon-core/packages/simple_robot_ros2)
[1.363s] Level 1:colcon.colcon_core.environment:create_environment_scripts_only(simple_robot_nav2_ros2)
[1.364s] Level 1:colcon.colcon_core.environment:checking '/home/peeranut/ros2_ws/install/simple_robot_nav2_ros2' for CMake module files
[1.365s] Level 1:colcon.colcon_core.environment:checking '/home/peeranut/ros2_ws/install/simple_robot_nav2_ros2' for CMake config files
[1.365s] Level 1:colcon.colcon_core.shell:create_environment_hook('simple_robot_nav2_ros2', 'cmake_prefix_path')
[1.365s] INFO:colcon.colcon_core.shell:Creating environment hook '/home/peeranut/ros2_ws/install/simple_robot_nav2_ros2/share/simple_robot_nav2_ros2/hook/cmake_prefix_path.ps1'
[1.366s] INFO:colcon.colcon_core.shell:Creating environment descriptor '/home/peeranut/ros2_ws/install/simple_robot_nav2_ros2/share/simple_robot_nav2_ros2/hook/cmake_prefix_path.dsv'
[1.366s] INFO:colcon.colcon_core.shell:Creating environment hook '/home/peeranut/ros2_ws/install/simple_robot_nav2_ros2/share/simple_robot_nav2_ros2/hook/cmake_prefix_path.sh'
[1.366s] Level 1:colcon.colcon_core.environment:checking '/home/peeranut/ros2_ws/install/simple_robot_nav2_ros2/bin'
[1.366s] Level 1:colcon.colcon_core.environment:checking '/home/peeranut/ros2_ws/install/simple_robot_nav2_ros2/lib/pkgconfig/simple_robot_nav2_ros2.pc'
[1.366s] Level 1:colcon.colcon_core.environment:checking '/home/peeranut/ros2_ws/install/simple_robot_nav2_ros2/lib/python3.10/site-packages'
[1.367s] Level 1:colcon.colcon_core.environment:checking '/home/peeranut/ros2_ws/install/simple_robot_nav2_ros2/bin'
[1.368s] INFO:colcon.colcon_core.shell:Creating package script '/home/peeranut/ros2_ws/install/simple_robot_nav2_ros2/share/simple_robot_nav2_ros2/package.ps1'
[1.368s] INFO:colcon.colcon_core.shell:Creating package descriptor '/home/peeranut/ros2_ws/install/simple_robot_nav2_ros2/share/simple_robot_nav2_ros2/package.dsv'
[1.368s] INFO:colcon.colcon_core.shell:Creating package script '/home/peeranut/ros2_ws/install/simple_robot_nav2_ros2/share/simple_robot_nav2_ros2/package.sh'
[1.368s] INFO:colcon.colcon_core.shell:Creating package script '/home/peeranut/ros2_ws/install/simple_robot_nav2_ros2/share/simple_robot_nav2_ros2/package.bash'
[1.368s] INFO:colcon.colcon_core.shell:Creating package script '/home/peeranut/ros2_ws/install/simple_robot_nav2_ros2/share/simple_robot_nav2_ros2/package.zsh'
[1.369s] Level 1:colcon.colcon_core.environment:create_file_with_runtime_dependencies(/home/peeranut/ros2_ws/install/simple_robot_nav2_ros2/share/colcon-core/packages/simple_robot_nav2_ros2)
[1.370s] Level 1:colcon.colcon_core.environment:create_environment_scripts_only(mobile_robotic_course_assessment_task_2023)
[1.371s] Level 1:colcon.colcon_core.environment:checking '/home/peeranut/ros2_ws/install/mobile_robotic_course_assessment_task_2023' for CMake module files
[1.372s] Level 1:colcon.colcon_core.environment:checking '/home/peeranut/ros2_ws/install/mobile_robotic_course_assessment_task_2023' for CMake config files
[1.372s] Level 1:colcon.colcon_core.shell:create_environment_hook('mobile_robotic_course_assessment_task_2023', 'cmake_prefix_path')
[1.373s] INFO:colcon.colcon_core.shell:Creating environment hook '/home/peeranut/ros2_ws/install/mobile_robotic_course_assessment_task_2023/share/mobile_robotic_course_assessment_task_2023/hook/cmake_prefix_path.ps1'
[1.373s] INFO:colcon.colcon_core.shell:Creating environment descriptor '/home/peeranut/ros2_ws/install/mobile_robotic_course_assessment_task_2023/share/mobile_robotic_course_assessment_task_2023/hook/cmake_prefix_path.dsv'
[1.373s] INFO:colcon.colcon_core.shell:Creating environment hook '/home/peeranut/ros2_ws/install/mobile_robotic_course_assessment_task_2023/share/mobile_robotic_course_assessment_task_2023/hook/cmake_prefix_path.sh'
[1.374s] Level 1:colcon.colcon_core.environment:checking '/home/peeranut/ros2_ws/install/mobile_robotic_course_assessment_task_2023/bin'
[1.374s] Level 1:colcon.colcon_core.environment:checking '/home/peeranut/ros2_ws/install/mobile_robotic_course_assessment_task_2023/lib/pkgconfig/mobile_robotic_course_assessment_task_2023.pc'
[1.374s] Level 1:colcon.colcon_core.environment:checking '/home/peeranut/ros2_ws/install/mobile_robotic_course_assessment_task_2023/lib/python3.10/site-packages'
[1.374s] Level 1:colcon.colcon_core.environment:checking '/home/peeranut/ros2_ws/install/mobile_robotic_course_assessment_task_2023/bin'
[1.375s] INFO:colcon.colcon_core.shell:Creating package script '/home/peeranut/ros2_ws/install/mobile_robotic_course_assessment_task_2023/share/mobile_robotic_course_assessment_task_2023/package.ps1'
[1.375s] INFO:colcon.colcon_core.shell:Creating package descriptor '/home/peeranut/ros2_ws/install/mobile_robotic_course_assessment_task_2023/share/mobile_robotic_course_assessment_task_2023/package.dsv'
[1.375s] INFO:colcon.colcon_core.shell:Creating package script '/home/peeranut/ros2_ws/install/mobile_robotic_course_assessment_task_2023/share/mobile_robotic_course_assessment_task_2023/package.sh'
[1.375s] INFO:colcon.colcon_core.shell:Creating package script '/home/peeranut/ros2_ws/install/mobile_robotic_course_assessment_task_2023/share/mobile_robotic_course_assessment_task_2023/package.bash'
[1.376s] INFO:colcon.colcon_core.shell:Creating package script '/home/peeranut/ros2_ws/install/mobile_robotic_course_assessment_task_2023/share/mobile_robotic_course_assessment_task_2023/package.zsh'
[1.376s] Level 1:colcon.colcon_core.environment:create_file_with_runtime_dependencies(/home/peeranut/ros2_ws/install/mobile_robotic_course_assessment_task_2023/share/colcon-core/packages/mobile_robotic_course_assessment_task_2023)
[1.379s] DEBUG:colcon.colcon_core.event_handler.log_command:Invoking command in '/home/peeranut/ros2_ws/build/explore_lite': CMAKE_PREFIX_PATH=${CMAKE_PREFIX_PATH}:/opt/ros/humble /usr/bin/cmake --install /home/peeranut/ros2_ws/build/explore_lite
[1.379s] DEBUG:colcon.colcon_core.event_handler.log_command:Invoked command in '/home/peeranut/ros2_ws/build/multirobot_map_merge' returned '0': CMAKE_PREFIX_PATH=${CMAKE_PREFIX_PATH}:/opt/ros/humble /usr/bin/cmake --build /home/peeranut/ros2_ws/build/multirobot_map_merge -- -j20 -l20
[1.388s] Level 1:colcon.colcon_core.environment:create_environment_scripts_only(explore_lite)
[1.389s] Level 1:colcon.colcon_core.environment:checking '/home/peeranut/ros2_ws/install/explore_lite' for CMake module files
[1.390s] DEBUG:colcon.colcon_core.event_handler.log_command:Invoked command in '/home/peeranut/ros2_ws/build/explore_lite' returned '0': CMAKE_PREFIX_PATH=${CMAKE_PREFIX_PATH}:/opt/ros/humble /usr/bin/cmake --install /home/peeranut/ros2_ws/build/explore_lite
[1.390s] Level 1:colcon.colcon_core.environment:checking '/home/peeranut/ros2_ws/install/explore_lite' for CMake config files
[1.390s] Level 1:colcon.colcon_core.shell:create_environment_hook('explore_lite', 'cmake_prefix_path')
[1.391s] INFO:colcon.colcon_core.shell:Creating environment hook '/home/peeranut/ros2_ws/install/explore_lite/share/explore_lite/hook/cmake_prefix_path.ps1'
[1.391s] INFO:colcon.colcon_core.shell:Creating environment descriptor '/home/peeranut/ros2_ws/install/explore_lite/share/explore_lite/hook/cmake_prefix_path.dsv'
[1.391s] INFO:colcon.colcon_core.shell:Creating environment hook '/home/peeranut/ros2_ws/install/explore_lite/share/explore_lite/hook/cmake_prefix_path.sh'
[1.391s] Level 1:colcon.colcon_core.environment:checking '/home/peeranut/ros2_ws/install/explore_lite/lib'
[1.392s] Level 1:colcon.colcon_core.environment:checking '/home/peeranut/ros2_ws/install/explore_lite/bin'
[1.392s] Level 1:colcon.colcon_core.environment:checking '/home/peeranut/ros2_ws/install/explore_lite/lib/pkgconfig/explore_lite.pc'
[1.392s] Level 1:colcon.colcon_core.environment:checking '/home/peeranut/ros2_ws/install/explore_lite/lib/python3.10/site-packages'
[1.392s] Level 1:colcon.colcon_core.environment:checking '/home/peeranut/ros2_ws/install/explore_lite/bin'
[1.393s] INFO:colcon.colcon_core.shell:Creating package script '/home/peeranut/ros2_ws/install/explore_lite/share/explore_lite/package.ps1'
[1.393s] INFO:colcon.colcon_core.shell:Creating package descriptor '/home/peeranut/ros2_ws/install/explore_lite/share/explore_lite/package.dsv'
[1.393s] INFO:colcon.colcon_core.shell:Creating package script '/home/peeranut/ros2_ws/install/explore_lite/share/explore_lite/package.sh'
[1.393s] INFO:colcon.colcon_core.shell:Creating package script '/home/peeranut/ros2_ws/install/explore_lite/share/explore_lite/package.bash'
[1.393s] INFO:colcon.colcon_core.shell:Creating package script '/home/peeranut/ros2_ws/install/explore_lite/share/explore_lite/package.zsh'
[1.393s] Level 1:colcon.colcon_core.environment:create_file_with_runtime_dependencies(/home/peeranut/ros2_ws/install/explore_lite/share/colcon-core/packages/explore_lite)
[1.398s] DEBUG:colcon.colcon_core.event_handler.log_command:Invoking command in '/home/peeranut/ros2_ws/build/multirobot_map_merge': CMAKE_PREFIX_PATH=${CMAKE_PREFIX_PATH}:/opt/ros/humble /usr/bin/cmake --install /home/peeranut/ros2_ws/build/multirobot_map_merge
[1.409s] Level 1:colcon.colcon_core.environment:create_environment_scripts_only(multirobot_map_merge)
[1.410s] Level 1:colcon.colcon_core.environment:checking '/home/peeranut/ros2_ws/install/multirobot_map_merge' for CMake module files
[1.411s] DEBUG:colcon.colcon_core.event_handler.log_command:Invoked command in '/home/peeranut/ros2_ws/build/multirobot_map_merge' returned '0': CMAKE_PREFIX_PATH=${CMAKE_PREFIX_PATH}:/opt/ros/humble /usr/bin/cmake --install /home/peeranut/ros2_ws/build/multirobot_map_merge
[1.411s] Level 1:colcon.colcon_core.environment:checking '/home/peeranut/ros2_ws/install/multirobot_map_merge' for CMake config files
[1.411s] Level 1:colcon.colcon_core.shell:create_environment_hook('multirobot_map_merge', 'cmake_prefix_path')
[1.412s] INFO:colcon.colcon_core.shell:Creating environment hook '/home/peeranut/ros2_ws/install/multirobot_map_merge/share/multirobot_map_merge/hook/cmake_prefix_path.ps1'
[1.412s] INFO:colcon.colcon_core.shell:Creating environment descriptor '/home/peeranut/ros2_ws/install/multirobot_map_merge/share/multirobot_map_merge/hook/cmake_prefix_path.dsv'
[1.412s] INFO:colcon.colcon_core.shell:Creating environment hook '/home/peeranut/ros2_ws/install/multirobot_map_merge/share/multirobot_map_merge/hook/cmake_prefix_path.sh'
[1.413s] Level 1:colcon.colcon_core.environment:checking '/home/peeranut/ros2_ws/install/multirobot_map_merge/lib'
[1.413s] Level 1:colcon.colcon_core.environment:checking '/home/peeranut/ros2_ws/install/multirobot_map_merge/bin'
[1.413s] Level 1:colcon.colcon_core.environment:checking '/home/peeranut/ros2_ws/install/multirobot_map_merge/lib/pkgconfig/multirobot_map_merge.pc'
[1.413s] Level 1:colcon.colcon_core.environment:checking '/home/peeranut/ros2_ws/install/multirobot_map_merge/lib/python3.10/site-packages'
[1.413s] Level 1:colcon.colcon_core.environment:checking '/home/peeranut/ros2_ws/install/multirobot_map_merge/bin'
[1.414s] INFO:colcon.colcon_core.shell:Creating package script '/home/peeranut/ros2_ws/install/multirobot_map_merge/share/multirobot_map_merge/package.ps1'
[1.414s] INFO:colcon.colcon_core.shell:Creating package descriptor '/home/peeranut/ros2_ws/install/multirobot_map_merge/share/multirobot_map_merge/package.dsv'
[1.414s] INFO:colcon.colcon_core.shell:Creating package script '/home/peeranut/ros2_ws/install/multirobot_map_merge/share/multirobot_map_merge/package.sh'
[1.414s] INFO:colcon.colcon_core.shell:Creating package script '/home/peeranut/ros2_ws/install/multirobot_map_merge/share/multirobot_map_merge/package.bash'
[1.414s] INFO:colcon.colcon_core.shell:Creating package script '/home/peeranut/ros2_ws/install/multirobot_map_merge/share/multirobot_map_merge/package.zsh'
[1.414s] Level 1:colcon.colcon_core.environment:create_file_with_runtime_dependencies(/home/peeranut/ros2_ws/install/multirobot_map_merge/share/colcon-core/packages/multirobot_map_merge)
[1.416s] Level 1:colcon.colcon_core.environment:create_environment_scripts_only(explore_lite)
[1.417s] Level 1:colcon.colcon_core.environment:checking '/home/peeranut/ros2_ws/install/explore_lite' for CMake module files
[1.417s] Level 1:colcon.colcon_core.environment:checking '/home/peeranut/ros2_ws/install/explore_lite' for CMake config files
[1.417s] Level 1:colcon.colcon_core.shell:create_environment_hook('explore_lite', 'cmake_prefix_path')
[1.418s] INFO:colcon.colcon_core.shell:Creating environment hook '/home/peeranut/ros2_ws/install/explore_lite/share/explore_lite/hook/cmake_prefix_path.ps1'
[1.418s] INFO:colcon.colcon_core.shell:Creating environment descriptor '/home/peeranut/ros2_ws/install/explore_lite/share/explore_lite/hook/cmake_prefix_path.dsv'
[1.418s] INFO:colcon.colcon_core.shell:Creating environment hook '/home/peeranut/ros2_ws/install/explore_lite/share/explore_lite/hook/cmake_prefix_path.sh'
[1.418s] Level 1:colcon.colcon_core.environment:checking '/home/peeranut/ros2_ws/install/explore_lite/lib'
[1.418s] Level 1:colcon.colcon_core.environment:checking '/home/peeranut/ros2_ws/install/explore_lite/bin'
[1.419s] Level 1:colcon.colcon_core.environment:checking '/home/peeranut/ros2_ws/install/explore_lite/lib/pkgconfig/explore_lite.pc'
[1.419s] Level 1:colcon.colcon_core.environment:checking '/home/peeranut/ros2_ws/install/explore_lite/lib/python3.10/site-packages'
[1.419s] Level 1:colcon.colcon_core.environment:checking '/home/peeranut/ros2_ws/install/explore_lite/bin'
[1.419s] INFO:colcon.colcon_core.shell:Creating package script '/home/peeranut/ros2_ws/install/explore_lite/share/explore_lite/package.ps1'
[1.420s] INFO:colcon.colcon_core.shell:Creating package descriptor '/home/peeranut/ros2_ws/install/explore_lite/share/explore_lite/package.dsv'
[1.420s] INFO:colcon.colcon_core.shell:Creating package script '/home/peeranut/ros2_ws/install/explore_lite/share/explore_lite/package.sh'
[1.420s] INFO:colcon.colcon_core.shell:Creating package script '/home/peeranut/ros2_ws/install/explore_lite/share/explore_lite/package.bash'
[1.420s] INFO:colcon.colcon_core.shell:Creating package script '/home/peeranut/ros2_ws/install/explore_lite/share/explore_lite/package.zsh'
[1.421s] Level 1:colcon.colcon_core.environment:create_file_with_runtime_dependencies(/home/peeranut/ros2_ws/install/explore_lite/share/colcon-core/packages/explore_lite)
[1.433s] Level 1:colcon.colcon_core.environment:create_environment_scripts_only(multirobot_map_merge)
[1.434s] Level 1:colcon.colcon_core.environment:checking '/home/peeranut/ros2_ws/install/multirobot_map_merge' for CMake module files
[1.435s] Level 1:colcon.colcon_core.environment:checking '/home/peeranut/ros2_ws/install/multirobot_map_merge' for CMake config files
[1.435s] Level 1:colcon.colcon_core.shell:create_environment_hook('multirobot_map_merge', 'cmake_prefix_path')
[1.435s] INFO:colcon.colcon_core.shell:Creating environment hook '/home/peeranut/ros2_ws/install/multirobot_map_merge/share/multirobot_map_merge/hook/cmake_prefix_path.ps1'
[1.436s] INFO:colcon.colcon_core.shell:Creating environment descriptor '/home/peeranut/ros2_ws/install/multirobot_map_merge/share/multirobot_map_merge/hook/cmake_prefix_path.dsv'
[1.436s] INFO:colcon.colcon_core.shell:Creating environment hook '/home/peeranut/ros2_ws/install/multirobot_map_merge/share/multirobot_map_merge/hook/cmake_prefix_path.sh'
[1.436s] Level 1:colcon.colcon_core.environment:checking '/home/peeranut/ros2_ws/install/multirobot_map_merge/lib'
[1.436s] Level 1:colcon.colcon_core.environment:checking '/home/peeranut/ros2_ws/install/multirobot_map_merge/bin'
[1.436s] Level 1:colcon.colcon_core.environment:checking '/home/peeranut/ros2_ws/install/multirobot_map_merge/lib/pkgconfig/multirobot_map_merge.pc'
[1.436s] Level 1:colcon.colcon_core.environment:checking '/home/peeranut/ros2_ws/install/multirobot_map_merge/lib/python3.10/site-packages'
[1.436s] Level 1:colcon.colcon_core.environment:checking '/home/peeranut/ros2_ws/install/multirobot_map_merge/bin'
[1.437s] INFO:colcon.colcon_core.shell:Creating package script '/home/peeranut/ros2_ws/install/multirobot_map_merge/share/multirobot_map_merge/package.ps1'
[1.437s] INFO:colcon.colcon_core.shell:Creating package descriptor '/home/peeranut/ros2_ws/install/multirobot_map_merge/share/multirobot_map_merge/package.dsv'
[1.437s] INFO:colcon.colcon_core.shell:Creating package script '/home/peeranut/ros2_ws/install/multirobot_map_merge/share/multirobot_map_merge/package.sh'
[1.437s] INFO:colcon.colcon_core.shell:Creating package script '/home/peeranut/ros2_ws/install/multirobot_map_merge/share/multirobot_map_merge/package.bash'
[1.438s] INFO:colcon.colcon_core.shell:Creating package script '/home/peeranut/ros2_ws/install/multirobot_map_merge/share/multirobot_map_merge/package.zsh'
[1.438s] Level 1:colcon.colcon_core.environment:create_file_with_runtime_dependencies(/home/peeranut/ros2_ws/install/multirobot_map_merge/share/colcon-core/packages/multirobot_map_merge)
[1.438s] DEBUG:colcon.colcon_parallel_executor.executor.parallel:closing loop
[1.438s] DEBUG:colcon.colcon_parallel_executor.executor.parallel:loop closed
[1.439s] DEBUG:colcon.colcon_parallel_executor.executor.parallel:run_until_complete finished with '0'
[1.439s] DEBUG:colcon.colcon_core.event_reactor:joining thread
[1.588s] INFO:colcon.colcon_core.plugin_system:Skipping extension 'colcon_notification.desktop_notification.notify_send': Could not find 'notify-send'
[1.588s] INFO:colcon.colcon_core.plugin_system:Skipping extension 'colcon_notification.desktop_notification.terminal_notifier': Not used on non-Darwin systems
[1.588s] INFO:colcon.colcon_core.plugin_system:Skipping extension 'colcon_notification.desktop_notification.win32': Not used on non-Windows systems
[1.588s] INFO:colcon.colcon_notification.desktop_notification:Sending desktop notification using 'notify2'
[1.589s] DEBUG:colcon.colcon_notification.desktop_notification.notify2:Failed to initialize notify2: org.freedesktop.DBus.Error.ServiceUnknown: The name org.freedesktop.Notifications was not provided by any .service files
[1.590s] DEBUG:colcon.colcon_core.event_reactor:joined thread
[1.590s] INFO:colcon.colcon_core.shell:Creating prefix script '/home/peeranut/ros2_ws/install/local_setup.ps1'
[1.593s] INFO:colcon.colcon_core.shell:Creating prefix util module '/home/peeranut/ros2_ws/install/_local_setup_util_ps1.py'
[1.594s] INFO:colcon.colcon_core.shell:Creating prefix chain script '/home/peeranut/ros2_ws/install/setup.ps1'
[1.596s] INFO:colcon.colcon_core.shell:Creating prefix script '/home/peeranut/ros2_ws/install/local_setup.sh'
[1.596s] INFO:colcon.colcon_core.shell:Creating prefix util module '/home/peeranut/ros2_ws/install/_local_setup_util_sh.py'
[1.596s] INFO:colcon.colcon_core.shell:Creating prefix chain script '/home/peeranut/ros2_ws/install/setup.sh'
[1.598s] INFO:colcon.colcon_core.shell:Creating prefix script '/home/peeranut/ros2_ws/install/local_setup.bash'
[1.598s] INFO:colcon.colcon_core.shell:Creating prefix chain script '/home/peeranut/ros2_ws/install/setup.bash'
[1.599s] INFO:colcon.colcon_core.shell:Creating prefix script '/home/peeranut/ros2_ws/install/local_setup.zsh'
[1.600s] INFO:colcon.colcon_core.shell:Creating prefix chain script '/home/peeranut/ros2_ws/install/setup.zsh'
