[0.037s] Invoking command in '/home/peeranut/ros2_ws/build/mobile_robotic_course_assessment_task_2023': CMAKE_PREFIX_PATH=${CMAKE_PREFIX_PATH}:/opt/ros/humble /usr/bin/cmake --build /home/peeranut/ros2_ws/build/mobile_robotic_course_assessment_task_2023 -- -j20 -l20
[0.150s] Invoked command in '/home/peeranut/ros2_ws/build/mobile_robotic_course_assessment_task_2023' returned '0': CMAKE_PREFIX_PATH=${CMAKE_PREFIX_PATH}:/opt/ros/humble /usr/bin/cmake --build /home/peeranut/ros2_ws/build/mobile_robotic_course_assessment_task_2023 -- -j20 -l20
[0.165s] Invoking command in '/home/peeranut/ros2_ws/build/mobile_robotic_course_assessment_task_2023': CMAKE_PREFIX_PATH=${CMAKE_PREFIX_PATH}:/opt/ros/humble /usr/bin/cmake --install /home/peeranut/ros2_ws/build/mobile_robotic_course_assessment_task_2023
[0.171s] -- Install configuration: ""
[0.172s] -- Up-to-date: /home/peeranut/ros2_ws/install/mobile_robotic_course_assessment_task_2023/share/mobile_robotic_course_assessment_task_2023/config
[0.172s] -- Up-to-date: /home/peeranut/ros2_ws/install/mobile_robotic_course_assessment_task_2023/share/mobile_robotic_course_assessment_task_2023/config/twist_mux.yaml
[0.172s] -- Up-to-date: /home/peeranut/ros2_ws/install/mobile_robotic_course_assessment_task_2023/share/mobile_robotic_course_assessment_task_2023/config/amcl.yaml
[0.173s] -- Up-to-date: /home/peeranut/ros2_ws/install/mobile_robotic_course_assessment_task_2023/share/mobile_robotic_course_assessment_task_2023/config/simple_diff_drive.yaml
[0.173s] -- Up-to-date: /home/peeranut/ros2_ws/install/mobile_robotic_course_assessment_task_2023/share/mobile_robotic_course_assessment_task_2023/launch
[0.174s] -- Up-to-date: /home/peeranut/ros2_ws/install/mobile_robotic_course_assessment_task_2023/share/mobile_robotic_course_assessment_task_2023/launch/simple_robot_nav2_bringup.launch.py
[0.174s] -- Up-to-date: /home/peeranut/ros2_ws/install/mobile_robotic_course_assessment_task_2023/share/mobile_robotic_course_assessment_task_2023/launch/mobile_robotic_course_assessment_task_2023.launch.py
[0.174s] -- Up-to-date: /home/peeranut/ros2_ws/install/mobile_robotic_course_assessment_task_2023/share/mobile_robotic_course_assessment_task_2023/launch/simple_robot_nav2.launch.py
[0.174s] -- Up-to-date: /home/peeranut/ros2_ws/install/mobile_robotic_course_assessment_task_2023/share/mobile_robotic_course_assessment_task_2023/worlds
[0.174s] -- Up-to-date: /home/peeranut/ros2_ws/install/mobile_robotic_course_assessment_task_2023/share/mobile_robotic_course_assessment_task_2023/worlds/smaze_wall_short
[0.175s] -- Up-to-date: /home/peeranut/ros2_ws/install/mobile_robotic_course_assessment_task_2023/share/mobile_robotic_course_assessment_task_2023/worlds/smaze_wall_short/model.config_com.dropbox.attrs
[0.176s] -- Up-to-date: /home/peeranut/ros2_ws/install/mobile_robotic_course_assessment_task_2023/share/mobile_robotic_course_assessment_task_2023/worlds/smaze_wall_short/model.sdf_Zone.Identifier
[0.176s] -- Up-to-date: /home/peeranut/ros2_ws/install/mobile_robotic_course_assessment_task_2023/share/mobile_robotic_course_assessment_task_2023/worlds/smaze_wall_short/model.config_com.dropbox.attrs:Zone.Identifier
[0.176s] -- Up-to-date: /home/peeranut/ros2_ws/install/mobile_robotic_course_assessment_task_2023/share/mobile_robotic_course_assessment_task_2023/worlds/smaze_wall_short/model.config
[0.176s] -- Up-to-date: /home/peeranut/ros2_ws/install/mobile_robotic_course_assessment_task_2023/share/mobile_robotic_course_assessment_task_2023/worlds/smaze_wall_short/model.sdf_com.dropbox.attrs:Zone.Identifier
[0.176s] -- Up-to-date: /home/peeranut/ros2_ws/install/mobile_robotic_course_assessment_task_2023/share/mobile_robotic_course_assessment_task_2023/worlds/smaze_wall_short/model.sdf_Zone.Identifier:Zone.Identifier
[0.181s] -- Up-to-date: /home/peeranut/ros2_ws/install/mobile_robotic_course_assessment_task_2023/share/mobile_robotic_course_assessment_task_2023/worlds/smaze_wall_short/model.sdf
[0.181s] -- Up-to-date: /home/peeranut/ros2_ws/install/mobile_robotic_course_assessment_task_2023/share/mobile_robotic_course_assessment_task_2023/worlds/smaze_wall_short/model.config_Zone.Identifier
[0.181s] -- Up-to-date: /home/peeranut/ros2_ws/install/mobile_robotic_course_assessment_task_2023/share/mobile_robotic_course_assessment_task_2023/worlds/smaze_wall_short/materials
[0.182s] -- Up-to-date: /home/peeranut/ros2_ws/install/mobile_robotic_course_assessment_task_2023/share/mobile_robotic_course_assessment_task_2023/worlds/smaze_wall_short/materials/textures
[0.183s] -- Up-to-date: /home/peeranut/ros2_ws/install/mobile_robotic_course_assessment_task_2023/share/mobile_robotic_course_assessment_task_2023/worlds/smaze_wall_short/materials/textures/bush.jpg
[0.183s] -- Up-to-date: /home/peeranut/ros2_ws/install/mobile_robotic_course_assessment_task_2023/share/mobile_robotic_course_assessment_task_2023/worlds/smaze_wall_short/materials/textures/bush.jpg_Zone.Identifier
[0.183s] -- Up-to-date: /home/peeranut/ros2_ws/install/mobile_robotic_course_assessment_task_2023/share/mobile_robotic_course_assessment_task_2023/worlds/smaze_wall_short/materials/textures/bush.jpg_com.dropbox.attrs:Zone.Identifier
[0.183s] -- Up-to-date: /home/peeranut/ros2_ws/install/mobile_robotic_course_assessment_task_2023/share/mobile_robotic_course_assessment_task_2023/worlds/smaze_wall_short/materials/textures/bush.jpg_Zone.Identifier:Zone.Identifier
[0.184s] -- Up-to-date: /home/peeranut/ros2_ws/install/mobile_robotic_course_assessment_task_2023/share/mobile_robotic_course_assessment_task_2023/worlds/smaze_wall_short/materials/textures/bush.jpg:Zone.Identifier
[0.184s] -- Up-to-date: /home/peeranut/ros2_ws/install/mobile_robotic_course_assessment_task_2023/share/mobile_robotic_course_assessment_task_2023/worlds/smaze_wall_short/materials/textures/bush.jpg_com.dropbox.attrs
[0.184s] -- Up-to-date: /home/peeranut/ros2_ws/install/mobile_robotic_course_assessment_task_2023/share/mobile_robotic_course_assessment_task_2023/worlds/smaze_wall_short/materials/scripts
[0.187s] -- Up-to-date: /home/peeranut/ros2_ws/install/mobile_robotic_course_assessment_task_2023/share/mobile_robotic_course_assessment_task_2023/worlds/smaze_wall_short/materials/scripts/smaze_wall_short.material_com.dropbox.attrs:Zone.Identifier
[0.187s] -- Up-to-date: /home/peeranut/ros2_ws/install/mobile_robotic_course_assessment_task_2023/share/mobile_robotic_course_assessment_task_2023/worlds/smaze_wall_short/materials/scripts/smaze_wall_short.material
[0.187s] -- Up-to-date: /home/peeranut/ros2_ws/install/mobile_robotic_course_assessment_task_2023/share/mobile_robotic_course_assessment_task_2023/worlds/smaze_wall_short/materials/scripts/smaze_wall_short.material_Zone.Identifier
[0.188s] -- Up-to-date: /home/peeranut/ros2_ws/install/mobile_robotic_course_assessment_task_2023/share/mobile_robotic_course_assessment_task_2023/worlds/smaze_wall_short/materials/scripts/smaze_wall_short.material_com.dropbox.attrs
[0.188s] -- Up-to-date: /home/peeranut/ros2_ws/install/mobile_robotic_course_assessment_task_2023/share/mobile_robotic_course_assessment_task_2023/worlds/smaze_wall_short/materials/scripts/smaze_wall_short.material:Zone.Identifier
[0.188s] -- Up-to-date: /home/peeranut/ros2_ws/install/mobile_robotic_course_assessment_task_2023/share/mobile_robotic_course_assessment_task_2023/worlds/smaze_wall_short/materials/scripts/smaze_wall_short.material_Zone.Identifier:Zone.Identifier
[0.188s] -- Up-to-date: /home/peeranut/ros2_ws/install/mobile_robotic_course_assessment_task_2023/share/mobile_robotic_course_assessment_task_2023/worlds/smaze_wall_short/model.config:Zone.Identifier
[0.188s] -- Up-to-date: /home/peeranut/ros2_ws/install/mobile_robotic_course_assessment_task_2023/share/mobile_robotic_course_assessment_task_2023/worlds/smaze_wall_short/model.config_Zone.Identifier:Zone.Identifier
[0.188s] -- Up-to-date: /home/peeranut/ros2_ws/install/mobile_robotic_course_assessment_task_2023/share/mobile_robotic_course_assessment_task_2023/worlds/smaze_wall_short/model.sdf:Zone.Identifier
[0.188s] -- Up-to-date: /home/peeranut/ros2_ws/install/mobile_robotic_course_assessment_task_2023/share/mobile_robotic_course_assessment_task_2023/worlds/smaze_wall_short/model.sdf_com.dropbox.attrs
[0.188s] -- Up-to-date: /home/peeranut/ros2_ws/install/mobile_robotic_course_assessment_task_2023/share/mobile_robotic_course_assessment_task_2023/worlds/pavers_plane
[0.188s] -- Up-to-date: /home/peeranut/ros2_ws/install/mobile_robotic_course_assessment_task_2023/share/mobile_robotic_course_assessment_task_2023/worlds/pavers_plane/model.config_com.dropbox.attrs
[0.188s] -- Up-to-date: /home/peeranut/ros2_ws/install/mobile_robotic_course_assessment_task_2023/share/mobile_robotic_course_assessment_task_2023/worlds/pavers_plane/model.sdf_Zone.Identifier
[0.188s] -- Up-to-date: /home/peeranut/ros2_ws/install/mobile_robotic_course_assessment_task_2023/share/mobile_robotic_course_assessment_task_2023/worlds/pavers_plane/model.config_com.dropbox.attrs:Zone.Identifier
[0.188s] -- Up-to-date: /home/peeranut/ros2_ws/install/mobile_robotic_course_assessment_task_2023/share/mobile_robotic_course_assessment_task_2023/worlds/pavers_plane/model.config
[0.188s] -- Up-to-date: /home/peeranut/ros2_ws/install/mobile_robotic_course_assessment_task_2023/share/mobile_robotic_course_assessment_task_2023/worlds/pavers_plane/model.sdf_com.dropbox.attrs:Zone.Identifier
[0.188s] -- Up-to-date: /home/peeranut/ros2_ws/install/mobile_robotic_course_assessment_task_2023/share/mobile_robotic_course_assessment_task_2023/worlds/pavers_plane/model.sdf_Zone.Identifier:Zone.Identifier
[0.188s] -- Up-to-date: /home/peeranut/ros2_ws/install/mobile_robotic_course_assessment_task_2023/share/mobile_robotic_course_assessment_task_2023/worlds/pavers_plane/model.sdf
[0.188s] -- Up-to-date: /home/peeranut/ros2_ws/install/mobile_robotic_course_assessment_task_2023/share/mobile_robotic_course_assessment_task_2023/worlds/pavers_plane/model.config_Zone.Identifier
[0.189s] -- Up-to-date: /home/peeranut/ros2_ws/install/mobile_robotic_course_assessment_task_2023/share/mobile_robotic_course_assessment_task_2023/worlds/pavers_plane/materials
[0.189s] -- Up-to-date: /home/peeranut/ros2_ws/install/mobile_robotic_course_assessment_task_2023/share/mobile_robotic_course_assessment_task_2023/worlds/pavers_plane/materials/textures
[0.189s] -- Up-to-date: /home/peeranut/ros2_ws/install/mobile_robotic_course_assessment_task_2023/share/mobile_robotic_course_assessment_task_2023/worlds/pavers_plane/materials/textures/grass_dry.png_com.dropbox.attrs
[0.189s] -- Up-to-date: /home/peeranut/ros2_ws/install/mobile_robotic_course_assessment_task_2023/share/mobile_robotic_course_assessment_task_2023/worlds/pavers_plane/materials/textures/grass_Zone.Identifier:Zone.Identifier
[0.189s] -- Up-to-date: /home/peeranut/ros2_ws/install/mobile_robotic_course_assessment_task_2023/share/mobile_robotic_course_assessment_task_2023/worlds/pavers_plane/materials/textures/grass_dry.png_Zone.Identifier
[0.189s] -- Up-to-date: /home/peeranut/ros2_ws/install/mobile_robotic_course_assessment_task_2023/share/mobile_robotic_course_assessment_task_2023/worlds/pavers_plane/materials/textures/grass_dry3.jpg_Zone.Identifier
[0.189s] -- Up-to-date: /home/peeranut/ros2_ws/install/mobile_robotic_course_assessment_task_2023/share/mobile_robotic_course_assessment_task_2023/worlds/pavers_plane/materials/textures/grass_dry3.jpg_Zone.Identifier:Zone.Identifier
[0.189s] -- Up-to-date: /home/peeranut/ros2_ws/install/mobile_robotic_course_assessment_task_2023/share/mobile_robotic_course_assessment_task_2023/worlds/pavers_plane/materials/textures/grass
[0.190s] -- Up-to-date: /home/peeranut/ros2_ws/install/mobile_robotic_course_assessment_task_2023/share/mobile_robotic_course_assessment_task_2023/worlds/pavers_plane/materials/textures/grass_dry3.jpg_com.dropbox.attrs:Zone.Identifier
[0.190s] -- Up-to-date: /home/peeranut/ros2_ws/install/mobile_robotic_course_assessment_task_2023/share/mobile_robotic_course_assessment_task_2023/worlds/pavers_plane/materials/textures/grass_com.dropbox.attrs
[0.190s] -- Up-to-date: /home/peeranut/ros2_ws/install/mobile_robotic_course_assessment_task_2023/share/mobile_robotic_course_assessment_task_2023/worlds/pavers_plane/materials/textures/grass_dry2.jpg_Zone.Identifier:Zone.Identifier
[0.190s] -- Up-to-date: /home/peeranut/ros2_ws/install/mobile_robotic_course_assessment_task_2023/share/mobile_robotic_course_assessment_task_2023/worlds/pavers_plane/materials/textures/grass_dry.png:Zone.Identifier
[0.190s] -- Up-to-date: /home/peeranut/ros2_ws/install/mobile_robotic_course_assessment_task_2023/share/mobile_robotic_course_assessment_task_2023/worlds/pavers_plane/materials/textures/grass_dry2.jpg_com.dropbox.attrs
[0.190s] -- Up-to-date: /home/peeranut/ros2_ws/install/mobile_robotic_course_assessment_task_2023/share/mobile_robotic_course_assessment_task_2023/worlds/pavers_plane/materials/textures/grass_dry.png
[0.190s] -- Up-to-date: /home/peeranut/ros2_ws/install/mobile_robotic_course_assessment_task_2023/share/mobile_robotic_course_assessment_task_2023/worlds/pavers_plane/materials/textures/grass_dry3.jpg:Zone.Identifier
[0.190s] -- Up-to-date: /home/peeranut/ros2_ws/install/mobile_robotic_course_assessment_task_2023/share/mobile_robotic_course_assessment_task_2023/worlds/pavers_plane/materials/textures/grass_dry.png_Zone.Identifier:Zone.Identifier
[0.190s] -- Up-to-date: /home/peeranut/ros2_ws/install/mobile_robotic_course_assessment_task_2023/share/mobile_robotic_course_assessment_task_2023/worlds/pavers_plane/materials/textures/grass_dry2.jpg_Zone.Identifier
[0.190s] -- Up-to-date: /home/peeranut/ros2_ws/install/mobile_robotic_course_assessment_task_2023/share/mobile_robotic_course_assessment_task_2023/worlds/pavers_plane/materials/textures/grass_dry3.jpg
[0.190s] -- Up-to-date: /home/peeranut/ros2_ws/install/mobile_robotic_course_assessment_task_2023/share/mobile_robotic_course_assessment_task_2023/worlds/pavers_plane/materials/textures/grass_dry2.jpg:Zone.Identifier
[0.191s] -- Up-to-date: /home/peeranut/ros2_ws/install/mobile_robotic_course_assessment_task_2023/share/mobile_robotic_course_assessment_task_2023/worlds/pavers_plane/materials/textures/grass_dry2.jpg
[0.191s] -- Up-to-date: /home/peeranut/ros2_ws/install/mobile_robotic_course_assessment_task_2023/share/mobile_robotic_course_assessment_task_2023/worlds/pavers_plane/materials/textures/grass_dry2.jpg_com.dropbox.attrs:Zone.Identifier
[0.191s] -- Up-to-date: /home/peeranut/ros2_ws/install/mobile_robotic_course_assessment_task_2023/share/mobile_robotic_course_assessment_task_2023/worlds/pavers_plane/materials/textures/grass_dry3.jpg_com.dropbox.attrs
[0.191s] -- Up-to-date: /home/peeranut/ros2_ws/install/mobile_robotic_course_assessment_task_2023/share/mobile_robotic_course_assessment_task_2023/worlds/pavers_plane/materials/textures/grass_Zone.Identifier
[0.191s] -- Up-to-date: /home/peeranut/ros2_ws/install/mobile_robotic_course_assessment_task_2023/share/mobile_robotic_course_assessment_task_2023/worlds/pavers_plane/materials/textures/grass:Zone.Identifier
[0.191s] -- Up-to-date: /home/peeranut/ros2_ws/install/mobile_robotic_course_assessment_task_2023/share/mobile_robotic_course_assessment_task_2023/worlds/pavers_plane/materials/textures/grass_dry.png_com.dropbox.attrs:Zone.Identifier
[0.191s] -- Up-to-date: /home/peeranut/ros2_ws/install/mobile_robotic_course_assessment_task_2023/share/mobile_robotic_course_assessment_task_2023/worlds/pavers_plane/materials/textures/grass_com.dropbox.attrs:Zone.Identifier
[0.191s] -- Up-to-date: /home/peeranut/ros2_ws/install/mobile_robotic_course_assessment_task_2023/share/mobile_robotic_course_assessment_task_2023/worlds/pavers_plane/materials/scripts
[0.192s] -- Up-to-date: /home/peeranut/ros2_ws/install/mobile_robotic_course_assessment_task_2023/share/mobile_robotic_course_assessment_task_2023/worlds/pavers_plane/materials/scripts/grass_plane.material_com.dropbox.attrs:Zone.Identifier
[0.192s] -- Up-to-date: /home/peeranut/ros2_ws/install/mobile_robotic_course_assessment_task_2023/share/mobile_robotic_course_assessment_task_2023/worlds/pavers_plane/materials/scripts/grass_plane.material:Zone.Identifier
[0.192s] -- Up-to-date: /home/peeranut/ros2_ws/install/mobile_robotic_course_assessment_task_2023/share/mobile_robotic_course_assessment_task_2023/worlds/pavers_plane/materials/scripts/grass_plane.material_com.dropbox.attrs
[0.192s] -- Up-to-date: /home/peeranut/ros2_ws/install/mobile_robotic_course_assessment_task_2023/share/mobile_robotic_course_assessment_task_2023/worlds/pavers_plane/materials/scripts/grass_plane.material_Zone.Identifier
[0.192s] -- Up-to-date: /home/peeranut/ros2_ws/install/mobile_robotic_course_assessment_task_2023/share/mobile_robotic_course_assessment_task_2023/worlds/pavers_plane/materials/scripts/grass_plane.material_Zone.Identifier:Zone.Identifier
[0.193s] -- Up-to-date: /home/peeranut/ros2_ws/install/mobile_robotic_course_assessment_task_2023/share/mobile_robotic_course_assessment_task_2023/worlds/pavers_plane/materials/scripts/grass_plane.material
[0.193s] -- Up-to-date: /home/peeranut/ros2_ws/install/mobile_robotic_course_assessment_task_2023/share/mobile_robotic_course_assessment_task_2023/worlds/pavers_plane/model.config:Zone.Identifier
[0.193s] -- Up-to-date: /home/peeranut/ros2_ws/install/mobile_robotic_course_assessment_task_2023/share/mobile_robotic_course_assessment_task_2023/worlds/pavers_plane/model.config_Zone.Identifier:Zone.Identifier
[0.193s] -- Up-to-date: /home/peeranut/ros2_ws/install/mobile_robotic_course_assessment_task_2023/share/mobile_robotic_course_assessment_task_2023/worlds/pavers_plane/model.sdf:Zone.Identifier
[0.194s] -- Up-to-date: /home/peeranut/ros2_ws/install/mobile_robotic_course_assessment_task_2023/share/mobile_robotic_course_assessment_task_2023/worlds/pavers_plane/model.sdf_com.dropbox.attrs
[0.194s] -- Up-to-date: /home/peeranut/ros2_ws/install/mobile_robotic_course_assessment_task_2023/share/mobile_robotic_course_assessment_task_2023/worlds/sun_2
[0.194s] -- Up-to-date: /home/peeranut/ros2_ws/install/mobile_robotic_course_assessment_task_2023/share/mobile_robotic_course_assessment_task_2023/worlds/sun_2/model.config_com.dropbox.attrs
[0.194s] -- Up-to-date: /home/peeranut/ros2_ws/install/mobile_robotic_course_assessment_task_2023/share/mobile_robotic_course_assessment_task_2023/worlds/sun_2/model.sdf_Zone.Identifier
[0.194s] -- Up-to-date: /home/peeranut/ros2_ws/install/mobile_robotic_course_assessment_task_2023/share/mobile_robotic_course_assessment_task_2023/worlds/sun_2/model.config_com.dropbox.attrs:Zone.Identifier
[0.194s] -- Up-to-date: /home/peeranut/ros2_ws/install/mobile_robotic_course_assessment_task_2023/share/mobile_robotic_course_assessment_task_2023/worlds/sun_2/model.config
[0.194s] -- Up-to-date: /home/peeranut/ros2_ws/install/mobile_robotic_course_assessment_task_2023/share/mobile_robotic_course_assessment_task_2023/worlds/sun_2/model.sdf_com.dropbox.attrs:Zone.Identifier
[0.194s] -- Up-to-date: /home/peeranut/ros2_ws/install/mobile_robotic_course_assessment_task_2023/share/mobile_robotic_course_assessment_task_2023/worlds/sun_2/model.sdf_Zone.Identifier:Zone.Identifier
[0.194s] -- Up-to-date: /home/peeranut/ros2_ws/install/mobile_robotic_course_assessment_task_2023/share/mobile_robotic_course_assessment_task_2023/worlds/sun_2/model.sdf
[0.194s] -- Up-to-date: /home/peeranut/ros2_ws/install/mobile_robotic_course_assessment_task_2023/share/mobile_robotic_course_assessment_task_2023/worlds/sun_2/model.config_Zone.Identifier
[0.194s] -- Up-to-date: /home/peeranut/ros2_ws/install/mobile_robotic_course_assessment_task_2023/share/mobile_robotic_course_assessment_task_2023/worlds/sun_2/model.config:Zone.Identifier
[0.194s] -- Up-to-date: /home/peeranut/ros2_ws/install/mobile_robotic_course_assessment_task_2023/share/mobile_robotic_course_assessment_task_2023/worlds/sun_2/model.config_Zone.Identifier:Zone.Identifier
[0.195s] -- Up-to-date: /home/peeranut/ros2_ws/install/mobile_robotic_course_assessment_task_2023/share/mobile_robotic_course_assessment_task_2023/worlds/sun_2/model.sdf:Zone.Identifier
[0.195s] -- Up-to-date: /home/peeranut/ros2_ws/install/mobile_robotic_course_assessment_task_2023/share/mobile_robotic_course_assessment_task_2023/worlds/sun_2/model.sdf_com.dropbox.attrs
[0.195s] -- Up-to-date: /home/peeranut/ros2_ws/install/mobile_robotic_course_assessment_task_2023/share/mobile_robotic_course_assessment_task_2023/worlds/simple_world.world
[0.195s] -- Up-to-date: /home/peeranut/ros2_ws/install/mobile_robotic_course_assessment_task_2023/share/mobile_robotic_course_assessment_task_2023/worlds/smaze2d.world
[0.195s] -- Up-to-date: /home/peeranut/ros2_ws/install/mobile_robotic_course_assessment_task_2023/share/mobile_robotic_course_assessment_task_2023/worlds/sroof
[0.196s] -- Up-to-date: /home/peeranut/ros2_ws/install/mobile_robotic_course_assessment_task_2023/share/mobile_robotic_course_assessment_task_2023/worlds/sroof/model.config_com.dropbox.attrs
[0.196s] -- Up-to-date: /home/peeranut/ros2_ws/install/mobile_robotic_course_assessment_task_2023/share/mobile_robotic_course_assessment_task_2023/worlds/sroof/model.sdf_Zone.Identifier
[0.196s] -- Up-to-date: /home/peeranut/ros2_ws/install/mobile_robotic_course_assessment_task_2023/share/mobile_robotic_course_assessment_task_2023/worlds/sroof/model.config_com.dropbox.attrs:Zone.Identifier
[0.196s] -- Up-to-date: /home/peeranut/ros2_ws/install/mobile_robotic_course_assessment_task_2023/share/mobile_robotic_course_assessment_task_2023/worlds/sroof/model.config
[0.196s] -- Up-to-date: /home/peeranut/ros2_ws/install/mobile_robotic_course_assessment_task_2023/share/mobile_robotic_course_assessment_task_2023/worlds/sroof/model.sdf_com.dropbox.attrs:Zone.Identifier
[0.196s] -- Up-to-date: /home/peeranut/ros2_ws/install/mobile_robotic_course_assessment_task_2023/share/mobile_robotic_course_assessment_task_2023/worlds/sroof/model.sdf_Zone.Identifier:Zone.Identifier
[0.196s] -- Up-to-date: /home/peeranut/ros2_ws/install/mobile_robotic_course_assessment_task_2023/share/mobile_robotic_course_assessment_task_2023/worlds/sroof/model.sdf
[0.196s] -- Up-to-date: /home/peeranut/ros2_ws/install/mobile_robotic_course_assessment_task_2023/share/mobile_robotic_course_assessment_task_2023/worlds/sroof/model.config_Zone.Identifier
[0.196s] -- Up-to-date: /home/peeranut/ros2_ws/install/mobile_robotic_course_assessment_task_2023/share/mobile_robotic_course_assessment_task_2023/worlds/sroof/materials
[0.197s] -- Up-to-date: /home/peeranut/ros2_ws/install/mobile_robotic_course_assessment_task_2023/share/mobile_robotic_course_assessment_task_2023/worlds/sroof/materials/textures
[0.197s] -- Up-to-date: /home/peeranut/ros2_ws/install/mobile_robotic_course_assessment_task_2023/share/mobile_robotic_course_assessment_task_2023/worlds/sroof/materials/textures/grass_dry.png_com.dropbox.attrs
[0.197s] -- Up-to-date: /home/peeranut/ros2_ws/install/mobile_robotic_course_assessment_task_2023/share/mobile_robotic_course_assessment_task_2023/worlds/sroof/materials/textures/grass_Zone.Identifier:Zone.Identifier
[0.197s] -- Up-to-date: /home/peeranut/ros2_ws/install/mobile_robotic_course_assessment_task_2023/share/mobile_robotic_course_assessment_task_2023/worlds/sroof/materials/textures/grass_dry.png_Zone.Identifier
[0.197s] -- Up-to-date: /home/peeranut/ros2_ws/install/mobile_robotic_course_assessment_task_2023/share/mobile_robotic_course_assessment_task_2023/worlds/sroof/materials/textures/grass_dry3.jpg_Zone.Identifier
[0.198s] -- Up-to-date: /home/peeranut/ros2_ws/install/mobile_robotic_course_assessment_task_2023/share/mobile_robotic_course_assessment_task_2023/worlds/sroof/materials/textures/grass_dry3.jpg_Zone.Identifier:Zone.Identifier
[0.198s] -- Up-to-date: /home/peeranut/ros2_ws/install/mobile_robotic_course_assessment_task_2023/share/mobile_robotic_course_assessment_task_2023/worlds/sroof/materials/textures/grass
[0.198s] -- Up-to-date: /home/peeranut/ros2_ws/install/mobile_robotic_course_assessment_task_2023/share/mobile_robotic_course_assessment_task_2023/worlds/sroof/materials/textures/grass_dry3.jpg_com.dropbox.attrs:Zone.Identifier
[0.198s] -- Up-to-date: /home/peeranut/ros2_ws/install/mobile_robotic_course_assessment_task_2023/share/mobile_robotic_course_assessment_task_2023/worlds/sroof/materials/textures/grass_com.dropbox.attrs
[0.198s] -- Up-to-date: /home/peeranut/ros2_ws/install/mobile_robotic_course_assessment_task_2023/share/mobile_robotic_course_assessment_task_2023/worlds/sroof/materials/textures/grass_dry2.jpg_Zone.Identifier:Zone.Identifier
[0.198s] -- Up-to-date: /home/peeranut/ros2_ws/install/mobile_robotic_course_assessment_task_2023/share/mobile_robotic_course_assessment_task_2023/worlds/sroof/materials/textures/grass_dry.png:Zone.Identifier
[0.198s] -- Up-to-date: /home/peeranut/ros2_ws/install/mobile_robotic_course_assessment_task_2023/share/mobile_robotic_course_assessment_task_2023/worlds/sroof/materials/textures/grass_dry2.jpg_com.dropbox.attrs
[0.198s] -- Up-to-date: /home/peeranut/ros2_ws/install/mobile_robotic_course_assessment_task_2023/share/mobile_robotic_course_assessment_task_2023/worlds/sroof/materials/textures/grass_dry.png
[0.198s] -- Up-to-date: /home/peeranut/ros2_ws/install/mobile_robotic_course_assessment_task_2023/share/mobile_robotic_course_assessment_task_2023/worlds/sroof/materials/textures/grass_dry3.jpg:Zone.Identifier
[0.198s] -- Up-to-date: /home/peeranut/ros2_ws/install/mobile_robotic_course_assessment_task_2023/share/mobile_robotic_course_assessment_task_2023/worlds/sroof/materials/textures/grass_dry.png_Zone.Identifier:Zone.Identifier
[0.198s] -- Up-to-date: /home/peeranut/ros2_ws/install/mobile_robotic_course_assessment_task_2023/share/mobile_robotic_course_assessment_task_2023/worlds/sroof/materials/textures/grass_dry2.jpg_Zone.Identifier
[0.199s] -- Up-to-date: /home/peeranut/ros2_ws/install/mobile_robotic_course_assessment_task_2023/share/mobile_robotic_course_assessment_task_2023/worlds/sroof/materials/textures/grass_dry3.jpg
[0.199s] -- Up-to-date: /home/peeranut/ros2_ws/install/mobile_robotic_course_assessment_task_2023/share/mobile_robotic_course_assessment_task_2023/worlds/sroof/materials/textures/grass_dry2.jpg:Zone.Identifier
[0.199s] -- Up-to-date: /home/peeranut/ros2_ws/install/mobile_robotic_course_assessment_task_2023/share/mobile_robotic_course_assessment_task_2023/worlds/sroof/materials/textures/grass_dry2.jpg
[0.199s] -- Up-to-date: /home/peeranut/ros2_ws/install/mobile_robotic_course_assessment_task_2023/share/mobile_robotic_course_assessment_task_2023/worlds/sroof/materials/textures/grass_dry2.jpg_com.dropbox.attrs:Zone.Identifier
[0.199s] -- Up-to-date: /home/peeranut/ros2_ws/install/mobile_robotic_course_assessment_task_2023/share/mobile_robotic_course_assessment_task_2023/worlds/sroof/materials/textures/grass_dry3.jpg_com.dropbox.attrs
[0.199s] -- Up-to-date: /home/peeranut/ros2_ws/install/mobile_robotic_course_assessment_task_2023/share/mobile_robotic_course_assessment_task_2023/worlds/sroof/materials/textures/grass_Zone.Identifier
[0.199s] -- Up-to-date: /home/peeranut/ros2_ws/install/mobile_robotic_course_assessment_task_2023/share/mobile_robotic_course_assessment_task_2023/worlds/sroof/materials/textures/grass:Zone.Identifier
[0.199s] -- Up-to-date: /home/peeranut/ros2_ws/install/mobile_robotic_course_assessment_task_2023/share/mobile_robotic_course_assessment_task_2023/worlds/sroof/materials/textures/grass_dry.png_com.dropbox.attrs:Zone.Identifier
[0.199s] -- Up-to-date: /home/peeranut/ros2_ws/install/mobile_robotic_course_assessment_task_2023/share/mobile_robotic_course_assessment_task_2023/worlds/sroof/materials/textures/grass_com.dropbox.attrs:Zone.Identifier
[0.199s] -- Up-to-date: /home/peeranut/ros2_ws/install/mobile_robotic_course_assessment_task_2023/share/mobile_robotic_course_assessment_task_2023/worlds/sroof/materials/scripts
[0.200s] -- Up-to-date: /home/peeranut/ros2_ws/install/mobile_robotic_course_assessment_task_2023/share/mobile_robotic_course_assessment_task_2023/worlds/sroof/materials/scripts/sroof.material_Zone.Identifier:Zone.Identifier
[0.200s] -- Up-to-date: /home/peeranut/ros2_ws/install/mobile_robotic_course_assessment_task_2023/share/mobile_robotic_course_assessment_task_2023/worlds/sroof/materials/scripts/sroof.material_Zone.Identifier
[0.200s] -- Up-to-date: /home/peeranut/ros2_ws/install/mobile_robotic_course_assessment_task_2023/share/mobile_robotic_course_assessment_task_2023/worlds/sroof/materials/scripts/sroof.material_com.dropbox.attrs:Zone.Identifier
[0.200s] -- Up-to-date: /home/peeranut/ros2_ws/install/mobile_robotic_course_assessment_task_2023/share/mobile_robotic_course_assessment_task_2023/worlds/sroof/materials/scripts/sroof.material:Zone.Identifier
[0.200s] -- Up-to-date: /home/peeranut/ros2_ws/install/mobile_robotic_course_assessment_task_2023/share/mobile_robotic_course_assessment_task_2023/worlds/sroof/materials/scripts/sroof.material
[0.200s] -- Up-to-date: /home/peeranut/ros2_ws/install/mobile_robotic_course_assessment_task_2023/share/mobile_robotic_course_assessment_task_2023/worlds/sroof/materials/scripts/sroof.material_com.dropbox.attrs
[0.200s] -- Up-to-date: /home/peeranut/ros2_ws/install/mobile_robotic_course_assessment_task_2023/share/mobile_robotic_course_assessment_task_2023/worlds/sroof/model.config:Zone.Identifier
[0.200s] -- Up-to-date: /home/peeranut/ros2_ws/install/mobile_robotic_course_assessment_task_2023/share/mobile_robotic_course_assessment_task_2023/worlds/sroof/model.config_Zone.Identifier:Zone.Identifier
[0.200s] -- Up-to-date: /home/peeranut/ros2_ws/install/mobile_robotic_course_assessment_task_2023/share/mobile_robotic_course_assessment_task_2023/worlds/sroof/model.sdf:Zone.Identifier
[0.200s] -- Up-to-date: /home/peeranut/ros2_ws/install/mobile_robotic_course_assessment_task_2023/share/mobile_robotic_course_assessment_task_2023/worlds/sroof/model.sdf_com.dropbox.attrs
[0.200s] -- Up-to-date: /home/peeranut/ros2_ws/install/mobile_robotic_course_assessment_task_2023/share/mobile_robotic_course_assessment_task_2023/worlds/smaze2d.world:Zone.Identifier
[0.201s] -- Up-to-date: /home/peeranut/ros2_ws/install/mobile_robotic_course_assessment_task_2023/share/mobile_robotic_course_assessment_task_2023/worlds/smaze2d.world_com.dropbox.attrs
[0.201s] -- Up-to-date: /home/peeranut/ros2_ws/install/mobile_robotic_course_assessment_task_2023/share/mobile_robotic_course_assessment_task_2023/worlds/smaze2d.world_Zone.Identifier
[0.201s] -- Up-to-date: /home/peeranut/ros2_ws/install/mobile_robotic_course_assessment_task_2023/share/mobile_robotic_course_assessment_task_2023/worlds/smaze2d
[0.201s] -- Up-to-date: /home/peeranut/ros2_ws/install/mobile_robotic_course_assessment_task_2023/share/mobile_robotic_course_assessment_task_2023/worlds/smaze2d/model.config_com.dropbox.attrs
[0.201s] -- Up-to-date: /home/peeranut/ros2_ws/install/mobile_robotic_course_assessment_task_2023/share/mobile_robotic_course_assessment_task_2023/worlds/smaze2d/model.sdf_Zone.Identifier
[0.201s] -- Up-to-date: /home/peeranut/ros2_ws/install/mobile_robotic_course_assessment_task_2023/share/mobile_robotic_course_assessment_task_2023/worlds/smaze2d/model.config_com.dropbox.attrs:Zone.Identifier
[0.201s] -- Up-to-date: /home/peeranut/ros2_ws/install/mobile_robotic_course_assessment_task_2023/share/mobile_robotic_course_assessment_task_2023/worlds/smaze2d/model.config
[0.201s] -- Up-to-date: /home/peeranut/ros2_ws/install/mobile_robotic_course_assessment_task_2023/share/mobile_robotic_course_assessment_task_2023/worlds/smaze2d/model.sdf_com.dropbox.attrs:Zone.Identifier
[0.201s] -- Up-to-date: /home/peeranut/ros2_ws/install/mobile_robotic_course_assessment_task_2023/share/mobile_robotic_course_assessment_task_2023/worlds/smaze2d/model.sdf_Zone.Identifier:Zone.Identifier
[0.201s] -- Up-to-date: /home/peeranut/ros2_ws/install/mobile_robotic_course_assessment_task_2023/share/mobile_robotic_course_assessment_task_2023/worlds/smaze2d/model.sdf
[0.201s] -- Up-to-date: /home/peeranut/ros2_ws/install/mobile_robotic_course_assessment_task_2023/share/mobile_robotic_course_assessment_task_2023/worlds/smaze2d/model.config_Zone.Identifier
[0.202s] -- Up-to-date: /home/peeranut/ros2_ws/install/mobile_robotic_course_assessment_task_2023/share/mobile_robotic_course_assessment_task_2023/worlds/smaze2d/model.config:Zone.Identifier
[0.202s] -- Up-to-date: /home/peeranut/ros2_ws/install/mobile_robotic_course_assessment_task_2023/share/mobile_robotic_course_assessment_task_2023/worlds/smaze2d/model.config_Zone.Identifier:Zone.Identifier
[0.202s] -- Up-to-date: /home/peeranut/ros2_ws/install/mobile_robotic_course_assessment_task_2023/share/mobile_robotic_course_assessment_task_2023/worlds/smaze2d/model.sdf:Zone.Identifier
[0.202s] -- Up-to-date: /home/peeranut/ros2_ws/install/mobile_robotic_course_assessment_task_2023/share/mobile_robotic_course_assessment_task_2023/worlds/smaze2d/model.sdf_com.dropbox.attrs
[0.202s] -- Up-to-date: /home/peeranut/ros2_ws/install/mobile_robotic_course_assessment_task_2023/share/mobile_robotic_course_assessment_task_2023/worlds/smaze2d.world_com.dropbox.attrs:Zone.Identifier
[0.202s] -- Up-to-date: /home/peeranut/ros2_ws/install/mobile_robotic_course_assessment_task_2023/share/mobile_robotic_course_assessment_task_2023/worlds/smaze_wall
[0.202s] -- Up-to-date: /home/peeranut/ros2_ws/install/mobile_robotic_course_assessment_task_2023/share/mobile_robotic_course_assessment_task_2023/worlds/smaze_wall/model.config_com.dropbox.attrs
[0.202s] -- Up-to-date: /home/peeranut/ros2_ws/install/mobile_robotic_course_assessment_task_2023/share/mobile_robotic_course_assessment_task_2023/worlds/smaze_wall/model.sdf_Zone.Identifier
[0.202s] -- Up-to-date: /home/peeranut/ros2_ws/install/mobile_robotic_course_assessment_task_2023/share/mobile_robotic_course_assessment_task_2023/worlds/smaze_wall/model.config_com.dropbox.attrs:Zone.Identifier
[0.203s] -- Up-to-date: /home/peeranut/ros2_ws/install/mobile_robotic_course_assessment_task_2023/share/mobile_robotic_course_assessment_task_2023/worlds/smaze_wall/model.config
[0.203s] -- Up-to-date: /home/peeranut/ros2_ws/install/mobile_robotic_course_assessment_task_2023/share/mobile_robotic_course_assessment_task_2023/worlds/smaze_wall/model.sdf_com.dropbox.attrs:Zone.Identifier
[0.203s] -- Up-to-date: /home/peeranut/ros2_ws/install/mobile_robotic_course_assessment_task_2023/share/mobile_robotic_course_assessment_task_2023/worlds/smaze_wall/model.sdf_Zone.Identifier:Zone.Identifier
[0.203s] -- Up-to-date: /home/peeranut/ros2_ws/install/mobile_robotic_course_assessment_task_2023/share/mobile_robotic_course_assessment_task_2023/worlds/smaze_wall/model.sdf
[0.203s] -- Up-to-date: /home/peeranut/ros2_ws/install/mobile_robotic_course_assessment_task_2023/share/mobile_robotic_course_assessment_task_2023/worlds/smaze_wall/model.config_Zone.Identifier
[0.203s] -- Up-to-date: /home/peeranut/ros2_ws/install/mobile_robotic_course_assessment_task_2023/share/mobile_robotic_course_assessment_task_2023/worlds/smaze_wall/materials
[0.203s] -- Up-to-date: /home/peeranut/ros2_ws/install/mobile_robotic_course_assessment_task_2023/share/mobile_robotic_course_assessment_task_2023/worlds/smaze_wall/materials/textures
[0.203s] -- Up-to-date: /home/peeranut/ros2_ws/install/mobile_robotic_course_assessment_task_2023/share/mobile_robotic_course_assessment_task_2023/worlds/smaze_wall/materials/textures/bush.jpg
[0.203s] -- Up-to-date: /home/peeranut/ros2_ws/install/mobile_robotic_course_assessment_task_2023/share/mobile_robotic_course_assessment_task_2023/worlds/smaze_wall/materials/textures/bush.jpg_Zone.Identifier
[0.203s] -- Up-to-date: /home/peeranut/ros2_ws/install/mobile_robotic_course_assessment_task_2023/share/mobile_robotic_course_assessment_task_2023/worlds/smaze_wall/materials/textures/bush.jpg_com.dropbox.attrs:Zone.Identifier
[0.204s] -- Up-to-date: /home/peeranut/ros2_ws/install/mobile_robotic_course_assessment_task_2023/share/mobile_robotic_course_assessment_task_2023/worlds/smaze_wall/materials/textures/bush.jpg_Zone.Identifier:Zone.Identifier
[0.204s] -- Up-to-date: /home/peeranut/ros2_ws/install/mobile_robotic_course_assessment_task_2023/share/mobile_robotic_course_assessment_task_2023/worlds/smaze_wall/materials/textures/bush.jpg:Zone.Identifier
[0.204s] -- Up-to-date: /home/peeranut/ros2_ws/install/mobile_robotic_course_assessment_task_2023/share/mobile_robotic_course_assessment_task_2023/worlds/smaze_wall/materials/textures/bush.jpg_com.dropbox.attrs
[0.204s] -- Up-to-date: /home/peeranut/ros2_ws/install/mobile_robotic_course_assessment_task_2023/share/mobile_robotic_course_assessment_task_2023/worlds/smaze_wall/materials/scripts
[0.204s] -- Up-to-date: /home/peeranut/ros2_ws/install/mobile_robotic_course_assessment_task_2023/share/mobile_robotic_course_assessment_task_2023/worlds/smaze_wall/materials/scripts/smaze_wall.material_com.dropbox.attrs:Zone.Identifier
[0.204s] -- Up-to-date: /home/peeranut/ros2_ws/install/mobile_robotic_course_assessment_task_2023/share/mobile_robotic_course_assessment_task_2023/worlds/smaze_wall/materials/scripts/smaze_wall.material_Zone.Identifier
[0.204s] -- Up-to-date: /home/peeranut/ros2_ws/install/mobile_robotic_course_assessment_task_2023/share/mobile_robotic_course_assessment_task_2023/worlds/smaze_wall/materials/scripts/smaze_wall.material_com.dropbox.attrs
[0.204s] -- Up-to-date: /home/peeranut/ros2_ws/install/mobile_robotic_course_assessment_task_2023/share/mobile_robotic_course_assessment_task_2023/worlds/smaze_wall/materials/scripts/smaze_wall.material
[0.204s] -- Up-to-date: /home/peeranut/ros2_ws/install/mobile_robotic_course_assessment_task_2023/share/mobile_robotic_course_assessment_task_2023/worlds/smaze_wall/materials/scripts/smaze_wall.material:Zone.Identifier
[0.205s] -- Up-to-date: /home/peeranut/ros2_ws/install/mobile_robotic_course_assessment_task_2023/share/mobile_robotic_course_assessment_task_2023/worlds/smaze_wall/materials/scripts/smaze_wall.material_Zone.Identifier:Zone.Identifier
[0.205s] -- Up-to-date: /home/peeranut/ros2_ws/install/mobile_robotic_course_assessment_task_2023/share/mobile_robotic_course_assessment_task_2023/worlds/smaze_wall/model.config:Zone.Identifier
[0.205s] -- Up-to-date: /home/peeranut/ros2_ws/install/mobile_robotic_course_assessment_task_2023/share/mobile_robotic_course_assessment_task_2023/worlds/smaze_wall/model.config_Zone.Identifier:Zone.Identifier
[0.205s] -- Up-to-date: /home/peeranut/ros2_ws/install/mobile_robotic_course_assessment_task_2023/share/mobile_robotic_course_assessment_task_2023/worlds/smaze_wall/model.sdf:Zone.Identifier
[0.205s] -- Up-to-date: /home/peeranut/ros2_ws/install/mobile_robotic_course_assessment_task_2023/share/mobile_robotic_course_assessment_task_2023/worlds/smaze_wall/model.sdf_com.dropbox.attrs
[0.205s] -- Up-to-date: /home/peeranut/ros2_ws/install/mobile_robotic_course_assessment_task_2023/share/mobile_robotic_course_assessment_task_2023/worlds/marker_block
[0.205s] -- Up-to-date: /home/peeranut/ros2_ws/install/mobile_robotic_course_assessment_task_2023/share/mobile_robotic_course_assessment_task_2023/worlds/marker_block/model.config_com.dropbox.attrs
[0.205s] -- Up-to-date: /home/peeranut/ros2_ws/install/mobile_robotic_course_assessment_task_2023/share/mobile_robotic_course_assessment_task_2023/worlds/marker_block/model.sdf_Zone.Identifier
[0.205s] -- Up-to-date: /home/peeranut/ros2_ws/install/mobile_robotic_course_assessment_task_2023/share/mobile_robotic_course_assessment_task_2023/worlds/marker_block/model.config_com.dropbox.attrs:Zone.Identifier
[0.206s] -- Up-to-date: /home/peeranut/ros2_ws/install/mobile_robotic_course_assessment_task_2023/share/mobile_robotic_course_assessment_task_2023/worlds/marker_block/model.config
[0.206s] -- Up-to-date: /home/peeranut/ros2_ws/install/mobile_robotic_course_assessment_task_2023/share/mobile_robotic_course_assessment_task_2023/worlds/marker_block/model.sdf_com.dropbox.attrs:Zone.Identifier
[0.206s] -- Up-to-date: /home/peeranut/ros2_ws/install/mobile_robotic_course_assessment_task_2023/share/mobile_robotic_course_assessment_task_2023/worlds/marker_block/model.sdf_Zone.Identifier:Zone.Identifier
[0.206s] -- Up-to-date: /home/peeranut/ros2_ws/install/mobile_robotic_course_assessment_task_2023/share/mobile_robotic_course_assessment_task_2023/worlds/marker_block/model.sdf
[0.206s] -- Up-to-date: /home/peeranut/ros2_ws/install/mobile_robotic_course_assessment_task_2023/share/mobile_robotic_course_assessment_task_2023/worlds/marker_block/model.config_Zone.Identifier
[0.206s] -- Up-to-date: /home/peeranut/ros2_ws/install/mobile_robotic_course_assessment_task_2023/share/mobile_robotic_course_assessment_task_2023/worlds/marker_block/materials
[0.206s] -- Up-to-date: /home/peeranut/ros2_ws/install/mobile_robotic_course_assessment_task_2023/share/mobile_robotic_course_assessment_task_2023/worlds/marker_block/materials/scripts
[0.206s] -- Up-to-date: /home/peeranut/ros2_ws/install/mobile_robotic_course_assessment_task_2023/share/mobile_robotic_course_assessment_task_2023/worlds/marker_block/materials/scripts/smaze_wall.material_com.dropbox.attrs:Zone.Identifier
[0.206s] -- Up-to-date: /home/peeranut/ros2_ws/install/mobile_robotic_course_assessment_task_2023/share/mobile_robotic_course_assessment_task_2023/worlds/marker_block/materials/scripts/smaze_wall.material_Zone.Identifier
[0.206s] -- Up-to-date: /home/peeranut/ros2_ws/install/mobile_robotic_course_assessment_task_2023/share/mobile_robotic_course_assessment_task_2023/worlds/marker_block/materials/scripts/smaze_wall.material_com.dropbox.attrs
[0.206s] -- Up-to-date: /home/peeranut/ros2_ws/install/mobile_robotic_course_assessment_task_2023/share/mobile_robotic_course_assessment_task_2023/worlds/marker_block/materials/scripts/smaze_wall.material
[0.207s] -- Up-to-date: /home/peeranut/ros2_ws/install/mobile_robotic_course_assessment_task_2023/share/mobile_robotic_course_assessment_task_2023/worlds/marker_block/materials/scripts/smaze_wall.material:Zone.Identifier
[0.207s] -- Up-to-date: /home/peeranut/ros2_ws/install/mobile_robotic_course_assessment_task_2023/share/mobile_robotic_course_assessment_task_2023/worlds/marker_block/materials/scripts/smaze_wall.material_Zone.Identifier:Zone.Identifier
[0.207s] -- Up-to-date: /home/peeranut/ros2_ws/install/mobile_robotic_course_assessment_task_2023/share/mobile_robotic_course_assessment_task_2023/worlds/marker_block/model.config:Zone.Identifier
[0.207s] -- Up-to-date: /home/peeranut/ros2_ws/install/mobile_robotic_course_assessment_task_2023/share/mobile_robotic_course_assessment_task_2023/worlds/marker_block/model.config_Zone.Identifier:Zone.Identifier
[0.207s] -- Up-to-date: /home/peeranut/ros2_ws/install/mobile_robotic_course_assessment_task_2023/share/mobile_robotic_course_assessment_task_2023/worlds/marker_block/model.sdf:Zone.Identifier
[0.207s] -- Up-to-date: /home/peeranut/ros2_ws/install/mobile_robotic_course_assessment_task_2023/share/mobile_robotic_course_assessment_task_2023/worlds/marker_block/model.sdf_com.dropbox.attrs
[0.207s] -- Up-to-date: /home/peeranut/ros2_ws/install/mobile_robotic_course_assessment_task_2023/share/mobile_robotic_course_assessment_task_2023/worlds/grass_plane
[0.207s] -- Up-to-date: /home/peeranut/ros2_ws/install/mobile_robotic_course_assessment_task_2023/share/mobile_robotic_course_assessment_task_2023/worlds/grass_plane/model.config_com.dropbox.attrs
[0.207s] -- Up-to-date: /home/peeranut/ros2_ws/install/mobile_robotic_course_assessment_task_2023/share/mobile_robotic_course_assessment_task_2023/worlds/grass_plane/model.sdf_Zone.Identifier
[0.207s] -- Up-to-date: /home/peeranut/ros2_ws/install/mobile_robotic_course_assessment_task_2023/share/mobile_robotic_course_assessment_task_2023/worlds/grass_plane/model.config_com.dropbox.attrs:Zone.Identifier
[0.207s] -- Up-to-date: /home/peeranut/ros2_ws/install/mobile_robotic_course_assessment_task_2023/share/mobile_robotic_course_assessment_task_2023/worlds/grass_plane/model.config
[0.208s] -- Up-to-date: /home/peeranut/ros2_ws/install/mobile_robotic_course_assessment_task_2023/share/mobile_robotic_course_assessment_task_2023/worlds/grass_plane/model.sdf_com.dropbox.attrs:Zone.Identifier
[0.208s] -- Up-to-date: /home/peeranut/ros2_ws/install/mobile_robotic_course_assessment_task_2023/share/mobile_robotic_course_assessment_task_2023/worlds/grass_plane/model.sdf_Zone.Identifier:Zone.Identifier
[0.208s] -- Up-to-date: /home/peeranut/ros2_ws/install/mobile_robotic_course_assessment_task_2023/share/mobile_robotic_course_assessment_task_2023/worlds/grass_plane/model.sdf
[0.208s] -- Up-to-date: /home/peeranut/ros2_ws/install/mobile_robotic_course_assessment_task_2023/share/mobile_robotic_course_assessment_task_2023/worlds/grass_plane/model.config_Zone.Identifier
[0.208s] -- Up-to-date: /home/peeranut/ros2_ws/install/mobile_robotic_course_assessment_task_2023/share/mobile_robotic_course_assessment_task_2023/worlds/grass_plane/materials
[0.208s] -- Up-to-date: /home/peeranut/ros2_ws/install/mobile_robotic_course_assessment_task_2023/share/mobile_robotic_course_assessment_task_2023/worlds/grass_plane/materials/textures
[0.208s] -- Up-to-date: /home/peeranut/ros2_ws/install/mobile_robotic_course_assessment_task_2023/share/mobile_robotic_course_assessment_task_2023/worlds/grass_plane/materials/textures/grass_dry.png_com.dropbox.attrs
[0.209s] -- Up-to-date: /home/peeranut/ros2_ws/install/mobile_robotic_course_assessment_task_2023/share/mobile_robotic_course_assessment_task_2023/worlds/grass_plane/materials/textures/grass_Zone.Identifier:Zone.Identifier
[0.209s] -- Up-to-date: /home/peeranut/ros2_ws/install/mobile_robotic_course_assessment_task_2023/share/mobile_robotic_course_assessment_task_2023/worlds/grass_plane/materials/textures/grass_dry.png_Zone.Identifier
[0.209s] -- Up-to-date: /home/peeranut/ros2_ws/install/mobile_robotic_course_assessment_task_2023/share/mobile_robotic_course_assessment_task_2023/worlds/grass_plane/materials/textures/grass_dry3.jpg_Zone.Identifier
[0.209s] -- Up-to-date: /home/peeranut/ros2_ws/install/mobile_robotic_course_assessment_task_2023/share/mobile_robotic_course_assessment_task_2023/worlds/grass_plane/materials/textures/grass_dry3.jpg_Zone.Identifier:Zone.Identifier
[0.209s] -- Up-to-date: /home/peeranut/ros2_ws/install/mobile_robotic_course_assessment_task_2023/share/mobile_robotic_course_assessment_task_2023/worlds/grass_plane/materials/textures/grass
[0.209s] -- Up-to-date: /home/peeranut/ros2_ws/install/mobile_robotic_course_assessment_task_2023/share/mobile_robotic_course_assessment_task_2023/worlds/grass_plane/materials/textures/grass_dry3.jpg_com.dropbox.attrs:Zone.Identifier
[0.209s] -- Up-to-date: /home/peeranut/ros2_ws/install/mobile_robotic_course_assessment_task_2023/share/mobile_robotic_course_assessment_task_2023/worlds/grass_plane/materials/textures/grass_com.dropbox.attrs
[0.209s] -- Up-to-date: /home/peeranut/ros2_ws/install/mobile_robotic_course_assessment_task_2023/share/mobile_robotic_course_assessment_task_2023/worlds/grass_plane/materials/textures/grass_dry2.jpg_Zone.Identifier:Zone.Identifier
[0.209s] -- Up-to-date: /home/peeranut/ros2_ws/install/mobile_robotic_course_assessment_task_2023/share/mobile_robotic_course_assessment_task_2023/worlds/grass_plane/materials/textures/grass_dry.png:Zone.Identifier
[0.210s] -- Up-to-date: /home/peeranut/ros2_ws/install/mobile_robotic_course_assessment_task_2023/share/mobile_robotic_course_assessment_task_2023/worlds/grass_plane/materials/textures/grass_dry2.jpg_com.dropbox.attrs
[0.210s] -- Up-to-date: /home/peeranut/ros2_ws/install/mobile_robotic_course_assessment_task_2023/share/mobile_robotic_course_assessment_task_2023/worlds/grass_plane/materials/textures/grass_dry.png
[0.210s] -- Up-to-date: /home/peeranut/ros2_ws/install/mobile_robotic_course_assessment_task_2023/share/mobile_robotic_course_assessment_task_2023/worlds/grass_plane/materials/textures/grass_dry3.jpg:Zone.Identifier
[0.210s] -- Up-to-date: /home/peeranut/ros2_ws/install/mobile_robotic_course_assessment_task_2023/share/mobile_robotic_course_assessment_task_2023/worlds/grass_plane/materials/textures/grass_dry.png_Zone.Identifier:Zone.Identifier
[0.210s] -- Up-to-date: /home/peeranut/ros2_ws/install/mobile_robotic_course_assessment_task_2023/share/mobile_robotic_course_assessment_task_2023/worlds/grass_plane/materials/textures/grass_dry2.jpg_Zone.Identifier
[0.210s] -- Up-to-date: /home/peeranut/ros2_ws/install/mobile_robotic_course_assessment_task_2023/share/mobile_robotic_course_assessment_task_2023/worlds/grass_plane/materials/textures/grass_dry3.jpg
[0.210s] -- Up-to-date: /home/peeranut/ros2_ws/install/mobile_robotic_course_assessment_task_2023/share/mobile_robotic_course_assessment_task_2023/worlds/grass_plane/materials/textures/grass_dry2.jpg:Zone.Identifier
[0.210s] -- Up-to-date: /home/peeranut/ros2_ws/install/mobile_robotic_course_assessment_task_2023/share/mobile_robotic_course_assessment_task_2023/worlds/grass_plane/materials/textures/grass_dry2.jpg
[0.210s] -- Up-to-date: /home/peeranut/ros2_ws/install/mobile_robotic_course_assessment_task_2023/share/mobile_robotic_course_assessment_task_2023/worlds/grass_plane/materials/textures/grass_dry2.jpg_com.dropbox.attrs:Zone.Identifier
[0.210s] -- Up-to-date: /home/peeranut/ros2_ws/install/mobile_robotic_course_assessment_task_2023/share/mobile_robotic_course_assessment_task_2023/worlds/grass_plane/materials/textures/grass_dry3.jpg_com.dropbox.attrs
[0.211s] -- Up-to-date: /home/peeranut/ros2_ws/install/mobile_robotic_course_assessment_task_2023/share/mobile_robotic_course_assessment_task_2023/worlds/grass_plane/materials/textures/grass_Zone.Identifier
[0.211s] -- Up-to-date: /home/peeranut/ros2_ws/install/mobile_robotic_course_assessment_task_2023/share/mobile_robotic_course_assessment_task_2023/worlds/grass_plane/materials/textures/grass:Zone.Identifier
[0.211s] -- Up-to-date: /home/peeranut/ros2_ws/install/mobile_robotic_course_assessment_task_2023/share/mobile_robotic_course_assessment_task_2023/worlds/grass_plane/materials/textures/grass_dry.png_com.dropbox.attrs:Zone.Identifier
[0.211s] -- Up-to-date: /home/peeranut/ros2_ws/install/mobile_robotic_course_assessment_task_2023/share/mobile_robotic_course_assessment_task_2023/worlds/grass_plane/materials/textures/grass_com.dropbox.attrs:Zone.Identifier
[0.211s] -- Up-to-date: /home/peeranut/ros2_ws/install/mobile_robotic_course_assessment_task_2023/share/mobile_robotic_course_assessment_task_2023/worlds/grass_plane/materials/scripts
[0.211s] -- Up-to-date: /home/peeranut/ros2_ws/install/mobile_robotic_course_assessment_task_2023/share/mobile_robotic_course_assessment_task_2023/worlds/grass_plane/materials/scripts/grass_plane.material_com.dropbox.attrs:Zone.Identifier
[0.211s] -- Up-to-date: /home/peeranut/ros2_ws/install/mobile_robotic_course_assessment_task_2023/share/mobile_robotic_course_assessment_task_2023/worlds/grass_plane/materials/scripts/grass_plane.material:Zone.Identifier
[0.211s] -- Up-to-date: /home/peeranut/ros2_ws/install/mobile_robotic_course_assessment_task_2023/share/mobile_robotic_course_assessment_task_2023/worlds/grass_plane/materials/scripts/grass_plane.material_com.dropbox.attrs
[0.211s] -- Up-to-date: /home/peeranut/ros2_ws/install/mobile_robotic_course_assessment_task_2023/share/mobile_robotic_course_assessment_task_2023/worlds/grass_plane/materials/scripts/grass_plane.material_Zone.Identifier
[0.211s] -- Up-to-date: /home/peeranut/ros2_ws/install/mobile_robotic_course_assessment_task_2023/share/mobile_robotic_course_assessment_task_2023/worlds/grass_plane/materials/scripts/grass_plane.material_Zone.Identifier:Zone.Identifier
[0.211s] -- Up-to-date: /home/peeranut/ros2_ws/install/mobile_robotic_course_assessment_task_2023/share/mobile_robotic_course_assessment_task_2023/worlds/grass_plane/materials/scripts/grass_plane.material
[0.212s] -- Up-to-date: /home/peeranut/ros2_ws/install/mobile_robotic_course_assessment_task_2023/share/mobile_robotic_course_assessment_task_2023/worlds/grass_plane/model.config:Zone.Identifier
[0.212s] -- Up-to-date: /home/peeranut/ros2_ws/install/mobile_robotic_course_assessment_task_2023/share/mobile_robotic_course_assessment_task_2023/worlds/grass_plane/model.config_Zone.Identifier:Zone.Identifier
[0.212s] -- Up-to-date: /home/peeranut/ros2_ws/install/mobile_robotic_course_assessment_task_2023/share/mobile_robotic_course_assessment_task_2023/worlds/grass_plane/model.sdf:Zone.Identifier
[0.212s] -- Up-to-date: /home/peeranut/ros2_ws/install/mobile_robotic_course_assessment_task_2023/share/mobile_robotic_course_assessment_task_2023/worlds/grass_plane/model.sdf_com.dropbox.attrs
[0.212s] -- Up-to-date: /home/peeranut/ros2_ws/install/mobile_robotic_course_assessment_task_2023/share/mobile_robotic_course_assessment_task_2023/worlds/smaze2d.world_Zone.Identifier:Zone.Identifier
[0.212s] -- Up-to-date: /home/peeranut/ros2_ws/install/mobile_robotic_course_assessment_task_2023/share/mobile_robotic_course_assessment_task_2023/urdf
[0.212s] -- Up-to-date: /home/peeranut/ros2_ws/install/mobile_robotic_course_assessment_task_2023/share/mobile_robotic_course_assessment_task_2023/urdf/8th_car_sensor_2wheel_1castor_camera_collision.urdf:Zone.Identifier
[0.212s] -- Up-to-date: /home/peeranut/ros2_ws/install/mobile_robotic_course_assessment_task_2023/share/mobile_robotic_course_assessment_task_2023/urdf/8th_car_sensor_2wheel_1castor_camera_collision.urdf
[0.212s] -- Up-to-date: /home/peeranut/ros2_ws/install/mobile_robotic_course_assessment_task_2023/share/mobile_robotic_course_assessment_task_2023/urdf/simple_robot_nav2.urdf.xacro
[0.212s] -- Up-to-date: /home/peeranut/ros2_ws/install/mobile_robotic_course_assessment_task_2023/share/mobile_robotic_course_assessment_task_2023/rviz
[0.212s] -- Up-to-date: /home/peeranut/ros2_ws/install/mobile_robotic_course_assessment_task_2023/share/mobile_robotic_course_assessment_task_2023/rviz/simple_robot_nav2.rviz
[0.213s] -- Up-to-date: /home/peeranut/ros2_ws/install/mobile_robotic_course_assessment_task_2023/share/mobile_robotic_course_assessment_task_2023/meshes
[0.213s] -- Up-to-date: /home/peeranut/ros2_ws/install/mobile_robotic_course_assessment_task_2023/share/mobile_robotic_course_assessment_task_2023/meshes/AE86_body_origin_reset.stl:Zone.Identifier
[0.213s] -- Up-to-date: /home/peeranut/ros2_ws/install/mobile_robotic_course_assessment_task_2023/share/mobile_robotic_course_assessment_task_2023/meshes/AE86_wheel_origin_reset.stl
[0.213s] -- Up-to-date: /home/peeranut/ros2_ws/install/mobile_robotic_course_assessment_task_2023/share/mobile_robotic_course_assessment_task_2023/meshes/AE86_wheel_origin_reset.stl:Zone.Identifier
[0.213s] -- Up-to-date: /home/peeranut/ros2_ws/install/mobile_robotic_course_assessment_task_2023/share/mobile_robotic_course_assessment_task_2023/meshes/AE86_body_origin_reset.stl
[0.213s] -- Up-to-date: /home/peeranut/ros2_ws/install/mobile_robotic_course_assessment_task_2023/share/mobile_robotic_course_assessment_task_2023/meshes/hokuyo.dae
[0.213s] -- Up-to-date: /home/peeranut/ros2_ws/install/mobile_robotic_course_assessment_task_2023/share/mobile_robotic_course_assessment_task_2023/maps
[0.213s] -- Up-to-date: /home/peeranut/ros2_ws/install/mobile_robotic_course_assessment_task_2023/share/mobile_robotic_course_assessment_task_2023/maps/mymap.yaml
[0.213s] -- Up-to-date: /home/peeranut/ros2_ws/install/mobile_robotic_course_assessment_task_2023/share/mobile_robotic_course_assessment_task_2023/maps/mymap.yaml:Zone.Identifier
[0.213s] -- Up-to-date: /home/peeranut/ros2_ws/install/mobile_robotic_course_assessment_task_2023/share/mobile_robotic_course_assessment_task_2023/maps/mymap.pgm:Zone.Identifier
[0.213s] -- Up-to-date: /home/peeranut/ros2_ws/install/mobile_robotic_course_assessment_task_2023/share/mobile_robotic_course_assessment_task_2023/maps/mymap.pgm
[0.213s] -- Up-to-date: /home/peeranut/ros2_ws/install/mobile_robotic_course_assessment_task_2023/share/ament_index/resource_index/package_run_dependencies/mobile_robotic_course_assessment_task_2023
[0.213s] -- Up-to-date: /home/peeranut/ros2_ws/install/mobile_robotic_course_assessment_task_2023/share/ament_index/resource_index/parent_prefix_path/mobile_robotic_course_assessment_task_2023
[0.214s] -- Up-to-date: /home/peeranut/ros2_ws/install/mobile_robotic_course_assessment_task_2023/share/mobile_robotic_course_assessment_task_2023/environment/ament_prefix_path.sh
[0.214s] -- Up-to-date: /home/peeranut/ros2_ws/install/mobile_robotic_course_assessment_task_2023/share/mobile_robotic_course_assessment_task_2023/environment/ament_prefix_path.dsv
[0.214s] -- Up-to-date: /home/peeranut/ros2_ws/install/mobile_robotic_course_assessment_task_2023/share/mobile_robotic_course_assessment_task_2023/environment/path.sh
[0.214s] -- Up-to-date: /home/peeranut/ros2_ws/install/mobile_robotic_course_assessment_task_2023/share/mobile_robotic_course_assessment_task_2023/environment/path.dsv
[0.214s] -- Up-to-date: /home/peeranut/ros2_ws/install/mobile_robotic_course_assessment_task_2023/share/mobile_robotic_course_assessment_task_2023/local_setup.bash
[0.214s] -- Up-to-date: /home/peeranut/ros2_ws/install/mobile_robotic_course_assessment_task_2023/share/mobile_robotic_course_assessment_task_2023/local_setup.sh
[0.214s] -- Up-to-date: /home/peeranut/ros2_ws/install/mobile_robotic_course_assessment_task_2023/share/mobile_robotic_course_assessment_task_2023/local_setup.zsh
[0.214s] -- Up-to-date: /home/peeranut/ros2_ws/install/mobile_robotic_course_assessment_task_2023/share/mobile_robotic_course_assessment_task_2023/local_setup.dsv
[0.214s] -- Installing: /home/peeranut/ros2_ws/install/mobile_robotic_course_assessment_task_2023/share/mobile_robotic_course_assessment_task_2023/package.dsv
[0.214s] -- Up-to-date: /home/peeranut/ros2_ws/install/mobile_robotic_course_assessment_task_2023/share/ament_index/resource_index/packages/mobile_robotic_course_assessment_task_2023
[0.214s] -- Up-to-date: /home/peeranut/ros2_ws/install/mobile_robotic_course_assessment_task_2023/share/mobile_robotic_course_assessment_task_2023/cmake/mobile_robotic_course_assessment_task_2023Config.cmake
[0.215s] -- Up-to-date: /home/peeranut/ros2_ws/install/mobile_robotic_course_assessment_task_2023/share/mobile_robotic_course_assessment_task_2023/cmake/mobile_robotic_course_assessment_task_2023Config-version.cmake
[0.215s] -- Up-to-date: /home/peeranut/ros2_ws/install/mobile_robotic_course_assessment_task_2023/share/mobile_robotic_course_assessment_task_2023/package.xml
[0.236s] Invoked command in '/home/peeranut/ros2_ws/build/mobile_robotic_course_assessment_task_2023' returned '0': CMAKE_PREFIX_PATH=${CMAKE_PREFIX_PATH}:/opt/ros/humble /usr/bin/cmake --install /home/peeranut/ros2_ws/build/mobile_robotic_course_assessment_task_2023
