[0.021s] Invoking command in '/home/peeranut/ros2_ws/build/explore_lite': CMAKE_PREFIX_PATH=${CMAKE_PREFIX_PATH}:/opt/ros/humble /usr/bin/cmake /home/peeranut/ros2_ws/src/m-explore-ros2/explore -DCMAKE_INSTALL_PREFIX=/home/peeranut/ros2_ws/install/explore_lite
[0.187s] -- The C compiler identification is GNU 11.3.0
[0.852s] -- The CXX compiler identification is GNU 11.3.0
[1.545s] -- Detecting C compiler ABI info
[1.782s] -- Detecting C compiler ABI info - done
[1.787s] -- Check for working C compiler: /usr/bin/cc - skipped
[1.787s] -- Detecting C compile features
[1.787s] -- Detecting C compile features - done
[1.790s] -- Detecting CXX compiler ABI info
[2.047s] -- Detecting CXX compiler ABI info - done
[2.052s] -- Check for working CXX compiler: /usr/bin/c++ - skipped
[2.052s] -- Detecting CXX compile features
[2.052s] -- Detecting CXX compile features - done
[2.053s] -- BuilD for ROS2: humble
[2.054s] -- Found ament_cmake: 1.3.5 (/opt/ros/humble/share/ament_cmake/cmake)
[2.162s] -- Found Python3: /usr/bin/python3.10 (found version "3.10.6") found components: Interpreter 
[2.219s] -- Found rclcpp: 16.0.4 (/opt/ros/humble/share/rclcpp/cmake)
[2.440s] -- Found rosidl_generator_c: 3.1.4 (/opt/ros/humble/share/rosidl_generator_c/cmake)
[2.444s] -- Found rosidl_adapter: 3.1.4 (/opt/ros/humble/share/rosidl_adapter/cmake)
[2.449s] -- Found rosidl_generator_cpp: 3.1.4 (/opt/ros/humble/share/rosidl_generator_cpp/cmake)
[2.458s] -- Using all available rosidl_typesupport_c: rosidl_typesupport_fastrtps_c;rosidl_typesupport_introspection_c
[2.471s] -- Using all available rosidl_typesupport_cpp: rosidl_typesupport_fastrtps_cpp;rosidl_typesupport_introspection_cpp
[2.526s] -- Found rmw_implementation_cmake: 6.1.1 (/opt/ros/humble/share/rmw_implementation_cmake/cmake)
[2.527s] -- Found rmw_fastrtps_cpp: 6.2.2 (/opt/ros/humble/share/rmw_fastrtps_cpp/cmake)
[3.264s] -- Found OpenSSL: /usr/lib/x86_64-linux-gnu/libcrypto.so (found version "3.0.2")  
[4.349s] -- Found FastRTPS: /opt/ros/humble/include  
[5.816s] -- Using RMW implementation 'rmw_fastrtps_cpp' as default
[5.828s] -- Looking for pthread.h
[6.001s] -- Looking for pthread.h - found
[6.001s] -- Performing Test CMAKE_HAVE_LIBC_PTHREAD
[6.275s] -- Performing Test CMAKE_HAVE_LIBC_PTHREAD - Success
[6.276s] -- Found Threads: TRUE  
[6.396s] -- Found sensor_msgs: 4.2.3 (/opt/ros/humble/share/sensor_msgs/cmake)
[6.488s] -- Found tf2_ros: 0.25.2 (/opt/ros/humble/share/tf2_ros/cmake)
[6.746s] -- Found tf2_geometry_msgs: 0.25.2 (/opt/ros/humble/share/tf2_geometry_msgs/cmake)
[6.846s] -- Found eigen3_cmake_module: 0.1.1 (/opt/ros/humble/share/eigen3_cmake_module/cmake)
[6.847s] -- Found Eigen3: TRUE (found version "3.4.0") 
[6.847s] -- Ensuring Eigen3 include directory is part of orocos-kdl CMake target
[6.854s] -- Found nav2_msgs: 1.1.8 (/opt/ros/humble/share/nav2_msgs/cmake)
[7.039s] -- Found map_msgs: 2.1.0 (/opt/ros/humble/share/map_msgs/cmake)
[7.112s] -- Found visualization_msgs: 4.2.3 (/opt/ros/humble/share/visualization_msgs/cmake)
[7.199s] -- Found nav2_costmap_2d: 1.1.8 (/opt/ros/humble/share/nav2_costmap_2d/cmake)
[11.083s] -- Found ament_lint_auto: 0.12.6 (/opt/ros/humble/share/ament_lint_auto/cmake)
[11.135s] -- Found ament_cmake_gtest: 1.3.5 (/opt/ros/humble/share/ament_cmake_gtest/cmake)
[11.140s] -- Found gtest sources under '/opt/ros/humble/src/gtest_vendor': C++ tests using 'Google Test' will be built
[11.493s] -- Added test 'cppcheck' to perform static code analysis on C / C++ code
[11.494s] -- Configured cppcheck include dirs: /home/peeranut/ros2_ws/src/m-explore-ros2/explore/include;$<BUILD_INTERFACE:/home/peeranut/ros2_ws/src/m-explore-ros2/explore/include>
[11.494s] -- Configured cppcheck exclude dirs and/or files: 
[11.494s] -- Added test 'flake8' to check Python code syntax and style conventions
[11.495s] -- Added test 'lint_cmake' to check CMake code style
[11.495s] -- Added test 'pep257' to check Python code against some of the docstring style conventions in PEP 257
[11.496s] -- Added test 'uncrustify' to check C / C++ code style
[11.496s] -- Configured uncrustify additional arguments: 
[11.497s] -- Added test 'xmllint' to check XML markup files
[11.498s] -- Configuring done
[11.560s] -- Generating done
[11.562s] -- Build files have been written to: /home/peeranut/ros2_ws/build/explore_lite
[11.571s] Invoked command in '/home/peeranut/ros2_ws/build/explore_lite' returned '0': CMAKE_PREFIX_PATH=${CMAKE_PREFIX_PATH}:/opt/ros/humble /usr/bin/cmake /home/peeranut/ros2_ws/src/m-explore-ros2/explore -DCMAKE_INSTALL_PREFIX=/home/peeranut/ros2_ws/install/explore_lite
[11.572s] Invoking command in '/home/peeranut/ros2_ws/build/explore_lite': CMAKE_PREFIX_PATH=${CMAKE_PREFIX_PATH}:/opt/ros/humble /usr/bin/cmake --build /home/peeranut/ros2_ws/build/explore_lite -- -j20 -l20
[11.602s] [ 10%] [32mBuilding CXX object gtest/CMakeFiles/gtest_main.dir/src/gtest_main.cc.o[0m
[11.602s] [ 20%] [32mBuilding CXX object gtest/CMakeFiles/gtest.dir/src/gtest-all.cc.o[0m
[11.603s] [ 30%] [32mBuilding CXX object CMakeFiles/explore.dir/src/costmap_client.cpp.o[0m
[11.603s] [ 40%] [32mBuilding CXX object CMakeFiles/explore.dir/src/explore.cpp.o[0m
[11.603s] [ 50%] [32mBuilding CXX object CMakeFiles/explore.dir/src/frontier_search.cpp.o[0m
[12.182s] [ 60%] [32m[1mLinking CXX static library libgtest_main.a[0m
[12.214s] [ 60%] Built target gtest_main
[14.398s] [ 70%] [32m[1mLinking CXX static library libgtest.a[0m
[14.438s] [ 70%] Built target gtest
[14.453s] [ 80%] [32mBuilding CXX object CMakeFiles/test_explore.dir/test/test_explore.cpp.o[0m
[15.516s] [ 90%] [32m[1mLinking CXX executable test_explore[0m
[16.779s] [ 90%] Built target test_explore
[23.425s] [100%] [32m[1mLinking CXX executable explore[0m
[25.162s] [100%] Built target explore
[25.169s] Invoked command in '/home/peeranut/ros2_ws/build/explore_lite' returned '0': CMAKE_PREFIX_PATH=${CMAKE_PREFIX_PATH}:/opt/ros/humble /usr/bin/cmake --build /home/peeranut/ros2_ws/build/explore_lite -- -j20 -l20
[25.189s] Invoking command in '/home/peeranut/ros2_ws/build/explore_lite': CMAKE_PREFIX_PATH=${CMAKE_PREFIX_PATH}:/opt/ros/humble /usr/bin/cmake --install /home/peeranut/ros2_ws/build/explore_lite
[25.193s] -- Install configuration: ""
[25.193s] -- Installing: /home/peeranut/ros2_ws/install/explore_lite/include/explore/
[25.194s] -- Installing: /home/peeranut/ros2_ws/install/explore_lite/include/explore//costmap_tools.h
[25.194s] -- Installing: /home/peeranut/ros2_ws/install/explore_lite/include/explore//explore.h
[25.194s] -- Installing: /home/peeranut/ros2_ws/install/explore_lite/include/explore//frontier_search.h
[25.194s] -- Installing: /home/peeranut/ros2_ws/install/explore_lite/include/explore//costmap_client.h
[25.194s] -- Installing: /home/peeranut/ros2_ws/install/explore_lite/share/explore_lite/config
[25.194s] -- Installing: /home/peeranut/ros2_ws/install/explore_lite/share/explore_lite/config/params_costmap.yaml
[25.195s] -- Installing: /home/peeranut/ros2_ws/install/explore_lite/share/explore_lite/config/params.yaml
[25.195s] -- Installing: /home/peeranut/ros2_ws/install/explore_lite/share/explore_lite/launch
[25.195s] -- Installing: /home/peeranut/ros2_ws/install/explore_lite/share/explore_lite/launch/explore.launch.py
[25.195s] -- Installing: /home/peeranut/ros2_ws/install/explore_lite/lib/explore_lite/explore
[25.200s] -- Set runtime path of "/home/peeranut/ros2_ws/install/explore_lite/lib/explore_lite/explore" to ""
[25.200s] -- Installing: /home/peeranut/ros2_ws/install/explore_lite/share/ament_index/resource_index/package_run_dependencies/explore_lite
[25.200s] -- Installing: /home/peeranut/ros2_ws/install/explore_lite/share/ament_index/resource_index/parent_prefix_path/explore_lite
[25.200s] -- Installing: /home/peeranut/ros2_ws/install/explore_lite/share/explore_lite/environment/ament_prefix_path.sh
[25.200s] -- Installing: /home/peeranut/ros2_ws/install/explore_lite/share/explore_lite/environment/ament_prefix_path.dsv
[25.200s] -- Installing: /home/peeranut/ros2_ws/install/explore_lite/share/explore_lite/environment/path.sh
[25.201s] -- Installing: /home/peeranut/ros2_ws/install/explore_lite/share/explore_lite/environment/path.dsv
[25.201s] -- Installing: /home/peeranut/ros2_ws/install/explore_lite/share/explore_lite/local_setup.bash
[25.201s] -- Installing: /home/peeranut/ros2_ws/install/explore_lite/share/explore_lite/local_setup.sh
[25.201s] -- Installing: /home/peeranut/ros2_ws/install/explore_lite/share/explore_lite/local_setup.zsh
[25.201s] -- Installing: /home/peeranut/ros2_ws/install/explore_lite/share/explore_lite/local_setup.dsv
[25.201s] -- Installing: /home/peeranut/ros2_ws/install/explore_lite/share/explore_lite/package.dsv
[25.201s] -- Installing: /home/peeranut/ros2_ws/install/explore_lite/share/ament_index/resource_index/packages/explore_lite
[25.201s] -- Installing: /home/peeranut/ros2_ws/install/explore_lite/share/explore_lite/cmake/ament_cmake_export_include_directories-extras.cmake
[25.201s] -- Installing: /home/peeranut/ros2_ws/install/explore_lite/share/explore_lite/cmake/explore_liteConfig.cmake
[25.202s] -- Installing: /home/peeranut/ros2_ws/install/explore_lite/share/explore_lite/cmake/explore_liteConfig-version.cmake
[25.202s] -- Installing: /home/peeranut/ros2_ws/install/explore_lite/share/explore_lite/package.xml
[25.203s] Invoked command in '/home/peeranut/ros2_ws/build/explore_lite' returned '0': CMAKE_PREFIX_PATH=${CMAKE_PREFIX_PATH}:/opt/ros/humble /usr/bin/cmake --install /home/peeranut/ros2_ws/build/explore_lite
