[0.468s] DEBUG:colcon:Command line arguments: ['/usr/bin/colcon', 'build']
[0.468s] DEBUG:colcon:Parsed command line arguments: Namespace(log_base=None, log_level=None, verb_name='build', build_base='build', install_base='install', merge_install=False, symlink_install=False, test_result_base=None, continue_on_error=False, executor='parallel', parallel_workers=20, event_handlers=None, ignore_user_meta=False, metas=['./colcon.meta'], base_paths=['.'], packages_ignore=None, packages_ignore_regex=None, paths=None, packages_up_to=None, packages_up_to_regex=None, packages_above=None, packages_above_and_dependencies=None, packages_above_depth=None, packages_select_by_dep=None, packages_skip_by_dep=None, packages_skip_up_to=None, packages_select_build_failed=False, packages_skip_build_finished=False, packages_select_test_failures=False, packages_skip_test_passed=False, packages_select=None, packages_skip=None, packages_select_regex=None, packages_skip_regex=None, packages_start=None, packages_end=None, allow_overriding=[], cmake_args=None, cmake_target=None, cmake_target_skip_unavailable=False, cmake_clean_cache=False, cmake_clean_first=False, cmake_force_configure=False, ament_cmake_args=None, catkin_cmake_args=None, catkin_skip_building_tests=False, verb_parser=<colcon_defaults.argument_parser.defaults.DefaultArgumentsDecorator object at 0x7fdac731c490>, verb_extension=<colcon_core.verb.build.BuildVerb object at 0x7fdac73de920>, main=<bound method BuildVerb.main of <colcon_core.verb.build.BuildVerb object at 0x7fdac73de920>>)
[0.485s] Level 1:colcon.colcon_core.package_discovery:discover_packages(colcon_meta) check parameters
[0.485s] Level 1:colcon.colcon_core.package_discovery:discover_packages(recursive) check parameters
[0.485s] Level 1:colcon.colcon_core.package_discovery:discover_packages(ignore) check parameters
[0.485s] Level 1:colcon.colcon_core.package_discovery:discover_packages(path) check parameters
[0.485s] Level 1:colcon.colcon_core.package_discovery:discover_packages(colcon_meta) discover
[0.485s] Level 1:colcon.colcon_core.package_discovery:discover_packages(recursive) discover
[0.485s] INFO:colcon.colcon_core.package_discovery:Crawling recursively for packages in '/home/peeranut/ros2_ws'
[0.486s] Level 1:colcon.colcon_core.package_identification:_identify(.) by extensions ['ignore', 'ignore_ament_install']
[0.486s] Level 1:colcon.colcon_core.package_identification:_identify(.) by extension 'ignore'
[0.486s] Level 1:colcon.colcon_core.package_identification:_identify(.) by extension 'ignore_ament_install'
[0.486s] Level 1:colcon.colcon_core.package_identification:_identify(.) by extensions ['colcon_pkg']
[0.486s] Level 1:colcon.colcon_core.package_identification:_identify(.) by extension 'colcon_pkg'
[0.486s] Level 1:colcon.colcon_core.package_identification:_identify(.) by extensions ['colcon_meta']
[0.486s] Level 1:colcon.colcon_core.package_identification:_identify(.) by extension 'colcon_meta'
[0.486s] Level 1:colcon.colcon_core.package_identification:_identify(.) by extensions ['ros']
[0.486s] Level 1:colcon.colcon_core.package_identification:_identify(.) by extension 'ros'
[0.494s] Level 1:colcon.colcon_core.package_identification:_identify(.) by extensions ['cmake', 'python']
[0.494s] Level 1:colcon.colcon_core.package_identification:_identify(.) by extension 'cmake'
[0.494s] Level 1:colcon.colcon_core.package_identification:_identify(.) by extension 'python'
[0.494s] Level 1:colcon.colcon_core.package_identification:_identify(.) by extensions ['python_setup_py']
[0.494s] Level 1:colcon.colcon_core.package_identification:_identify(.) by extension 'python_setup_py'
[0.494s] Level 1:colcon.colcon_core.package_identification:_identify(build) by extensions ['ignore', 'ignore_ament_install']
[0.494s] Level 1:colcon.colcon_core.package_identification:_identify(build) by extension 'ignore'
[0.494s] Level 1:colcon.colcon_core.package_identification:_identify(build) ignored
[0.494s] Level 1:colcon.colcon_core.package_identification:_identify(install) by extensions ['ignore', 'ignore_ament_install']
[0.494s] Level 1:colcon.colcon_core.package_identification:_identify(install) by extension 'ignore'
[0.494s] Level 1:colcon.colcon_core.package_identification:_identify(install) ignored
[0.494s] Level 1:colcon.colcon_core.package_identification:_identify(log) by extensions ['ignore', 'ignore_ament_install']
[0.494s] Level 1:colcon.colcon_core.package_identification:_identify(log) by extension 'ignore'
[0.494s] Level 1:colcon.colcon_core.package_identification:_identify(log) ignored
[0.495s] Level 1:colcon.colcon_core.package_identification:_identify(scripts) by extensions ['ignore', 'ignore_ament_install']
[0.495s] Level 1:colcon.colcon_core.package_identification:_identify(scripts) by extension 'ignore'
[0.495s] Level 1:colcon.colcon_core.package_identification:_identify(scripts) by extension 'ignore_ament_install'
[0.495s] Level 1:colcon.colcon_core.package_identification:_identify(scripts) by extensions ['colcon_pkg']
[0.495s] Level 1:colcon.colcon_core.package_identification:_identify(scripts) by extension 'colcon_pkg'
[0.495s] Level 1:colcon.colcon_core.package_identification:_identify(scripts) by extensions ['colcon_meta']
[0.495s] Level 1:colcon.colcon_core.package_identification:_identify(scripts) by extension 'colcon_meta'
[0.495s] Level 1:colcon.colcon_core.package_identification:_identify(scripts) by extensions ['ros']
[0.495s] Level 1:colcon.colcon_core.package_identification:_identify(scripts) by extension 'ros'
[0.495s] Level 1:colcon.colcon_core.package_identification:_identify(scripts) by extensions ['cmake', 'python']
[0.495s] Level 1:colcon.colcon_core.package_identification:_identify(scripts) by extension 'cmake'
[0.495s] Level 1:colcon.colcon_core.package_identification:_identify(scripts) by extension 'python'
[0.495s] Level 1:colcon.colcon_core.package_identification:_identify(scripts) by extensions ['python_setup_py']
[0.495s] Level 1:colcon.colcon_core.package_identification:_identify(scripts) by extension 'python_setup_py'
[0.495s] Level 1:colcon.colcon_core.package_identification:_identify(src) by extensions ['ignore', 'ignore_ament_install']
[0.495s] Level 1:colcon.colcon_core.package_identification:_identify(src) by extension 'ignore'
[0.495s] Level 1:colcon.colcon_core.package_identification:_identify(src) by extension 'ignore_ament_install'
[0.495s] Level 1:colcon.colcon_core.package_identification:_identify(src) by extensions ['colcon_pkg']
[0.495s] Level 1:colcon.colcon_core.package_identification:_identify(src) by extension 'colcon_pkg'
[0.495s] Level 1:colcon.colcon_core.package_identification:_identify(src) by extensions ['colcon_meta']
[0.495s] Level 1:colcon.colcon_core.package_identification:_identify(src) by extension 'colcon_meta'
[0.495s] Level 1:colcon.colcon_core.package_identification:_identify(src) by extensions ['ros']
[0.495s] Level 1:colcon.colcon_core.package_identification:_identify(src) by extension 'ros'
[0.495s] Level 1:colcon.colcon_core.package_identification:_identify(src) by extensions ['cmake', 'python']
[0.495s] Level 1:colcon.colcon_core.package_identification:_identify(src) by extension 'cmake'
[0.495s] Level 1:colcon.colcon_core.package_identification:_identify(src) by extension 'python'
[0.495s] Level 1:colcon.colcon_core.package_identification:_identify(src) by extensions ['python_setup_py']
[0.495s] Level 1:colcon.colcon_core.package_identification:_identify(src) by extension 'python_setup_py'
[0.495s] Level 1:colcon.colcon_core.package_identification:_identify(src/m-explore-ros2) by extensions ['ignore', 'ignore_ament_install']
[0.495s] Level 1:colcon.colcon_core.package_identification:_identify(src/m-explore-ros2) by extension 'ignore'
[0.495s] Level 1:colcon.colcon_core.package_identification:_identify(src/m-explore-ros2) by extension 'ignore_ament_install'
[0.495s] Level 1:colcon.colcon_core.package_identification:_identify(src/m-explore-ros2) by extensions ['colcon_pkg']
[0.495s] Level 1:colcon.colcon_core.package_identification:_identify(src/m-explore-ros2) by extension 'colcon_pkg'
[0.495s] Level 1:colcon.colcon_core.package_identification:_identify(src/m-explore-ros2) by extensions ['colcon_meta']
[0.495s] Level 1:colcon.colcon_core.package_identification:_identify(src/m-explore-ros2) by extension 'colcon_meta'
[0.495s] Level 1:colcon.colcon_core.package_identification:_identify(src/m-explore-ros2) by extensions ['ros']
[0.495s] Level 1:colcon.colcon_core.package_identification:_identify(src/m-explore-ros2) by extension 'ros'
[0.495s] Level 1:colcon.colcon_core.package_identification:_identify(src/m-explore-ros2) by extensions ['cmake', 'python']
[0.495s] Level 1:colcon.colcon_core.package_identification:_identify(src/m-explore-ros2) by extension 'cmake'
[0.495s] Level 1:colcon.colcon_core.package_identification:_identify(src/m-explore-ros2) by extension 'python'
[0.495s] Level 1:colcon.colcon_core.package_identification:_identify(src/m-explore-ros2) by extensions ['python_setup_py']
[0.495s] Level 1:colcon.colcon_core.package_identification:_identify(src/m-explore-ros2) by extension 'python_setup_py'
[0.495s] Level 1:colcon.colcon_core.package_identification:_identify(src/m-explore-ros2/explore) by extensions ['ignore', 'ignore_ament_install']
[0.495s] Level 1:colcon.colcon_core.package_identification:_identify(src/m-explore-ros2/explore) by extension 'ignore'
[0.495s] Level 1:colcon.colcon_core.package_identification:_identify(src/m-explore-ros2/explore) by extension 'ignore_ament_install'
[0.496s] Level 1:colcon.colcon_core.package_identification:_identify(src/m-explore-ros2/explore) by extensions ['colcon_pkg']
[0.496s] Level 1:colcon.colcon_core.package_identification:_identify(src/m-explore-ros2/explore) by extension 'colcon_pkg'
[0.496s] Level 1:colcon.colcon_core.package_identification:_identify(src/m-explore-ros2/explore) by extensions ['colcon_meta']
[0.496s] Level 1:colcon.colcon_core.package_identification:_identify(src/m-explore-ros2/explore) by extension 'colcon_meta'
[0.496s] Level 1:colcon.colcon_core.package_identification:_identify(src/m-explore-ros2/explore) by extensions ['ros']
[0.496s] Level 1:colcon.colcon_core.package_identification:_identify(src/m-explore-ros2/explore) by extension 'ros'
[0.497s] DEBUG:colcon.colcon_core.package_identification:Package 'src/m-explore-ros2/explore' with type 'ros.ament_cmake' and name 'explore_lite'
[0.497s] Level 1:colcon.colcon_core.package_identification:_identify(src/m-explore-ros2/map_merge) by extensions ['ignore', 'ignore_ament_install']
[0.498s] Level 1:colcon.colcon_core.package_identification:_identify(src/m-explore-ros2/map_merge) by extension 'ignore'
[0.498s] Level 1:colcon.colcon_core.package_identification:_identify(src/m-explore-ros2/map_merge) by extension 'ignore_ament_install'
[0.498s] Level 1:colcon.colcon_core.package_identification:_identify(src/m-explore-ros2/map_merge) by extensions ['colcon_pkg']
[0.498s] Level 1:colcon.colcon_core.package_identification:_identify(src/m-explore-ros2/map_merge) by extension 'colcon_pkg'
[0.498s] Level 1:colcon.colcon_core.package_identification:_identify(src/m-explore-ros2/map_merge) by extensions ['colcon_meta']
[0.498s] Level 1:colcon.colcon_core.package_identification:_identify(src/m-explore-ros2/map_merge) by extension 'colcon_meta'
[0.498s] Level 1:colcon.colcon_core.package_identification:_identify(src/m-explore-ros2/map_merge) by extensions ['ros']
[0.498s] Level 1:colcon.colcon_core.package_identification:_identify(src/m-explore-ros2/map_merge) by extension 'ros'
[0.498s] DEBUG:colcon.colcon_core.package_identification:Package 'src/m-explore-ros2/map_merge' with type 'ros.ament_cmake' and name 'multirobot_map_merge'
[0.498s] Level 1:colcon.colcon_core.package_identification:_identify(src/mobile_robotic_course_assessment_task_2023) by extensions ['ignore', 'ignore_ament_install']
[0.498s] Level 1:colcon.colcon_core.package_identification:_identify(src/mobile_robotic_course_assessment_task_2023) by extension 'ignore'
[0.498s] Level 1:colcon.colcon_core.package_identification:_identify(src/mobile_robotic_course_assessment_task_2023) by extension 'ignore_ament_install'
[0.498s] Level 1:colcon.colcon_core.package_identification:_identify(src/mobile_robotic_course_assessment_task_2023) by extensions ['colcon_pkg']
[0.498s] Level 1:colcon.colcon_core.package_identification:_identify(src/mobile_robotic_course_assessment_task_2023) by extension 'colcon_pkg'
[0.498s] Level 1:colcon.colcon_core.package_identification:_identify(src/mobile_robotic_course_assessment_task_2023) by extensions ['colcon_meta']
[0.498s] Level 1:colcon.colcon_core.package_identification:_identify(src/mobile_robotic_course_assessment_task_2023) by extension 'colcon_meta'
[0.498s] Level 1:colcon.colcon_core.package_identification:_identify(src/mobile_robotic_course_assessment_task_2023) by extensions ['ros']
[0.498s] Level 1:colcon.colcon_core.package_identification:_identify(src/mobile_robotic_course_assessment_task_2023) by extension 'ros'
[0.499s] DEBUG:colcon.colcon_core.package_identification:Package 'src/mobile_robotic_course_assessment_task_2023' with type 'ros.ament_cmake' and name 'mobile_robotic_course_assessment_task_2023'
[0.499s] Level 1:colcon.colcon_core.package_identification:_identify(src/simple_robot_nav2_ros2) by extensions ['ignore', 'ignore_ament_install']
[0.499s] Level 1:colcon.colcon_core.package_identification:_identify(src/simple_robot_nav2_ros2) by extension 'ignore'
[0.499s] Level 1:colcon.colcon_core.package_identification:_identify(src/simple_robot_nav2_ros2) by extension 'ignore_ament_install'
[0.499s] Level 1:colcon.colcon_core.package_identification:_identify(src/simple_robot_nav2_ros2) by extensions ['colcon_pkg']
[0.499s] Level 1:colcon.colcon_core.package_identification:_identify(src/simple_robot_nav2_ros2) by extension 'colcon_pkg'
[0.499s] Level 1:colcon.colcon_core.package_identification:_identify(src/simple_robot_nav2_ros2) by extensions ['colcon_meta']
[0.499s] Level 1:colcon.colcon_core.package_identification:_identify(src/simple_robot_nav2_ros2) by extension 'colcon_meta'
[0.499s] Level 1:colcon.colcon_core.package_identification:_identify(src/simple_robot_nav2_ros2) by extensions ['ros']
[0.499s] Level 1:colcon.colcon_core.package_identification:_identify(src/simple_robot_nav2_ros2) by extension 'ros'
[0.499s] DEBUG:colcon.colcon_core.package_identification:Package 'src/simple_robot_nav2_ros2' with type 'ros.ament_cmake' and name 'simple_robot_nav2_ros2'
[0.499s] Level 1:colcon.colcon_core.package_identification:_identify(src/simple_robot_ros2) by extensions ['ignore', 'ignore_ament_install']
[0.499s] Level 1:colcon.colcon_core.package_identification:_identify(src/simple_robot_ros2) by extension 'ignore'
[0.499s] Level 1:colcon.colcon_core.package_identification:_identify(src/simple_robot_ros2) by extension 'ignore_ament_install'
[0.499s] Level 1:colcon.colcon_core.package_identification:_identify(src/simple_robot_ros2) by extensions ['colcon_pkg']
[0.499s] Level 1:colcon.colcon_core.package_identification:_identify(src/simple_robot_ros2) by extension 'colcon_pkg'
[0.499s] Level 1:colcon.colcon_core.package_identification:_identify(src/simple_robot_ros2) by extensions ['colcon_meta']
[0.499s] Level 1:colcon.colcon_core.package_identification:_identify(src/simple_robot_ros2) by extension 'colcon_meta'
[0.499s] Level 1:colcon.colcon_core.package_identification:_identify(src/simple_robot_ros2) by extensions ['ros']
[0.499s] Level 1:colcon.colcon_core.package_identification:_identify(src/simple_robot_ros2) by extension 'ros'
[0.500s] DEBUG:colcon.colcon_core.package_identification:Package 'src/simple_robot_ros2' with type 'ros.ament_cmake' and name 'simple_robot_ros2'
[0.500s] Level 1:colcon.colcon_core.package_discovery:discover_packages(recursive) using defaults
[0.500s] Level 1:colcon.colcon_core.package_discovery:discover_packages(ignore) discover
[0.500s] Level 1:colcon.colcon_core.package_discovery:discover_packages(ignore) using defaults
[0.500s] Level 1:colcon.colcon_core.package_discovery:discover_packages(path) discover
[0.500s] Level 1:colcon.colcon_core.package_discovery:discover_packages(path) using defaults
[0.515s] Level 1:colcon.colcon_core.package_discovery:discover_packages(prefix_path) check parameters
[0.516s] Level 1:colcon.colcon_core.package_discovery:discover_packages(prefix_path) discover
[0.517s] DEBUG:colcon.colcon_installed_package_information.package_discovery:Found 5 installed packages in /home/peeranut/ros2_ws/install
[0.518s] DEBUG:colcon.colcon_installed_package_information.package_discovery:Found 377 installed packages in /opt/ros/humble
[0.519s] Level 1:colcon.colcon_core.package_discovery:discover_packages(prefix_path) using defaults
[0.556s] Level 5:colcon.colcon_core.verb:set package 'explore_lite' build argument 'cmake_args' from command line to 'None'
[0.556s] Level 5:colcon.colcon_core.verb:set package 'explore_lite' build argument 'cmake_target' from command line to 'None'
[0.556s] Level 5:colcon.colcon_core.verb:set package 'explore_lite' build argument 'cmake_target_skip_unavailable' from command line to 'False'
[0.556s] Level 5:colcon.colcon_core.verb:set package 'explore_lite' build argument 'cmake_clean_cache' from command line to 'False'
[0.556s] Level 5:colcon.colcon_core.verb:set package 'explore_lite' build argument 'cmake_clean_first' from command line to 'False'
[0.556s] Level 5:colcon.colcon_core.verb:set package 'explore_lite' build argument 'cmake_force_configure' from command line to 'False'
[0.556s] Level 5:colcon.colcon_core.verb:set package 'explore_lite' build argument 'ament_cmake_args' from command line to 'None'
[0.556s] Level 5:colcon.colcon_core.verb:set package 'explore_lite' build argument 'catkin_cmake_args' from command line to 'None'
[0.556s] Level 5:colcon.colcon_core.verb:set package 'explore_lite' build argument 'catkin_skip_building_tests' from command line to 'False'
[0.556s] DEBUG:colcon.colcon_core.verb:Building package 'explore_lite' with the following arguments: {'ament_cmake_args': None, 'build_base': '/home/peeranut/ros2_ws/build/explore_lite', 'catkin_cmake_args': None, 'catkin_skip_building_tests': False, 'cmake_args': None, 'cmake_clean_cache': False, 'cmake_clean_first': False, 'cmake_force_configure': False, 'cmake_target': None, 'cmake_target_skip_unavailable': False, 'install_base': '/home/peeranut/ros2_ws/install/explore_lite', 'merge_install': False, 'path': '/home/peeranut/ros2_ws/src/m-explore-ros2/explore', 'symlink_install': False, 'test_result_base': None}
[0.557s] Level 5:colcon.colcon_core.verb:set package 'mobile_robotic_course_assessment_task_2023' build argument 'cmake_args' from command line to 'None'
[0.557s] Level 5:colcon.colcon_core.verb:set package 'mobile_robotic_course_assessment_task_2023' build argument 'cmake_target' from command line to 'None'
[0.557s] Level 5:colcon.colcon_core.verb:set package 'mobile_robotic_course_assessment_task_2023' build argument 'cmake_target_skip_unavailable' from command line to 'False'
[0.557s] Level 5:colcon.colcon_core.verb:set package 'mobile_robotic_course_assessment_task_2023' build argument 'cmake_clean_cache' from command line to 'False'
[0.557s] Level 5:colcon.colcon_core.verb:set package 'mobile_robotic_course_assessment_task_2023' build argument 'cmake_clean_first' from command line to 'False'
[0.557s] Level 5:colcon.colcon_core.verb:set package 'mobile_robotic_course_assessment_task_2023' build argument 'cmake_force_configure' from command line to 'False'
[0.557s] Level 5:colcon.colcon_core.verb:set package 'mobile_robotic_course_assessment_task_2023' build argument 'ament_cmake_args' from command line to 'None'
[0.557s] Level 5:colcon.colcon_core.verb:set package 'mobile_robotic_course_assessment_task_2023' build argument 'catkin_cmake_args' from command line to 'None'
[0.557s] Level 5:colcon.colcon_core.verb:set package 'mobile_robotic_course_assessment_task_2023' build argument 'catkin_skip_building_tests' from command line to 'False'
[0.557s] DEBUG:colcon.colcon_core.verb:Building package 'mobile_robotic_course_assessment_task_2023' with the following arguments: {'ament_cmake_args': None, 'build_base': '/home/peeranut/ros2_ws/build/mobile_robotic_course_assessment_task_2023', 'catkin_cmake_args': None, 'catkin_skip_building_tests': False, 'cmake_args': None, 'cmake_clean_cache': False, 'cmake_clean_first': False, 'cmake_force_configure': False, 'cmake_target': None, 'cmake_target_skip_unavailable': False, 'install_base': '/home/peeranut/ros2_ws/install/mobile_robotic_course_assessment_task_2023', 'merge_install': False, 'path': '/home/peeranut/ros2_ws/src/mobile_robotic_course_assessment_task_2023', 'symlink_install': False, 'test_result_base': None}
[0.557s] Level 5:colcon.colcon_core.verb:set package 'multirobot_map_merge' build argument 'cmake_args' from command line to 'None'
[0.557s] Level 5:colcon.colcon_core.verb:set package 'multirobot_map_merge' build argument 'cmake_target' from command line to 'None'
[0.557s] Level 5:colcon.colcon_core.verb:set package 'multirobot_map_merge' build argument 'cmake_target_skip_unavailable' from command line to 'False'
[0.557s] Level 5:colcon.colcon_core.verb:set package 'multirobot_map_merge' build argument 'cmake_clean_cache' from command line to 'False'
[0.557s] Level 5:colcon.colcon_core.verb:set package 'multirobot_map_merge' build argument 'cmake_clean_first' from command line to 'False'
[0.557s] Level 5:colcon.colcon_core.verb:set package 'multirobot_map_merge' build argument 'cmake_force_configure' from command line to 'False'
[0.557s] Level 5:colcon.colcon_core.verb:set package 'multirobot_map_merge' build argument 'ament_cmake_args' from command line to 'None'
[0.557s] Level 5:colcon.colcon_core.verb:set package 'multirobot_map_merge' build argument 'catkin_cmake_args' from command line to 'None'
[0.557s] Level 5:colcon.colcon_core.verb:set package 'multirobot_map_merge' build argument 'catkin_skip_building_tests' from command line to 'False'
[0.557s] DEBUG:colcon.colcon_core.verb:Building package 'multirobot_map_merge' with the following arguments: {'ament_cmake_args': None, 'build_base': '/home/peeranut/ros2_ws/build/multirobot_map_merge', 'catkin_cmake_args': None, 'catkin_skip_building_tests': False, 'cmake_args': None, 'cmake_clean_cache': False, 'cmake_clean_first': False, 'cmake_force_configure': False, 'cmake_target': None, 'cmake_target_skip_unavailable': False, 'install_base': '/home/peeranut/ros2_ws/install/multirobot_map_merge', 'merge_install': False, 'path': '/home/peeranut/ros2_ws/src/m-explore-ros2/map_merge', 'symlink_install': False, 'test_result_base': None}
[0.558s] Level 5:colcon.colcon_core.verb:set package 'simple_robot_nav2_ros2' build argument 'cmake_args' from command line to 'None'
[0.558s] Level 5:colcon.colcon_core.verb:set package 'simple_robot_nav2_ros2' build argument 'cmake_target' from command line to 'None'
[0.558s] Level 5:colcon.colcon_core.verb:set package 'simple_robot_nav2_ros2' build argument 'cmake_target_skip_unavailable' from command line to 'False'
[0.558s] Level 5:colcon.colcon_core.verb:set package 'simple_robot_nav2_ros2' build argument 'cmake_clean_cache' from command line to 'False'
[0.558s] Level 5:colcon.colcon_core.verb:set package 'simple_robot_nav2_ros2' build argument 'cmake_clean_first' from command line to 'False'
[0.558s] Level 5:colcon.colcon_core.verb:set package 'simple_robot_nav2_ros2' build argument 'cmake_force_configure' from command line to 'False'
[0.558s] Level 5:colcon.colcon_core.verb:set package 'simple_robot_nav2_ros2' build argument 'ament_cmake_args' from command line to 'None'
[0.558s] Level 5:colcon.colcon_core.verb:set package 'simple_robot_nav2_ros2' build argument 'catkin_cmake_args' from command line to 'None'
[0.558s] Level 5:colcon.colcon_core.verb:set package 'simple_robot_nav2_ros2' build argument 'catkin_skip_building_tests' from command line to 'False'
[0.558s] DEBUG:colcon.colcon_core.verb:Building package 'simple_robot_nav2_ros2' with the following arguments: {'ament_cmake_args': None, 'build_base': '/home/peeranut/ros2_ws/build/simple_robot_nav2_ros2', 'catkin_cmake_args': None, 'catkin_skip_building_tests': False, 'cmake_args': None, 'cmake_clean_cache': False, 'cmake_clean_first': False, 'cmake_force_configure': False, 'cmake_target': None, 'cmake_target_skip_unavailable': False, 'install_base': '/home/peeranut/ros2_ws/install/simple_robot_nav2_ros2', 'merge_install': False, 'path': '/home/peeranut/ros2_ws/src/simple_robot_nav2_ros2', 'symlink_install': False, 'test_result_base': None}
[0.558s] Level 5:colcon.colcon_core.verb:set package 'simple_robot_ros2' build argument 'cmake_args' from command line to 'None'
[0.558s] Level 5:colcon.colcon_core.verb:set package 'simple_robot_ros2' build argument 'cmake_target' from command line to 'None'
[0.558s] Level 5:colcon.colcon_core.verb:set package 'simple_robot_ros2' build argument 'cmake_target_skip_unavailable' from command line to 'False'
[0.558s] Level 5:colcon.colcon_core.verb:set package 'simple_robot_ros2' build argument 'cmake_clean_cache' from command line to 'False'
[0.558s] Level 5:colcon.colcon_core.verb:set package 'simple_robot_ros2' build argument 'cmake_clean_first' from command line to 'False'
[0.558s] Level 5:colcon.colcon_core.verb:set package 'simple_robot_ros2' build argument 'cmake_force_configure' from command line to 'False'
[0.558s] Level 5:colcon.colcon_core.verb:set package 'simple_robot_ros2' build argument 'ament_cmake_args' from command line to 'None'
[0.558s] Level 5:colcon.colcon_core.verb:set package 'simple_robot_ros2' build argument 'catkin_cmake_args' from command line to 'None'
[0.558s] Level 5:colcon.colcon_core.verb:set package 'simple_robot_ros2' build argument 'catkin_skip_building_tests' from command line to 'False'
[0.558s] DEBUG:colcon.colcon_core.verb:Building package 'simple_robot_ros2' with the following arguments: {'ament_cmake_args': None, 'build_base': '/home/peeranut/ros2_ws/build/simple_robot_ros2', 'catkin_cmake_args': None, 'catkin_skip_building_tests': False, 'cmake_args': None, 'cmake_clean_cache': False, 'cmake_clean_first': False, 'cmake_force_configure': False, 'cmake_target': None, 'cmake_target_skip_unavailable': False, 'install_base': '/home/peeranut/ros2_ws/install/simple_robot_ros2', 'merge_install': False, 'path': '/home/peeranut/ros2_ws/src/simple_robot_ros2', 'symlink_install': False, 'test_result_base': None}
[0.559s] INFO:colcon.colcon_core.executor:Executing jobs using 'parallel' executor
[0.562s] DEBUG:colcon.colcon_parallel_executor.executor.parallel:run_until_complete
[0.562s] INFO:colcon.colcon_ros.task.ament_cmake.build:Building ROS package in '/home/peeranut/ros2_ws/src/m-explore-ros2/explore' with build type 'ament_cmake'
[0.562s] INFO:colcon.colcon_cmake.task.cmake.build:Building CMake package in '/home/peeranut/ros2_ws/src/m-explore-ros2/explore'
[0.565s] INFO:colcon.colcon_core.plugin_system:Skipping extension 'colcon_core.shell.bat': Not used on non-Windows systems
[0.565s] INFO:colcon.colcon_core.shell:Skip shell extension 'powershell' for command environment: Not usable outside of PowerShell
[0.565s] DEBUG:colcon.colcon_core.shell:Skip shell extension 'dsv' for command environment
[0.568s] INFO:colcon.colcon_ros.task.ament_cmake.build:Building ROS package in '/home/peeranut/ros2_ws/src/mobile_robotic_course_assessment_task_2023' with build type 'ament_cmake'
[0.568s] INFO:colcon.colcon_cmake.task.cmake.build:Building CMake package in '/home/peeranut/ros2_ws/src/mobile_robotic_course_assessment_task_2023'
[0.569s] INFO:colcon.colcon_core.shell:Skip shell extension 'powershell' for command environment: Not usable outside of PowerShell
[0.569s] DEBUG:colcon.colcon_core.shell:Skip shell extension 'dsv' for command environment
[0.573s] INFO:colcon.colcon_ros.task.ament_cmake.build:Building ROS package in '/home/peeranut/ros2_ws/src/m-explore-ros2/map_merge' with build type 'ament_cmake'
[0.573s] INFO:colcon.colcon_cmake.task.cmake.build:Building CMake package in '/home/peeranut/ros2_ws/src/m-explore-ros2/map_merge'
[0.574s] INFO:colcon.colcon_core.shell:Skip shell extension 'powershell' for command environment: Not usable outside of PowerShell
[0.574s] DEBUG:colcon.colcon_core.shell:Skip shell extension 'dsv' for command environment
[0.577s] INFO:colcon.colcon_ros.task.ament_cmake.build:Building ROS package in '/home/peeranut/ros2_ws/src/simple_robot_nav2_ros2' with build type 'ament_cmake'
[0.577s] INFO:colcon.colcon_cmake.task.cmake.build:Building CMake package in '/home/peeranut/ros2_ws/src/simple_robot_nav2_ros2'
[0.578s] INFO:colcon.colcon_core.shell:Skip shell extension 'powershell' for command environment: Not usable outside of PowerShell
[0.578s] DEBUG:colcon.colcon_core.shell:Skip shell extension 'dsv' for command environment
[0.581s] INFO:colcon.colcon_ros.task.ament_cmake.build:Building ROS package in '/home/peeranut/ros2_ws/src/simple_robot_ros2' with build type 'ament_cmake'
[0.581s] INFO:colcon.colcon_cmake.task.cmake.build:Building CMake package in '/home/peeranut/ros2_ws/src/simple_robot_ros2'
[0.582s] INFO:colcon.colcon_core.shell:Skip shell extension 'powershell' for command environment: Not usable outside of PowerShell
[0.582s] DEBUG:colcon.colcon_core.shell:Skip shell extension 'dsv' for command environment
[0.592s] DEBUG:colcon.colcon_core.event_handler.log_command:Invoking command in '/home/peeranut/ros2_ws/build/explore_lite': CMAKE_PREFIX_PATH=${CMAKE_PREFIX_PATH}:/opt/ros/humble /usr/bin/cmake --build /home/peeranut/ros2_ws/build/explore_lite -- -j20 -l20
[0.593s] DEBUG:colcon.colcon_core.event_handler.log_command:Invoking command in '/home/peeranut/ros2_ws/build/mobile_robotic_course_assessment_task_2023': CMAKE_PREFIX_PATH=${CMAKE_PREFIX_PATH}:/opt/ros/humble /usr/bin/cmake --build /home/peeranut/ros2_ws/build/mobile_robotic_course_assessment_task_2023 -- -j20 -l20
[0.596s] DEBUG:colcon.colcon_core.event_handler.log_command:Invoking command in '/home/peeranut/ros2_ws/build/multirobot_map_merge': CMAKE_PREFIX_PATH=${CMAKE_PREFIX_PATH}:/opt/ros/humble /usr/bin/cmake --build /home/peeranut/ros2_ws/build/multirobot_map_merge -- -j20 -l20
[0.598s] DEBUG:colcon.colcon_core.event_handler.log_command:Invoking command in '/home/peeranut/ros2_ws/build/simple_robot_nav2_ros2': CMAKE_PREFIX_PATH=${CMAKE_PREFIX_PATH}:/opt/ros/humble /usr/bin/cmake --build /home/peeranut/ros2_ws/build/simple_robot_nav2_ros2 -- -j20 -l20
[0.604s] DEBUG:colcon.colcon_core.event_handler.log_command:Invoking command in '/home/peeranut/ros2_ws/build/simple_robot_ros2': CMAKE_PREFIX_PATH=${CMAKE_PREFIX_PATH}:/opt/ros/humble /usr/bin/cmake --build /home/peeranut/ros2_ws/build/simple_robot_ros2 -- -j20 -l20
[0.619s] DEBUG:colcon.colcon_core.event_handler.log_command:Invoked command in '/home/peeranut/ros2_ws/build/simple_robot_nav2_ros2' returned '0': CMAKE_PREFIX_PATH=${CMAKE_PREFIX_PATH}:/opt/ros/humble /usr/bin/cmake --build /home/peeranut/ros2_ws/build/simple_robot_nav2_ros2 -- -j20 -l20
[0.627s] DEBUG:colcon.colcon_core.event_handler.log_command:Invoked command in '/home/peeranut/ros2_ws/build/simple_robot_ros2' returned '0': CMAKE_PREFIX_PATH=${CMAKE_PREFIX_PATH}:/opt/ros/humble /usr/bin/cmake --build /home/peeranut/ros2_ws/build/simple_robot_ros2 -- -j20 -l20
[0.638s] DEBUG:colcon.colcon_core.event_handler.log_command:Invoking command in '/home/peeranut/ros2_ws/build/simple_robot_nav2_ros2': CMAKE_PREFIX_PATH=${CMAKE_PREFIX_PATH}:/opt/ros/humble /usr/bin/cmake --install /home/peeranut/ros2_ws/build/simple_robot_nav2_ros2
[0.640s] DEBUG:colcon.colcon_core.event_handler.log_command:Invoking command in '/home/peeranut/ros2_ws/build/simple_robot_ros2': CMAKE_PREFIX_PATH=${CMAKE_PREFIX_PATH}:/opt/ros/humble /usr/bin/cmake --install /home/peeranut/ros2_ws/build/simple_robot_ros2
[0.649s] Level 1:colcon.colcon_core.environment:create_environment_scripts_only(simple_robot_nav2_ros2)
[0.653s] DEBUG:colcon.colcon_core.event_handler.log_command:Invoked command in '/home/peeranut/ros2_ws/build/simple_robot_nav2_ros2' returned '0': CMAKE_PREFIX_PATH=${CMAKE_PREFIX_PATH}:/opt/ros/humble /usr/bin/cmake --install /home/peeranut/ros2_ws/build/simple_robot_nav2_ros2
[0.654s] Level 1:colcon.colcon_core.environment:checking '/home/peeranut/ros2_ws/install/simple_robot_nav2_ros2' for CMake module files
[0.655s] Level 1:colcon.colcon_core.environment:checking '/home/peeranut/ros2_ws/install/simple_robot_nav2_ros2' for CMake config files
[0.655s] Level 1:colcon.colcon_core.shell:create_environment_hook('simple_robot_nav2_ros2', 'cmake_prefix_path')
[0.655s] INFO:colcon.colcon_core.shell:Creating environment hook '/home/peeranut/ros2_ws/install/simple_robot_nav2_ros2/share/simple_robot_nav2_ros2/hook/cmake_prefix_path.ps1'
[0.656s] INFO:colcon.colcon_core.shell:Creating environment descriptor '/home/peeranut/ros2_ws/install/simple_robot_nav2_ros2/share/simple_robot_nav2_ros2/hook/cmake_prefix_path.dsv'
[0.656s] INFO:colcon.colcon_core.shell:Creating environment hook '/home/peeranut/ros2_ws/install/simple_robot_nav2_ros2/share/simple_robot_nav2_ros2/hook/cmake_prefix_path.sh'
[0.657s] Level 1:colcon.colcon_core.environment:checking '/home/peeranut/ros2_ws/install/simple_robot_nav2_ros2/bin'
[0.657s] Level 1:colcon.colcon_core.environment:checking '/home/peeranut/ros2_ws/install/simple_robot_nav2_ros2/lib/pkgconfig/simple_robot_nav2_ros2.pc'
[0.657s] Level 1:colcon.colcon_core.environment:checking '/home/peeranut/ros2_ws/install/simple_robot_nav2_ros2/lib/python3.10/site-packages'
[0.657s] Level 1:colcon.colcon_core.environment:checking '/home/peeranut/ros2_ws/install/simple_robot_nav2_ros2/bin'
[0.658s] INFO:colcon.colcon_core.shell:Creating package script '/home/peeranut/ros2_ws/install/simple_robot_nav2_ros2/share/simple_robot_nav2_ros2/package.ps1'
[0.658s] INFO:colcon.colcon_core.shell:Creating package descriptor '/home/peeranut/ros2_ws/install/simple_robot_nav2_ros2/share/simple_robot_nav2_ros2/package.dsv'
[0.659s] INFO:colcon.colcon_core.shell:Creating package script '/home/peeranut/ros2_ws/install/simple_robot_nav2_ros2/share/simple_robot_nav2_ros2/package.sh'
[0.659s] INFO:colcon.colcon_core.shell:Creating package script '/home/peeranut/ros2_ws/install/simple_robot_nav2_ros2/share/simple_robot_nav2_ros2/package.bash'
[0.659s] INFO:colcon.colcon_core.shell:Creating package script '/home/peeranut/ros2_ws/install/simple_robot_nav2_ros2/share/simple_robot_nav2_ros2/package.zsh'
[0.660s] Level 1:colcon.colcon_core.environment:create_file_with_runtime_dependencies(/home/peeranut/ros2_ws/install/simple_robot_nav2_ros2/share/colcon-core/packages/simple_robot_nav2_ros2)
[0.663s] DEBUG:colcon.colcon_core.event_handler.log_command:Invoked command in '/home/peeranut/ros2_ws/build/explore_lite' returned '0': CMAKE_PREFIX_PATH=${CMAKE_PREFIX_PATH}:/opt/ros/humble /usr/bin/cmake --build /home/peeranut/ros2_ws/build/explore_lite -- -j20 -l20
[0.664s] Level 1:colcon.colcon_core.environment:create_environment_scripts_only(simple_robot_ros2)
[0.665s] Level 1:colcon.colcon_core.environment:checking '/home/peeranut/ros2_ws/install/simple_robot_ros2' for CMake module files
[0.666s] DEBUG:colcon.colcon_core.event_handler.log_command:Invoked command in '/home/peeranut/ros2_ws/build/simple_robot_ros2' returned '0': CMAKE_PREFIX_PATH=${CMAKE_PREFIX_PATH}:/opt/ros/humble /usr/bin/cmake --install /home/peeranut/ros2_ws/build/simple_robot_ros2
[0.666s] Level 1:colcon.colcon_core.environment:checking '/home/peeranut/ros2_ws/install/simple_robot_ros2' for CMake config files
[0.666s] Level 1:colcon.colcon_core.shell:create_environment_hook('simple_robot_ros2', 'cmake_prefix_path')
[0.667s] INFO:colcon.colcon_core.shell:Creating environment hook '/home/peeranut/ros2_ws/install/simple_robot_ros2/share/simple_robot_ros2/hook/cmake_prefix_path.ps1'
[0.667s] INFO:colcon.colcon_core.shell:Creating environment descriptor '/home/peeranut/ros2_ws/install/simple_robot_ros2/share/simple_robot_ros2/hook/cmake_prefix_path.dsv'
[0.668s] INFO:colcon.colcon_core.shell:Creating environment hook '/home/peeranut/ros2_ws/install/simple_robot_ros2/share/simple_robot_ros2/hook/cmake_prefix_path.sh'
[0.668s] Level 1:colcon.colcon_core.environment:checking '/home/peeranut/ros2_ws/install/simple_robot_ros2/bin'
[0.668s] Level 1:colcon.colcon_core.environment:checking '/home/peeranut/ros2_ws/install/simple_robot_ros2/lib/pkgconfig/simple_robot_ros2.pc'
[0.668s] Level 1:colcon.colcon_core.environment:checking '/home/peeranut/ros2_ws/install/simple_robot_ros2/lib/python3.10/site-packages'
[0.668s] Level 1:colcon.colcon_core.environment:checking '/home/peeranut/ros2_ws/install/simple_robot_ros2/bin'
[0.669s] INFO:colcon.colcon_core.shell:Creating package script '/home/peeranut/ros2_ws/install/simple_robot_ros2/share/simple_robot_ros2/package.ps1'
[0.669s] INFO:colcon.colcon_core.shell:Creating package descriptor '/home/peeranut/ros2_ws/install/simple_robot_ros2/share/simple_robot_ros2/package.dsv'
[0.669s] INFO:colcon.colcon_core.shell:Creating package script '/home/peeranut/ros2_ws/install/simple_robot_ros2/share/simple_robot_ros2/package.sh'
[0.670s] INFO:colcon.colcon_core.shell:Creating package script '/home/peeranut/ros2_ws/install/simple_robot_ros2/share/simple_robot_ros2/package.bash'
[0.670s] INFO:colcon.colcon_core.shell:Creating package script '/home/peeranut/ros2_ws/install/simple_robot_ros2/share/simple_robot_ros2/package.zsh'
[0.670s] Level 1:colcon.colcon_core.environment:create_file_with_runtime_dependencies(/home/peeranut/ros2_ws/install/simple_robot_ros2/share/colcon-core/packages/simple_robot_ros2)
[0.672s] DEBUG:colcon.colcon_core.event_handler.log_command:Invoked command in '/home/peeranut/ros2_ws/build/multirobot_map_merge' returned '0': CMAKE_PREFIX_PATH=${CMAKE_PREFIX_PATH}:/opt/ros/humble /usr/bin/cmake --build /home/peeranut/ros2_ws/build/multirobot_map_merge -- -j20 -l20
[0.676s] Level 1:colcon.colcon_core.environment:create_environment_scripts_only(simple_robot_nav2_ros2)
[0.677s] Level 1:colcon.colcon_core.environment:checking '/home/peeranut/ros2_ws/install/simple_robot_nav2_ros2' for CMake module files
[0.677s] Level 1:colcon.colcon_core.environment:checking '/home/peeranut/ros2_ws/install/simple_robot_nav2_ros2' for CMake config files
[0.677s] Level 1:colcon.colcon_core.shell:create_environment_hook('simple_robot_nav2_ros2', 'cmake_prefix_path')
[0.679s] INFO:colcon.colcon_core.shell:Creating environment hook '/home/peeranut/ros2_ws/install/simple_robot_nav2_ros2/share/simple_robot_nav2_ros2/hook/cmake_prefix_path.ps1'
[0.680s] INFO:colcon.colcon_core.shell:Creating environment descriptor '/home/peeranut/ros2_ws/install/simple_robot_nav2_ros2/share/simple_robot_nav2_ros2/hook/cmake_prefix_path.dsv'
[0.680s] INFO:colcon.colcon_core.shell:Creating environment hook '/home/peeranut/ros2_ws/install/simple_robot_nav2_ros2/share/simple_robot_nav2_ros2/hook/cmake_prefix_path.sh'
[0.681s] Level 1:colcon.colcon_core.environment:checking '/home/peeranut/ros2_ws/install/simple_robot_nav2_ros2/bin'
[0.681s] Level 1:colcon.colcon_core.environment:checking '/home/peeranut/ros2_ws/install/simple_robot_nav2_ros2/lib/pkgconfig/simple_robot_nav2_ros2.pc'
[0.681s] Level 1:colcon.colcon_core.environment:checking '/home/peeranut/ros2_ws/install/simple_robot_nav2_ros2/lib/python3.10/site-packages'
[0.681s] Level 1:colcon.colcon_core.environment:checking '/home/peeranut/ros2_ws/install/simple_robot_nav2_ros2/bin'
[0.683s] INFO:colcon.colcon_core.shell:Creating package script '/home/peeranut/ros2_ws/install/simple_robot_nav2_ros2/share/simple_robot_nav2_ros2/package.ps1'
[0.683s] INFO:colcon.colcon_core.shell:Creating package descriptor '/home/peeranut/ros2_ws/install/simple_robot_nav2_ros2/share/simple_robot_nav2_ros2/package.dsv'
[0.683s] INFO:colcon.colcon_core.shell:Creating package script '/home/peeranut/ros2_ws/install/simple_robot_nav2_ros2/share/simple_robot_nav2_ros2/package.sh'
[0.684s] INFO:colcon.colcon_core.shell:Creating package script '/home/peeranut/ros2_ws/install/simple_robot_nav2_ros2/share/simple_robot_nav2_ros2/package.bash'
[0.684s] INFO:colcon.colcon_core.shell:Creating package script '/home/peeranut/ros2_ws/install/simple_robot_nav2_ros2/share/simple_robot_nav2_ros2/package.zsh'
[0.684s] Level 1:colcon.colcon_core.environment:create_file_with_runtime_dependencies(/home/peeranut/ros2_ws/install/simple_robot_nav2_ros2/share/colcon-core/packages/simple_robot_nav2_ros2)
[0.686s] Level 1:colcon.colcon_core.environment:create_environment_scripts_only(simple_robot_ros2)
[0.687s] Level 1:colcon.colcon_core.environment:checking '/home/peeranut/ros2_ws/install/simple_robot_ros2' for CMake module files
[0.688s] Level 1:colcon.colcon_core.environment:checking '/home/peeranut/ros2_ws/install/simple_robot_ros2' for CMake config files
[0.688s] Level 1:colcon.colcon_core.shell:create_environment_hook('simple_robot_ros2', 'cmake_prefix_path')
[0.689s] INFO:colcon.colcon_core.shell:Creating environment hook '/home/peeranut/ros2_ws/install/simple_robot_ros2/share/simple_robot_ros2/hook/cmake_prefix_path.ps1'
[0.689s] INFO:colcon.colcon_core.shell:Creating environment descriptor '/home/peeranut/ros2_ws/install/simple_robot_ros2/share/simple_robot_ros2/hook/cmake_prefix_path.dsv'
[0.689s] INFO:colcon.colcon_core.shell:Creating environment hook '/home/peeranut/ros2_ws/install/simple_robot_ros2/share/simple_robot_ros2/hook/cmake_prefix_path.sh'
[0.690s] Level 1:colcon.colcon_core.environment:checking '/home/peeranut/ros2_ws/install/simple_robot_ros2/bin'
[0.690s] Level 1:colcon.colcon_core.environment:checking '/home/peeranut/ros2_ws/install/simple_robot_ros2/lib/pkgconfig/simple_robot_ros2.pc'
[0.690s] Level 1:colcon.colcon_core.environment:checking '/home/peeranut/ros2_ws/install/simple_robot_ros2/lib/python3.10/site-packages'
[0.690s] Level 1:colcon.colcon_core.environment:checking '/home/peeranut/ros2_ws/install/simple_robot_ros2/bin'
[0.691s] INFO:colcon.colcon_core.shell:Creating package script '/home/peeranut/ros2_ws/install/simple_robot_ros2/share/simple_robot_ros2/package.ps1'
[0.691s] INFO:colcon.colcon_core.shell:Creating package descriptor '/home/peeranut/ros2_ws/install/simple_robot_ros2/share/simple_robot_ros2/package.dsv'
[0.692s] INFO:colcon.colcon_core.shell:Creating package script '/home/peeranut/ros2_ws/install/simple_robot_ros2/share/simple_robot_ros2/package.sh'
[0.692s] INFO:colcon.colcon_core.shell:Creating package script '/home/peeranut/ros2_ws/install/simple_robot_ros2/share/simple_robot_ros2/package.bash'
[0.692s] INFO:colcon.colcon_core.shell:Creating package script '/home/peeranut/ros2_ws/install/simple_robot_ros2/share/simple_robot_ros2/package.zsh'
[0.692s] Level 1:colcon.colcon_core.environment:create_file_with_runtime_dependencies(/home/peeranut/ros2_ws/install/simple_robot_ros2/share/colcon-core/packages/simple_robot_ros2)
[0.695s] DEBUG:colcon.colcon_core.event_handler.log_command:Invoking command in '/home/peeranut/ros2_ws/build/explore_lite': CMAKE_PREFIX_PATH=${CMAKE_PREFIX_PATH}:/opt/ros/humble /usr/bin/cmake --install /home/peeranut/ros2_ws/build/explore_lite
[0.698s] DEBUG:colcon.colcon_core.event_handler.log_command:Invoking command in '/home/peeranut/ros2_ws/build/multirobot_map_merge': CMAKE_PREFIX_PATH=${CMAKE_PREFIX_PATH}:/opt/ros/humble /usr/bin/cmake --install /home/peeranut/ros2_ws/build/multirobot_map_merge
[0.702s] Level 1:colcon.colcon_core.environment:create_environment_scripts_only(explore_lite)
[0.703s] Level 1:colcon.colcon_core.environment:checking '/home/peeranut/ros2_ws/install/explore_lite' for CMake module files
[0.704s] DEBUG:colcon.colcon_core.event_handler.log_command:Invoked command in '/home/peeranut/ros2_ws/build/explore_lite' returned '0': CMAKE_PREFIX_PATH=${CMAKE_PREFIX_PATH}:/opt/ros/humble /usr/bin/cmake --install /home/peeranut/ros2_ws/build/explore_lite
[0.705s] Level 1:colcon.colcon_core.environment:checking '/home/peeranut/ros2_ws/install/explore_lite' for CMake config files
[0.706s] Level 1:colcon.colcon_core.shell:create_environment_hook('explore_lite', 'cmake_prefix_path')
[0.707s] INFO:colcon.colcon_core.shell:Creating environment hook '/home/peeranut/ros2_ws/install/explore_lite/share/explore_lite/hook/cmake_prefix_path.ps1'
[0.709s] INFO:colcon.colcon_core.shell:Creating environment descriptor '/home/peeranut/ros2_ws/install/explore_lite/share/explore_lite/hook/cmake_prefix_path.dsv'
[0.709s] INFO:colcon.colcon_core.shell:Creating environment hook '/home/peeranut/ros2_ws/install/explore_lite/share/explore_lite/hook/cmake_prefix_path.sh'
[0.709s] Level 1:colcon.colcon_core.environment:checking '/home/peeranut/ros2_ws/install/explore_lite/lib'
[0.710s] Level 1:colcon.colcon_core.environment:checking '/home/peeranut/ros2_ws/install/explore_lite/bin'
[0.710s] Level 1:colcon.colcon_core.environment:checking '/home/peeranut/ros2_ws/install/explore_lite/lib/pkgconfig/explore_lite.pc'
[0.710s] Level 1:colcon.colcon_core.environment:checking '/home/peeranut/ros2_ws/install/explore_lite/lib/python3.10/site-packages'
[0.710s] Level 1:colcon.colcon_core.environment:checking '/home/peeranut/ros2_ws/install/explore_lite/bin'
[0.711s] INFO:colcon.colcon_core.shell:Creating package script '/home/peeranut/ros2_ws/install/explore_lite/share/explore_lite/package.ps1'
[0.712s] INFO:colcon.colcon_core.shell:Creating package descriptor '/home/peeranut/ros2_ws/install/explore_lite/share/explore_lite/package.dsv'
[0.712s] INFO:colcon.colcon_core.shell:Creating package script '/home/peeranut/ros2_ws/install/explore_lite/share/explore_lite/package.sh'
[0.712s] INFO:colcon.colcon_core.shell:Creating package script '/home/peeranut/ros2_ws/install/explore_lite/share/explore_lite/package.bash'
[0.712s] INFO:colcon.colcon_core.shell:Creating package script '/home/peeranut/ros2_ws/install/explore_lite/share/explore_lite/package.zsh'
[0.712s] Level 1:colcon.colcon_core.environment:create_file_with_runtime_dependencies(/home/peeranut/ros2_ws/install/explore_lite/share/colcon-core/packages/explore_lite)
[0.714s] Level 1:colcon.colcon_core.environment:create_environment_scripts_only(multirobot_map_merge)
[0.715s] Level 1:colcon.colcon_core.environment:checking '/home/peeranut/ros2_ws/install/multirobot_map_merge' for CMake module files
[0.716s] DEBUG:colcon.colcon_core.event_handler.log_command:Invoked command in '/home/peeranut/ros2_ws/build/multirobot_map_merge' returned '0': CMAKE_PREFIX_PATH=${CMAKE_PREFIX_PATH}:/opt/ros/humble /usr/bin/cmake --install /home/peeranut/ros2_ws/build/multirobot_map_merge
[0.716s] Level 1:colcon.colcon_core.environment:checking '/home/peeranut/ros2_ws/install/multirobot_map_merge' for CMake config files
[0.716s] Level 1:colcon.colcon_core.shell:create_environment_hook('multirobot_map_merge', 'cmake_prefix_path')
[0.717s] INFO:colcon.colcon_core.shell:Creating environment hook '/home/peeranut/ros2_ws/install/multirobot_map_merge/share/multirobot_map_merge/hook/cmake_prefix_path.ps1'
[0.717s] INFO:colcon.colcon_core.shell:Creating environment descriptor '/home/peeranut/ros2_ws/install/multirobot_map_merge/share/multirobot_map_merge/hook/cmake_prefix_path.dsv'
[0.717s] INFO:colcon.colcon_core.shell:Creating environment hook '/home/peeranut/ros2_ws/install/multirobot_map_merge/share/multirobot_map_merge/hook/cmake_prefix_path.sh'
[0.717s] Level 1:colcon.colcon_core.environment:checking '/home/peeranut/ros2_ws/install/multirobot_map_merge/lib'
[0.717s] Level 1:colcon.colcon_core.environment:checking '/home/peeranut/ros2_ws/install/multirobot_map_merge/bin'
[0.717s] Level 1:colcon.colcon_core.environment:checking '/home/peeranut/ros2_ws/install/multirobot_map_merge/lib/pkgconfig/multirobot_map_merge.pc'
[0.717s] Level 1:colcon.colcon_core.environment:checking '/home/peeranut/ros2_ws/install/multirobot_map_merge/lib/python3.10/site-packages'
[0.718s] Level 1:colcon.colcon_core.environment:checking '/home/peeranut/ros2_ws/install/multirobot_map_merge/bin'
[0.718s] INFO:colcon.colcon_core.shell:Creating package script '/home/peeranut/ros2_ws/install/multirobot_map_merge/share/multirobot_map_merge/package.ps1'
[0.718s] INFO:colcon.colcon_core.shell:Creating package descriptor '/home/peeranut/ros2_ws/install/multirobot_map_merge/share/multirobot_map_merge/package.dsv'
[0.719s] INFO:colcon.colcon_core.shell:Creating package script '/home/peeranut/ros2_ws/install/multirobot_map_merge/share/multirobot_map_merge/package.sh'
[0.719s] INFO:colcon.colcon_core.shell:Creating package script '/home/peeranut/ros2_ws/install/multirobot_map_merge/share/multirobot_map_merge/package.bash'
[0.719s] INFO:colcon.colcon_core.shell:Creating package script '/home/peeranut/ros2_ws/install/multirobot_map_merge/share/multirobot_map_merge/package.zsh'
[0.719s] Level 1:colcon.colcon_core.environment:create_file_with_runtime_dependencies(/home/peeranut/ros2_ws/install/multirobot_map_merge/share/colcon-core/packages/multirobot_map_merge)
[0.736s] Level 1:colcon.colcon_core.environment:create_environment_scripts_only(explore_lite)
[0.737s] Level 1:colcon.colcon_core.environment:checking '/home/peeranut/ros2_ws/install/explore_lite' for CMake module files
[0.737s] Level 1:colcon.colcon_core.environment:checking '/home/peeranut/ros2_ws/install/explore_lite' for CMake config files
[0.737s] Level 1:colcon.colcon_core.shell:create_environment_hook('explore_lite', 'cmake_prefix_path')
[0.738s] INFO:colcon.colcon_core.shell:Creating environment hook '/home/peeranut/ros2_ws/install/explore_lite/share/explore_lite/hook/cmake_prefix_path.ps1'
[0.738s] INFO:colcon.colcon_core.shell:Creating environment descriptor '/home/peeranut/ros2_ws/install/explore_lite/share/explore_lite/hook/cmake_prefix_path.dsv'
[0.738s] INFO:colcon.colcon_core.shell:Creating environment hook '/home/peeranut/ros2_ws/install/explore_lite/share/explore_lite/hook/cmake_prefix_path.sh'
[0.739s] Level 1:colcon.colcon_core.environment:checking '/home/peeranut/ros2_ws/install/explore_lite/lib'
[0.739s] Level 1:colcon.colcon_core.environment:checking '/home/peeranut/ros2_ws/install/explore_lite/bin'
[0.739s] Level 1:colcon.colcon_core.environment:checking '/home/peeranut/ros2_ws/install/explore_lite/lib/pkgconfig/explore_lite.pc'
[0.739s] Level 1:colcon.colcon_core.environment:checking '/home/peeranut/ros2_ws/install/explore_lite/lib/python3.10/site-packages'
[0.739s] Level 1:colcon.colcon_core.environment:checking '/home/peeranut/ros2_ws/install/explore_lite/bin'
[0.740s] INFO:colcon.colcon_core.shell:Creating package script '/home/peeranut/ros2_ws/install/explore_lite/share/explore_lite/package.ps1'
[0.740s] INFO:colcon.colcon_core.shell:Creating package descriptor '/home/peeranut/ros2_ws/install/explore_lite/share/explore_lite/package.dsv'
[0.741s] INFO:colcon.colcon_core.shell:Creating package script '/home/peeranut/ros2_ws/install/explore_lite/share/explore_lite/package.sh'
[0.741s] INFO:colcon.colcon_core.shell:Creating package script '/home/peeranut/ros2_ws/install/explore_lite/share/explore_lite/package.bash'
[0.741s] INFO:colcon.colcon_core.shell:Creating package script '/home/peeranut/ros2_ws/install/explore_lite/share/explore_lite/package.zsh'
[0.741s] Level 1:colcon.colcon_core.environment:create_file_with_runtime_dependencies(/home/peeranut/ros2_ws/install/explore_lite/share/colcon-core/packages/explore_lite)
[0.743s] Level 1:colcon.colcon_core.environment:create_environment_scripts_only(multirobot_map_merge)
[0.745s] Level 1:colcon.colcon_core.environment:checking '/home/peeranut/ros2_ws/install/multirobot_map_merge' for CMake module files
[0.745s] Level 1:colcon.colcon_core.environment:checking '/home/peeranut/ros2_ws/install/multirobot_map_merge' for CMake config files
[0.745s] Level 1:colcon.colcon_core.shell:create_environment_hook('multirobot_map_merge', 'cmake_prefix_path')
[0.746s] INFO:colcon.colcon_core.shell:Creating environment hook '/home/peeranut/ros2_ws/install/multirobot_map_merge/share/multirobot_map_merge/hook/cmake_prefix_path.ps1'
[0.746s] INFO:colcon.colcon_core.shell:Creating environment descriptor '/home/peeranut/ros2_ws/install/multirobot_map_merge/share/multirobot_map_merge/hook/cmake_prefix_path.dsv'
[0.747s] INFO:colcon.colcon_core.shell:Creating environment hook '/home/peeranut/ros2_ws/install/multirobot_map_merge/share/multirobot_map_merge/hook/cmake_prefix_path.sh'
[0.747s] Level 1:colcon.colcon_core.environment:checking '/home/peeranut/ros2_ws/install/multirobot_map_merge/lib'
[0.747s] Level 1:colcon.colcon_core.environment:checking '/home/peeranut/ros2_ws/install/multirobot_map_merge/bin'
[0.747s] Level 1:colcon.colcon_core.environment:checking '/home/peeranut/ros2_ws/install/multirobot_map_merge/lib/pkgconfig/multirobot_map_merge.pc'
[0.747s] Level 1:colcon.colcon_core.environment:checking '/home/peeranut/ros2_ws/install/multirobot_map_merge/lib/python3.10/site-packages'
[0.747s] Level 1:colcon.colcon_core.environment:checking '/home/peeranut/ros2_ws/install/multirobot_map_merge/bin'
[0.748s] INFO:colcon.colcon_core.shell:Creating package script '/home/peeranut/ros2_ws/install/multirobot_map_merge/share/multirobot_map_merge/package.ps1'
[0.748s] INFO:colcon.colcon_core.shell:Creating package descriptor '/home/peeranut/ros2_ws/install/multirobot_map_merge/share/multirobot_map_merge/package.dsv'
[0.748s] INFO:colcon.colcon_core.shell:Creating package script '/home/peeranut/ros2_ws/install/multirobot_map_merge/share/multirobot_map_merge/package.sh'
[0.749s] INFO:colcon.colcon_core.shell:Creating package script '/home/peeranut/ros2_ws/install/multirobot_map_merge/share/multirobot_map_merge/package.bash'
[0.749s] INFO:colcon.colcon_core.shell:Creating package script '/home/peeranut/ros2_ws/install/multirobot_map_merge/share/multirobot_map_merge/package.zsh'
[0.749s] Level 1:colcon.colcon_core.environment:create_file_with_runtime_dependencies(/home/peeranut/ros2_ws/install/multirobot_map_merge/share/colcon-core/packages/multirobot_map_merge)
[1.504s] DEBUG:colcon.colcon_core.event_handler.log_command:Invoked command in '/home/peeranut/ros2_ws/build/mobile_robotic_course_assessment_task_2023' returned '0': CMAKE_PREFIX_PATH=${CMAKE_PREFIX_PATH}:/opt/ros/humble /usr/bin/cmake --build /home/peeranut/ros2_ws/build/mobile_robotic_course_assessment_task_2023 -- -j20 -l20
[1.516s] DEBUG:colcon.colcon_core.event_handler.log_command:Invoking command in '/home/peeranut/ros2_ws/build/mobile_robotic_course_assessment_task_2023': CMAKE_PREFIX_PATH=${CMAKE_PREFIX_PATH}:/opt/ros/humble /usr/bin/cmake --install /home/peeranut/ros2_ws/build/mobile_robotic_course_assessment_task_2023
[1.528s] Level 1:colcon.colcon_core.environment:create_environment_scripts_only(mobile_robotic_course_assessment_task_2023)
[1.532s] Level 1:colcon.colcon_core.environment:checking '/home/peeranut/ros2_ws/install/mobile_robotic_course_assessment_task_2023' for CMake module files
[1.547s] DEBUG:colcon.colcon_core.event_handler.log_command:Invoked command in '/home/peeranut/ros2_ws/build/mobile_robotic_course_assessment_task_2023' returned '0': CMAKE_PREFIX_PATH=${CMAKE_PREFIX_PATH}:/opt/ros/humble /usr/bin/cmake --install /home/peeranut/ros2_ws/build/mobile_robotic_course_assessment_task_2023
[1.547s] Level 1:colcon.colcon_core.environment:checking '/home/peeranut/ros2_ws/install/mobile_robotic_course_assessment_task_2023' for CMake config files
[1.548s] Level 1:colcon.colcon_core.shell:create_environment_hook('mobile_robotic_course_assessment_task_2023', 'cmake_prefix_path')
[1.548s] INFO:colcon.colcon_core.shell:Creating environment hook '/home/peeranut/ros2_ws/install/mobile_robotic_course_assessment_task_2023/share/mobile_robotic_course_assessment_task_2023/hook/cmake_prefix_path.ps1'
[1.548s] INFO:colcon.colcon_core.shell:Creating environment descriptor '/home/peeranut/ros2_ws/install/mobile_robotic_course_assessment_task_2023/share/mobile_robotic_course_assessment_task_2023/hook/cmake_prefix_path.dsv'
[1.549s] INFO:colcon.colcon_core.shell:Creating environment hook '/home/peeranut/ros2_ws/install/mobile_robotic_course_assessment_task_2023/share/mobile_robotic_course_assessment_task_2023/hook/cmake_prefix_path.sh'
[1.549s] Level 1:colcon.colcon_core.environment:checking '/home/peeranut/ros2_ws/install/mobile_robotic_course_assessment_task_2023/lib'
[1.549s] Level 1:colcon.colcon_core.environment:checking '/home/peeranut/ros2_ws/install/mobile_robotic_course_assessment_task_2023/bin'
[1.549s] Level 1:colcon.colcon_core.environment:checking '/home/peeranut/ros2_ws/install/mobile_robotic_course_assessment_task_2023/lib/pkgconfig/mobile_robotic_course_assessment_task_2023.pc'
[1.549s] Level 1:colcon.colcon_core.environment:checking '/home/peeranut/ros2_ws/install/mobile_robotic_course_assessment_task_2023/lib/python3.10/site-packages'
[1.549s] Level 1:colcon.colcon_core.environment:checking '/home/peeranut/ros2_ws/install/mobile_robotic_course_assessment_task_2023/bin'
[1.550s] INFO:colcon.colcon_core.shell:Creating package script '/home/peeranut/ros2_ws/install/mobile_robotic_course_assessment_task_2023/share/mobile_robotic_course_assessment_task_2023/package.ps1'
[1.550s] INFO:colcon.colcon_core.shell:Creating package descriptor '/home/peeranut/ros2_ws/install/mobile_robotic_course_assessment_task_2023/share/mobile_robotic_course_assessment_task_2023/package.dsv'
[1.550s] INFO:colcon.colcon_core.shell:Creating package script '/home/peeranut/ros2_ws/install/mobile_robotic_course_assessment_task_2023/share/mobile_robotic_course_assessment_task_2023/package.sh'
[1.551s] INFO:colcon.colcon_core.shell:Creating package script '/home/peeranut/ros2_ws/install/mobile_robotic_course_assessment_task_2023/share/mobile_robotic_course_assessment_task_2023/package.bash'
[1.551s] INFO:colcon.colcon_core.shell:Creating package script '/home/peeranut/ros2_ws/install/mobile_robotic_course_assessment_task_2023/share/mobile_robotic_course_assessment_task_2023/package.zsh'
[1.551s] Level 1:colcon.colcon_core.environment:create_file_with_runtime_dependencies(/home/peeranut/ros2_ws/install/mobile_robotic_course_assessment_task_2023/share/colcon-core/packages/mobile_robotic_course_assessment_task_2023)
[1.564s] Level 1:colcon.colcon_core.environment:create_environment_scripts_only(mobile_robotic_course_assessment_task_2023)
[1.565s] Level 1:colcon.colcon_core.environment:checking '/home/peeranut/ros2_ws/install/mobile_robotic_course_assessment_task_2023' for CMake module files
[1.566s] Level 1:colcon.colcon_core.environment:checking '/home/peeranut/ros2_ws/install/mobile_robotic_course_assessment_task_2023' for CMake config files
[1.566s] Level 1:colcon.colcon_core.shell:create_environment_hook('mobile_robotic_course_assessment_task_2023', 'cmake_prefix_path')
[1.567s] INFO:colcon.colcon_core.shell:Creating environment hook '/home/peeranut/ros2_ws/install/mobile_robotic_course_assessment_task_2023/share/mobile_robotic_course_assessment_task_2023/hook/cmake_prefix_path.ps1'
[1.567s] INFO:colcon.colcon_core.shell:Creating environment descriptor '/home/peeranut/ros2_ws/install/mobile_robotic_course_assessment_task_2023/share/mobile_robotic_course_assessment_task_2023/hook/cmake_prefix_path.dsv'
[1.567s] INFO:colcon.colcon_core.shell:Creating environment hook '/home/peeranut/ros2_ws/install/mobile_robotic_course_assessment_task_2023/share/mobile_robotic_course_assessment_task_2023/hook/cmake_prefix_path.sh'
[1.567s] Level 1:colcon.colcon_core.environment:checking '/home/peeranut/ros2_ws/install/mobile_robotic_course_assessment_task_2023/lib'
[1.567s] Level 1:colcon.colcon_core.environment:checking '/home/peeranut/ros2_ws/install/mobile_robotic_course_assessment_task_2023/bin'
[1.567s] Level 1:colcon.colcon_core.environment:checking '/home/peeranut/ros2_ws/install/mobile_robotic_course_assessment_task_2023/lib/pkgconfig/mobile_robotic_course_assessment_task_2023.pc'
[1.568s] Level 1:colcon.colcon_core.environment:checking '/home/peeranut/ros2_ws/install/mobile_robotic_course_assessment_task_2023/lib/python3.10/site-packages'
[1.568s] Level 1:colcon.colcon_core.environment:checking '/home/peeranut/ros2_ws/install/mobile_robotic_course_assessment_task_2023/bin'
[1.568s] INFO:colcon.colcon_core.shell:Creating package script '/home/peeranut/ros2_ws/install/mobile_robotic_course_assessment_task_2023/share/mobile_robotic_course_assessment_task_2023/package.ps1'
[1.569s] INFO:colcon.colcon_core.shell:Creating package descriptor '/home/peeranut/ros2_ws/install/mobile_robotic_course_assessment_task_2023/share/mobile_robotic_course_assessment_task_2023/package.dsv'
[1.569s] INFO:colcon.colcon_core.shell:Creating package script '/home/peeranut/ros2_ws/install/mobile_robotic_course_assessment_task_2023/share/mobile_robotic_course_assessment_task_2023/package.sh'
[1.569s] INFO:colcon.colcon_core.shell:Creating package script '/home/peeranut/ros2_ws/install/mobile_robotic_course_assessment_task_2023/share/mobile_robotic_course_assessment_task_2023/package.bash'
[1.570s] INFO:colcon.colcon_core.shell:Creating package script '/home/peeranut/ros2_ws/install/mobile_robotic_course_assessment_task_2023/share/mobile_robotic_course_assessment_task_2023/package.zsh'
[1.570s] Level 1:colcon.colcon_core.environment:create_file_with_runtime_dependencies(/home/peeranut/ros2_ws/install/mobile_robotic_course_assessment_task_2023/share/colcon-core/packages/mobile_robotic_course_assessment_task_2023)
[1.570s] DEBUG:colcon.colcon_parallel_executor.executor.parallel:closing loop
[1.571s] DEBUG:colcon.colcon_parallel_executor.executor.parallel:loop closed
[1.571s] DEBUG:colcon.colcon_parallel_executor.executor.parallel:run_until_complete finished with '0'
[1.571s] DEBUG:colcon.colcon_core.event_reactor:joining thread
[1.704s] INFO:colcon.colcon_core.plugin_system:Skipping extension 'colcon_notification.desktop_notification.notify_send': Could not find 'notify-send'
[1.704s] INFO:colcon.colcon_core.plugin_system:Skipping extension 'colcon_notification.desktop_notification.terminal_notifier': Not used on non-Darwin systems
[1.704s] INFO:colcon.colcon_core.plugin_system:Skipping extension 'colcon_notification.desktop_notification.win32': Not used on non-Windows systems
[1.705s] INFO:colcon.colcon_notification.desktop_notification:Sending desktop notification using 'notify2'
[1.706s] DEBUG:colcon.colcon_notification.desktop_notification.notify2:Failed to initialize notify2: org.freedesktop.DBus.Error.ServiceUnknown: The name org.freedesktop.Notifications was not provided by any .service files
[1.706s] DEBUG:colcon.colcon_core.event_reactor:joined thread
[1.707s] INFO:colcon.colcon_core.shell:Creating prefix script '/home/peeranut/ros2_ws/install/local_setup.ps1'
[1.707s] INFO:colcon.colcon_core.shell:Creating prefix util module '/home/peeranut/ros2_ws/install/_local_setup_util_ps1.py'
[1.708s] INFO:colcon.colcon_core.shell:Creating prefix chain script '/home/peeranut/ros2_ws/install/setup.ps1'
[1.709s] INFO:colcon.colcon_core.shell:Creating prefix script '/home/peeranut/ros2_ws/install/local_setup.sh'
[1.709s] INFO:colcon.colcon_core.shell:Creating prefix util module '/home/peeranut/ros2_ws/install/_local_setup_util_sh.py'
[1.710s] INFO:colcon.colcon_core.shell:Creating prefix chain script '/home/peeranut/ros2_ws/install/setup.sh'
[1.711s] INFO:colcon.colcon_core.shell:Creating prefix script '/home/peeranut/ros2_ws/install/local_setup.bash'
[1.711s] INFO:colcon.colcon_core.shell:Creating prefix chain script '/home/peeranut/ros2_ws/install/setup.bash'
[1.712s] INFO:colcon.colcon_core.shell:Creating prefix script '/home/peeranut/ros2_ws/install/local_setup.zsh'
[1.712s] INFO:colcon.colcon_core.shell:Creating prefix chain script '/home/peeranut/ros2_ws/install/setup.zsh'
