[0.505s] DEBUG:colcon:Command line arguments: ['/usr/bin/colcon', 'build']
[0.506s] DEBUG:colcon:Parsed command line arguments: Namespace(log_base=None, log_level=None, verb_name='build', build_base='build', install_base='install', merge_install=False, symlink_install=False, test_result_base=None, continue_on_error=False, executor='parallel', parallel_workers=20, event_handlers=None, ignore_user_meta=False, metas=['./colcon.meta'], base_paths=['.'], packages_ignore=None, packages_ignore_regex=None, paths=None, packages_up_to=None, packages_up_to_regex=None, packages_above=None, packages_above_and_dependencies=None, packages_above_depth=None, packages_select_by_dep=None, packages_skip_by_dep=None, packages_skip_up_to=None, packages_select_build_failed=False, packages_skip_build_finished=False, packages_select_test_failures=False, packages_skip_test_passed=False, packages_select=None, packages_skip=None, packages_select_regex=None, packages_skip_regex=None, packages_start=None, packages_end=None, allow_overriding=[], cmake_args=None, cmake_target=None, cmake_target_skip_unavailable=False, cmake_clean_cache=False, cmake_clean_first=False, cmake_force_configure=False, ament_cmake_args=None, catkin_cmake_args=None, catkin_skip_building_tests=False, verb_parser=<colcon_defaults.argument_parser.defaults.DefaultArgumentsDecorator object at 0x7f0c5d6906a0>, verb_extension=<colcon_core.verb.build.BuildVerb object at 0x7f0c5d6cd450>, main=<bound method BuildVerb.main of <colcon_core.verb.build.BuildVerb object at 0x7f0c5d6cd450>>)
[0.528s] Level 1:colcon.colcon_core.package_discovery:discover_packages(colcon_meta) check parameters
[0.528s] Level 1:colcon.colcon_core.package_discovery:discover_packages(recursive) check parameters
[0.528s] Level 1:colcon.colcon_core.package_discovery:discover_packages(ignore) check parameters
[0.528s] Level 1:colcon.colcon_core.package_discovery:discover_packages(path) check parameters
[0.528s] Level 1:colcon.colcon_core.package_discovery:discover_packages(colcon_meta) discover
[0.528s] Level 1:colcon.colcon_core.package_discovery:discover_packages(recursive) discover
[0.528s] INFO:colcon.colcon_core.package_discovery:Crawling recursively for packages in '/home/peeranut/ros2_ws'
[0.528s] Level 1:colcon.colcon_core.package_identification:_identify(.) by extensions ['ignore', 'ignore_ament_install']
[0.528s] Level 1:colcon.colcon_core.package_identification:_identify(.) by extension 'ignore'
[0.528s] Level 1:colcon.colcon_core.package_identification:_identify(.) by extension 'ignore_ament_install'
[0.528s] Level 1:colcon.colcon_core.package_identification:_identify(.) by extensions ['colcon_pkg']
[0.528s] Level 1:colcon.colcon_core.package_identification:_identify(.) by extension 'colcon_pkg'
[0.528s] Level 1:colcon.colcon_core.package_identification:_identify(.) by extensions ['colcon_meta']
[0.528s] Level 1:colcon.colcon_core.package_identification:_identify(.) by extension 'colcon_meta'
[0.528s] Level 1:colcon.colcon_core.package_identification:_identify(.) by extensions ['ros']
[0.528s] Level 1:colcon.colcon_core.package_identification:_identify(.) by extension 'ros'
[0.537s] Level 1:colcon.colcon_core.package_identification:_identify(.) by extensions ['cmake', 'python']
[0.537s] Level 1:colcon.colcon_core.package_identification:_identify(.) by extension 'cmake'
[0.537s] Level 1:colcon.colcon_core.package_identification:_identify(.) by extension 'python'
[0.537s] Level 1:colcon.colcon_core.package_identification:_identify(.) by extensions ['python_setup_py']
[0.537s] Level 1:colcon.colcon_core.package_identification:_identify(.) by extension 'python_setup_py'
[0.537s] Level 1:colcon.colcon_core.package_identification:_identify(build) by extensions ['ignore', 'ignore_ament_install']
[0.537s] Level 1:colcon.colcon_core.package_identification:_identify(build) by extension 'ignore'
[0.537s] Level 1:colcon.colcon_core.package_identification:_identify(build) ignored
[0.537s] Level 1:colcon.colcon_core.package_identification:_identify(install) by extensions ['ignore', 'ignore_ament_install']
[0.537s] Level 1:colcon.colcon_core.package_identification:_identify(install) by extension 'ignore'
[0.537s] Level 1:colcon.colcon_core.package_identification:_identify(install) ignored
[0.537s] Level 1:colcon.colcon_core.package_identification:_identify(log) by extensions ['ignore', 'ignore_ament_install']
[0.537s] Level 1:colcon.colcon_core.package_identification:_identify(log) by extension 'ignore'
[0.537s] Level 1:colcon.colcon_core.package_identification:_identify(log) ignored
[0.537s] Level 1:colcon.colcon_core.package_identification:_identify(src) by extensions ['ignore', 'ignore_ament_install']
[0.537s] Level 1:colcon.colcon_core.package_identification:_identify(src) by extension 'ignore'
[0.537s] Level 1:colcon.colcon_core.package_identification:_identify(src) by extension 'ignore_ament_install'
[0.537s] Level 1:colcon.colcon_core.package_identification:_identify(src) by extensions ['colcon_pkg']
[0.537s] Level 1:colcon.colcon_core.package_identification:_identify(src) by extension 'colcon_pkg'
[0.537s] Level 1:colcon.colcon_core.package_identification:_identify(src) by extensions ['colcon_meta']
[0.537s] Level 1:colcon.colcon_core.package_identification:_identify(src) by extension 'colcon_meta'
[0.537s] Level 1:colcon.colcon_core.package_identification:_identify(src) by extensions ['ros']
[0.537s] Level 1:colcon.colcon_core.package_identification:_identify(src) by extension 'ros'
[0.537s] Level 1:colcon.colcon_core.package_identification:_identify(src) by extensions ['cmake', 'python']
[0.537s] Level 1:colcon.colcon_core.package_identification:_identify(src) by extension 'cmake'
[0.538s] Level 1:colcon.colcon_core.package_identification:_identify(src) by extension 'python'
[0.538s] Level 1:colcon.colcon_core.package_identification:_identify(src) by extensions ['python_setup_py']
[0.538s] Level 1:colcon.colcon_core.package_identification:_identify(src) by extension 'python_setup_py'
[0.538s] Level 1:colcon.colcon_core.package_identification:_identify(src/m-explore-ros2) by extensions ['ignore', 'ignore_ament_install']
[0.538s] Level 1:colcon.colcon_core.package_identification:_identify(src/m-explore-ros2) by extension 'ignore'
[0.538s] Level 1:colcon.colcon_core.package_identification:_identify(src/m-explore-ros2) by extension 'ignore_ament_install'
[0.538s] Level 1:colcon.colcon_core.package_identification:_identify(src/m-explore-ros2) by extensions ['colcon_pkg']
[0.538s] Level 1:colcon.colcon_core.package_identification:_identify(src/m-explore-ros2) by extension 'colcon_pkg'
[0.538s] Level 1:colcon.colcon_core.package_identification:_identify(src/m-explore-ros2) by extensions ['colcon_meta']
[0.538s] Level 1:colcon.colcon_core.package_identification:_identify(src/m-explore-ros2) by extension 'colcon_meta'
[0.538s] Level 1:colcon.colcon_core.package_identification:_identify(src/m-explore-ros2) by extensions ['ros']
[0.538s] Level 1:colcon.colcon_core.package_identification:_identify(src/m-explore-ros2) by extension 'ros'
[0.538s] Level 1:colcon.colcon_core.package_identification:_identify(src/m-explore-ros2) by extensions ['cmake', 'python']
[0.538s] Level 1:colcon.colcon_core.package_identification:_identify(src/m-explore-ros2) by extension 'cmake'
[0.538s] Level 1:colcon.colcon_core.package_identification:_identify(src/m-explore-ros2) by extension 'python'
[0.538s] Level 1:colcon.colcon_core.package_identification:_identify(src/m-explore-ros2) by extensions ['python_setup_py']
[0.538s] Level 1:colcon.colcon_core.package_identification:_identify(src/m-explore-ros2) by extension 'python_setup_py'
[0.538s] Level 1:colcon.colcon_core.package_identification:_identify(src/m-explore-ros2/explore) by extensions ['ignore', 'ignore_ament_install']
[0.538s] Level 1:colcon.colcon_core.package_identification:_identify(src/m-explore-ros2/explore) by extension 'ignore'
[0.538s] Level 1:colcon.colcon_core.package_identification:_identify(src/m-explore-ros2/explore) by extension 'ignore_ament_install'
[0.538s] Level 1:colcon.colcon_core.package_identification:_identify(src/m-explore-ros2/explore) by extensions ['colcon_pkg']
[0.538s] Level 1:colcon.colcon_core.package_identification:_identify(src/m-explore-ros2/explore) by extension 'colcon_pkg'
[0.538s] Level 1:colcon.colcon_core.package_identification:_identify(src/m-explore-ros2/explore) by extensions ['colcon_meta']
[0.538s] Level 1:colcon.colcon_core.package_identification:_identify(src/m-explore-ros2/explore) by extension 'colcon_meta'
[0.538s] Level 1:colcon.colcon_core.package_identification:_identify(src/m-explore-ros2/explore) by extensions ['ros']
[0.538s] Level 1:colcon.colcon_core.package_identification:_identify(src/m-explore-ros2/explore) by extension 'ros'
[0.540s] DEBUG:colcon.colcon_core.package_identification:Package 'src/m-explore-ros2/explore' with type 'ros.ament_cmake' and name 'explore_lite'
[0.540s] Level 1:colcon.colcon_core.package_identification:_identify(src/m-explore-ros2/map_merge) by extensions ['ignore', 'ignore_ament_install']
[0.540s] Level 1:colcon.colcon_core.package_identification:_identify(src/m-explore-ros2/map_merge) by extension 'ignore'
[0.540s] Level 1:colcon.colcon_core.package_identification:_identify(src/m-explore-ros2/map_merge) by extension 'ignore_ament_install'
[0.540s] Level 1:colcon.colcon_core.package_identification:_identify(src/m-explore-ros2/map_merge) by extensions ['colcon_pkg']
[0.540s] Level 1:colcon.colcon_core.package_identification:_identify(src/m-explore-ros2/map_merge) by extension 'colcon_pkg'
[0.540s] Level 1:colcon.colcon_core.package_identification:_identify(src/m-explore-ros2/map_merge) by extensions ['colcon_meta']
[0.540s] Level 1:colcon.colcon_core.package_identification:_identify(src/m-explore-ros2/map_merge) by extension 'colcon_meta'
[0.541s] Level 1:colcon.colcon_core.package_identification:_identify(src/m-explore-ros2/map_merge) by extensions ['ros']
[0.541s] Level 1:colcon.colcon_core.package_identification:_identify(src/m-explore-ros2/map_merge) by extension 'ros'
[0.541s] DEBUG:colcon.colcon_core.package_identification:Package 'src/m-explore-ros2/map_merge' with type 'ros.ament_cmake' and name 'multirobot_map_merge'
[0.541s] Level 1:colcon.colcon_core.package_identification:_identify(src/mobile_robotic_course_assessment_task_2023) by extensions ['ignore', 'ignore_ament_install']
[0.541s] Level 1:colcon.colcon_core.package_identification:_identify(src/mobile_robotic_course_assessment_task_2023) by extension 'ignore'
[0.541s] Level 1:colcon.colcon_core.package_identification:_identify(src/mobile_robotic_course_assessment_task_2023) by extension 'ignore_ament_install'
[0.541s] Level 1:colcon.colcon_core.package_identification:_identify(src/mobile_robotic_course_assessment_task_2023) by extensions ['colcon_pkg']
[0.541s] Level 1:colcon.colcon_core.package_identification:_identify(src/mobile_robotic_course_assessment_task_2023) by extension 'colcon_pkg'
[0.541s] Level 1:colcon.colcon_core.package_identification:_identify(src/mobile_robotic_course_assessment_task_2023) by extensions ['colcon_meta']
[0.541s] Level 1:colcon.colcon_core.package_identification:_identify(src/mobile_robotic_course_assessment_task_2023) by extension 'colcon_meta'
[0.541s] Level 1:colcon.colcon_core.package_identification:_identify(src/mobile_robotic_course_assessment_task_2023) by extensions ['ros']
[0.541s] Level 1:colcon.colcon_core.package_identification:_identify(src/mobile_robotic_course_assessment_task_2023) by extension 'ros'
[0.542s] DEBUG:colcon.colcon_core.package_identification:Package 'src/mobile_robotic_course_assessment_task_2023' with type 'ros.ament_cmake' and name 'mobile_robotic_course_assessment_task_2023'
[0.542s] Level 1:colcon.colcon_core.package_identification:_identify(src/simple_robot_nav2_ros2) by extensions ['ignore', 'ignore_ament_install']
[0.542s] Level 1:colcon.colcon_core.package_identification:_identify(src/simple_robot_nav2_ros2) by extension 'ignore'
[0.542s] Level 1:colcon.colcon_core.package_identification:_identify(src/simple_robot_nav2_ros2) by extension 'ignore_ament_install'
[0.542s] Level 1:colcon.colcon_core.package_identification:_identify(src/simple_robot_nav2_ros2) by extensions ['colcon_pkg']
[0.542s] Level 1:colcon.colcon_core.package_identification:_identify(src/simple_robot_nav2_ros2) by extension 'colcon_pkg'
[0.542s] Level 1:colcon.colcon_core.package_identification:_identify(src/simple_robot_nav2_ros2) by extensions ['colcon_meta']
[0.542s] Level 1:colcon.colcon_core.package_identification:_identify(src/simple_robot_nav2_ros2) by extension 'colcon_meta'
[0.542s] Level 1:colcon.colcon_core.package_identification:_identify(src/simple_robot_nav2_ros2) by extensions ['ros']
[0.542s] Level 1:colcon.colcon_core.package_identification:_identify(src/simple_robot_nav2_ros2) by extension 'ros'
[0.542s] DEBUG:colcon.colcon_core.package_identification:Package 'src/simple_robot_nav2_ros2' with type 'ros.ament_cmake' and name 'simple_robot_nav2_ros2'
[0.542s] Level 1:colcon.colcon_core.package_identification:_identify(src/simple_robot_ros2) by extensions ['ignore', 'ignore_ament_install']
[0.542s] Level 1:colcon.colcon_core.package_identification:_identify(src/simple_robot_ros2) by extension 'ignore'
[0.542s] Level 1:colcon.colcon_core.package_identification:_identify(src/simple_robot_ros2) by extension 'ignore_ament_install'
[0.542s] Level 1:colcon.colcon_core.package_identification:_identify(src/simple_robot_ros2) by extensions ['colcon_pkg']
[0.542s] Level 1:colcon.colcon_core.package_identification:_identify(src/simple_robot_ros2) by extension 'colcon_pkg'
[0.542s] Level 1:colcon.colcon_core.package_identification:_identify(src/simple_robot_ros2) by extensions ['colcon_meta']
[0.542s] Level 1:colcon.colcon_core.package_identification:_identify(src/simple_robot_ros2) by extension 'colcon_meta'
[0.542s] Level 1:colcon.colcon_core.package_identification:_identify(src/simple_robot_ros2) by extensions ['ros']
[0.542s] Level 1:colcon.colcon_core.package_identification:_identify(src/simple_robot_ros2) by extension 'ros'
[0.543s] DEBUG:colcon.colcon_core.package_identification:Package 'src/simple_robot_ros2' with type 'ros.ament_cmake' and name 'simple_robot_ros2'
[0.543s] Level 1:colcon.colcon_core.package_discovery:discover_packages(recursive) using defaults
[0.543s] Level 1:colcon.colcon_core.package_discovery:discover_packages(ignore) discover
[0.543s] Level 1:colcon.colcon_core.package_discovery:discover_packages(ignore) using defaults
[0.543s] Level 1:colcon.colcon_core.package_discovery:discover_packages(path) discover
[0.543s] Level 1:colcon.colcon_core.package_discovery:discover_packages(path) using defaults
[0.559s] Level 1:colcon.colcon_core.package_discovery:discover_packages(prefix_path) check parameters
[0.559s] Level 1:colcon.colcon_core.package_discovery:discover_packages(prefix_path) discover
[0.561s] DEBUG:colcon.colcon_installed_package_information.package_discovery:Found 5 installed packages in /home/peeranut/ros2_ws/install
[0.562s] DEBUG:colcon.colcon_installed_package_information.package_discovery:Found 377 installed packages in /opt/ros/humble
[0.563s] Level 1:colcon.colcon_core.package_discovery:discover_packages(prefix_path) using defaults
[0.615s] Level 5:colcon.colcon_core.verb:set package 'explore_lite' build argument 'cmake_args' from command line to 'None'
[0.615s] Level 5:colcon.colcon_core.verb:set package 'explore_lite' build argument 'cmake_target' from command line to 'None'
[0.615s] Level 5:colcon.colcon_core.verb:set package 'explore_lite' build argument 'cmake_target_skip_unavailable' from command line to 'False'
[0.615s] Level 5:colcon.colcon_core.verb:set package 'explore_lite' build argument 'cmake_clean_cache' from command line to 'False'
[0.615s] Level 5:colcon.colcon_core.verb:set package 'explore_lite' build argument 'cmake_clean_first' from command line to 'False'
[0.615s] Level 5:colcon.colcon_core.verb:set package 'explore_lite' build argument 'cmake_force_configure' from command line to 'False'
[0.615s] Level 5:colcon.colcon_core.verb:set package 'explore_lite' build argument 'ament_cmake_args' from command line to 'None'
[0.615s] Level 5:colcon.colcon_core.verb:set package 'explore_lite' build argument 'catkin_cmake_args' from command line to 'None'
[0.615s] Level 5:colcon.colcon_core.verb:set package 'explore_lite' build argument 'catkin_skip_building_tests' from command line to 'False'
[0.615s] DEBUG:colcon.colcon_core.verb:Building package 'explore_lite' with the following arguments: {'ament_cmake_args': None, 'build_base': '/home/peeranut/ros2_ws/build/explore_lite', 'catkin_cmake_args': None, 'catkin_skip_building_tests': False, 'cmake_args': None, 'cmake_clean_cache': False, 'cmake_clean_first': False, 'cmake_force_configure': False, 'cmake_target': None, 'cmake_target_skip_unavailable': False, 'install_base': '/home/peeranut/ros2_ws/install/explore_lite', 'merge_install': False, 'path': '/home/peeranut/ros2_ws/src/m-explore-ros2/explore', 'symlink_install': False, 'test_result_base': None}
[0.616s] Level 5:colcon.colcon_core.verb:set package 'mobile_robotic_course_assessment_task_2023' build argument 'cmake_args' from command line to 'None'
[0.616s] Level 5:colcon.colcon_core.verb:set package 'mobile_robotic_course_assessment_task_2023' build argument 'cmake_target' from command line to 'None'
[0.616s] Level 5:colcon.colcon_core.verb:set package 'mobile_robotic_course_assessment_task_2023' build argument 'cmake_target_skip_unavailable' from command line to 'False'
[0.616s] Level 5:colcon.colcon_core.verb:set package 'mobile_robotic_course_assessment_task_2023' build argument 'cmake_clean_cache' from command line to 'False'
[0.616s] Level 5:colcon.colcon_core.verb:set package 'mobile_robotic_course_assessment_task_2023' build argument 'cmake_clean_first' from command line to 'False'
[0.616s] Level 5:colcon.colcon_core.verb:set package 'mobile_robotic_course_assessment_task_2023' build argument 'cmake_force_configure' from command line to 'False'
[0.616s] Level 5:colcon.colcon_core.verb:set package 'mobile_robotic_course_assessment_task_2023' build argument 'ament_cmake_args' from command line to 'None'
[0.616s] Level 5:colcon.colcon_core.verb:set package 'mobile_robotic_course_assessment_task_2023' build argument 'catkin_cmake_args' from command line to 'None'
[0.616s] Level 5:colcon.colcon_core.verb:set package 'mobile_robotic_course_assessment_task_2023' build argument 'catkin_skip_building_tests' from command line to 'False'
[0.616s] DEBUG:colcon.colcon_core.verb:Building package 'mobile_robotic_course_assessment_task_2023' with the following arguments: {'ament_cmake_args': None, 'build_base': '/home/peeranut/ros2_ws/build/mobile_robotic_course_assessment_task_2023', 'catkin_cmake_args': None, 'catkin_skip_building_tests': False, 'cmake_args': None, 'cmake_clean_cache': False, 'cmake_clean_first': False, 'cmake_force_configure': False, 'cmake_target': None, 'cmake_target_skip_unavailable': False, 'install_base': '/home/peeranut/ros2_ws/install/mobile_robotic_course_assessment_task_2023', 'merge_install': False, 'path': '/home/peeranut/ros2_ws/src/mobile_robotic_course_assessment_task_2023', 'symlink_install': False, 'test_result_base': None}
[0.616s] Level 5:colcon.colcon_core.verb:set package 'multirobot_map_merge' build argument 'cmake_args' from command line to 'None'
[0.616s] Level 5:colcon.colcon_core.verb:set package 'multirobot_map_merge' build argument 'cmake_target' from command line to 'None'
[0.616s] Level 5:colcon.colcon_core.verb:set package 'multirobot_map_merge' build argument 'cmake_target_skip_unavailable' from command line to 'False'
[0.616s] Level 5:colcon.colcon_core.verb:set package 'multirobot_map_merge' build argument 'cmake_clean_cache' from command line to 'False'
[0.616s] Level 5:colcon.colcon_core.verb:set package 'multirobot_map_merge' build argument 'cmake_clean_first' from command line to 'False'
[0.616s] Level 5:colcon.colcon_core.verb:set package 'multirobot_map_merge' build argument 'cmake_force_configure' from command line to 'False'
[0.616s] Level 5:colcon.colcon_core.verb:set package 'multirobot_map_merge' build argument 'ament_cmake_args' from command line to 'None'
[0.616s] Level 5:colcon.colcon_core.verb:set package 'multirobot_map_merge' build argument 'catkin_cmake_args' from command line to 'None'
[0.616s] Level 5:colcon.colcon_core.verb:set package 'multirobot_map_merge' build argument 'catkin_skip_building_tests' from command line to 'False'
[0.616s] DEBUG:colcon.colcon_core.verb:Building package 'multirobot_map_merge' with the following arguments: {'ament_cmake_args': None, 'build_base': '/home/peeranut/ros2_ws/build/multirobot_map_merge', 'catkin_cmake_args': None, 'catkin_skip_building_tests': False, 'cmake_args': None, 'cmake_clean_cache': False, 'cmake_clean_first': False, 'cmake_force_configure': False, 'cmake_target': None, 'cmake_target_skip_unavailable': False, 'install_base': '/home/peeranut/ros2_ws/install/multirobot_map_merge', 'merge_install': False, 'path': '/home/peeranut/ros2_ws/src/m-explore-ros2/map_merge', 'symlink_install': False, 'test_result_base': None}
[0.617s] Level 5:colcon.colcon_core.verb:set package 'simple_robot_nav2_ros2' build argument 'cmake_args' from command line to 'None'
[0.617s] Level 5:colcon.colcon_core.verb:set package 'simple_robot_nav2_ros2' build argument 'cmake_target' from command line to 'None'
[0.617s] Level 5:colcon.colcon_core.verb:set package 'simple_robot_nav2_ros2' build argument 'cmake_target_skip_unavailable' from command line to 'False'
[0.617s] Level 5:colcon.colcon_core.verb:set package 'simple_robot_nav2_ros2' build argument 'cmake_clean_cache' from command line to 'False'
[0.617s] Level 5:colcon.colcon_core.verb:set package 'simple_robot_nav2_ros2' build argument 'cmake_clean_first' from command line to 'False'
[0.617s] Level 5:colcon.colcon_core.verb:set package 'simple_robot_nav2_ros2' build argument 'cmake_force_configure' from command line to 'False'
[0.617s] Level 5:colcon.colcon_core.verb:set package 'simple_robot_nav2_ros2' build argument 'ament_cmake_args' from command line to 'None'
[0.617s] Level 5:colcon.colcon_core.verb:set package 'simple_robot_nav2_ros2' build argument 'catkin_cmake_args' from command line to 'None'
[0.617s] Level 5:colcon.colcon_core.verb:set package 'simple_robot_nav2_ros2' build argument 'catkin_skip_building_tests' from command line to 'False'
[0.617s] DEBUG:colcon.colcon_core.verb:Building package 'simple_robot_nav2_ros2' with the following arguments: {'ament_cmake_args': None, 'build_base': '/home/peeranut/ros2_ws/build/simple_robot_nav2_ros2', 'catkin_cmake_args': None, 'catkin_skip_building_tests': False, 'cmake_args': None, 'cmake_clean_cache': False, 'cmake_clean_first': False, 'cmake_force_configure': False, 'cmake_target': None, 'cmake_target_skip_unavailable': False, 'install_base': '/home/peeranut/ros2_ws/install/simple_robot_nav2_ros2', 'merge_install': False, 'path': '/home/peeranut/ros2_ws/src/simple_robot_nav2_ros2', 'symlink_install': False, 'test_result_base': None}
[0.618s] Level 5:colcon.colcon_core.verb:set package 'simple_robot_ros2' build argument 'cmake_args' from command line to 'None'
[0.618s] Level 5:colcon.colcon_core.verb:set package 'simple_robot_ros2' build argument 'cmake_target' from command line to 'None'
[0.618s] Level 5:colcon.colcon_core.verb:set package 'simple_robot_ros2' build argument 'cmake_target_skip_unavailable' from command line to 'False'
[0.618s] Level 5:colcon.colcon_core.verb:set package 'simple_robot_ros2' build argument 'cmake_clean_cache' from command line to 'False'
[0.618s] Level 5:colcon.colcon_core.verb:set package 'simple_robot_ros2' build argument 'cmake_clean_first' from command line to 'False'
[0.618s] Level 5:colcon.colcon_core.verb:set package 'simple_robot_ros2' build argument 'cmake_force_configure' from command line to 'False'
[0.618s] Level 5:colcon.colcon_core.verb:set package 'simple_robot_ros2' build argument 'ament_cmake_args' from command line to 'None'
[0.618s] Level 5:colcon.colcon_core.verb:set package 'simple_robot_ros2' build argument 'catkin_cmake_args' from command line to 'None'
[0.618s] Level 5:colcon.colcon_core.verb:set package 'simple_robot_ros2' build argument 'catkin_skip_building_tests' from command line to 'False'
[0.618s] DEBUG:colcon.colcon_core.verb:Building package 'simple_robot_ros2' with the following arguments: {'ament_cmake_args': None, 'build_base': '/home/peeranut/ros2_ws/build/simple_robot_ros2', 'catkin_cmake_args': None, 'catkin_skip_building_tests': False, 'cmake_args': None, 'cmake_clean_cache': False, 'cmake_clean_first': False, 'cmake_force_configure': False, 'cmake_target': None, 'cmake_target_skip_unavailable': False, 'install_base': '/home/peeranut/ros2_ws/install/simple_robot_ros2', 'merge_install': False, 'path': '/home/peeranut/ros2_ws/src/simple_robot_ros2', 'symlink_install': False, 'test_result_base': None}
[0.618s] INFO:colcon.colcon_core.executor:Executing jobs using 'parallel' executor
[0.620s] DEBUG:colcon.colcon_parallel_executor.executor.parallel:run_until_complete
[0.620s] INFO:colcon.colcon_ros.task.ament_cmake.build:Building ROS package in '/home/peeranut/ros2_ws/src/m-explore-ros2/explore' with build type 'ament_cmake'
[0.620s] INFO:colcon.colcon_cmake.task.cmake.build:Building CMake package in '/home/peeranut/ros2_ws/src/m-explore-ros2/explore'
[0.623s] INFO:colcon.colcon_core.plugin_system:Skipping extension 'colcon_core.shell.bat': Not used on non-Windows systems
[0.623s] INFO:colcon.colcon_core.shell:Skip shell extension 'powershell' for command environment: Not usable outside of PowerShell
[0.623s] DEBUG:colcon.colcon_core.shell:Skip shell extension 'dsv' for command environment
[0.626s] INFO:colcon.colcon_ros.task.ament_cmake.build:Building ROS package in '/home/peeranut/ros2_ws/src/mobile_robotic_course_assessment_task_2023' with build type 'ament_cmake'
[0.626s] INFO:colcon.colcon_cmake.task.cmake.build:Building CMake package in '/home/peeranut/ros2_ws/src/mobile_robotic_course_assessment_task_2023'
[0.627s] INFO:colcon.colcon_core.shell:Skip shell extension 'powershell' for command environment: Not usable outside of PowerShell
[0.627s] DEBUG:colcon.colcon_core.shell:Skip shell extension 'dsv' for command environment
[0.631s] INFO:colcon.colcon_ros.task.ament_cmake.build:Building ROS package in '/home/peeranut/ros2_ws/src/m-explore-ros2/map_merge' with build type 'ament_cmake'
[0.631s] INFO:colcon.colcon_cmake.task.cmake.build:Building CMake package in '/home/peeranut/ros2_ws/src/m-explore-ros2/map_merge'
[0.632s] INFO:colcon.colcon_core.shell:Skip shell extension 'powershell' for command environment: Not usable outside of PowerShell
[0.632s] DEBUG:colcon.colcon_core.shell:Skip shell extension 'dsv' for command environment
[0.635s] INFO:colcon.colcon_ros.task.ament_cmake.build:Building ROS package in '/home/peeranut/ros2_ws/src/simple_robot_nav2_ros2' with build type 'ament_cmake'
[0.635s] INFO:colcon.colcon_cmake.task.cmake.build:Building CMake package in '/home/peeranut/ros2_ws/src/simple_robot_nav2_ros2'
[0.636s] INFO:colcon.colcon_core.shell:Skip shell extension 'powershell' for command environment: Not usable outside of PowerShell
[0.636s] DEBUG:colcon.colcon_core.shell:Skip shell extension 'dsv' for command environment
[0.639s] INFO:colcon.colcon_ros.task.ament_cmake.build:Building ROS package in '/home/peeranut/ros2_ws/src/simple_robot_ros2' with build type 'ament_cmake'
[0.640s] INFO:colcon.colcon_cmake.task.cmake.build:Building CMake package in '/home/peeranut/ros2_ws/src/simple_robot_ros2'
[0.640s] INFO:colcon.colcon_core.shell:Skip shell extension 'powershell' for command environment: Not usable outside of PowerShell
[0.640s] DEBUG:colcon.colcon_core.shell:Skip shell extension 'dsv' for command environment
[0.648s] DEBUG:colcon.colcon_core.event_handler.log_command:Invoking command in '/home/peeranut/ros2_ws/build/explore_lite': CMAKE_PREFIX_PATH=${CMAKE_PREFIX_PATH}:/opt/ros/humble /usr/bin/cmake --build /home/peeranut/ros2_ws/build/explore_lite -- -j20 -l20
[0.653s] DEBUG:colcon.colcon_core.event_handler.log_command:Invoking command in '/home/peeranut/ros2_ws/build/mobile_robotic_course_assessment_task_2023': CMAKE_PREFIX_PATH=${CMAKE_PREFIX_PATH}:/opt/ros/humble /usr/bin/cmake --build /home/peeranut/ros2_ws/build/mobile_robotic_course_assessment_task_2023 -- -j20 -l20
[0.654s] DEBUG:colcon.colcon_core.event_handler.log_command:Invoking command in '/home/peeranut/ros2_ws/build/multirobot_map_merge': CMAKE_PREFIX_PATH=${CMAKE_PREFIX_PATH}:/opt/ros/humble /usr/bin/cmake --build /home/peeranut/ros2_ws/build/multirobot_map_merge -- -j20 -l20
[0.656s] DEBUG:colcon.colcon_core.event_handler.log_command:Invoking command in '/home/peeranut/ros2_ws/build/simple_robot_nav2_ros2': CMAKE_PREFIX_PATH=${CMAKE_PREFIX_PATH}:/opt/ros/humble /usr/bin/cmake --build /home/peeranut/ros2_ws/build/simple_robot_nav2_ros2 -- -j20 -l20
[0.661s] DEBUG:colcon.colcon_core.event_handler.log_command:Invoking command in '/home/peeranut/ros2_ws/build/simple_robot_ros2': CMAKE_PREFIX_PATH=${CMAKE_PREFIX_PATH}:/opt/ros/humble /usr/bin/cmake --build /home/peeranut/ros2_ws/build/simple_robot_ros2 -- -j20 -l20
[0.680s] DEBUG:colcon.colcon_core.event_handler.log_command:Invoked command in '/home/peeranut/ros2_ws/build/mobile_robotic_course_assessment_task_2023' returned '0': CMAKE_PREFIX_PATH=${CMAKE_PREFIX_PATH}:/opt/ros/humble /usr/bin/cmake --build /home/peeranut/ros2_ws/build/mobile_robotic_course_assessment_task_2023 -- -j20 -l20
[0.682s] DEBUG:colcon.colcon_core.event_handler.log_command:Invoked command in '/home/peeranut/ros2_ws/build/simple_robot_nav2_ros2' returned '0': CMAKE_PREFIX_PATH=${CMAKE_PREFIX_PATH}:/opt/ros/humble /usr/bin/cmake --build /home/peeranut/ros2_ws/build/simple_robot_nav2_ros2 -- -j20 -l20
[0.688s] DEBUG:colcon.colcon_core.event_handler.log_command:Invoked command in '/home/peeranut/ros2_ws/build/simple_robot_ros2' returned '0': CMAKE_PREFIX_PATH=${CMAKE_PREFIX_PATH}:/opt/ros/humble /usr/bin/cmake --build /home/peeranut/ros2_ws/build/simple_robot_ros2 -- -j20 -l20
[0.702s] DEBUG:colcon.colcon_core.event_handler.log_command:Invoking command in '/home/peeranut/ros2_ws/build/mobile_robotic_course_assessment_task_2023': CMAKE_PREFIX_PATH=${CMAKE_PREFIX_PATH}:/opt/ros/humble /usr/bin/cmake --install /home/peeranut/ros2_ws/build/mobile_robotic_course_assessment_task_2023
[0.705s] DEBUG:colcon.colcon_core.event_handler.log_command:Invoking command in '/home/peeranut/ros2_ws/build/simple_robot_nav2_ros2': CMAKE_PREFIX_PATH=${CMAKE_PREFIX_PATH}:/opt/ros/humble /usr/bin/cmake --install /home/peeranut/ros2_ws/build/simple_robot_nav2_ros2
[0.711s] DEBUG:colcon.colcon_core.event_handler.log_command:Invoking command in '/home/peeranut/ros2_ws/build/simple_robot_ros2': CMAKE_PREFIX_PATH=${CMAKE_PREFIX_PATH}:/opt/ros/humble /usr/bin/cmake --install /home/peeranut/ros2_ws/build/simple_robot_ros2
[0.717s] Level 1:colcon.colcon_core.environment:create_environment_scripts_only(simple_robot_nav2_ros2)
[0.740s] Level 1:colcon.colcon_core.environment:checking '/home/peeranut/ros2_ws/install/simple_robot_nav2_ros2' for CMake module files
[0.746s] Level 1:colcon.colcon_core.environment:checking '/home/peeranut/ros2_ws/install/simple_robot_nav2_ros2' for CMake config files
[0.746s] DEBUG:colcon.colcon_core.event_handler.log_command:Invoked command in '/home/peeranut/ros2_ws/build/simple_robot_nav2_ros2' returned '0': CMAKE_PREFIX_PATH=${CMAKE_PREFIX_PATH}:/opt/ros/humble /usr/bin/cmake --install /home/peeranut/ros2_ws/build/simple_robot_nav2_ros2
[0.747s] Level 1:colcon.colcon_core.shell:create_environment_hook('simple_robot_nav2_ros2', 'cmake_prefix_path')
[0.748s] INFO:colcon.colcon_core.shell:Creating environment hook '/home/peeranut/ros2_ws/install/simple_robot_nav2_ros2/share/simple_robot_nav2_ros2/hook/cmake_prefix_path.ps1'
[0.748s] INFO:colcon.colcon_core.shell:Creating environment descriptor '/home/peeranut/ros2_ws/install/simple_robot_nav2_ros2/share/simple_robot_nav2_ros2/hook/cmake_prefix_path.dsv'
[0.748s] INFO:colcon.colcon_core.shell:Creating environment hook '/home/peeranut/ros2_ws/install/simple_robot_nav2_ros2/share/simple_robot_nav2_ros2/hook/cmake_prefix_path.sh'
[0.749s] Level 1:colcon.colcon_core.environment:checking '/home/peeranut/ros2_ws/install/simple_robot_nav2_ros2/bin'
[0.749s] Level 1:colcon.colcon_core.environment:checking '/home/peeranut/ros2_ws/install/simple_robot_nav2_ros2/lib/pkgconfig/simple_robot_nav2_ros2.pc'
[0.749s] Level 1:colcon.colcon_core.environment:checking '/home/peeranut/ros2_ws/install/simple_robot_nav2_ros2/lib/python3.10/site-packages'
[0.749s] Level 1:colcon.colcon_core.environment:checking '/home/peeranut/ros2_ws/install/simple_robot_nav2_ros2/bin'
[0.750s] INFO:colcon.colcon_core.shell:Creating package script '/home/peeranut/ros2_ws/install/simple_robot_nav2_ros2/share/simple_robot_nav2_ros2/package.ps1'
[0.750s] INFO:colcon.colcon_core.shell:Creating package descriptor '/home/peeranut/ros2_ws/install/simple_robot_nav2_ros2/share/simple_robot_nav2_ros2/package.dsv'
[0.750s] INFO:colcon.colcon_core.shell:Creating package script '/home/peeranut/ros2_ws/install/simple_robot_nav2_ros2/share/simple_robot_nav2_ros2/package.sh'
[0.751s] INFO:colcon.colcon_core.shell:Creating package script '/home/peeranut/ros2_ws/install/simple_robot_nav2_ros2/share/simple_robot_nav2_ros2/package.bash'
[0.751s] INFO:colcon.colcon_core.shell:Creating package script '/home/peeranut/ros2_ws/install/simple_robot_nav2_ros2/share/simple_robot_nav2_ros2/package.zsh'
[0.751s] Level 1:colcon.colcon_core.environment:create_file_with_runtime_dependencies(/home/peeranut/ros2_ws/install/simple_robot_nav2_ros2/share/colcon-core/packages/simple_robot_nav2_ros2)
[0.754s] Level 1:colcon.colcon_core.environment:create_environment_scripts_only(simple_robot_ros2)
[0.754s] DEBUG:colcon.colcon_core.event_handler.log_command:Invoked command in '/home/peeranut/ros2_ws/build/explore_lite' returned '0': CMAKE_PREFIX_PATH=${CMAKE_PREFIX_PATH}:/opt/ros/humble /usr/bin/cmake --build /home/peeranut/ros2_ws/build/explore_lite -- -j20 -l20
[0.755s] Level 1:colcon.colcon_core.environment:checking '/home/peeranut/ros2_ws/install/simple_robot_ros2' for CMake module files
[0.756s] DEBUG:colcon.colcon_core.event_handler.log_command:Invoked command in '/home/peeranut/ros2_ws/build/simple_robot_ros2' returned '0': CMAKE_PREFIX_PATH=${CMAKE_PREFIX_PATH}:/opt/ros/humble /usr/bin/cmake --install /home/peeranut/ros2_ws/build/simple_robot_ros2
[0.756s] Level 1:colcon.colcon_core.environment:checking '/home/peeranut/ros2_ws/install/simple_robot_ros2' for CMake config files
[0.756s] Level 1:colcon.colcon_core.shell:create_environment_hook('simple_robot_ros2', 'cmake_prefix_path')
[0.757s] INFO:colcon.colcon_core.shell:Creating environment hook '/home/peeranut/ros2_ws/install/simple_robot_ros2/share/simple_robot_ros2/hook/cmake_prefix_path.ps1'
[0.758s] INFO:colcon.colcon_core.shell:Creating environment descriptor '/home/peeranut/ros2_ws/install/simple_robot_ros2/share/simple_robot_ros2/hook/cmake_prefix_path.dsv'
[0.758s] INFO:colcon.colcon_core.shell:Creating environment hook '/home/peeranut/ros2_ws/install/simple_robot_ros2/share/simple_robot_ros2/hook/cmake_prefix_path.sh'
[0.758s] Level 1:colcon.colcon_core.environment:checking '/home/peeranut/ros2_ws/install/simple_robot_ros2/bin'
[0.758s] Level 1:colcon.colcon_core.environment:checking '/home/peeranut/ros2_ws/install/simple_robot_ros2/lib/pkgconfig/simple_robot_ros2.pc'
[0.759s] Level 1:colcon.colcon_core.environment:checking '/home/peeranut/ros2_ws/install/simple_robot_ros2/lib/python3.10/site-packages'
[0.759s] Level 1:colcon.colcon_core.environment:checking '/home/peeranut/ros2_ws/install/simple_robot_ros2/bin'
[0.760s] INFO:colcon.colcon_core.shell:Creating package script '/home/peeranut/ros2_ws/install/simple_robot_ros2/share/simple_robot_ros2/package.ps1'
[0.760s] INFO:colcon.colcon_core.shell:Creating package descriptor '/home/peeranut/ros2_ws/install/simple_robot_ros2/share/simple_robot_ros2/package.dsv'
[0.760s] INFO:colcon.colcon_core.shell:Creating package script '/home/peeranut/ros2_ws/install/simple_robot_ros2/share/simple_robot_ros2/package.sh'
[0.760s] INFO:colcon.colcon_core.shell:Creating package script '/home/peeranut/ros2_ws/install/simple_robot_ros2/share/simple_robot_ros2/package.bash'
[0.760s] INFO:colcon.colcon_core.shell:Creating package script '/home/peeranut/ros2_ws/install/simple_robot_ros2/share/simple_robot_ros2/package.zsh'
[0.761s] Level 1:colcon.colcon_core.environment:create_file_with_runtime_dependencies(/home/peeranut/ros2_ws/install/simple_robot_ros2/share/colcon-core/packages/simple_robot_ros2)
[0.762s] Level 1:colcon.colcon_core.environment:create_environment_scripts_only(mobile_robotic_course_assessment_task_2023)
[0.764s] Level 1:colcon.colcon_core.environment:checking '/home/peeranut/ros2_ws/install/mobile_robotic_course_assessment_task_2023' for CMake module files
[0.764s] DEBUG:colcon.colcon_core.event_handler.log_command:Invoked command in '/home/peeranut/ros2_ws/build/mobile_robotic_course_assessment_task_2023' returned '0': CMAKE_PREFIX_PATH=${CMAKE_PREFIX_PATH}:/opt/ros/humble /usr/bin/cmake --install /home/peeranut/ros2_ws/build/mobile_robotic_course_assessment_task_2023
[0.764s] Level 1:colcon.colcon_core.environment:checking '/home/peeranut/ros2_ws/install/mobile_robotic_course_assessment_task_2023' for CMake config files
[0.765s] Level 1:colcon.colcon_core.shell:create_environment_hook('mobile_robotic_course_assessment_task_2023', 'cmake_prefix_path')
[0.766s] INFO:colcon.colcon_core.shell:Creating environment hook '/home/peeranut/ros2_ws/install/mobile_robotic_course_assessment_task_2023/share/mobile_robotic_course_assessment_task_2023/hook/cmake_prefix_path.ps1'
[0.766s] INFO:colcon.colcon_core.shell:Creating environment descriptor '/home/peeranut/ros2_ws/install/mobile_robotic_course_assessment_task_2023/share/mobile_robotic_course_assessment_task_2023/hook/cmake_prefix_path.dsv'
[0.766s] INFO:colcon.colcon_core.shell:Creating environment hook '/home/peeranut/ros2_ws/install/mobile_robotic_course_assessment_task_2023/share/mobile_robotic_course_assessment_task_2023/hook/cmake_prefix_path.sh'
[0.767s] Level 1:colcon.colcon_core.environment:checking '/home/peeranut/ros2_ws/install/mobile_robotic_course_assessment_task_2023/lib'
[0.767s] Level 1:colcon.colcon_core.environment:checking '/home/peeranut/ros2_ws/install/mobile_robotic_course_assessment_task_2023/bin'
[0.767s] Level 1:colcon.colcon_core.environment:checking '/home/peeranut/ros2_ws/install/mobile_robotic_course_assessment_task_2023/lib/pkgconfig/mobile_robotic_course_assessment_task_2023.pc'
[0.767s] Level 1:colcon.colcon_core.environment:checking '/home/peeranut/ros2_ws/install/mobile_robotic_course_assessment_task_2023/lib/python3.10/site-packages'
[0.767s] Level 1:colcon.colcon_core.environment:checking '/home/peeranut/ros2_ws/install/mobile_robotic_course_assessment_task_2023/bin'
[0.768s] INFO:colcon.colcon_core.shell:Creating package script '/home/peeranut/ros2_ws/install/mobile_robotic_course_assessment_task_2023/share/mobile_robotic_course_assessment_task_2023/package.ps1'
[0.768s] INFO:colcon.colcon_core.shell:Creating package descriptor '/home/peeranut/ros2_ws/install/mobile_robotic_course_assessment_task_2023/share/mobile_robotic_course_assessment_task_2023/package.dsv'
[0.769s] INFO:colcon.colcon_core.shell:Creating package script '/home/peeranut/ros2_ws/install/mobile_robotic_course_assessment_task_2023/share/mobile_robotic_course_assessment_task_2023/package.sh'
[0.769s] INFO:colcon.colcon_core.shell:Creating package script '/home/peeranut/ros2_ws/install/mobile_robotic_course_assessment_task_2023/share/mobile_robotic_course_assessment_task_2023/package.bash'
[0.769s] INFO:colcon.colcon_core.shell:Creating package script '/home/peeranut/ros2_ws/install/mobile_robotic_course_assessment_task_2023/share/mobile_robotic_course_assessment_task_2023/package.zsh'
[0.769s] Level 1:colcon.colcon_core.environment:create_file_with_runtime_dependencies(/home/peeranut/ros2_ws/install/mobile_robotic_course_assessment_task_2023/share/colcon-core/packages/mobile_robotic_course_assessment_task_2023)
[0.771s] DEBUG:colcon.colcon_core.event_handler.log_command:Invoked command in '/home/peeranut/ros2_ws/build/multirobot_map_merge' returned '0': CMAKE_PREFIX_PATH=${CMAKE_PREFIX_PATH}:/opt/ros/humble /usr/bin/cmake --build /home/peeranut/ros2_ws/build/multirobot_map_merge -- -j20 -l20
[0.773s] Level 1:colcon.colcon_core.environment:create_environment_scripts_only(simple_robot_nav2_ros2)
[0.774s] Level 1:colcon.colcon_core.environment:checking '/home/peeranut/ros2_ws/install/simple_robot_nav2_ros2' for CMake module files
[0.774s] Level 1:colcon.colcon_core.environment:checking '/home/peeranut/ros2_ws/install/simple_robot_nav2_ros2' for CMake config files
[0.774s] Level 1:colcon.colcon_core.shell:create_environment_hook('simple_robot_nav2_ros2', 'cmake_prefix_path')
[0.775s] INFO:colcon.colcon_core.shell:Creating environment hook '/home/peeranut/ros2_ws/install/simple_robot_nav2_ros2/share/simple_robot_nav2_ros2/hook/cmake_prefix_path.ps1'
[0.775s] INFO:colcon.colcon_core.shell:Creating environment descriptor '/home/peeranut/ros2_ws/install/simple_robot_nav2_ros2/share/simple_robot_nav2_ros2/hook/cmake_prefix_path.dsv'
[0.775s] INFO:colcon.colcon_core.shell:Creating environment hook '/home/peeranut/ros2_ws/install/simple_robot_nav2_ros2/share/simple_robot_nav2_ros2/hook/cmake_prefix_path.sh'
[0.776s] Level 1:colcon.colcon_core.environment:checking '/home/peeranut/ros2_ws/install/simple_robot_nav2_ros2/bin'
[0.776s] Level 1:colcon.colcon_core.environment:checking '/home/peeranut/ros2_ws/install/simple_robot_nav2_ros2/lib/pkgconfig/simple_robot_nav2_ros2.pc'
[0.776s] Level 1:colcon.colcon_core.environment:checking '/home/peeranut/ros2_ws/install/simple_robot_nav2_ros2/lib/python3.10/site-packages'
[0.776s] Level 1:colcon.colcon_core.environment:checking '/home/peeranut/ros2_ws/install/simple_robot_nav2_ros2/bin'
[0.777s] INFO:colcon.colcon_core.shell:Creating package script '/home/peeranut/ros2_ws/install/simple_robot_nav2_ros2/share/simple_robot_nav2_ros2/package.ps1'
[0.777s] INFO:colcon.colcon_core.shell:Creating package descriptor '/home/peeranut/ros2_ws/install/simple_robot_nav2_ros2/share/simple_robot_nav2_ros2/package.dsv'
[0.778s] INFO:colcon.colcon_core.shell:Creating package script '/home/peeranut/ros2_ws/install/simple_robot_nav2_ros2/share/simple_robot_nav2_ros2/package.sh'
[0.778s] INFO:colcon.colcon_core.shell:Creating package script '/home/peeranut/ros2_ws/install/simple_robot_nav2_ros2/share/simple_robot_nav2_ros2/package.bash'
[0.778s] INFO:colcon.colcon_core.shell:Creating package script '/home/peeranut/ros2_ws/install/simple_robot_nav2_ros2/share/simple_robot_nav2_ros2/package.zsh'
[0.778s] Level 1:colcon.colcon_core.environment:create_file_with_runtime_dependencies(/home/peeranut/ros2_ws/install/simple_robot_nav2_ros2/share/colcon-core/packages/simple_robot_nav2_ros2)
[0.780s] Level 1:colcon.colcon_core.environment:create_environment_scripts_only(simple_robot_ros2)
[0.781s] Level 1:colcon.colcon_core.environment:checking '/home/peeranut/ros2_ws/install/simple_robot_ros2' for CMake module files
[0.782s] Level 1:colcon.colcon_core.environment:checking '/home/peeranut/ros2_ws/install/simple_robot_ros2' for CMake config files
[0.782s] Level 1:colcon.colcon_core.shell:create_environment_hook('simple_robot_ros2', 'cmake_prefix_path')
[0.783s] INFO:colcon.colcon_core.shell:Creating environment hook '/home/peeranut/ros2_ws/install/simple_robot_ros2/share/simple_robot_ros2/hook/cmake_prefix_path.ps1'
[0.783s] INFO:colcon.colcon_core.shell:Creating environment descriptor '/home/peeranut/ros2_ws/install/simple_robot_ros2/share/simple_robot_ros2/hook/cmake_prefix_path.dsv'
[0.783s] INFO:colcon.colcon_core.shell:Creating environment hook '/home/peeranut/ros2_ws/install/simple_robot_ros2/share/simple_robot_ros2/hook/cmake_prefix_path.sh'
[0.784s] Level 1:colcon.colcon_core.environment:checking '/home/peeranut/ros2_ws/install/simple_robot_ros2/bin'
[0.784s] Level 1:colcon.colcon_core.environment:checking '/home/peeranut/ros2_ws/install/simple_robot_ros2/lib/pkgconfig/simple_robot_ros2.pc'
[0.784s] Level 1:colcon.colcon_core.environment:checking '/home/peeranut/ros2_ws/install/simple_robot_ros2/lib/python3.10/site-packages'
[0.784s] Level 1:colcon.colcon_core.environment:checking '/home/peeranut/ros2_ws/install/simple_robot_ros2/bin'
[0.785s] INFO:colcon.colcon_core.shell:Creating package script '/home/peeranut/ros2_ws/install/simple_robot_ros2/share/simple_robot_ros2/package.ps1'
[0.785s] INFO:colcon.colcon_core.shell:Creating package descriptor '/home/peeranut/ros2_ws/install/simple_robot_ros2/share/simple_robot_ros2/package.dsv'
[0.785s] INFO:colcon.colcon_core.shell:Creating package script '/home/peeranut/ros2_ws/install/simple_robot_ros2/share/simple_robot_ros2/package.sh'
[0.786s] INFO:colcon.colcon_core.shell:Creating package script '/home/peeranut/ros2_ws/install/simple_robot_ros2/share/simple_robot_ros2/package.bash'
[0.786s] INFO:colcon.colcon_core.shell:Creating package script '/home/peeranut/ros2_ws/install/simple_robot_ros2/share/simple_robot_ros2/package.zsh'
[0.786s] Level 1:colcon.colcon_core.environment:create_file_with_runtime_dependencies(/home/peeranut/ros2_ws/install/simple_robot_ros2/share/colcon-core/packages/simple_robot_ros2)
[0.788s] DEBUG:colcon.colcon_core.event_handler.log_command:Invoking command in '/home/peeranut/ros2_ws/build/explore_lite': CMAKE_PREFIX_PATH=${CMAKE_PREFIX_PATH}:/opt/ros/humble /usr/bin/cmake --install /home/peeranut/ros2_ws/build/explore_lite
[0.789s] Level 1:colcon.colcon_core.environment:create_environment_scripts_only(mobile_robotic_course_assessment_task_2023)
[0.791s] Level 1:colcon.colcon_core.environment:checking '/home/peeranut/ros2_ws/install/mobile_robotic_course_assessment_task_2023' for CMake module files
[0.791s] Level 1:colcon.colcon_core.environment:checking '/home/peeranut/ros2_ws/install/mobile_robotic_course_assessment_task_2023' for CMake config files
[0.795s] Level 1:colcon.colcon_core.shell:create_environment_hook('mobile_robotic_course_assessment_task_2023', 'cmake_prefix_path')
[0.795s] INFO:colcon.colcon_core.shell:Creating environment hook '/home/peeranut/ros2_ws/install/mobile_robotic_course_assessment_task_2023/share/mobile_robotic_course_assessment_task_2023/hook/cmake_prefix_path.ps1'
[0.796s] INFO:colcon.colcon_core.shell:Creating environment descriptor '/home/peeranut/ros2_ws/install/mobile_robotic_course_assessment_task_2023/share/mobile_robotic_course_assessment_task_2023/hook/cmake_prefix_path.dsv'
[0.796s] INFO:colcon.colcon_core.shell:Creating environment hook '/home/peeranut/ros2_ws/install/mobile_robotic_course_assessment_task_2023/share/mobile_robotic_course_assessment_task_2023/hook/cmake_prefix_path.sh'
[0.796s] Level 1:colcon.colcon_core.environment:checking '/home/peeranut/ros2_ws/install/mobile_robotic_course_assessment_task_2023/lib'
[0.796s] Level 1:colcon.colcon_core.environment:checking '/home/peeranut/ros2_ws/install/mobile_robotic_course_assessment_task_2023/bin'
[0.796s] Level 1:colcon.colcon_core.environment:checking '/home/peeranut/ros2_ws/install/mobile_robotic_course_assessment_task_2023/lib/pkgconfig/mobile_robotic_course_assessment_task_2023.pc'
[0.796s] Level 1:colcon.colcon_core.environment:checking '/home/peeranut/ros2_ws/install/mobile_robotic_course_assessment_task_2023/lib/python3.10/site-packages'
[0.797s] Level 1:colcon.colcon_core.environment:checking '/home/peeranut/ros2_ws/install/mobile_robotic_course_assessment_task_2023/bin'
[0.797s] INFO:colcon.colcon_core.shell:Creating package script '/home/peeranut/ros2_ws/install/mobile_robotic_course_assessment_task_2023/share/mobile_robotic_course_assessment_task_2023/package.ps1'
[0.798s] INFO:colcon.colcon_core.shell:Creating package descriptor '/home/peeranut/ros2_ws/install/mobile_robotic_course_assessment_task_2023/share/mobile_robotic_course_assessment_task_2023/package.dsv'
[0.798s] INFO:colcon.colcon_core.shell:Creating package script '/home/peeranut/ros2_ws/install/mobile_robotic_course_assessment_task_2023/share/mobile_robotic_course_assessment_task_2023/package.sh'
[0.798s] INFO:colcon.colcon_core.shell:Creating package script '/home/peeranut/ros2_ws/install/mobile_robotic_course_assessment_task_2023/share/mobile_robotic_course_assessment_task_2023/package.bash'
[0.798s] INFO:colcon.colcon_core.shell:Creating package script '/home/peeranut/ros2_ws/install/mobile_robotic_course_assessment_task_2023/share/mobile_robotic_course_assessment_task_2023/package.zsh'
[0.798s] Level 1:colcon.colcon_core.environment:create_file_with_runtime_dependencies(/home/peeranut/ros2_ws/install/mobile_robotic_course_assessment_task_2023/share/colcon-core/packages/mobile_robotic_course_assessment_task_2023)
[0.801s] Level 1:colcon.colcon_core.environment:create_environment_scripts_only(explore_lite)
[0.802s] Level 1:colcon.colcon_core.environment:checking '/home/peeranut/ros2_ws/install/explore_lite' for CMake module files
[0.803s] DEBUG:colcon.colcon_core.event_handler.log_command:Invoking command in '/home/peeranut/ros2_ws/build/multirobot_map_merge': CMAKE_PREFIX_PATH=${CMAKE_PREFIX_PATH}:/opt/ros/humble /usr/bin/cmake --install /home/peeranut/ros2_ws/build/multirobot_map_merge
[0.803s] DEBUG:colcon.colcon_core.event_handler.log_command:Invoked command in '/home/peeranut/ros2_ws/build/explore_lite' returned '0': CMAKE_PREFIX_PATH=${CMAKE_PREFIX_PATH}:/opt/ros/humble /usr/bin/cmake --install /home/peeranut/ros2_ws/build/explore_lite
[0.804s] Level 1:colcon.colcon_core.environment:checking '/home/peeranut/ros2_ws/install/explore_lite' for CMake config files
[0.804s] Level 1:colcon.colcon_core.shell:create_environment_hook('explore_lite', 'cmake_prefix_path')
[0.804s] INFO:colcon.colcon_core.shell:Creating environment hook '/home/peeranut/ros2_ws/install/explore_lite/share/explore_lite/hook/cmake_prefix_path.ps1'
[0.805s] INFO:colcon.colcon_core.shell:Creating environment descriptor '/home/peeranut/ros2_ws/install/explore_lite/share/explore_lite/hook/cmake_prefix_path.dsv'
[0.805s] INFO:colcon.colcon_core.shell:Creating environment hook '/home/peeranut/ros2_ws/install/explore_lite/share/explore_lite/hook/cmake_prefix_path.sh'
[0.806s] Level 1:colcon.colcon_core.environment:checking '/home/peeranut/ros2_ws/install/explore_lite/lib'
[0.806s] Level 1:colcon.colcon_core.environment:checking '/home/peeranut/ros2_ws/install/explore_lite/bin'
[0.806s] Level 1:colcon.colcon_core.environment:checking '/home/peeranut/ros2_ws/install/explore_lite/lib/pkgconfig/explore_lite.pc'
[0.806s] Level 1:colcon.colcon_core.environment:checking '/home/peeranut/ros2_ws/install/explore_lite/lib/python3.10/site-packages'
[0.806s] Level 1:colcon.colcon_core.environment:checking '/home/peeranut/ros2_ws/install/explore_lite/bin'
[0.807s] INFO:colcon.colcon_core.shell:Creating package script '/home/peeranut/ros2_ws/install/explore_lite/share/explore_lite/package.ps1'
[0.809s] INFO:colcon.colcon_core.shell:Creating package descriptor '/home/peeranut/ros2_ws/install/explore_lite/share/explore_lite/package.dsv'
[0.810s] INFO:colcon.colcon_core.shell:Creating package script '/home/peeranut/ros2_ws/install/explore_lite/share/explore_lite/package.sh'
[0.811s] INFO:colcon.colcon_core.shell:Creating package script '/home/peeranut/ros2_ws/install/explore_lite/share/explore_lite/package.bash'
[0.812s] INFO:colcon.colcon_core.shell:Creating package script '/home/peeranut/ros2_ws/install/explore_lite/share/explore_lite/package.zsh'
[0.812s] Level 1:colcon.colcon_core.environment:create_file_with_runtime_dependencies(/home/peeranut/ros2_ws/install/explore_lite/share/colcon-core/packages/explore_lite)
[0.813s] Level 1:colcon.colcon_core.environment:create_environment_scripts_only(multirobot_map_merge)
[0.815s] Level 1:colcon.colcon_core.environment:checking '/home/peeranut/ros2_ws/install/multirobot_map_merge' for CMake module files
[0.815s] DEBUG:colcon.colcon_core.event_handler.log_command:Invoked command in '/home/peeranut/ros2_ws/build/multirobot_map_merge' returned '0': CMAKE_PREFIX_PATH=${CMAKE_PREFIX_PATH}:/opt/ros/humble /usr/bin/cmake --install /home/peeranut/ros2_ws/build/multirobot_map_merge
[0.815s] Level 1:colcon.colcon_core.environment:checking '/home/peeranut/ros2_ws/install/multirobot_map_merge' for CMake config files
[0.816s] Level 1:colcon.colcon_core.shell:create_environment_hook('multirobot_map_merge', 'cmake_prefix_path')
[0.816s] INFO:colcon.colcon_core.shell:Creating environment hook '/home/peeranut/ros2_ws/install/multirobot_map_merge/share/multirobot_map_merge/hook/cmake_prefix_path.ps1'
[0.817s] INFO:colcon.colcon_core.shell:Creating environment descriptor '/home/peeranut/ros2_ws/install/multirobot_map_merge/share/multirobot_map_merge/hook/cmake_prefix_path.dsv'
[0.817s] INFO:colcon.colcon_core.shell:Creating environment hook '/home/peeranut/ros2_ws/install/multirobot_map_merge/share/multirobot_map_merge/hook/cmake_prefix_path.sh'
[0.817s] Level 1:colcon.colcon_core.environment:checking '/home/peeranut/ros2_ws/install/multirobot_map_merge/lib'
[0.817s] Level 1:colcon.colcon_core.environment:checking '/home/peeranut/ros2_ws/install/multirobot_map_merge/bin'
[0.817s] Level 1:colcon.colcon_core.environment:checking '/home/peeranut/ros2_ws/install/multirobot_map_merge/lib/pkgconfig/multirobot_map_merge.pc'
[0.818s] Level 1:colcon.colcon_core.environment:checking '/home/peeranut/ros2_ws/install/multirobot_map_merge/lib/python3.10/site-packages'
[0.818s] Level 1:colcon.colcon_core.environment:checking '/home/peeranut/ros2_ws/install/multirobot_map_merge/bin'
[0.819s] INFO:colcon.colcon_core.shell:Creating package script '/home/peeranut/ros2_ws/install/multirobot_map_merge/share/multirobot_map_merge/package.ps1'
[0.819s] INFO:colcon.colcon_core.shell:Creating package descriptor '/home/peeranut/ros2_ws/install/multirobot_map_merge/share/multirobot_map_merge/package.dsv'
[0.819s] INFO:colcon.colcon_core.shell:Creating package script '/home/peeranut/ros2_ws/install/multirobot_map_merge/share/multirobot_map_merge/package.sh'
[0.819s] INFO:colcon.colcon_core.shell:Creating package script '/home/peeranut/ros2_ws/install/multirobot_map_merge/share/multirobot_map_merge/package.bash'
[0.819s] INFO:colcon.colcon_core.shell:Creating package script '/home/peeranut/ros2_ws/install/multirobot_map_merge/share/multirobot_map_merge/package.zsh'
[0.819s] Level 1:colcon.colcon_core.environment:create_file_with_runtime_dependencies(/home/peeranut/ros2_ws/install/multirobot_map_merge/share/colcon-core/packages/multirobot_map_merge)
[0.832s] Level 1:colcon.colcon_core.environment:create_environment_scripts_only(explore_lite)
[0.833s] Level 1:colcon.colcon_core.environment:checking '/home/peeranut/ros2_ws/install/explore_lite' for CMake module files
[0.834s] Level 1:colcon.colcon_core.environment:checking '/home/peeranut/ros2_ws/install/explore_lite' for CMake config files
[0.834s] Level 1:colcon.colcon_core.shell:create_environment_hook('explore_lite', 'cmake_prefix_path')
[0.834s] INFO:colcon.colcon_core.shell:Creating environment hook '/home/peeranut/ros2_ws/install/explore_lite/share/explore_lite/hook/cmake_prefix_path.ps1'
[0.835s] INFO:colcon.colcon_core.shell:Creating environment descriptor '/home/peeranut/ros2_ws/install/explore_lite/share/explore_lite/hook/cmake_prefix_path.dsv'
[0.835s] INFO:colcon.colcon_core.shell:Creating environment hook '/home/peeranut/ros2_ws/install/explore_lite/share/explore_lite/hook/cmake_prefix_path.sh'
[0.835s] Level 1:colcon.colcon_core.environment:checking '/home/peeranut/ros2_ws/install/explore_lite/lib'
[0.835s] Level 1:colcon.colcon_core.environment:checking '/home/peeranut/ros2_ws/install/explore_lite/bin'
[0.835s] Level 1:colcon.colcon_core.environment:checking '/home/peeranut/ros2_ws/install/explore_lite/lib/pkgconfig/explore_lite.pc'
[0.835s] Level 1:colcon.colcon_core.environment:checking '/home/peeranut/ros2_ws/install/explore_lite/lib/python3.10/site-packages'
[0.835s] Level 1:colcon.colcon_core.environment:checking '/home/peeranut/ros2_ws/install/explore_lite/bin'
[0.836s] INFO:colcon.colcon_core.shell:Creating package script '/home/peeranut/ros2_ws/install/explore_lite/share/explore_lite/package.ps1'
[0.836s] INFO:colcon.colcon_core.shell:Creating package descriptor '/home/peeranut/ros2_ws/install/explore_lite/share/explore_lite/package.dsv'
[0.837s] INFO:colcon.colcon_core.shell:Creating package script '/home/peeranut/ros2_ws/install/explore_lite/share/explore_lite/package.sh'
[0.837s] INFO:colcon.colcon_core.shell:Creating package script '/home/peeranut/ros2_ws/install/explore_lite/share/explore_lite/package.bash'
[0.837s] INFO:colcon.colcon_core.shell:Creating package script '/home/peeranut/ros2_ws/install/explore_lite/share/explore_lite/package.zsh'
[0.837s] Level 1:colcon.colcon_core.environment:create_file_with_runtime_dependencies(/home/peeranut/ros2_ws/install/explore_lite/share/colcon-core/packages/explore_lite)
[0.841s] Level 1:colcon.colcon_core.environment:create_environment_scripts_only(multirobot_map_merge)
[0.842s] Level 1:colcon.colcon_core.environment:checking '/home/peeranut/ros2_ws/install/multirobot_map_merge' for CMake module files
[0.842s] Level 1:colcon.colcon_core.environment:checking '/home/peeranut/ros2_ws/install/multirobot_map_merge' for CMake config files
[0.842s] Level 1:colcon.colcon_core.shell:create_environment_hook('multirobot_map_merge', 'cmake_prefix_path')
[0.843s] INFO:colcon.colcon_core.shell:Creating environment hook '/home/peeranut/ros2_ws/install/multirobot_map_merge/share/multirobot_map_merge/hook/cmake_prefix_path.ps1'
[0.843s] INFO:colcon.colcon_core.shell:Creating environment descriptor '/home/peeranut/ros2_ws/install/multirobot_map_merge/share/multirobot_map_merge/hook/cmake_prefix_path.dsv'
[0.843s] INFO:colcon.colcon_core.shell:Creating environment hook '/home/peeranut/ros2_ws/install/multirobot_map_merge/share/multirobot_map_merge/hook/cmake_prefix_path.sh'
[0.844s] Level 1:colcon.colcon_core.environment:checking '/home/peeranut/ros2_ws/install/multirobot_map_merge/lib'
[0.844s] Level 1:colcon.colcon_core.environment:checking '/home/peeranut/ros2_ws/install/multirobot_map_merge/bin'
[0.844s] Level 1:colcon.colcon_core.environment:checking '/home/peeranut/ros2_ws/install/multirobot_map_merge/lib/pkgconfig/multirobot_map_merge.pc'
[0.844s] Level 1:colcon.colcon_core.environment:checking '/home/peeranut/ros2_ws/install/multirobot_map_merge/lib/python3.10/site-packages'
[0.844s] Level 1:colcon.colcon_core.environment:checking '/home/peeranut/ros2_ws/install/multirobot_map_merge/bin'
[0.845s] INFO:colcon.colcon_core.shell:Creating package script '/home/peeranut/ros2_ws/install/multirobot_map_merge/share/multirobot_map_merge/package.ps1'
[0.845s] INFO:colcon.colcon_core.shell:Creating package descriptor '/home/peeranut/ros2_ws/install/multirobot_map_merge/share/multirobot_map_merge/package.dsv'
[0.845s] INFO:colcon.colcon_core.shell:Creating package script '/home/peeranut/ros2_ws/install/multirobot_map_merge/share/multirobot_map_merge/package.sh'
[0.845s] INFO:colcon.colcon_core.shell:Creating package script '/home/peeranut/ros2_ws/install/multirobot_map_merge/share/multirobot_map_merge/package.bash'
[0.846s] INFO:colcon.colcon_core.shell:Creating package script '/home/peeranut/ros2_ws/install/multirobot_map_merge/share/multirobot_map_merge/package.zsh'
[0.846s] Level 1:colcon.colcon_core.environment:create_file_with_runtime_dependencies(/home/peeranut/ros2_ws/install/multirobot_map_merge/share/colcon-core/packages/multirobot_map_merge)
[0.846s] DEBUG:colcon.colcon_parallel_executor.executor.parallel:closing loop
[0.846s] DEBUG:colcon.colcon_parallel_executor.executor.parallel:loop closed
[0.847s] DEBUG:colcon.colcon_parallel_executor.executor.parallel:run_until_complete finished with '0'
[0.847s] DEBUG:colcon.colcon_core.event_reactor:joining thread
[0.980s] INFO:colcon.colcon_core.plugin_system:Skipping extension 'colcon_notification.desktop_notification.notify_send': Could not find 'notify-send'
[0.980s] INFO:colcon.colcon_core.plugin_system:Skipping extension 'colcon_notification.desktop_notification.terminal_notifier': Not used on non-Darwin systems
[0.980s] INFO:colcon.colcon_core.plugin_system:Skipping extension 'colcon_notification.desktop_notification.win32': Not used on non-Windows systems
[0.980s] INFO:colcon.colcon_notification.desktop_notification:Sending desktop notification using 'notify2'
[0.982s] DEBUG:colcon.colcon_notification.desktop_notification.notify2:Failed to initialize notify2: org.freedesktop.DBus.Error.ServiceUnknown: The name org.freedesktop.Notifications was not provided by any .service files
[0.982s] DEBUG:colcon.colcon_core.event_reactor:joined thread
[0.983s] INFO:colcon.colcon_core.shell:Creating prefix script '/home/peeranut/ros2_ws/install/local_setup.ps1'
[0.983s] INFO:colcon.colcon_core.shell:Creating prefix util module '/home/peeranut/ros2_ws/install/_local_setup_util_ps1.py'
[0.984s] INFO:colcon.colcon_core.shell:Creating prefix chain script '/home/peeranut/ros2_ws/install/setup.ps1'
[0.985s] INFO:colcon.colcon_core.shell:Creating prefix script '/home/peeranut/ros2_ws/install/local_setup.sh'
[0.985s] INFO:colcon.colcon_core.shell:Creating prefix util module '/home/peeranut/ros2_ws/install/_local_setup_util_sh.py'
[0.985s] INFO:colcon.colcon_core.shell:Creating prefix chain script '/home/peeranut/ros2_ws/install/setup.sh'
[0.986s] INFO:colcon.colcon_core.shell:Creating prefix script '/home/peeranut/ros2_ws/install/local_setup.bash'
[0.986s] INFO:colcon.colcon_core.shell:Creating prefix chain script '/home/peeranut/ros2_ws/install/setup.bash'
[0.987s] INFO:colcon.colcon_core.shell:Creating prefix script '/home/peeranut/ros2_ws/install/local_setup.zsh'
[0.987s] INFO:colcon.colcon_core.shell:Creating prefix chain script '/home/peeranut/ros2_ws/install/setup.zsh'
