[0.367s] DEBUG:colcon:Command line arguments: ['/usr/bin/colcon', 'build']
[0.368s] DEBUG:colcon:Parsed command line arguments: Namespace(log_base=None, log_level=None, verb_name='build', build_base='build', install_base='install', merge_install=False, symlink_install=False, test_result_base=None, continue_on_error=False, executor='parallel', parallel_workers=20, event_handlers=None, ignore_user_meta=False, metas=['./colcon.meta'], base_paths=['.'], packages_ignore=None, packages_ignore_regex=None, paths=None, packages_up_to=None, packages_up_to_regex=None, packages_above=None, packages_above_and_dependencies=None, packages_above_depth=None, packages_select_by_dep=None, packages_skip_by_dep=None, packages_skip_up_to=None, packages_select_build_failed=False, packages_skip_build_finished=False, packages_select_test_failures=False, packages_skip_test_passed=False, packages_select=None, packages_skip=None, packages_select_regex=None, packages_skip_regex=None, packages_start=None, packages_end=None, allow_overriding=[], cmake_args=None, cmake_target=None, cmake_target_skip_unavailable=False, cmake_clean_cache=False, cmake_clean_first=False, cmake_force_configure=False, ament_cmake_args=None, catkin_cmake_args=None, catkin_skip_building_tests=False, verb_parser=<colcon_defaults.argument_parser.defaults.DefaultArgumentsDecorator object at 0x7f9778c48520>, verb_extension=<colcon_core.verb.build.BuildVerb object at 0x7f9779433730>, main=<bound method BuildVerb.main of <colcon_core.verb.build.BuildVerb object at 0x7f9779433730>>)
[0.390s] Level 1:colcon.colcon_core.package_discovery:discover_packages(colcon_meta) check parameters
[0.390s] Level 1:colcon.colcon_core.package_discovery:discover_packages(recursive) check parameters
[0.390s] Level 1:colcon.colcon_core.package_discovery:discover_packages(ignore) check parameters
[0.390s] Level 1:colcon.colcon_core.package_discovery:discover_packages(path) check parameters
[0.390s] Level 1:colcon.colcon_core.package_discovery:discover_packages(colcon_meta) discover
[0.390s] Level 1:colcon.colcon_core.package_discovery:discover_packages(recursive) discover
[0.390s] INFO:colcon.colcon_core.package_discovery:Crawling recursively for packages in '/home/peeranut/ros2_ws'
[0.390s] Level 1:colcon.colcon_core.package_identification:_identify(.) by extensions ['ignore', 'ignore_ament_install']
[0.391s] Level 1:colcon.colcon_core.package_identification:_identify(.) by extension 'ignore'
[0.391s] Level 1:colcon.colcon_core.package_identification:_identify(.) by extension 'ignore_ament_install'
[0.391s] Level 1:colcon.colcon_core.package_identification:_identify(.) by extensions ['colcon_pkg']
[0.391s] Level 1:colcon.colcon_core.package_identification:_identify(.) by extension 'colcon_pkg'
[0.391s] Level 1:colcon.colcon_core.package_identification:_identify(.) by extensions ['colcon_meta']
[0.391s] Level 1:colcon.colcon_core.package_identification:_identify(.) by extension 'colcon_meta'
[0.391s] Level 1:colcon.colcon_core.package_identification:_identify(.) by extensions ['ros']
[0.391s] Level 1:colcon.colcon_core.package_identification:_identify(.) by extension 'ros'
[0.399s] Level 1:colcon.colcon_core.package_identification:_identify(.) by extensions ['cmake', 'python']
[0.399s] Level 1:colcon.colcon_core.package_identification:_identify(.) by extension 'cmake'
[0.399s] Level 1:colcon.colcon_core.package_identification:_identify(.) by extension 'python'
[0.399s] Level 1:colcon.colcon_core.package_identification:_identify(.) by extensions ['python_setup_py']
[0.399s] Level 1:colcon.colcon_core.package_identification:_identify(.) by extension 'python_setup_py'
[0.399s] Level 1:colcon.colcon_core.package_identification:_identify(build) by extensions ['ignore', 'ignore_ament_install']
[0.399s] Level 1:colcon.colcon_core.package_identification:_identify(build) by extension 'ignore'
[0.399s] Level 1:colcon.colcon_core.package_identification:_identify(build) ignored
[0.399s] Level 1:colcon.colcon_core.package_identification:_identify(install) by extensions ['ignore', 'ignore_ament_install']
[0.399s] Level 1:colcon.colcon_core.package_identification:_identify(install) by extension 'ignore'
[0.399s] Level 1:colcon.colcon_core.package_identification:_identify(install) ignored
[0.400s] Level 1:colcon.colcon_core.package_identification:_identify(log) by extensions ['ignore', 'ignore_ament_install']
[0.400s] Level 1:colcon.colcon_core.package_identification:_identify(log) by extension 'ignore'
[0.400s] Level 1:colcon.colcon_core.package_identification:_identify(log) ignored
[0.400s] Level 1:colcon.colcon_core.package_identification:_identify(src) by extensions ['ignore', 'ignore_ament_install']
[0.400s] Level 1:colcon.colcon_core.package_identification:_identify(src) by extension 'ignore'
[0.400s] Level 1:colcon.colcon_core.package_identification:_identify(src) by extension 'ignore_ament_install'
[0.400s] Level 1:colcon.colcon_core.package_identification:_identify(src) by extensions ['colcon_pkg']
[0.400s] Level 1:colcon.colcon_core.package_identification:_identify(src) by extension 'colcon_pkg'
[0.400s] Level 1:colcon.colcon_core.package_identification:_identify(src) by extensions ['colcon_meta']
[0.400s] Level 1:colcon.colcon_core.package_identification:_identify(src) by extension 'colcon_meta'
[0.400s] Level 1:colcon.colcon_core.package_identification:_identify(src) by extensions ['ros']
[0.400s] Level 1:colcon.colcon_core.package_identification:_identify(src) by extension 'ros'
[0.400s] Level 1:colcon.colcon_core.package_identification:_identify(src) by extensions ['cmake', 'python']
[0.400s] Level 1:colcon.colcon_core.package_identification:_identify(src) by extension 'cmake'
[0.400s] Level 1:colcon.colcon_core.package_identification:_identify(src) by extension 'python'
[0.400s] Level 1:colcon.colcon_core.package_identification:_identify(src) by extensions ['python_setup_py']
[0.400s] Level 1:colcon.colcon_core.package_identification:_identify(src) by extension 'python_setup_py'
[0.400s] Level 1:colcon.colcon_core.package_identification:_identify(src/m-explore-ros2) by extensions ['ignore', 'ignore_ament_install']
[0.400s] Level 1:colcon.colcon_core.package_identification:_identify(src/m-explore-ros2) by extension 'ignore'
[0.400s] Level 1:colcon.colcon_core.package_identification:_identify(src/m-explore-ros2) by extension 'ignore_ament_install'
[0.400s] Level 1:colcon.colcon_core.package_identification:_identify(src/m-explore-ros2) by extensions ['colcon_pkg']
[0.400s] Level 1:colcon.colcon_core.package_identification:_identify(src/m-explore-ros2) by extension 'colcon_pkg'
[0.400s] Level 1:colcon.colcon_core.package_identification:_identify(src/m-explore-ros2) by extensions ['colcon_meta']
[0.400s] Level 1:colcon.colcon_core.package_identification:_identify(src/m-explore-ros2) by extension 'colcon_meta'
[0.400s] Level 1:colcon.colcon_core.package_identification:_identify(src/m-explore-ros2) by extensions ['ros']
[0.400s] Level 1:colcon.colcon_core.package_identification:_identify(src/m-explore-ros2) by extension 'ros'
[0.400s] Level 1:colcon.colcon_core.package_identification:_identify(src/m-explore-ros2) by extensions ['cmake', 'python']
[0.400s] Level 1:colcon.colcon_core.package_identification:_identify(src/m-explore-ros2) by extension 'cmake'
[0.400s] Level 1:colcon.colcon_core.package_identification:_identify(src/m-explore-ros2) by extension 'python'
[0.400s] Level 1:colcon.colcon_core.package_identification:_identify(src/m-explore-ros2) by extensions ['python_setup_py']
[0.400s] Level 1:colcon.colcon_core.package_identification:_identify(src/m-explore-ros2) by extension 'python_setup_py'
[0.400s] Level 1:colcon.colcon_core.package_identification:_identify(src/m-explore-ros2/explore) by extensions ['ignore', 'ignore_ament_install']
[0.400s] Level 1:colcon.colcon_core.package_identification:_identify(src/m-explore-ros2/explore) by extension 'ignore'
[0.400s] Level 1:colcon.colcon_core.package_identification:_identify(src/m-explore-ros2/explore) by extension 'ignore_ament_install'
[0.400s] Level 1:colcon.colcon_core.package_identification:_identify(src/m-explore-ros2/explore) by extensions ['colcon_pkg']
[0.400s] Level 1:colcon.colcon_core.package_identification:_identify(src/m-explore-ros2/explore) by extension 'colcon_pkg'
[0.400s] Level 1:colcon.colcon_core.package_identification:_identify(src/m-explore-ros2/explore) by extensions ['colcon_meta']
[0.401s] Level 1:colcon.colcon_core.package_identification:_identify(src/m-explore-ros2/explore) by extension 'colcon_meta'
[0.401s] Level 1:colcon.colcon_core.package_identification:_identify(src/m-explore-ros2/explore) by extensions ['ros']
[0.401s] Level 1:colcon.colcon_core.package_identification:_identify(src/m-explore-ros2/explore) by extension 'ros'
[0.403s] DEBUG:colcon.colcon_core.package_identification:Package 'src/m-explore-ros2/explore' with type 'ros.ament_cmake' and name 'explore_lite'
[0.403s] Level 1:colcon.colcon_core.package_identification:_identify(src/m-explore-ros2/map_merge) by extensions ['ignore', 'ignore_ament_install']
[0.403s] Level 1:colcon.colcon_core.package_identification:_identify(src/m-explore-ros2/map_merge) by extension 'ignore'
[0.403s] Level 1:colcon.colcon_core.package_identification:_identify(src/m-explore-ros2/map_merge) by extension 'ignore_ament_install'
[0.403s] Level 1:colcon.colcon_core.package_identification:_identify(src/m-explore-ros2/map_merge) by extensions ['colcon_pkg']
[0.403s] Level 1:colcon.colcon_core.package_identification:_identify(src/m-explore-ros2/map_merge) by extension 'colcon_pkg'
[0.403s] Level 1:colcon.colcon_core.package_identification:_identify(src/m-explore-ros2/map_merge) by extensions ['colcon_meta']
[0.403s] Level 1:colcon.colcon_core.package_identification:_identify(src/m-explore-ros2/map_merge) by extension 'colcon_meta'
[0.403s] Level 1:colcon.colcon_core.package_identification:_identify(src/m-explore-ros2/map_merge) by extensions ['ros']
[0.403s] Level 1:colcon.colcon_core.package_identification:_identify(src/m-explore-ros2/map_merge) by extension 'ros'
[0.404s] DEBUG:colcon.colcon_core.package_identification:Package 'src/m-explore-ros2/map_merge' with type 'ros.ament_cmake' and name 'multirobot_map_merge'
[0.404s] Level 1:colcon.colcon_core.package_identification:_identify(src/simple_robot_nav2_ros2) by extensions ['ignore', 'ignore_ament_install']
[0.404s] Level 1:colcon.colcon_core.package_identification:_identify(src/simple_robot_nav2_ros2) by extension 'ignore'
[0.404s] Level 1:colcon.colcon_core.package_identification:_identify(src/simple_robot_nav2_ros2) by extension 'ignore_ament_install'
[0.404s] Level 1:colcon.colcon_core.package_identification:_identify(src/simple_robot_nav2_ros2) by extensions ['colcon_pkg']
[0.404s] Level 1:colcon.colcon_core.package_identification:_identify(src/simple_robot_nav2_ros2) by extension 'colcon_pkg'
[0.404s] Level 1:colcon.colcon_core.package_identification:_identify(src/simple_robot_nav2_ros2) by extensions ['colcon_meta']
[0.404s] Level 1:colcon.colcon_core.package_identification:_identify(src/simple_robot_nav2_ros2) by extension 'colcon_meta'
[0.404s] Level 1:colcon.colcon_core.package_identification:_identify(src/simple_robot_nav2_ros2) by extensions ['ros']
[0.404s] Level 1:colcon.colcon_core.package_identification:_identify(src/simple_robot_nav2_ros2) by extension 'ros'
[0.404s] DEBUG:colcon.colcon_core.package_identification:Package 'src/simple_robot_nav2_ros2' with type 'ros.ament_cmake' and name 'simple_robot_nav2_ros2'
[0.404s] Level 1:colcon.colcon_core.package_identification:_identify(src/simple_robot_ros2) by extensions ['ignore', 'ignore_ament_install']
[0.404s] Level 1:colcon.colcon_core.package_identification:_identify(src/simple_robot_ros2) by extension 'ignore'
[0.404s] Level 1:colcon.colcon_core.package_identification:_identify(src/simple_robot_ros2) by extension 'ignore_ament_install'
[0.404s] Level 1:colcon.colcon_core.package_identification:_identify(src/simple_robot_ros2) by extensions ['colcon_pkg']
[0.404s] Level 1:colcon.colcon_core.package_identification:_identify(src/simple_robot_ros2) by extension 'colcon_pkg'
[0.404s] Level 1:colcon.colcon_core.package_identification:_identify(src/simple_robot_ros2) by extensions ['colcon_meta']
[0.404s] Level 1:colcon.colcon_core.package_identification:_identify(src/simple_robot_ros2) by extension 'colcon_meta'
[0.404s] Level 1:colcon.colcon_core.package_identification:_identify(src/simple_robot_ros2) by extensions ['ros']
[0.404s] Level 1:colcon.colcon_core.package_identification:_identify(src/simple_robot_ros2) by extension 'ros'
[0.405s] DEBUG:colcon.colcon_core.package_identification:Package 'src/simple_robot_ros2' with type 'ros.ament_cmake' and name 'simple_robot_ros2'
[0.405s] Level 1:colcon.colcon_core.package_discovery:discover_packages(recursive) using defaults
[0.405s] Level 1:colcon.colcon_core.package_discovery:discover_packages(ignore) discover
[0.405s] Level 1:colcon.colcon_core.package_discovery:discover_packages(ignore) using defaults
[0.405s] Level 1:colcon.colcon_core.package_discovery:discover_packages(path) discover
[0.405s] Level 1:colcon.colcon_core.package_discovery:discover_packages(path) using defaults
[0.423s] Level 1:colcon.colcon_core.package_discovery:discover_packages(prefix_path) check parameters
[0.423s] Level 1:colcon.colcon_core.package_discovery:discover_packages(prefix_path) discover
[0.424s] DEBUG:colcon.colcon_installed_package_information.package_discovery:Found 4 installed packages in /home/peeranut/ros2_ws/install
[0.425s] DEBUG:colcon.colcon_installed_package_information.package_discovery:Found 377 installed packages in /opt/ros/humble
[0.426s] Level 1:colcon.colcon_core.package_discovery:discover_packages(prefix_path) using defaults
[0.470s] Level 5:colcon.colcon_core.verb:set package 'explore_lite' build argument 'cmake_args' from command line to 'None'
[0.473s] Level 5:colcon.colcon_core.verb:set package 'explore_lite' build argument 'cmake_target' from command line to 'None'
[0.473s] Level 5:colcon.colcon_core.verb:set package 'explore_lite' build argument 'cmake_target_skip_unavailable' from command line to 'False'
[0.473s] Level 5:colcon.colcon_core.verb:set package 'explore_lite' build argument 'cmake_clean_cache' from command line to 'False'
[0.474s] Level 5:colcon.colcon_core.verb:set package 'explore_lite' build argument 'cmake_clean_first' from command line to 'False'
[0.474s] Level 5:colcon.colcon_core.verb:set package 'explore_lite' build argument 'cmake_force_configure' from command line to 'False'
[0.474s] Level 5:colcon.colcon_core.verb:set package 'explore_lite' build argument 'ament_cmake_args' from command line to 'None'
[0.474s] Level 5:colcon.colcon_core.verb:set package 'explore_lite' build argument 'catkin_cmake_args' from command line to 'None'
[0.474s] Level 5:colcon.colcon_core.verb:set package 'explore_lite' build argument 'catkin_skip_building_tests' from command line to 'False'
[0.474s] DEBUG:colcon.colcon_core.verb:Building package 'explore_lite' with the following arguments: {'ament_cmake_args': None, 'build_base': '/home/peeranut/ros2_ws/build/explore_lite', 'catkin_cmake_args': None, 'catkin_skip_building_tests': False, 'cmake_args': None, 'cmake_clean_cache': False, 'cmake_clean_first': False, 'cmake_force_configure': False, 'cmake_target': None, 'cmake_target_skip_unavailable': False, 'install_base': '/home/peeranut/ros2_ws/install/explore_lite', 'merge_install': False, 'path': '/home/peeranut/ros2_ws/src/m-explore-ros2/explore', 'symlink_install': False, 'test_result_base': None}
[0.475s] Level 5:colcon.colcon_core.verb:set package 'multirobot_map_merge' build argument 'cmake_args' from command line to 'None'
[0.475s] Level 5:colcon.colcon_core.verb:set package 'multirobot_map_merge' build argument 'cmake_target' from command line to 'None'
[0.475s] Level 5:colcon.colcon_core.verb:set package 'multirobot_map_merge' build argument 'cmake_target_skip_unavailable' from command line to 'False'
[0.475s] Level 5:colcon.colcon_core.verb:set package 'multirobot_map_merge' build argument 'cmake_clean_cache' from command line to 'False'
[0.475s] Level 5:colcon.colcon_core.verb:set package 'multirobot_map_merge' build argument 'cmake_clean_first' from command line to 'False'
[0.475s] Level 5:colcon.colcon_core.verb:set package 'multirobot_map_merge' build argument 'cmake_force_configure' from command line to 'False'
[0.475s] Level 5:colcon.colcon_core.verb:set package 'multirobot_map_merge' build argument 'ament_cmake_args' from command line to 'None'
[0.475s] Level 5:colcon.colcon_core.verb:set package 'multirobot_map_merge' build argument 'catkin_cmake_args' from command line to 'None'
[0.475s] Level 5:colcon.colcon_core.verb:set package 'multirobot_map_merge' build argument 'catkin_skip_building_tests' from command line to 'False'
[0.475s] DEBUG:colcon.colcon_core.verb:Building package 'multirobot_map_merge' with the following arguments: {'ament_cmake_args': None, 'build_base': '/home/peeranut/ros2_ws/build/multirobot_map_merge', 'catkin_cmake_args': None, 'catkin_skip_building_tests': False, 'cmake_args': None, 'cmake_clean_cache': False, 'cmake_clean_first': False, 'cmake_force_configure': False, 'cmake_target': None, 'cmake_target_skip_unavailable': False, 'install_base': '/home/peeranut/ros2_ws/install/multirobot_map_merge', 'merge_install': False, 'path': '/home/peeranut/ros2_ws/src/m-explore-ros2/map_merge', 'symlink_install': False, 'test_result_base': None}
[0.475s] Level 5:colcon.colcon_core.verb:set package 'simple_robot_nav2_ros2' build argument 'cmake_args' from command line to 'None'
[0.475s] Level 5:colcon.colcon_core.verb:set package 'simple_robot_nav2_ros2' build argument 'cmake_target' from command line to 'None'
[0.475s] Level 5:colcon.colcon_core.verb:set package 'simple_robot_nav2_ros2' build argument 'cmake_target_skip_unavailable' from command line to 'False'
[0.475s] Level 5:colcon.colcon_core.verb:set package 'simple_robot_nav2_ros2' build argument 'cmake_clean_cache' from command line to 'False'
[0.475s] Level 5:colcon.colcon_core.verb:set package 'simple_robot_nav2_ros2' build argument 'cmake_clean_first' from command line to 'False'
[0.475s] Level 5:colcon.colcon_core.verb:set package 'simple_robot_nav2_ros2' build argument 'cmake_force_configure' from command line to 'False'
[0.475s] Level 5:colcon.colcon_core.verb:set package 'simple_robot_nav2_ros2' build argument 'ament_cmake_args' from command line to 'None'
[0.476s] Level 5:colcon.colcon_core.verb:set package 'simple_robot_nav2_ros2' build argument 'catkin_cmake_args' from command line to 'None'
[0.476s] Level 5:colcon.colcon_core.verb:set package 'simple_robot_nav2_ros2' build argument 'catkin_skip_building_tests' from command line to 'False'
[0.476s] DEBUG:colcon.colcon_core.verb:Building package 'simple_robot_nav2_ros2' with the following arguments: {'ament_cmake_args': None, 'build_base': '/home/peeranut/ros2_ws/build/simple_robot_nav2_ros2', 'catkin_cmake_args': None, 'catkin_skip_building_tests': False, 'cmake_args': None, 'cmake_clean_cache': False, 'cmake_clean_first': False, 'cmake_force_configure': False, 'cmake_target': None, 'cmake_target_skip_unavailable': False, 'install_base': '/home/peeranut/ros2_ws/install/simple_robot_nav2_ros2', 'merge_install': False, 'path': '/home/peeranut/ros2_ws/src/simple_robot_nav2_ros2', 'symlink_install': False, 'test_result_base': None}
[0.476s] Level 5:colcon.colcon_core.verb:set package 'simple_robot_ros2' build argument 'cmake_args' from command line to 'None'
[0.476s] Level 5:colcon.colcon_core.verb:set package 'simple_robot_ros2' build argument 'cmake_target' from command line to 'None'
[0.476s] Level 5:colcon.colcon_core.verb:set package 'simple_robot_ros2' build argument 'cmake_target_skip_unavailable' from command line to 'False'
[0.476s] Level 5:colcon.colcon_core.verb:set package 'simple_robot_ros2' build argument 'cmake_clean_cache' from command line to 'False'
[0.476s] Level 5:colcon.colcon_core.verb:set package 'simple_robot_ros2' build argument 'cmake_clean_first' from command line to 'False'
[0.476s] Level 5:colcon.colcon_core.verb:set package 'simple_robot_ros2' build argument 'cmake_force_configure' from command line to 'False'
[0.476s] Level 5:colcon.colcon_core.verb:set package 'simple_robot_ros2' build argument 'ament_cmake_args' from command line to 'None'
[0.476s] Level 5:colcon.colcon_core.verb:set package 'simple_robot_ros2' build argument 'catkin_cmake_args' from command line to 'None'
[0.476s] Level 5:colcon.colcon_core.verb:set package 'simple_robot_ros2' build argument 'catkin_skip_building_tests' from command line to 'False'
[0.476s] DEBUG:colcon.colcon_core.verb:Building package 'simple_robot_ros2' with the following arguments: {'ament_cmake_args': None, 'build_base': '/home/peeranut/ros2_ws/build/simple_robot_ros2', 'catkin_cmake_args': None, 'catkin_skip_building_tests': False, 'cmake_args': None, 'cmake_clean_cache': False, 'cmake_clean_first': False, 'cmake_force_configure': False, 'cmake_target': None, 'cmake_target_skip_unavailable': False, 'install_base': '/home/peeranut/ros2_ws/install/simple_robot_ros2', 'merge_install': False, 'path': '/home/peeranut/ros2_ws/src/simple_robot_ros2', 'symlink_install': False, 'test_result_base': None}
[0.477s] INFO:colcon.colcon_core.executor:Executing jobs using 'parallel' executor
[0.479s] DEBUG:colcon.colcon_parallel_executor.executor.parallel:run_until_complete
[0.479s] INFO:colcon.colcon_ros.task.ament_cmake.build:Building ROS package in '/home/peeranut/ros2_ws/src/m-explore-ros2/explore' with build type 'ament_cmake'
[0.479s] INFO:colcon.colcon_cmake.task.cmake.build:Building CMake package in '/home/peeranut/ros2_ws/src/m-explore-ros2/explore'
[0.482s] INFO:colcon.colcon_core.plugin_system:Skipping extension 'colcon_core.shell.bat': Not used on non-Windows systems
[0.483s] INFO:colcon.colcon_core.shell:Skip shell extension 'powershell' for command environment: Not usable outside of PowerShell
[0.483s] DEBUG:colcon.colcon_core.shell:Skip shell extension 'dsv' for command environment
[0.486s] INFO:colcon.colcon_ros.task.ament_cmake.build:Building ROS package in '/home/peeranut/ros2_ws/src/m-explore-ros2/map_merge' with build type 'ament_cmake'
[0.486s] INFO:colcon.colcon_cmake.task.cmake.build:Building CMake package in '/home/peeranut/ros2_ws/src/m-explore-ros2/map_merge'
[0.487s] INFO:colcon.colcon_core.shell:Skip shell extension 'powershell' for command environment: Not usable outside of PowerShell
[0.487s] DEBUG:colcon.colcon_core.shell:Skip shell extension 'dsv' for command environment
[0.490s] INFO:colcon.colcon_ros.task.ament_cmake.build:Building ROS package in '/home/peeranut/ros2_ws/src/simple_robot_nav2_ros2' with build type 'ament_cmake'
[0.490s] INFO:colcon.colcon_cmake.task.cmake.build:Building CMake package in '/home/peeranut/ros2_ws/src/simple_robot_nav2_ros2'
[0.491s] INFO:colcon.colcon_core.shell:Skip shell extension 'powershell' for command environment: Not usable outside of PowerShell
[0.491s] DEBUG:colcon.colcon_core.shell:Skip shell extension 'dsv' for command environment
[0.496s] INFO:colcon.colcon_ros.task.ament_cmake.build:Building ROS package in '/home/peeranut/ros2_ws/src/simple_robot_ros2' with build type 'ament_cmake'
[0.496s] INFO:colcon.colcon_cmake.task.cmake.build:Building CMake package in '/home/peeranut/ros2_ws/src/simple_robot_ros2'
[0.497s] INFO:colcon.colcon_core.shell:Skip shell extension 'powershell' for command environment: Not usable outside of PowerShell
[0.497s] DEBUG:colcon.colcon_core.shell:Skip shell extension 'dsv' for command environment
[0.507s] DEBUG:colcon.colcon_core.event_handler.log_command:Invoking command in '/home/peeranut/ros2_ws/build/explore_lite': CMAKE_PREFIX_PATH=${CMAKE_PREFIX_PATH}:/opt/ros/humble /usr/bin/cmake --build /home/peeranut/ros2_ws/build/explore_lite -- -j20 -l20
[0.509s] DEBUG:colcon.colcon_core.event_handler.log_command:Invoking command in '/home/peeranut/ros2_ws/build/multirobot_map_merge': CMAKE_PREFIX_PATH=${CMAKE_PREFIX_PATH}:/opt/ros/humble /usr/bin/cmake --build /home/peeranut/ros2_ws/build/multirobot_map_merge -- -j20 -l20
[0.512s] DEBUG:colcon.colcon_core.event_handler.log_command:Invoking command in '/home/peeranut/ros2_ws/build/simple_robot_nav2_ros2': CMAKE_PREFIX_PATH=${CMAKE_PREFIX_PATH}:/opt/ros/humble /usr/bin/cmake --build /home/peeranut/ros2_ws/build/simple_robot_nav2_ros2 -- -j20 -l20
[0.516s] DEBUG:colcon.colcon_core.event_handler.log_command:Invoking command in '/home/peeranut/ros2_ws/build/simple_robot_ros2': CMAKE_PREFIX_PATH=${CMAKE_PREFIX_PATH}:/opt/ros/humble /usr/bin/cmake --build /home/peeranut/ros2_ws/build/simple_robot_ros2 -- -j20 -l20
[0.534s] DEBUG:colcon.colcon_core.event_handler.log_command:Invoked command in '/home/peeranut/ros2_ws/build/simple_robot_nav2_ros2' returned '0': CMAKE_PREFIX_PATH=${CMAKE_PREFIX_PATH}:/opt/ros/humble /usr/bin/cmake --build /home/peeranut/ros2_ws/build/simple_robot_nav2_ros2 -- -j20 -l20
[0.540s] DEBUG:colcon.colcon_core.event_handler.log_command:Invoked command in '/home/peeranut/ros2_ws/build/simple_robot_ros2' returned '0': CMAKE_PREFIX_PATH=${CMAKE_PREFIX_PATH}:/opt/ros/humble /usr/bin/cmake --build /home/peeranut/ros2_ws/build/simple_robot_ros2 -- -j20 -l20
[0.555s] DEBUG:colcon.colcon_core.event_handler.log_command:Invoking command in '/home/peeranut/ros2_ws/build/simple_robot_nav2_ros2': CMAKE_PREFIX_PATH=${CMAKE_PREFIX_PATH}:/opt/ros/humble /usr/bin/cmake --install /home/peeranut/ros2_ws/build/simple_robot_nav2_ros2
[0.558s] DEBUG:colcon.colcon_core.event_handler.log_command:Invoking command in '/home/peeranut/ros2_ws/build/simple_robot_ros2': CMAKE_PREFIX_PATH=${CMAKE_PREFIX_PATH}:/opt/ros/humble /usr/bin/cmake --install /home/peeranut/ros2_ws/build/simple_robot_ros2
[0.565s] Level 1:colcon.colcon_core.environment:create_environment_scripts_only(simple_robot_nav2_ros2)
[0.569s] DEBUG:colcon.colcon_core.event_handler.log_command:Invoked command in '/home/peeranut/ros2_ws/build/simple_robot_nav2_ros2' returned '0': CMAKE_PREFIX_PATH=${CMAKE_PREFIX_PATH}:/opt/ros/humble /usr/bin/cmake --install /home/peeranut/ros2_ws/build/simple_robot_nav2_ros2
[0.571s] Level 1:colcon.colcon_core.environment:checking '/home/peeranut/ros2_ws/install/simple_robot_nav2_ros2' for CMake module files
[0.572s] Level 1:colcon.colcon_core.environment:checking '/home/peeranut/ros2_ws/install/simple_robot_nav2_ros2' for CMake config files
[0.572s] Level 1:colcon.colcon_core.shell:create_environment_hook('simple_robot_nav2_ros2', 'cmake_prefix_path')
[0.573s] INFO:colcon.colcon_core.shell:Creating environment hook '/home/peeranut/ros2_ws/install/simple_robot_nav2_ros2/share/simple_robot_nav2_ros2/hook/cmake_prefix_path.ps1'
[0.573s] INFO:colcon.colcon_core.shell:Creating environment descriptor '/home/peeranut/ros2_ws/install/simple_robot_nav2_ros2/share/simple_robot_nav2_ros2/hook/cmake_prefix_path.dsv'
[0.574s] INFO:colcon.colcon_core.shell:Creating environment hook '/home/peeranut/ros2_ws/install/simple_robot_nav2_ros2/share/simple_robot_nav2_ros2/hook/cmake_prefix_path.sh'
[0.574s] Level 1:colcon.colcon_core.environment:checking '/home/peeranut/ros2_ws/install/simple_robot_nav2_ros2/bin'
[0.574s] Level 1:colcon.colcon_core.environment:checking '/home/peeranut/ros2_ws/install/simple_robot_nav2_ros2/lib/pkgconfig/simple_robot_nav2_ros2.pc'
[0.574s] Level 1:colcon.colcon_core.environment:checking '/home/peeranut/ros2_ws/install/simple_robot_nav2_ros2/lib/python3.10/site-packages'
[0.574s] Level 1:colcon.colcon_core.environment:checking '/home/peeranut/ros2_ws/install/simple_robot_nav2_ros2/bin'
[0.575s] INFO:colcon.colcon_core.shell:Creating package script '/home/peeranut/ros2_ws/install/simple_robot_nav2_ros2/share/simple_robot_nav2_ros2/package.ps1'
[0.576s] INFO:colcon.colcon_core.shell:Creating package descriptor '/home/peeranut/ros2_ws/install/simple_robot_nav2_ros2/share/simple_robot_nav2_ros2/package.dsv'
[0.576s] INFO:colcon.colcon_core.shell:Creating package script '/home/peeranut/ros2_ws/install/simple_robot_nav2_ros2/share/simple_robot_nav2_ros2/package.sh'
[0.576s] INFO:colcon.colcon_core.shell:Creating package script '/home/peeranut/ros2_ws/install/simple_robot_nav2_ros2/share/simple_robot_nav2_ros2/package.bash'
[0.577s] INFO:colcon.colcon_core.shell:Creating package script '/home/peeranut/ros2_ws/install/simple_robot_nav2_ros2/share/simple_robot_nav2_ros2/package.zsh'
[0.577s] Level 1:colcon.colcon_core.environment:create_file_with_runtime_dependencies(/home/peeranut/ros2_ws/install/simple_robot_nav2_ros2/share/colcon-core/packages/simple_robot_nav2_ros2)
[0.579s] DEBUG:colcon.colcon_core.event_handler.log_command:Invoked command in '/home/peeranut/ros2_ws/build/explore_lite' returned '0': CMAKE_PREFIX_PATH=${CMAKE_PREFIX_PATH}:/opt/ros/humble /usr/bin/cmake --build /home/peeranut/ros2_ws/build/explore_lite -- -j20 -l20
[0.580s] Level 1:colcon.colcon_core.environment:create_environment_scripts_only(simple_robot_ros2)
[0.581s] Level 1:colcon.colcon_core.environment:checking '/home/peeranut/ros2_ws/install/simple_robot_ros2' for CMake module files
[0.582s] DEBUG:colcon.colcon_core.event_handler.log_command:Invoked command in '/home/peeranut/ros2_ws/build/simple_robot_ros2' returned '0': CMAKE_PREFIX_PATH=${CMAKE_PREFIX_PATH}:/opt/ros/humble /usr/bin/cmake --install /home/peeranut/ros2_ws/build/simple_robot_ros2
[0.582s] Level 1:colcon.colcon_core.environment:checking '/home/peeranut/ros2_ws/install/simple_robot_ros2' for CMake config files
[0.582s] Level 1:colcon.colcon_core.shell:create_environment_hook('simple_robot_ros2', 'cmake_prefix_path')
[0.583s] INFO:colcon.colcon_core.shell:Creating environment hook '/home/peeranut/ros2_ws/install/simple_robot_ros2/share/simple_robot_ros2/hook/cmake_prefix_path.ps1'
[0.583s] INFO:colcon.colcon_core.shell:Creating environment descriptor '/home/peeranut/ros2_ws/install/simple_robot_ros2/share/simple_robot_ros2/hook/cmake_prefix_path.dsv'
[0.583s] INFO:colcon.colcon_core.shell:Creating environment hook '/home/peeranut/ros2_ws/install/simple_robot_ros2/share/simple_robot_ros2/hook/cmake_prefix_path.sh'
[0.584s] Level 1:colcon.colcon_core.environment:checking '/home/peeranut/ros2_ws/install/simple_robot_ros2/bin'
[0.584s] Level 1:colcon.colcon_core.environment:checking '/home/peeranut/ros2_ws/install/simple_robot_ros2/lib/pkgconfig/simple_robot_ros2.pc'
[0.584s] Level 1:colcon.colcon_core.environment:checking '/home/peeranut/ros2_ws/install/simple_robot_ros2/lib/python3.10/site-packages'
[0.584s] Level 1:colcon.colcon_core.environment:checking '/home/peeranut/ros2_ws/install/simple_robot_ros2/bin'
[0.585s] INFO:colcon.colcon_core.shell:Creating package script '/home/peeranut/ros2_ws/install/simple_robot_ros2/share/simple_robot_ros2/package.ps1'
[0.585s] INFO:colcon.colcon_core.shell:Creating package descriptor '/home/peeranut/ros2_ws/install/simple_robot_ros2/share/simple_robot_ros2/package.dsv'
[0.585s] INFO:colcon.colcon_core.shell:Creating package script '/home/peeranut/ros2_ws/install/simple_robot_ros2/share/simple_robot_ros2/package.sh'
[0.586s] INFO:colcon.colcon_core.shell:Creating package script '/home/peeranut/ros2_ws/install/simple_robot_ros2/share/simple_robot_ros2/package.bash'
[0.586s] INFO:colcon.colcon_core.shell:Creating package script '/home/peeranut/ros2_ws/install/simple_robot_ros2/share/simple_robot_ros2/package.zsh'
[0.586s] Level 1:colcon.colcon_core.environment:create_file_with_runtime_dependencies(/home/peeranut/ros2_ws/install/simple_robot_ros2/share/colcon-core/packages/simple_robot_ros2)
[0.587s] DEBUG:colcon.colcon_core.event_handler.log_command:Invoked command in '/home/peeranut/ros2_ws/build/multirobot_map_merge' returned '0': CMAKE_PREFIX_PATH=${CMAKE_PREFIX_PATH}:/opt/ros/humble /usr/bin/cmake --build /home/peeranut/ros2_ws/build/multirobot_map_merge -- -j20 -l20
[0.590s] Level 1:colcon.colcon_core.environment:create_environment_scripts_only(simple_robot_nav2_ros2)
[0.591s] Level 1:colcon.colcon_core.environment:checking '/home/peeranut/ros2_ws/install/simple_robot_nav2_ros2' for CMake module files
[0.591s] Level 1:colcon.colcon_core.environment:checking '/home/peeranut/ros2_ws/install/simple_robot_nav2_ros2' for CMake config files
[0.591s] Level 1:colcon.colcon_core.shell:create_environment_hook('simple_robot_nav2_ros2', 'cmake_prefix_path')
[0.592s] INFO:colcon.colcon_core.shell:Creating environment hook '/home/peeranut/ros2_ws/install/simple_robot_nav2_ros2/share/simple_robot_nav2_ros2/hook/cmake_prefix_path.ps1'
[0.593s] INFO:colcon.colcon_core.shell:Creating environment descriptor '/home/peeranut/ros2_ws/install/simple_robot_nav2_ros2/share/simple_robot_nav2_ros2/hook/cmake_prefix_path.dsv'
[0.593s] INFO:colcon.colcon_core.shell:Creating environment hook '/home/peeranut/ros2_ws/install/simple_robot_nav2_ros2/share/simple_robot_nav2_ros2/hook/cmake_prefix_path.sh'
[0.593s] Level 1:colcon.colcon_core.environment:checking '/home/peeranut/ros2_ws/install/simple_robot_nav2_ros2/bin'
[0.593s] Level 1:colcon.colcon_core.environment:checking '/home/peeranut/ros2_ws/install/simple_robot_nav2_ros2/lib/pkgconfig/simple_robot_nav2_ros2.pc'
[0.593s] Level 1:colcon.colcon_core.environment:checking '/home/peeranut/ros2_ws/install/simple_robot_nav2_ros2/lib/python3.10/site-packages'
[0.593s] Level 1:colcon.colcon_core.environment:checking '/home/peeranut/ros2_ws/install/simple_robot_nav2_ros2/bin'
[0.594s] INFO:colcon.colcon_core.shell:Creating package script '/home/peeranut/ros2_ws/install/simple_robot_nav2_ros2/share/simple_robot_nav2_ros2/package.ps1'
[0.595s] INFO:colcon.colcon_core.shell:Creating package descriptor '/home/peeranut/ros2_ws/install/simple_robot_nav2_ros2/share/simple_robot_nav2_ros2/package.dsv'
[0.595s] INFO:colcon.colcon_core.shell:Creating package script '/home/peeranut/ros2_ws/install/simple_robot_nav2_ros2/share/simple_robot_nav2_ros2/package.sh'
[0.595s] INFO:colcon.colcon_core.shell:Creating package script '/home/peeranut/ros2_ws/install/simple_robot_nav2_ros2/share/simple_robot_nav2_ros2/package.bash'
[0.595s] INFO:colcon.colcon_core.shell:Creating package script '/home/peeranut/ros2_ws/install/simple_robot_nav2_ros2/share/simple_robot_nav2_ros2/package.zsh'
[0.595s] Level 1:colcon.colcon_core.environment:create_file_with_runtime_dependencies(/home/peeranut/ros2_ws/install/simple_robot_nav2_ros2/share/colcon-core/packages/simple_robot_nav2_ros2)
[0.599s] DEBUG:colcon.colcon_core.event_handler.log_command:Invoking command in '/home/peeranut/ros2_ws/build/explore_lite': CMAKE_PREFIX_PATH=${CMAKE_PREFIX_PATH}:/opt/ros/humble /usr/bin/cmake --install /home/peeranut/ros2_ws/build/explore_lite
[0.600s] Level 1:colcon.colcon_core.environment:create_environment_scripts_only(simple_robot_ros2)
[0.601s] Level 1:colcon.colcon_core.environment:checking '/home/peeranut/ros2_ws/install/simple_robot_ros2' for CMake module files
[0.602s] Level 1:colcon.colcon_core.environment:checking '/home/peeranut/ros2_ws/install/simple_robot_ros2' for CMake config files
[0.602s] Level 1:colcon.colcon_core.shell:create_environment_hook('simple_robot_ros2', 'cmake_prefix_path')
[0.603s] INFO:colcon.colcon_core.shell:Creating environment hook '/home/peeranut/ros2_ws/install/simple_robot_ros2/share/simple_robot_ros2/hook/cmake_prefix_path.ps1'
[0.604s] INFO:colcon.colcon_core.shell:Creating environment descriptor '/home/peeranut/ros2_ws/install/simple_robot_ros2/share/simple_robot_ros2/hook/cmake_prefix_path.dsv'
[0.607s] INFO:colcon.colcon_core.shell:Creating environment hook '/home/peeranut/ros2_ws/install/simple_robot_ros2/share/simple_robot_ros2/hook/cmake_prefix_path.sh'
[0.608s] Level 1:colcon.colcon_core.environment:checking '/home/peeranut/ros2_ws/install/simple_robot_ros2/bin'
[0.608s] Level 1:colcon.colcon_core.environment:checking '/home/peeranut/ros2_ws/install/simple_robot_ros2/lib/pkgconfig/simple_robot_ros2.pc'
[0.608s] Level 1:colcon.colcon_core.environment:checking '/home/peeranut/ros2_ws/install/simple_robot_ros2/lib/python3.10/site-packages'
[0.608s] Level 1:colcon.colcon_core.environment:checking '/home/peeranut/ros2_ws/install/simple_robot_ros2/bin'
[0.609s] INFO:colcon.colcon_core.shell:Creating package script '/home/peeranut/ros2_ws/install/simple_robot_ros2/share/simple_robot_ros2/package.ps1'
[0.609s] INFO:colcon.colcon_core.shell:Creating package descriptor '/home/peeranut/ros2_ws/install/simple_robot_ros2/share/simple_robot_ros2/package.dsv'
[0.610s] INFO:colcon.colcon_core.shell:Creating package script '/home/peeranut/ros2_ws/install/simple_robot_ros2/share/simple_robot_ros2/package.sh'
[0.610s] INFO:colcon.colcon_core.shell:Creating package script '/home/peeranut/ros2_ws/install/simple_robot_ros2/share/simple_robot_ros2/package.bash'
[0.610s] INFO:colcon.colcon_core.shell:Creating package script '/home/peeranut/ros2_ws/install/simple_robot_ros2/share/simple_robot_ros2/package.zsh'
[0.610s] Level 1:colcon.colcon_core.environment:create_file_with_runtime_dependencies(/home/peeranut/ros2_ws/install/simple_robot_ros2/share/colcon-core/packages/simple_robot_ros2)
[0.613s] Level 1:colcon.colcon_core.environment:create_environment_scripts_only(explore_lite)
[0.613s] DEBUG:colcon.colcon_core.event_handler.log_command:Invoking command in '/home/peeranut/ros2_ws/build/multirobot_map_merge': CMAKE_PREFIX_PATH=${CMAKE_PREFIX_PATH}:/opt/ros/humble /usr/bin/cmake --install /home/peeranut/ros2_ws/build/multirobot_map_merge
[0.615s] Level 1:colcon.colcon_core.environment:checking '/home/peeranut/ros2_ws/install/explore_lite' for CMake module files
[0.615s] DEBUG:colcon.colcon_core.event_handler.log_command:Invoked command in '/home/peeranut/ros2_ws/build/explore_lite' returned '0': CMAKE_PREFIX_PATH=${CMAKE_PREFIX_PATH}:/opt/ros/humble /usr/bin/cmake --install /home/peeranut/ros2_ws/build/explore_lite
[0.616s] Level 1:colcon.colcon_core.environment:checking '/home/peeranut/ros2_ws/install/explore_lite' for CMake config files
[0.616s] Level 1:colcon.colcon_core.shell:create_environment_hook('explore_lite', 'cmake_prefix_path')
[0.617s] INFO:colcon.colcon_core.shell:Creating environment hook '/home/peeranut/ros2_ws/install/explore_lite/share/explore_lite/hook/cmake_prefix_path.ps1'
[0.617s] INFO:colcon.colcon_core.shell:Creating environment descriptor '/home/peeranut/ros2_ws/install/explore_lite/share/explore_lite/hook/cmake_prefix_path.dsv'
[0.619s] INFO:colcon.colcon_core.shell:Creating environment hook '/home/peeranut/ros2_ws/install/explore_lite/share/explore_lite/hook/cmake_prefix_path.sh'
[0.623s] Level 1:colcon.colcon_core.environment:checking '/home/peeranut/ros2_ws/install/explore_lite/lib'
[0.623s] Level 1:colcon.colcon_core.environment:checking '/home/peeranut/ros2_ws/install/explore_lite/bin'
[0.623s] Level 1:colcon.colcon_core.environment:checking '/home/peeranut/ros2_ws/install/explore_lite/lib/pkgconfig/explore_lite.pc'
[0.623s] Level 1:colcon.colcon_core.environment:checking '/home/peeranut/ros2_ws/install/explore_lite/lib/python3.10/site-packages'
[0.623s] Level 1:colcon.colcon_core.environment:checking '/home/peeranut/ros2_ws/install/explore_lite/bin'
[0.624s] INFO:colcon.colcon_core.shell:Creating package script '/home/peeranut/ros2_ws/install/explore_lite/share/explore_lite/package.ps1'
[0.624s] INFO:colcon.colcon_core.shell:Creating package descriptor '/home/peeranut/ros2_ws/install/explore_lite/share/explore_lite/package.dsv'
[0.625s] INFO:colcon.colcon_core.shell:Creating package script '/home/peeranut/ros2_ws/install/explore_lite/share/explore_lite/package.sh'
[0.625s] INFO:colcon.colcon_core.shell:Creating package script '/home/peeranut/ros2_ws/install/explore_lite/share/explore_lite/package.bash'
[0.625s] INFO:colcon.colcon_core.shell:Creating package script '/home/peeranut/ros2_ws/install/explore_lite/share/explore_lite/package.zsh'
[0.625s] Level 1:colcon.colcon_core.environment:create_file_with_runtime_dependencies(/home/peeranut/ros2_ws/install/explore_lite/share/colcon-core/packages/explore_lite)
[0.627s] Level 1:colcon.colcon_core.environment:create_environment_scripts_only(multirobot_map_merge)
[0.628s] Level 1:colcon.colcon_core.environment:checking '/home/peeranut/ros2_ws/install/multirobot_map_merge' for CMake module files
[0.628s] DEBUG:colcon.colcon_core.event_handler.log_command:Invoked command in '/home/peeranut/ros2_ws/build/multirobot_map_merge' returned '0': CMAKE_PREFIX_PATH=${CMAKE_PREFIX_PATH}:/opt/ros/humble /usr/bin/cmake --install /home/peeranut/ros2_ws/build/multirobot_map_merge
[0.628s] Level 1:colcon.colcon_core.environment:checking '/home/peeranut/ros2_ws/install/multirobot_map_merge' for CMake config files
[0.629s] Level 1:colcon.colcon_core.shell:create_environment_hook('multirobot_map_merge', 'cmake_prefix_path')
[0.630s] INFO:colcon.colcon_core.shell:Creating environment hook '/home/peeranut/ros2_ws/install/multirobot_map_merge/share/multirobot_map_merge/hook/cmake_prefix_path.ps1'
[0.630s] INFO:colcon.colcon_core.shell:Creating environment descriptor '/home/peeranut/ros2_ws/install/multirobot_map_merge/share/multirobot_map_merge/hook/cmake_prefix_path.dsv'
[0.630s] INFO:colcon.colcon_core.shell:Creating environment hook '/home/peeranut/ros2_ws/install/multirobot_map_merge/share/multirobot_map_merge/hook/cmake_prefix_path.sh'
[0.630s] Level 1:colcon.colcon_core.environment:checking '/home/peeranut/ros2_ws/install/multirobot_map_merge/lib'
[0.630s] Level 1:colcon.colcon_core.environment:checking '/home/peeranut/ros2_ws/install/multirobot_map_merge/bin'
[0.631s] Level 1:colcon.colcon_core.environment:checking '/home/peeranut/ros2_ws/install/multirobot_map_merge/lib/pkgconfig/multirobot_map_merge.pc'
[0.631s] Level 1:colcon.colcon_core.environment:checking '/home/peeranut/ros2_ws/install/multirobot_map_merge/lib/python3.10/site-packages'
[0.631s] Level 1:colcon.colcon_core.environment:checking '/home/peeranut/ros2_ws/install/multirobot_map_merge/bin'
[0.632s] INFO:colcon.colcon_core.shell:Creating package script '/home/peeranut/ros2_ws/install/multirobot_map_merge/share/multirobot_map_merge/package.ps1'
[0.632s] INFO:colcon.colcon_core.shell:Creating package descriptor '/home/peeranut/ros2_ws/install/multirobot_map_merge/share/multirobot_map_merge/package.dsv'
[0.632s] INFO:colcon.colcon_core.shell:Creating package script '/home/peeranut/ros2_ws/install/multirobot_map_merge/share/multirobot_map_merge/package.sh'
[0.632s] INFO:colcon.colcon_core.shell:Creating package script '/home/peeranut/ros2_ws/install/multirobot_map_merge/share/multirobot_map_merge/package.bash'
[0.632s] INFO:colcon.colcon_core.shell:Creating package script '/home/peeranut/ros2_ws/install/multirobot_map_merge/share/multirobot_map_merge/package.zsh'
[0.633s] Level 1:colcon.colcon_core.environment:create_file_with_runtime_dependencies(/home/peeranut/ros2_ws/install/multirobot_map_merge/share/colcon-core/packages/multirobot_map_merge)
[0.646s] Level 1:colcon.colcon_core.environment:create_environment_scripts_only(explore_lite)
[0.648s] Level 1:colcon.colcon_core.environment:checking '/home/peeranut/ros2_ws/install/explore_lite' for CMake module files
[0.648s] Level 1:colcon.colcon_core.environment:checking '/home/peeranut/ros2_ws/install/explore_lite' for CMake config files
[0.648s] Level 1:colcon.colcon_core.shell:create_environment_hook('explore_lite', 'cmake_prefix_path')
[0.649s] INFO:colcon.colcon_core.shell:Creating environment hook '/home/peeranut/ros2_ws/install/explore_lite/share/explore_lite/hook/cmake_prefix_path.ps1'
[0.649s] INFO:colcon.colcon_core.shell:Creating environment descriptor '/home/peeranut/ros2_ws/install/explore_lite/share/explore_lite/hook/cmake_prefix_path.dsv'
[0.649s] INFO:colcon.colcon_core.shell:Creating environment hook '/home/peeranut/ros2_ws/install/explore_lite/share/explore_lite/hook/cmake_prefix_path.sh'
[0.650s] Level 1:colcon.colcon_core.environment:checking '/home/peeranut/ros2_ws/install/explore_lite/lib'
[0.650s] Level 1:colcon.colcon_core.environment:checking '/home/peeranut/ros2_ws/install/explore_lite/bin'
[0.650s] Level 1:colcon.colcon_core.environment:checking '/home/peeranut/ros2_ws/install/explore_lite/lib/pkgconfig/explore_lite.pc'
[0.650s] Level 1:colcon.colcon_core.environment:checking '/home/peeranut/ros2_ws/install/explore_lite/lib/python3.10/site-packages'
[0.650s] Level 1:colcon.colcon_core.environment:checking '/home/peeranut/ros2_ws/install/explore_lite/bin'
[0.651s] INFO:colcon.colcon_core.shell:Creating package script '/home/peeranut/ros2_ws/install/explore_lite/share/explore_lite/package.ps1'
[0.651s] INFO:colcon.colcon_core.shell:Creating package descriptor '/home/peeranut/ros2_ws/install/explore_lite/share/explore_lite/package.dsv'
[0.651s] INFO:colcon.colcon_core.shell:Creating package script '/home/peeranut/ros2_ws/install/explore_lite/share/explore_lite/package.sh'
[0.652s] INFO:colcon.colcon_core.shell:Creating package script '/home/peeranut/ros2_ws/install/explore_lite/share/explore_lite/package.bash'
[0.652s] INFO:colcon.colcon_core.shell:Creating package script '/home/peeranut/ros2_ws/install/explore_lite/share/explore_lite/package.zsh'
[0.652s] Level 1:colcon.colcon_core.environment:create_file_with_runtime_dependencies(/home/peeranut/ros2_ws/install/explore_lite/share/colcon-core/packages/explore_lite)
[0.654s] Level 1:colcon.colcon_core.environment:create_environment_scripts_only(multirobot_map_merge)
[0.655s] Level 1:colcon.colcon_core.environment:checking '/home/peeranut/ros2_ws/install/multirobot_map_merge' for CMake module files
[0.655s] Level 1:colcon.colcon_core.environment:checking '/home/peeranut/ros2_ws/install/multirobot_map_merge' for CMake config files
[0.655s] Level 1:colcon.colcon_core.shell:create_environment_hook('multirobot_map_merge', 'cmake_prefix_path')
[0.656s] INFO:colcon.colcon_core.shell:Creating environment hook '/home/peeranut/ros2_ws/install/multirobot_map_merge/share/multirobot_map_merge/hook/cmake_prefix_path.ps1'
[0.656s] INFO:colcon.colcon_core.shell:Creating environment descriptor '/home/peeranut/ros2_ws/install/multirobot_map_merge/share/multirobot_map_merge/hook/cmake_prefix_path.dsv'
[0.656s] INFO:colcon.colcon_core.shell:Creating environment hook '/home/peeranut/ros2_ws/install/multirobot_map_merge/share/multirobot_map_merge/hook/cmake_prefix_path.sh'
[0.657s] Level 1:colcon.colcon_core.environment:checking '/home/peeranut/ros2_ws/install/multirobot_map_merge/lib'
[0.657s] Level 1:colcon.colcon_core.environment:checking '/home/peeranut/ros2_ws/install/multirobot_map_merge/bin'
[0.657s] Level 1:colcon.colcon_core.environment:checking '/home/peeranut/ros2_ws/install/multirobot_map_merge/lib/pkgconfig/multirobot_map_merge.pc'
[0.657s] Level 1:colcon.colcon_core.environment:checking '/home/peeranut/ros2_ws/install/multirobot_map_merge/lib/python3.10/site-packages'
[0.657s] Level 1:colcon.colcon_core.environment:checking '/home/peeranut/ros2_ws/install/multirobot_map_merge/bin'
[0.658s] INFO:colcon.colcon_core.shell:Creating package script '/home/peeranut/ros2_ws/install/multirobot_map_merge/share/multirobot_map_merge/package.ps1'
[0.659s] INFO:colcon.colcon_core.shell:Creating package descriptor '/home/peeranut/ros2_ws/install/multirobot_map_merge/share/multirobot_map_merge/package.dsv'
[0.659s] INFO:colcon.colcon_core.shell:Creating package script '/home/peeranut/ros2_ws/install/multirobot_map_merge/share/multirobot_map_merge/package.sh'
[0.659s] INFO:colcon.colcon_core.shell:Creating package script '/home/peeranut/ros2_ws/install/multirobot_map_merge/share/multirobot_map_merge/package.bash'
[0.659s] INFO:colcon.colcon_core.shell:Creating package script '/home/peeranut/ros2_ws/install/multirobot_map_merge/share/multirobot_map_merge/package.zsh'
[0.659s] Level 1:colcon.colcon_core.environment:create_file_with_runtime_dependencies(/home/peeranut/ros2_ws/install/multirobot_map_merge/share/colcon-core/packages/multirobot_map_merge)
[0.660s] DEBUG:colcon.colcon_parallel_executor.executor.parallel:closing loop
[0.660s] DEBUG:colcon.colcon_parallel_executor.executor.parallel:loop closed
[0.660s] DEBUG:colcon.colcon_parallel_executor.executor.parallel:run_until_complete finished with '0'
[0.660s] DEBUG:colcon.colcon_core.event_reactor:joining thread
[0.793s] INFO:colcon.colcon_core.plugin_system:Skipping extension 'colcon_notification.desktop_notification.notify_send': Could not find 'notify-send'
[0.793s] INFO:colcon.colcon_core.plugin_system:Skipping extension 'colcon_notification.desktop_notification.terminal_notifier': Not used on non-Darwin systems
[0.793s] INFO:colcon.colcon_core.plugin_system:Skipping extension 'colcon_notification.desktop_notification.win32': Not used on non-Windows systems
[0.793s] INFO:colcon.colcon_notification.desktop_notification:Sending desktop notification using 'notify2'
[0.794s] DEBUG:colcon.colcon_notification.desktop_notification.notify2:Failed to initialize notify2: org.freedesktop.DBus.Error.FileNotFound: Failed to connect to socket /run/user/1000/bus: No such file or directory
[0.794s] DEBUG:colcon.colcon_core.event_reactor:joined thread
[0.795s] INFO:colcon.colcon_core.shell:Creating prefix script '/home/peeranut/ros2_ws/install/local_setup.ps1'
[0.795s] INFO:colcon.colcon_core.shell:Creating prefix util module '/home/peeranut/ros2_ws/install/_local_setup_util_ps1.py'
[0.796s] INFO:colcon.colcon_core.shell:Creating prefix chain script '/home/peeranut/ros2_ws/install/setup.ps1'
[0.797s] INFO:colcon.colcon_core.shell:Creating prefix script '/home/peeranut/ros2_ws/install/local_setup.sh'
[0.797s] INFO:colcon.colcon_core.shell:Creating prefix util module '/home/peeranut/ros2_ws/install/_local_setup_util_sh.py'
[0.798s] INFO:colcon.colcon_core.shell:Creating prefix chain script '/home/peeranut/ros2_ws/install/setup.sh'
[0.798s] INFO:colcon.colcon_core.shell:Creating prefix script '/home/peeranut/ros2_ws/install/local_setup.bash'
[0.799s] INFO:colcon.colcon_core.shell:Creating prefix chain script '/home/peeranut/ros2_ws/install/setup.bash'
[0.800s] INFO:colcon.colcon_core.shell:Creating prefix script '/home/peeranut/ros2_ws/install/local_setup.zsh'
[0.800s] INFO:colcon.colcon_core.shell:Creating prefix chain script '/home/peeranut/ros2_ws/install/setup.zsh'
