[0.010s] Invoking command in '/home/peeranut/ros2_ws/build/simple_robot_ros2': CMAKE_PREFIX_PATH=/opt/ros/humble /usr/bin/cmake /home/peeranut/ros2_ws/src/simple_robot_ros2 -DCMAKE_INSTALL_PREFIX=/home/peeranut/ros2_ws/install/simple_robot_ros2
[0.227s] -- The C compiler identification is GNU 11.3.0
[1.298s] -- The CXX compiler identification is GNU 11.3.0
[2.192s] -- Detecting C compiler ABI info
[2.407s] -- Detecting C compiler ABI info - done
[2.411s] -- Check for working C compiler: /usr/bin/cc - skipped
[2.412s] -- Detecting C compile features
[2.412s] -- Detecting C compile features - done
[2.414s] -- Detecting CXX compiler ABI info
[2.638s] -- Detecting CXX compiler ABI info - done
[2.643s] -- Check for working CXX compiler: /usr/bin/c++ - skipped
[2.644s] -- Detecting CXX compile features
[2.644s] -- Detecting CXX compile features - done
[2.651s] -- Found ament_cmake: 1.3.5 (/opt/ros/humble/share/ament_cmake/cmake)
[2.769s] -- Found Python3: /usr/bin/python3.10 (found version "3.10.6") found components: Interpreter 
[2.828s] -- Found ament_lint_auto: 0.12.6 (/opt/ros/humble/share/ament_lint_auto/cmake)
[2.885s] -- Added test 'flake8' to check Python code syntax and style conventions
[2.886s] -- Added test 'lint_cmake' to check CMake code style
[2.886s] -- Added test 'pep257' to check Python code against some of the docstring style conventions in PEP 257
[2.888s] -- Added test 'xmllint' to check XML markup files
[2.888s] -- Configuring done
[2.890s] -- Generating done
[2.891s] -- Build files have been written to: /home/peeranut/ros2_ws/build/simple_robot_ros2
[2.893s] Invoked command in '/home/peeranut/ros2_ws/build/simple_robot_ros2' returned '0': CMAKE_PREFIX_PATH=/opt/ros/humble /usr/bin/cmake /home/peeranut/ros2_ws/src/simple_robot_ros2 -DCMAKE_INSTALL_PREFIX=/home/peeranut/ros2_ws/install/simple_robot_ros2
[2.895s] Invoking command in '/home/peeranut/ros2_ws/build/simple_robot_ros2': CMAKE_PREFIX_PATH=/opt/ros/humble /usr/bin/cmake --build /home/peeranut/ros2_ws/build/simple_robot_ros2 -- -j20 -l20
[2.916s] Invoked command in '/home/peeranut/ros2_ws/build/simple_robot_ros2' returned '0': CMAKE_PREFIX_PATH=/opt/ros/humble /usr/bin/cmake --build /home/peeranut/ros2_ws/build/simple_robot_ros2 -- -j20 -l20
[2.933s] Invoking command in '/home/peeranut/ros2_ws/build/simple_robot_ros2': CMAKE_PREFIX_PATH=/opt/ros/humble /usr/bin/cmake --install /home/peeranut/ros2_ws/build/simple_robot_ros2
[2.937s] -- Install configuration: ""
[2.937s] -- Installing: /home/peeranut/ros2_ws/install/simple_robot_ros2/share/simple_robot_ros2/config
[2.937s] -- Installing: /home/peeranut/ros2_ws/install/simple_robot_ros2/share/simple_robot_ros2/config/simple_diff_drive.yaml
[2.937s] -- Installing: /home/peeranut/ros2_ws/install/simple_robot_ros2/share/simple_robot_ros2/launch
[2.937s] -- Installing: /home/peeranut/ros2_ws/install/simple_robot_ros2/share/simple_robot_ros2/launch/simple_robot.launch.py
[2.937s] -- Installing: /home/peeranut/ros2_ws/install/simple_robot_ros2/share/simple_robot_ros2/worlds
[2.938s] -- Installing: /home/peeranut/ros2_ws/install/simple_robot_ros2/share/simple_robot_ros2/worlds/simple_world.world
[2.938s] -- Installing: /home/peeranut/ros2_ws/install/simple_robot_ros2/share/simple_robot_ros2/urdf
[2.938s] -- Installing: /home/peeranut/ros2_ws/install/simple_robot_ros2/share/simple_robot_ros2/urdf/simple_robot.urdf.xacro
[2.938s] -- Installing: /home/peeranut/ros2_ws/install/simple_robot_ros2/share/simple_robot_ros2/rviz
[2.938s] -- Installing: /home/peeranut/ros2_ws/install/simple_robot_ros2/share/simple_robot_ros2/rviz/simple_robot.rviz
[2.938s] -- Installing: /home/peeranut/ros2_ws/install/simple_robot_ros2/share/ament_index/resource_index/package_run_dependencies/simple_robot_ros2
[2.939s] -- Installing: /home/peeranut/ros2_ws/install/simple_robot_ros2/share/ament_index/resource_index/parent_prefix_path/simple_robot_ros2
[2.939s] -- Installing: /home/peeranut/ros2_ws/install/simple_robot_ros2/share/simple_robot_ros2/environment/ament_prefix_path.sh
[2.939s] -- Installing: /home/peeranut/ros2_ws/install/simple_robot_ros2/share/simple_robot_ros2/environment/ament_prefix_path.dsv
[2.939s] -- Installing: /home/peeranut/ros2_ws/install/simple_robot_ros2/share/simple_robot_ros2/environment/path.sh
[2.939s] -- Installing: /home/peeranut/ros2_ws/install/simple_robot_ros2/share/simple_robot_ros2/environment/path.dsv
[2.939s] -- Installing: /home/peeranut/ros2_ws/install/simple_robot_ros2/share/simple_robot_ros2/local_setup.bash
[2.939s] -- Installing: /home/peeranut/ros2_ws/install/simple_robot_ros2/share/simple_robot_ros2/local_setup.sh
[2.939s] -- Installing: /home/peeranut/ros2_ws/install/simple_robot_ros2/share/simple_robot_ros2/local_setup.zsh
[2.939s] -- Installing: /home/peeranut/ros2_ws/install/simple_robot_ros2/share/simple_robot_ros2/local_setup.dsv
[2.939s] -- Installing: /home/peeranut/ros2_ws/install/simple_robot_ros2/share/simple_robot_ros2/package.dsv
[2.940s] -- Installing: /home/peeranut/ros2_ws/install/simple_robot_ros2/share/ament_index/resource_index/packages/simple_robot_ros2
[2.940s] -- Installing: /home/peeranut/ros2_ws/install/simple_robot_ros2/share/simple_robot_ros2/cmake/simple_robot_ros2Config.cmake
[2.940s] -- Installing: /home/peeranut/ros2_ws/install/simple_robot_ros2/share/simple_robot_ros2/cmake/simple_robot_ros2Config-version.cmake
[2.940s] -- Installing: /home/peeranut/ros2_ws/install/simple_robot_ros2/share/simple_robot_ros2/package.xml
[2.941s] Invoked command in '/home/peeranut/ros2_ws/build/simple_robot_ros2' returned '0': CMAKE_PREFIX_PATH=/opt/ros/humble /usr/bin/cmake --install /home/peeranut/ros2_ws/build/simple_robot_ros2
