[0.024s] Invoking command in '/home/peeranut/ros2_ws/build/mobile_robotic_course_assessment_task_2023': CMAKE_PREFIX_PATH=${CMAKE_PREFIX_PATH}:/opt/ros/humble /usr/bin/cmake --build /home/peeranut/ros2_ws/build/mobile_robotic_course_assessment_task_2023 -- -j20 -l20
[0.036s] -- Found ament_cmake: 1.3.5 (/opt/ros/humble/share/ament_cmake/cmake)
[0.142s] -- Found rclcpp: 16.0.4 (/opt/ros/humble/share/rclcpp/cmake)
[0.517s] -- Found rosidl_generator_c: 3.1.4 (/opt/ros/humble/share/rosidl_generator_c/cmake)
[0.518s] -- Found rosidl_adapter: 3.1.4 (/opt/ros/humble/share/rosidl_adapter/cmake)
[0.521s] -- Found rosidl_generator_cpp: 3.1.4 (/opt/ros/humble/share/rosidl_generator_cpp/cmake)
[0.528s] -- Using all available rosidl_typesupport_c: rosidl_typesupport_fastrtps_c;rosidl_typesupport_introspection_c
[0.537s] -- Using all available rosidl_typesupport_cpp: rosidl_typesupport_fastrtps_cpp;rosidl_typesupport_introspection_cpp
[0.577s] -- Found rmw_implementation_cmake: 6.1.1 (/opt/ros/humble/share/rmw_implementation_cmake/cmake)
[0.578s] -- Found rmw_cyclonedds_cpp: 1.3.4 (/opt/ros/humble/share/rmw_cyclonedds_cpp/cmake)
[0.603s] -- Using RMW implementation 'rmw_cyclonedds_cpp' as default
[0.698s] -- Found rclpy: 3.3.8 (/opt/ros/humble/share/rclpy/cmake)
[0.698s] -- Found visualization_msgs: 4.2.3 (/opt/ros/humble/share/visualization_msgs/cmake)
[0.860s] -- Found ament_lint_auto: 0.12.6 (/opt/ros/humble/share/ament_lint_auto/cmake)
[0.910s] -- Added test 'flake8' to check Python code syntax and style conventions
[0.911s] -- Added test 'lint_cmake' to check CMake code style
[0.911s] -- Added test 'pep257' to check Python code against some of the docstring style conventions in PEP 257
[0.916s] -- Added test 'xmllint' to check XML markup files
[0.916s] -- Configuring done
[0.919s] -- Generating done
[0.920s] -- Build files have been written to: /home/peeranut/ros2_ws/build/mobile_robotic_course_assessment_task_2023
[0.935s] Invoked command in '/home/peeranut/ros2_ws/build/mobile_robotic_course_assessment_task_2023' returned '0': CMAKE_PREFIX_PATH=${CMAKE_PREFIX_PATH}:/opt/ros/humble /usr/bin/cmake --build /home/peeranut/ros2_ws/build/mobile_robotic_course_assessment_task_2023 -- -j20 -l20
[0.947s] Invoking command in '/home/peeranut/ros2_ws/build/mobile_robotic_course_assessment_task_2023': CMAKE_PREFIX_PATH=${CMAKE_PREFIX_PATH}:/opt/ros/humble /usr/bin/cmake --install /home/peeranut/ros2_ws/build/mobile_robotic_course_assessment_task_2023
[0.950s] -- Install configuration: ""
[0.951s] -- Installing: /home/peeranut/ros2_ws/install/mobile_robotic_course_assessment_task_2023/lib/mobile_robotic_course_assessment_task_2023/find_yellow_and_put_marker.py
[0.951s] -- Up-to-date: /home/peeranut/ros2_ws/install/mobile_robotic_course_assessment_task_2023/share/mobile_robotic_course_assessment_task_2023/config
[0.951s] -- Up-to-date: /home/peeranut/ros2_ws/install/mobile_robotic_course_assessment_task_2023/share/mobile_robotic_course_assessment_task_2023/config/twist_mux.yaml
[0.951s] -- Up-to-date: /home/peeranut/ros2_ws/install/mobile_robotic_course_assessment_task_2023/share/mobile_robotic_course_assessment_task_2023/config/amcl.yaml
[0.951s] -- Up-to-date: /home/peeranut/ros2_ws/install/mobile_robotic_course_assessment_task_2023/share/mobile_robotic_course_assessment_task_2023/config/simple_diff_drive_v2.yaml
[0.952s] -- Up-to-date: /home/peeranut/ros2_ws/install/mobile_robotic_course_assessment_task_2023/share/mobile_robotic_course_assessment_task_2023/config/simple_diff_drive.yaml
[0.952s] -- Up-to-date: /home/peeranut/ros2_ws/install/mobile_robotic_course_assessment_task_2023/share/mobile_robotic_course_assessment_task_2023/launch
[0.952s] -- Up-to-date: /home/peeranut/ros2_ws/install/mobile_robotic_course_assessment_task_2023/share/mobile_robotic_course_assessment_task_2023/launch/simple_robot_nav2_bringup.launch.py
[0.952s] -- Up-to-date: /home/peeranut/ros2_ws/install/mobile_robotic_course_assessment_task_2023/share/mobile_robotic_course_assessment_task_2023/launch/mobile_robotic_course_assessment_task_2023.launch.py
[0.952s] -- Up-to-date: /home/peeranut/ros2_ws/install/mobile_robotic_course_assessment_task_2023/share/mobile_robotic_course_assessment_task_2023/launch/simple_robot_nav2.launch.py
[0.952s] -- Up-to-date: /home/peeranut/ros2_ws/install/mobile_robotic_course_assessment_task_2023/share/mobile_robotic_course_assessment_task_2023/worlds
[0.952s] -- Up-to-date: /home/peeranut/ros2_ws/install/mobile_robotic_course_assessment_task_2023/share/mobile_robotic_course_assessment_task_2023/worlds/smaze_wall_short
[0.952s] -- Up-to-date: /home/peeranut/ros2_ws/install/mobile_robotic_course_assessment_task_2023/share/mobile_robotic_course_assessment_task_2023/worlds/smaze_wall_short/model.config_com.dropbox.attrs
[0.952s] -- Up-to-date: /home/peeranut/ros2_ws/install/mobile_robotic_course_assessment_task_2023/share/mobile_robotic_course_assessment_task_2023/worlds/smaze_wall_short/model.sdf_Zone.Identifier
[0.952s] -- Up-to-date: /home/peeranut/ros2_ws/install/mobile_robotic_course_assessment_task_2023/share/mobile_robotic_course_assessment_task_2023/worlds/smaze_wall_short/model.config_com.dropbox.attrs:Zone.Identifier
[0.952s] -- Up-to-date: /home/peeranut/ros2_ws/install/mobile_robotic_course_assessment_task_2023/share/mobile_robotic_course_assessment_task_2023/worlds/smaze_wall_short/model.config
[0.953s] -- Up-to-date: /home/peeranut/ros2_ws/install/mobile_robotic_course_assessment_task_2023/share/mobile_robotic_course_assessment_task_2023/worlds/smaze_wall_short/model.sdf_com.dropbox.attrs:Zone.Identifier
[0.953s] -- Up-to-date: /home/peeranut/ros2_ws/install/mobile_robotic_course_assessment_task_2023/share/mobile_robotic_course_assessment_task_2023/worlds/smaze_wall_short/model.sdf_Zone.Identifier:Zone.Identifier
[0.953s] -- Up-to-date: /home/peeranut/ros2_ws/install/mobile_robotic_course_assessment_task_2023/share/mobile_robotic_course_assessment_task_2023/worlds/smaze_wall_short/model.sdf
[0.953s] -- Up-to-date: /home/peeranut/ros2_ws/install/mobile_robotic_course_assessment_task_2023/share/mobile_robotic_course_assessment_task_2023/worlds/smaze_wall_short/model.config_Zone.Identifier
[0.953s] -- Up-to-date: /home/peeranut/ros2_ws/install/mobile_robotic_course_assessment_task_2023/share/mobile_robotic_course_assessment_task_2023/worlds/smaze_wall_short/materials
[0.954s] -- Up-to-date: /home/peeranut/ros2_ws/install/mobile_robotic_course_assessment_task_2023/share/mobile_robotic_course_assessment_task_2023/worlds/smaze_wall_short/materials/textures
[0.954s] -- Up-to-date: /home/peeranut/ros2_ws/install/mobile_robotic_course_assessment_task_2023/share/mobile_robotic_course_assessment_task_2023/worlds/smaze_wall_short/materials/textures/bush.jpg
[0.954s] -- Up-to-date: /home/peeranut/ros2_ws/install/mobile_robotic_course_assessment_task_2023/share/mobile_robotic_course_assessment_task_2023/worlds/smaze_wall_short/materials/textures/bush.jpg_Zone.Identifier
[0.954s] -- Up-to-date: /home/peeranut/ros2_ws/install/mobile_robotic_course_assessment_task_2023/share/mobile_robotic_course_assessment_task_2023/worlds/smaze_wall_short/materials/textures/bush.jpg_com.dropbox.attrs:Zone.Identifier
[0.954s] -- Up-to-date: /home/peeranut/ros2_ws/install/mobile_robotic_course_assessment_task_2023/share/mobile_robotic_course_assessment_task_2023/worlds/smaze_wall_short/materials/textures/bush.jpg_Zone.Identifier:Zone.Identifier
[0.954s] -- Up-to-date: /home/peeranut/ros2_ws/install/mobile_robotic_course_assessment_task_2023/share/mobile_robotic_course_assessment_task_2023/worlds/smaze_wall_short/materials/textures/bush.jpg:Zone.Identifier
[0.954s] -- Up-to-date: /home/peeranut/ros2_ws/install/mobile_robotic_course_assessment_task_2023/share/mobile_robotic_course_assessment_task_2023/worlds/smaze_wall_short/materials/textures/bush.jpg_com.dropbox.attrs
[0.954s] -- Up-to-date: /home/peeranut/ros2_ws/install/mobile_robotic_course_assessment_task_2023/share/mobile_robotic_course_assessment_task_2023/worlds/smaze_wall_short/materials/scripts
[0.954s] -- Up-to-date: /home/peeranut/ros2_ws/install/mobile_robotic_course_assessment_task_2023/share/mobile_robotic_course_assessment_task_2023/worlds/smaze_wall_short/materials/scripts/smaze_wall_short.material_com.dropbox.attrs:Zone.Identifier
[0.955s] -- Up-to-date: /home/peeranut/ros2_ws/install/mobile_robotic_course_assessment_task_2023/share/mobile_robotic_course_assessment_task_2023/worlds/smaze_wall_short/materials/scripts/smaze_wall_short.material
[0.955s] -- Up-to-date: /home/peeranut/ros2_ws/install/mobile_robotic_course_assessment_task_2023/share/mobile_robotic_course_assessment_task_2023/worlds/smaze_wall_short/materials/scripts/smaze_wall_short.material_Zone.Identifier
[0.955s] -- Up-to-date: /home/peeranut/ros2_ws/install/mobile_robotic_course_assessment_task_2023/share/mobile_robotic_course_assessment_task_2023/worlds/smaze_wall_short/materials/scripts/smaze_wall_short.material_com.dropbox.attrs
[0.955s] -- Up-to-date: /home/peeranut/ros2_ws/install/mobile_robotic_course_assessment_task_2023/share/mobile_robotic_course_assessment_task_2023/worlds/smaze_wall_short/materials/scripts/smaze_wall_short.material:Zone.Identifier
[0.955s] -- Up-to-date: /home/peeranut/ros2_ws/install/mobile_robotic_course_assessment_task_2023/share/mobile_robotic_course_assessment_task_2023/worlds/smaze_wall_short/materials/scripts/smaze_wall_short.material_Zone.Identifier:Zone.Identifier
[0.955s] -- Up-to-date: /home/peeranut/ros2_ws/install/mobile_robotic_course_assessment_task_2023/share/mobile_robotic_course_assessment_task_2023/worlds/smaze_wall_short/model.config:Zone.Identifier
[0.955s] -- Up-to-date: /home/peeranut/ros2_ws/install/mobile_robotic_course_assessment_task_2023/share/mobile_robotic_course_assessment_task_2023/worlds/smaze_wall_short/model.config_Zone.Identifier:Zone.Identifier
[0.955s] -- Up-to-date: /home/peeranut/ros2_ws/install/mobile_robotic_course_assessment_task_2023/share/mobile_robotic_course_assessment_task_2023/worlds/smaze_wall_short/model.sdf:Zone.Identifier
[0.955s] -- Up-to-date: /home/peeranut/ros2_ws/install/mobile_robotic_course_assessment_task_2023/share/mobile_robotic_course_assessment_task_2023/worlds/smaze_wall_short/model.sdf_com.dropbox.attrs
[0.955s] -- Up-to-date: /home/peeranut/ros2_ws/install/mobile_robotic_course_assessment_task_2023/share/mobile_robotic_course_assessment_task_2023/worlds/pavers_plane
[0.956s] -- Up-to-date: /home/peeranut/ros2_ws/install/mobile_robotic_course_assessment_task_2023/share/mobile_robotic_course_assessment_task_2023/worlds/pavers_plane/model.config_com.dropbox.attrs
[0.956s] -- Up-to-date: /home/peeranut/ros2_ws/install/mobile_robotic_course_assessment_task_2023/share/mobile_robotic_course_assessment_task_2023/worlds/pavers_plane/model.sdf_Zone.Identifier
[0.956s] -- Up-to-date: /home/peeranut/ros2_ws/install/mobile_robotic_course_assessment_task_2023/share/mobile_robotic_course_assessment_task_2023/worlds/pavers_plane/model.config_com.dropbox.attrs:Zone.Identifier
[0.956s] -- Up-to-date: /home/peeranut/ros2_ws/install/mobile_robotic_course_assessment_task_2023/share/mobile_robotic_course_assessment_task_2023/worlds/pavers_plane/model.config
[0.956s] -- Up-to-date: /home/peeranut/ros2_ws/install/mobile_robotic_course_assessment_task_2023/share/mobile_robotic_course_assessment_task_2023/worlds/pavers_plane/model.sdf_com.dropbox.attrs:Zone.Identifier
[0.956s] -- Up-to-date: /home/peeranut/ros2_ws/install/mobile_robotic_course_assessment_task_2023/share/mobile_robotic_course_assessment_task_2023/worlds/pavers_plane/model.sdf_Zone.Identifier:Zone.Identifier
[0.956s] -- Up-to-date: /home/peeranut/ros2_ws/install/mobile_robotic_course_assessment_task_2023/share/mobile_robotic_course_assessment_task_2023/worlds/pavers_plane/model.sdf
[0.956s] -- Up-to-date: /home/peeranut/ros2_ws/install/mobile_robotic_course_assessment_task_2023/share/mobile_robotic_course_assessment_task_2023/worlds/pavers_plane/model.config_Zone.Identifier
[0.956s] -- Up-to-date: /home/peeranut/ros2_ws/install/mobile_robotic_course_assessment_task_2023/share/mobile_robotic_course_assessment_task_2023/worlds/pavers_plane/materials
[0.956s] -- Up-to-date: /home/peeranut/ros2_ws/install/mobile_robotic_course_assessment_task_2023/share/mobile_robotic_course_assessment_task_2023/worlds/pavers_plane/materials/textures
[0.956s] -- Up-to-date: /home/peeranut/ros2_ws/install/mobile_robotic_course_assessment_task_2023/share/mobile_robotic_course_assessment_task_2023/worlds/pavers_plane/materials/textures/grass_dry.png_com.dropbox.attrs
[0.956s] -- Up-to-date: /home/peeranut/ros2_ws/install/mobile_robotic_course_assessment_task_2023/share/mobile_robotic_course_assessment_task_2023/worlds/pavers_plane/materials/textures/grass_Zone.Identifier:Zone.Identifier
[0.956s] -- Up-to-date: /home/peeranut/ros2_ws/install/mobile_robotic_course_assessment_task_2023/share/mobile_robotic_course_assessment_task_2023/worlds/pavers_plane/materials/textures/grass_dry.png_Zone.Identifier
[0.956s] -- Up-to-date: /home/peeranut/ros2_ws/install/mobile_robotic_course_assessment_task_2023/share/mobile_robotic_course_assessment_task_2023/worlds/pavers_plane/materials/textures/grass_dry3.jpg_Zone.Identifier
[0.956s] -- Up-to-date: /home/peeranut/ros2_ws/install/mobile_robotic_course_assessment_task_2023/share/mobile_robotic_course_assessment_task_2023/worlds/pavers_plane/materials/textures/grass_dry3.jpg_Zone.Identifier:Zone.Identifier
[0.956s] -- Up-to-date: /home/peeranut/ros2_ws/install/mobile_robotic_course_assessment_task_2023/share/mobile_robotic_course_assessment_task_2023/worlds/pavers_plane/materials/textures/grass
[0.956s] -- Up-to-date: /home/peeranut/ros2_ws/install/mobile_robotic_course_assessment_task_2023/share/mobile_robotic_course_assessment_task_2023/worlds/pavers_plane/materials/textures/grass_dry3.jpg_com.dropbox.attrs:Zone.Identifier
[0.956s] -- Up-to-date: /home/peeranut/ros2_ws/install/mobile_robotic_course_assessment_task_2023/share/mobile_robotic_course_assessment_task_2023/worlds/pavers_plane/materials/textures/grass_com.dropbox.attrs
[0.956s] -- Up-to-date: /home/peeranut/ros2_ws/install/mobile_robotic_course_assessment_task_2023/share/mobile_robotic_course_assessment_task_2023/worlds/pavers_plane/materials/textures/grass_dry2.jpg_Zone.Identifier:Zone.Identifier
[0.957s] -- Up-to-date: /home/peeranut/ros2_ws/install/mobile_robotic_course_assessment_task_2023/share/mobile_robotic_course_assessment_task_2023/worlds/pavers_plane/materials/textures/grass_dry.png:Zone.Identifier
[0.957s] -- Up-to-date: /home/peeranut/ros2_ws/install/mobile_robotic_course_assessment_task_2023/share/mobile_robotic_course_assessment_task_2023/worlds/pavers_plane/materials/textures/grass_dry2.jpg_com.dropbox.attrs
[0.957s] -- Up-to-date: /home/peeranut/ros2_ws/install/mobile_robotic_course_assessment_task_2023/share/mobile_robotic_course_assessment_task_2023/worlds/pavers_plane/materials/textures/grass_dry.png
[0.957s] -- Up-to-date: /home/peeranut/ros2_ws/install/mobile_robotic_course_assessment_task_2023/share/mobile_robotic_course_assessment_task_2023/worlds/pavers_plane/materials/textures/grass_dry3.jpg:Zone.Identifier
[0.957s] -- Up-to-date: /home/peeranut/ros2_ws/install/mobile_robotic_course_assessment_task_2023/share/mobile_robotic_course_assessment_task_2023/worlds/pavers_plane/materials/textures/grass_dry.png_Zone.Identifier:Zone.Identifier
[0.957s] -- Up-to-date: /home/peeranut/ros2_ws/install/mobile_robotic_course_assessment_task_2023/share/mobile_robotic_course_assessment_task_2023/worlds/pavers_plane/materials/textures/grass_dry2.jpg_Zone.Identifier
[0.958s] -- Up-to-date: /home/peeranut/ros2_ws/install/mobile_robotic_course_assessment_task_2023/share/mobile_robotic_course_assessment_task_2023/worlds/pavers_plane/materials/textures/grass_dry3.jpg
[0.958s] -- Up-to-date: /home/peeranut/ros2_ws/install/mobile_robotic_course_assessment_task_2023/share/mobile_robotic_course_assessment_task_2023/worlds/pavers_plane/materials/textures/grass_dry2.jpg:Zone.Identifier
[0.958s] -- Up-to-date: /home/peeranut/ros2_ws/install/mobile_robotic_course_assessment_task_2023/share/mobile_robotic_course_assessment_task_2023/worlds/pavers_plane/materials/textures/grass_dry2.jpg
[0.958s] -- Up-to-date: /home/peeranut/ros2_ws/install/mobile_robotic_course_assessment_task_2023/share/mobile_robotic_course_assessment_task_2023/worlds/pavers_plane/materials/textures/grass_dry2.jpg_com.dropbox.attrs:Zone.Identifier
[0.958s] -- Up-to-date: /home/peeranut/ros2_ws/install/mobile_robotic_course_assessment_task_2023/share/mobile_robotic_course_assessment_task_2023/worlds/pavers_plane/materials/textures/grass_dry3.jpg_com.dropbox.attrs
[0.958s] -- Up-to-date: /home/peeranut/ros2_ws/install/mobile_robotic_course_assessment_task_2023/share/mobile_robotic_course_assessment_task_2023/worlds/pavers_plane/materials/textures/grass_Zone.Identifier
[0.958s] -- Up-to-date: /home/peeranut/ros2_ws/install/mobile_robotic_course_assessment_task_2023/share/mobile_robotic_course_assessment_task_2023/worlds/pavers_plane/materials/textures/grass:Zone.Identifier
[0.958s] -- Up-to-date: /home/peeranut/ros2_ws/install/mobile_robotic_course_assessment_task_2023/share/mobile_robotic_course_assessment_task_2023/worlds/pavers_plane/materials/textures/grass_dry.png_com.dropbox.attrs:Zone.Identifier
[0.958s] -- Up-to-date: /home/peeranut/ros2_ws/install/mobile_robotic_course_assessment_task_2023/share/mobile_robotic_course_assessment_task_2023/worlds/pavers_plane/materials/textures/grass_com.dropbox.attrs:Zone.Identifier
[0.958s] -- Up-to-date: /home/peeranut/ros2_ws/install/mobile_robotic_course_assessment_task_2023/share/mobile_robotic_course_assessment_task_2023/worlds/pavers_plane/materials/scripts
[0.958s] -- Up-to-date: /home/peeranut/ros2_ws/install/mobile_robotic_course_assessment_task_2023/share/mobile_robotic_course_assessment_task_2023/worlds/pavers_plane/materials/scripts/grass_plane.material_com.dropbox.attrs:Zone.Identifier
[0.958s] -- Up-to-date: /home/peeranut/ros2_ws/install/mobile_robotic_course_assessment_task_2023/share/mobile_robotic_course_assessment_task_2023/worlds/pavers_plane/materials/scripts/grass_plane.material:Zone.Identifier
[0.959s] -- Up-to-date: /home/peeranut/ros2_ws/install/mobile_robotic_course_assessment_task_2023/share/mobile_robotic_course_assessment_task_2023/worlds/pavers_plane/materials/scripts/grass_plane.material_com.dropbox.attrs
[0.959s] -- Up-to-date: /home/peeranut/ros2_ws/install/mobile_robotic_course_assessment_task_2023/share/mobile_robotic_course_assessment_task_2023/worlds/pavers_plane/materials/scripts/grass_plane.material_Zone.Identifier
[0.959s] -- Up-to-date: /home/peeranut/ros2_ws/install/mobile_robotic_course_assessment_task_2023/share/mobile_robotic_course_assessment_task_2023/worlds/pavers_plane/materials/scripts/grass_plane.material_Zone.Identifier:Zone.Identifier
[0.959s] -- Up-to-date: /home/peeranut/ros2_ws/install/mobile_robotic_course_assessment_task_2023/share/mobile_robotic_course_assessment_task_2023/worlds/pavers_plane/materials/scripts/grass_plane.material
[0.959s] -- Up-to-date: /home/peeranut/ros2_ws/install/mobile_robotic_course_assessment_task_2023/share/mobile_robotic_course_assessment_task_2023/worlds/pavers_plane/model.config:Zone.Identifier
[0.959s] -- Up-to-date: /home/peeranut/ros2_ws/install/mobile_robotic_course_assessment_task_2023/share/mobile_robotic_course_assessment_task_2023/worlds/pavers_plane/model.config_Zone.Identifier:Zone.Identifier
[0.960s] -- Up-to-date: /home/peeranut/ros2_ws/install/mobile_robotic_course_assessment_task_2023/share/mobile_robotic_course_assessment_task_2023/worlds/pavers_plane/model.sdf:Zone.Identifier
[0.960s] -- Up-to-date: /home/peeranut/ros2_ws/install/mobile_robotic_course_assessment_task_2023/share/mobile_robotic_course_assessment_task_2023/worlds/pavers_plane/model.sdf_com.dropbox.attrs
[0.960s] -- Up-to-date: /home/peeranut/ros2_ws/install/mobile_robotic_course_assessment_task_2023/share/mobile_robotic_course_assessment_task_2023/worlds/sun_2
[0.960s] -- Up-to-date: /home/peeranut/ros2_ws/install/mobile_robotic_course_assessment_task_2023/share/mobile_robotic_course_assessment_task_2023/worlds/sun_2/model.config_com.dropbox.attrs
[0.960s] -- Up-to-date: /home/peeranut/ros2_ws/install/mobile_robotic_course_assessment_task_2023/share/mobile_robotic_course_assessment_task_2023/worlds/sun_2/model.sdf_Zone.Identifier
[0.960s] -- Up-to-date: /home/peeranut/ros2_ws/install/mobile_robotic_course_assessment_task_2023/share/mobile_robotic_course_assessment_task_2023/worlds/sun_2/model.config_com.dropbox.attrs:Zone.Identifier
[0.960s] -- Up-to-date: /home/peeranut/ros2_ws/install/mobile_robotic_course_assessment_task_2023/share/mobile_robotic_course_assessment_task_2023/worlds/sun_2/model.config
[0.960s] -- Up-to-date: /home/peeranut/ros2_ws/install/mobile_robotic_course_assessment_task_2023/share/mobile_robotic_course_assessment_task_2023/worlds/sun_2/model.sdf_com.dropbox.attrs:Zone.Identifier
[0.960s] -- Up-to-date: /home/peeranut/ros2_ws/install/mobile_robotic_course_assessment_task_2023/share/mobile_robotic_course_assessment_task_2023/worlds/sun_2/model.sdf_Zone.Identifier:Zone.Identifier
[0.960s] -- Up-to-date: /home/peeranut/ros2_ws/install/mobile_robotic_course_assessment_task_2023/share/mobile_robotic_course_assessment_task_2023/worlds/sun_2/model.sdf
[0.960s] -- Up-to-date: /home/peeranut/ros2_ws/install/mobile_robotic_course_assessment_task_2023/share/mobile_robotic_course_assessment_task_2023/worlds/sun_2/model.config_Zone.Identifier
[0.960s] -- Up-to-date: /home/peeranut/ros2_ws/install/mobile_robotic_course_assessment_task_2023/share/mobile_robotic_course_assessment_task_2023/worlds/sun_2/model.config:Zone.Identifier
[0.961s] -- Up-to-date: /home/peeranut/ros2_ws/install/mobile_robotic_course_assessment_task_2023/share/mobile_robotic_course_assessment_task_2023/worlds/sun_2/model.config_Zone.Identifier:Zone.Identifier
[0.961s] -- Up-to-date: /home/peeranut/ros2_ws/install/mobile_robotic_course_assessment_task_2023/share/mobile_robotic_course_assessment_task_2023/worlds/sun_2/model.sdf:Zone.Identifier
[0.961s] -- Up-to-date: /home/peeranut/ros2_ws/install/mobile_robotic_course_assessment_task_2023/share/mobile_robotic_course_assessment_task_2023/worlds/sun_2/model.sdf_com.dropbox.attrs
[0.961s] -- Up-to-date: /home/peeranut/ros2_ws/install/mobile_robotic_course_assessment_task_2023/share/mobile_robotic_course_assessment_task_2023/worlds/simple_world.world
[0.961s] -- Up-to-date: /home/peeranut/ros2_ws/install/mobile_robotic_course_assessment_task_2023/share/mobile_robotic_course_assessment_task_2023/worlds/smaze2d.world
[0.961s] -- Up-to-date: /home/peeranut/ros2_ws/install/mobile_robotic_course_assessment_task_2023/share/mobile_robotic_course_assessment_task_2023/worlds/sroof
[0.961s] -- Up-to-date: /home/peeranut/ros2_ws/install/mobile_robotic_course_assessment_task_2023/share/mobile_robotic_course_assessment_task_2023/worlds/sroof/model.config_com.dropbox.attrs
[0.961s] -- Up-to-date: /home/peeranut/ros2_ws/install/mobile_robotic_course_assessment_task_2023/share/mobile_robotic_course_assessment_task_2023/worlds/sroof/model.sdf_Zone.Identifier
[0.961s] -- Up-to-date: /home/peeranut/ros2_ws/install/mobile_robotic_course_assessment_task_2023/share/mobile_robotic_course_assessment_task_2023/worlds/sroof/model.config_com.dropbox.attrs:Zone.Identifier
[0.961s] -- Up-to-date: /home/peeranut/ros2_ws/install/mobile_robotic_course_assessment_task_2023/share/mobile_robotic_course_assessment_task_2023/worlds/sroof/model.config
[0.961s] -- Up-to-date: /home/peeranut/ros2_ws/install/mobile_robotic_course_assessment_task_2023/share/mobile_robotic_course_assessment_task_2023/worlds/sroof/model.sdf_com.dropbox.attrs:Zone.Identifier
[0.961s] -- Up-to-date: /home/peeranut/ros2_ws/install/mobile_robotic_course_assessment_task_2023/share/mobile_robotic_course_assessment_task_2023/worlds/sroof/model.sdf_Zone.Identifier:Zone.Identifier
[0.961s] -- Up-to-date: /home/peeranut/ros2_ws/install/mobile_robotic_course_assessment_task_2023/share/mobile_robotic_course_assessment_task_2023/worlds/sroof/model.sdf
[0.962s] -- Up-to-date: /home/peeranut/ros2_ws/install/mobile_robotic_course_assessment_task_2023/share/mobile_robotic_course_assessment_task_2023/worlds/sroof/model.config_Zone.Identifier
[0.963s] -- Up-to-date: /home/peeranut/ros2_ws/install/mobile_robotic_course_assessment_task_2023/share/mobile_robotic_course_assessment_task_2023/worlds/sroof/materials
[0.963s] -- Up-to-date: /home/peeranut/ros2_ws/install/mobile_robotic_course_assessment_task_2023/share/mobile_robotic_course_assessment_task_2023/worlds/sroof/materials/textures
[0.963s] -- Up-to-date: /home/peeranut/ros2_ws/install/mobile_robotic_course_assessment_task_2023/share/mobile_robotic_course_assessment_task_2023/worlds/sroof/materials/textures/grass_dry.png_com.dropbox.attrs
[0.963s] -- Up-to-date: /home/peeranut/ros2_ws/install/mobile_robotic_course_assessment_task_2023/share/mobile_robotic_course_assessment_task_2023/worlds/sroof/materials/textures/grass_Zone.Identifier:Zone.Identifier
[0.963s] -- Up-to-date: /home/peeranut/ros2_ws/install/mobile_robotic_course_assessment_task_2023/share/mobile_robotic_course_assessment_task_2023/worlds/sroof/materials/textures/grass_dry.png_Zone.Identifier
[0.963s] -- Up-to-date: /home/peeranut/ros2_ws/install/mobile_robotic_course_assessment_task_2023/share/mobile_robotic_course_assessment_task_2023/worlds/sroof/materials/textures/grass_dry3.jpg_Zone.Identifier
[0.963s] -- Up-to-date: /home/peeranut/ros2_ws/install/mobile_robotic_course_assessment_task_2023/share/mobile_robotic_course_assessment_task_2023/worlds/sroof/materials/textures/grass_dry3.jpg_Zone.Identifier:Zone.Identifier
[0.964s] -- Up-to-date: /home/peeranut/ros2_ws/install/mobile_robotic_course_assessment_task_2023/share/mobile_robotic_course_assessment_task_2023/worlds/sroof/materials/textures/grass
[0.964s] -- Up-to-date: /home/peeranut/ros2_ws/install/mobile_robotic_course_assessment_task_2023/share/mobile_robotic_course_assessment_task_2023/worlds/sroof/materials/textures/grass_dry3.jpg_com.dropbox.attrs:Zone.Identifier
[0.964s] -- Up-to-date: /home/peeranut/ros2_ws/install/mobile_robotic_course_assessment_task_2023/share/mobile_robotic_course_assessment_task_2023/worlds/sroof/materials/textures/grass_com.dropbox.attrs
[0.964s] -- Up-to-date: /home/peeranut/ros2_ws/install/mobile_robotic_course_assessment_task_2023/share/mobile_robotic_course_assessment_task_2023/worlds/sroof/materials/textures/grass_dry2.jpg_Zone.Identifier:Zone.Identifier
[0.964s] -- Up-to-date: /home/peeranut/ros2_ws/install/mobile_robotic_course_assessment_task_2023/share/mobile_robotic_course_assessment_task_2023/worlds/sroof/materials/textures/grass_dry.png:Zone.Identifier
[0.964s] -- Up-to-date: /home/peeranut/ros2_ws/install/mobile_robotic_course_assessment_task_2023/share/mobile_robotic_course_assessment_task_2023/worlds/sroof/materials/textures/grass_dry2.jpg_com.dropbox.attrs
[0.964s] -- Up-to-date: /home/peeranut/ros2_ws/install/mobile_robotic_course_assessment_task_2023/share/mobile_robotic_course_assessment_task_2023/worlds/sroof/materials/textures/grass_dry.png
[0.964s] -- Up-to-date: /home/peeranut/ros2_ws/install/mobile_robotic_course_assessment_task_2023/share/mobile_robotic_course_assessment_task_2023/worlds/sroof/materials/textures/grass_dry3.jpg:Zone.Identifier
[0.964s] -- Up-to-date: /home/peeranut/ros2_ws/install/mobile_robotic_course_assessment_task_2023/share/mobile_robotic_course_assessment_task_2023/worlds/sroof/materials/textures/grass_dry.png_Zone.Identifier:Zone.Identifier
[0.964s] -- Up-to-date: /home/peeranut/ros2_ws/install/mobile_robotic_course_assessment_task_2023/share/mobile_robotic_course_assessment_task_2023/worlds/sroof/materials/textures/grass_dry2.jpg_Zone.Identifier
[0.964s] -- Up-to-date: /home/peeranut/ros2_ws/install/mobile_robotic_course_assessment_task_2023/share/mobile_robotic_course_assessment_task_2023/worlds/sroof/materials/textures/grass_dry3.jpg
[0.965s] -- Up-to-date: /home/peeranut/ros2_ws/install/mobile_robotic_course_assessment_task_2023/share/mobile_robotic_course_assessment_task_2023/worlds/sroof/materials/textures/grass_dry2.jpg:Zone.Identifier
[0.965s] -- Up-to-date: /home/peeranut/ros2_ws/install/mobile_robotic_course_assessment_task_2023/share/mobile_robotic_course_assessment_task_2023/worlds/sroof/materials/textures/grass_dry2.jpg
[0.965s] -- Up-to-date: /home/peeranut/ros2_ws/install/mobile_robotic_course_assessment_task_2023/share/mobile_robotic_course_assessment_task_2023/worlds/sroof/materials/textures/grass_dry2.jpg_com.dropbox.attrs:Zone.Identifier
[0.965s] -- Up-to-date: /home/peeranut/ros2_ws/install/mobile_robotic_course_assessment_task_2023/share/mobile_robotic_course_assessment_task_2023/worlds/sroof/materials/textures/grass_dry3.jpg_com.dropbox.attrs
[0.965s] -- Up-to-date: /home/peeranut/ros2_ws/install/mobile_robotic_course_assessment_task_2023/share/mobile_robotic_course_assessment_task_2023/worlds/sroof/materials/textures/grass_Zone.Identifier
[0.965s] -- Up-to-date: /home/peeranut/ros2_ws/install/mobile_robotic_course_assessment_task_2023/share/mobile_robotic_course_assessment_task_2023/worlds/sroof/materials/textures/grass:Zone.Identifier
[0.965s] -- Up-to-date: /home/peeranut/ros2_ws/install/mobile_robotic_course_assessment_task_2023/share/mobile_robotic_course_assessment_task_2023/worlds/sroof/materials/textures/grass_dry.png_com.dropbox.attrs:Zone.Identifier
[0.965s] -- Up-to-date: /home/peeranut/ros2_ws/install/mobile_robotic_course_assessment_task_2023/share/mobile_robotic_course_assessment_task_2023/worlds/sroof/materials/textures/grass_com.dropbox.attrs:Zone.Identifier
[0.965s] -- Up-to-date: /home/peeranut/ros2_ws/install/mobile_robotic_course_assessment_task_2023/share/mobile_robotic_course_assessment_task_2023/worlds/sroof/materials/scripts
[0.965s] -- Up-to-date: /home/peeranut/ros2_ws/install/mobile_robotic_course_assessment_task_2023/share/mobile_robotic_course_assessment_task_2023/worlds/sroof/materials/scripts/sroof.material_Zone.Identifier:Zone.Identifier
[0.965s] -- Up-to-date: /home/peeranut/ros2_ws/install/mobile_robotic_course_assessment_task_2023/share/mobile_robotic_course_assessment_task_2023/worlds/sroof/materials/scripts/sroof.material_Zone.Identifier
[0.965s] -- Up-to-date: /home/peeranut/ros2_ws/install/mobile_robotic_course_assessment_task_2023/share/mobile_robotic_course_assessment_task_2023/worlds/sroof/materials/scripts/sroof.material_com.dropbox.attrs:Zone.Identifier
[0.966s] -- Up-to-date: /home/peeranut/ros2_ws/install/mobile_robotic_course_assessment_task_2023/share/mobile_robotic_course_assessment_task_2023/worlds/sroof/materials/scripts/sroof.material:Zone.Identifier
[0.966s] -- Up-to-date: /home/peeranut/ros2_ws/install/mobile_robotic_course_assessment_task_2023/share/mobile_robotic_course_assessment_task_2023/worlds/sroof/materials/scripts/sroof.material
[0.966s] -- Up-to-date: /home/peeranut/ros2_ws/install/mobile_robotic_course_assessment_task_2023/share/mobile_robotic_course_assessment_task_2023/worlds/sroof/materials/scripts/sroof.material_com.dropbox.attrs
[0.966s] -- Up-to-date: /home/peeranut/ros2_ws/install/mobile_robotic_course_assessment_task_2023/share/mobile_robotic_course_assessment_task_2023/worlds/sroof/model.config:Zone.Identifier
[0.966s] -- Up-to-date: /home/peeranut/ros2_ws/install/mobile_robotic_course_assessment_task_2023/share/mobile_robotic_course_assessment_task_2023/worlds/sroof/model.config_Zone.Identifier:Zone.Identifier
[0.966s] -- Up-to-date: /home/peeranut/ros2_ws/install/mobile_robotic_course_assessment_task_2023/share/mobile_robotic_course_assessment_task_2023/worlds/sroof/model.sdf:Zone.Identifier
[0.966s] -- Up-to-date: /home/peeranut/ros2_ws/install/mobile_robotic_course_assessment_task_2023/share/mobile_robotic_course_assessment_task_2023/worlds/sroof/model.sdf_com.dropbox.attrs
[0.966s] -- Up-to-date: /home/peeranut/ros2_ws/install/mobile_robotic_course_assessment_task_2023/share/mobile_robotic_course_assessment_task_2023/worlds/smaze2d.world:Zone.Identifier
[0.966s] -- Up-to-date: /home/peeranut/ros2_ws/install/mobile_robotic_course_assessment_task_2023/share/mobile_robotic_course_assessment_task_2023/worlds/smaze2d.world_com.dropbox.attrs
[0.966s] -- Up-to-date: /home/peeranut/ros2_ws/install/mobile_robotic_course_assessment_task_2023/share/mobile_robotic_course_assessment_task_2023/worlds/smaze2d.world_Zone.Identifier
[0.966s] -- Up-to-date: /home/peeranut/ros2_ws/install/mobile_robotic_course_assessment_task_2023/share/mobile_robotic_course_assessment_task_2023/worlds/smaze2d
[0.966s] -- Up-to-date: /home/peeranut/ros2_ws/install/mobile_robotic_course_assessment_task_2023/share/mobile_robotic_course_assessment_task_2023/worlds/smaze2d/model.config_com.dropbox.attrs
[0.966s] -- Up-to-date: /home/peeranut/ros2_ws/install/mobile_robotic_course_assessment_task_2023/share/mobile_robotic_course_assessment_task_2023/worlds/smaze2d/model.sdf_Zone.Identifier
[0.967s] -- Up-to-date: /home/peeranut/ros2_ws/install/mobile_robotic_course_assessment_task_2023/share/mobile_robotic_course_assessment_task_2023/worlds/smaze2d/model.config_com.dropbox.attrs:Zone.Identifier
[0.967s] -- Up-to-date: /home/peeranut/ros2_ws/install/mobile_robotic_course_assessment_task_2023/share/mobile_robotic_course_assessment_task_2023/worlds/smaze2d/model.config
[0.967s] -- Up-to-date: /home/peeranut/ros2_ws/install/mobile_robotic_course_assessment_task_2023/share/mobile_robotic_course_assessment_task_2023/worlds/smaze2d/model.sdf_com.dropbox.attrs:Zone.Identifier
[0.967s] -- Up-to-date: /home/peeranut/ros2_ws/install/mobile_robotic_course_assessment_task_2023/share/mobile_robotic_course_assessment_task_2023/worlds/smaze2d/model.sdf_Zone.Identifier:Zone.Identifier
[0.967s] -- Up-to-date: /home/peeranut/ros2_ws/install/mobile_robotic_course_assessment_task_2023/share/mobile_robotic_course_assessment_task_2023/worlds/smaze2d/model.sdf
[0.967s] -- Up-to-date: /home/peeranut/ros2_ws/install/mobile_robotic_course_assessment_task_2023/share/mobile_robotic_course_assessment_task_2023/worlds/smaze2d/model.config_Zone.Identifier
[0.967s] -- Up-to-date: /home/peeranut/ros2_ws/install/mobile_robotic_course_assessment_task_2023/share/mobile_robotic_course_assessment_task_2023/worlds/smaze2d/model.config:Zone.Identifier
[0.967s] -- Up-to-date: /home/peeranut/ros2_ws/install/mobile_robotic_course_assessment_task_2023/share/mobile_robotic_course_assessment_task_2023/worlds/smaze2d/model.config_Zone.Identifier:Zone.Identifier
[0.967s] -- Up-to-date: /home/peeranut/ros2_ws/install/mobile_robotic_course_assessment_task_2023/share/mobile_robotic_course_assessment_task_2023/worlds/smaze2d/model.sdf:Zone.Identifier
[0.967s] -- Up-to-date: /home/peeranut/ros2_ws/install/mobile_robotic_course_assessment_task_2023/share/mobile_robotic_course_assessment_task_2023/worlds/smaze2d/model.sdf_com.dropbox.attrs
[0.967s] -- Up-to-date: /home/peeranut/ros2_ws/install/mobile_robotic_course_assessment_task_2023/share/mobile_robotic_course_assessment_task_2023/worlds/smaze2d.world_com.dropbox.attrs:Zone.Identifier
[0.967s] -- Up-to-date: /home/peeranut/ros2_ws/install/mobile_robotic_course_assessment_task_2023/share/mobile_robotic_course_assessment_task_2023/worlds/smaze_wall
[0.968s] -- Up-to-date: /home/peeranut/ros2_ws/install/mobile_robotic_course_assessment_task_2023/share/mobile_robotic_course_assessment_task_2023/worlds/smaze_wall/model.config_com.dropbox.attrs
[0.968s] -- Up-to-date: /home/peeranut/ros2_ws/install/mobile_robotic_course_assessment_task_2023/share/mobile_robotic_course_assessment_task_2023/worlds/smaze_wall/model.sdf_Zone.Identifier
[0.968s] -- Up-to-date: /home/peeranut/ros2_ws/install/mobile_robotic_course_assessment_task_2023/share/mobile_robotic_course_assessment_task_2023/worlds/smaze_wall/model.config_com.dropbox.attrs:Zone.Identifier
[0.968s] -- Up-to-date: /home/peeranut/ros2_ws/install/mobile_robotic_course_assessment_task_2023/share/mobile_robotic_course_assessment_task_2023/worlds/smaze_wall/model.config
[0.968s] -- Up-to-date: /home/peeranut/ros2_ws/install/mobile_robotic_course_assessment_task_2023/share/mobile_robotic_course_assessment_task_2023/worlds/smaze_wall/model.sdf_com.dropbox.attrs:Zone.Identifier
[0.968s] -- Up-to-date: /home/peeranut/ros2_ws/install/mobile_robotic_course_assessment_task_2023/share/mobile_robotic_course_assessment_task_2023/worlds/smaze_wall/model.sdf_Zone.Identifier:Zone.Identifier
[0.968s] -- Up-to-date: /home/peeranut/ros2_ws/install/mobile_robotic_course_assessment_task_2023/share/mobile_robotic_course_assessment_task_2023/worlds/smaze_wall/model.sdf
[0.968s] -- Up-to-date: /home/peeranut/ros2_ws/install/mobile_robotic_course_assessment_task_2023/share/mobile_robotic_course_assessment_task_2023/worlds/smaze_wall/model.config_Zone.Identifier
[0.968s] -- Up-to-date: /home/peeranut/ros2_ws/install/mobile_robotic_course_assessment_task_2023/share/mobile_robotic_course_assessment_task_2023/worlds/smaze_wall/materials
[0.968s] -- Up-to-date: /home/peeranut/ros2_ws/install/mobile_robotic_course_assessment_task_2023/share/mobile_robotic_course_assessment_task_2023/worlds/smaze_wall/materials/textures
[0.969s] -- Up-to-date: /home/peeranut/ros2_ws/install/mobile_robotic_course_assessment_task_2023/share/mobile_robotic_course_assessment_task_2023/worlds/smaze_wall/materials/textures/bush.jpg
[0.969s] -- Up-to-date: /home/peeranut/ros2_ws/install/mobile_robotic_course_assessment_task_2023/share/mobile_robotic_course_assessment_task_2023/worlds/smaze_wall/materials/textures/bush.jpg_Zone.Identifier
[0.969s] -- Up-to-date: /home/peeranut/ros2_ws/install/mobile_robotic_course_assessment_task_2023/share/mobile_robotic_course_assessment_task_2023/worlds/smaze_wall/materials/textures/bush.jpg_com.dropbox.attrs:Zone.Identifier
[0.969s] -- Up-to-date: /home/peeranut/ros2_ws/install/mobile_robotic_course_assessment_task_2023/share/mobile_robotic_course_assessment_task_2023/worlds/smaze_wall/materials/textures/bush.jpg_Zone.Identifier:Zone.Identifier
[0.969s] -- Up-to-date: /home/peeranut/ros2_ws/install/mobile_robotic_course_assessment_task_2023/share/mobile_robotic_course_assessment_task_2023/worlds/smaze_wall/materials/textures/bush.jpg:Zone.Identifier
[0.969s] -- Up-to-date: /home/peeranut/ros2_ws/install/mobile_robotic_course_assessment_task_2023/share/mobile_robotic_course_assessment_task_2023/worlds/smaze_wall/materials/textures/bush.jpg_com.dropbox.attrs
[0.969s] -- Up-to-date: /home/peeranut/ros2_ws/install/mobile_robotic_course_assessment_task_2023/share/mobile_robotic_course_assessment_task_2023/worlds/smaze_wall/materials/scripts
[0.969s] -- Up-to-date: /home/peeranut/ros2_ws/install/mobile_robotic_course_assessment_task_2023/share/mobile_robotic_course_assessment_task_2023/worlds/smaze_wall/materials/scripts/smaze_wall.material_com.dropbox.attrs:Zone.Identifier
[0.969s] -- Up-to-date: /home/peeranut/ros2_ws/install/mobile_robotic_course_assessment_task_2023/share/mobile_robotic_course_assessment_task_2023/worlds/smaze_wall/materials/scripts/smaze_wall.material_Zone.Identifier
[0.969s] -- Up-to-date: /home/peeranut/ros2_ws/install/mobile_robotic_course_assessment_task_2023/share/mobile_robotic_course_assessment_task_2023/worlds/smaze_wall/materials/scripts/smaze_wall.material_com.dropbox.attrs
[0.969s] -- Up-to-date: /home/peeranut/ros2_ws/install/mobile_robotic_course_assessment_task_2023/share/mobile_robotic_course_assessment_task_2023/worlds/smaze_wall/materials/scripts/smaze_wall.material
[0.969s] -- Up-to-date: /home/peeranut/ros2_ws/install/mobile_robotic_course_assessment_task_2023/share/mobile_robotic_course_assessment_task_2023/worlds/smaze_wall/materials/scripts/smaze_wall.material:Zone.Identifier
[0.969s] -- Up-to-date: /home/peeranut/ros2_ws/install/mobile_robotic_course_assessment_task_2023/share/mobile_robotic_course_assessment_task_2023/worlds/smaze_wall/materials/scripts/smaze_wall.material_Zone.Identifier:Zone.Identifier
[0.970s] -- Up-to-date: /home/peeranut/ros2_ws/install/mobile_robotic_course_assessment_task_2023/share/mobile_robotic_course_assessment_task_2023/worlds/smaze_wall/model.config:Zone.Identifier
[0.970s] -- Up-to-date: /home/peeranut/ros2_ws/install/mobile_robotic_course_assessment_task_2023/share/mobile_robotic_course_assessment_task_2023/worlds/smaze_wall/model.config_Zone.Identifier:Zone.Identifier
[0.970s] -- Up-to-date: /home/peeranut/ros2_ws/install/mobile_robotic_course_assessment_task_2023/share/mobile_robotic_course_assessment_task_2023/worlds/smaze_wall/model.sdf:Zone.Identifier
[0.970s] -- Up-to-date: /home/peeranut/ros2_ws/install/mobile_robotic_course_assessment_task_2023/share/mobile_robotic_course_assessment_task_2023/worlds/smaze_wall/model.sdf_com.dropbox.attrs
[0.970s] -- Up-to-date: /home/peeranut/ros2_ws/install/mobile_robotic_course_assessment_task_2023/share/mobile_robotic_course_assessment_task_2023/worlds/marker_block
[0.970s] -- Up-to-date: /home/peeranut/ros2_ws/install/mobile_robotic_course_assessment_task_2023/share/mobile_robotic_course_assessment_task_2023/worlds/marker_block/model.config_com.dropbox.attrs
[0.970s] -- Up-to-date: /home/peeranut/ros2_ws/install/mobile_robotic_course_assessment_task_2023/share/mobile_robotic_course_assessment_task_2023/worlds/marker_block/model.sdf_Zone.Identifier
[0.970s] -- Up-to-date: /home/peeranut/ros2_ws/install/mobile_robotic_course_assessment_task_2023/share/mobile_robotic_course_assessment_task_2023/worlds/marker_block/model.config_com.dropbox.attrs:Zone.Identifier
[0.970s] -- Up-to-date: /home/peeranut/ros2_ws/install/mobile_robotic_course_assessment_task_2023/share/mobile_robotic_course_assessment_task_2023/worlds/marker_block/model.config
[0.970s] -- Up-to-date: /home/peeranut/ros2_ws/install/mobile_robotic_course_assessment_task_2023/share/mobile_robotic_course_assessment_task_2023/worlds/marker_block/model.sdf_com.dropbox.attrs:Zone.Identifier
[0.970s] -- Up-to-date: /home/peeranut/ros2_ws/install/mobile_robotic_course_assessment_task_2023/share/mobile_robotic_course_assessment_task_2023/worlds/marker_block/model.sdf_Zone.Identifier:Zone.Identifier
[0.970s] -- Up-to-date: /home/peeranut/ros2_ws/install/mobile_robotic_course_assessment_task_2023/share/mobile_robotic_course_assessment_task_2023/worlds/marker_block/model.sdf
[0.970s] -- Up-to-date: /home/peeranut/ros2_ws/install/mobile_robotic_course_assessment_task_2023/share/mobile_robotic_course_assessment_task_2023/worlds/marker_block/model.config_Zone.Identifier
[0.970s] -- Up-to-date: /home/peeranut/ros2_ws/install/mobile_robotic_course_assessment_task_2023/share/mobile_robotic_course_assessment_task_2023/worlds/marker_block/materials
[0.970s] -- Up-to-date: /home/peeranut/ros2_ws/install/mobile_robotic_course_assessment_task_2023/share/mobile_robotic_course_assessment_task_2023/worlds/marker_block/materials/scripts
[0.970s] -- Up-to-date: /home/peeranut/ros2_ws/install/mobile_robotic_course_assessment_task_2023/share/mobile_robotic_course_assessment_task_2023/worlds/marker_block/materials/scripts/smaze_wall.material_com.dropbox.attrs:Zone.Identifier
[0.970s] -- Up-to-date: /home/peeranut/ros2_ws/install/mobile_robotic_course_assessment_task_2023/share/mobile_robotic_course_assessment_task_2023/worlds/marker_block/materials/scripts/smaze_wall.material_Zone.Identifier
[0.970s] -- Up-to-date: /home/peeranut/ros2_ws/install/mobile_robotic_course_assessment_task_2023/share/mobile_robotic_course_assessment_task_2023/worlds/marker_block/materials/scripts/smaze_wall.material_com.dropbox.attrs
[0.970s] -- Up-to-date: /home/peeranut/ros2_ws/install/mobile_robotic_course_assessment_task_2023/share/mobile_robotic_course_assessment_task_2023/worlds/marker_block/materials/scripts/smaze_wall.material
[0.971s] -- Up-to-date: /home/peeranut/ros2_ws/install/mobile_robotic_course_assessment_task_2023/share/mobile_robotic_course_assessment_task_2023/worlds/marker_block/materials/scripts/smaze_wall.material:Zone.Identifier
[0.971s] -- Up-to-date: /home/peeranut/ros2_ws/install/mobile_robotic_course_assessment_task_2023/share/mobile_robotic_course_assessment_task_2023/worlds/marker_block/materials/scripts/smaze_wall.material_Zone.Identifier:Zone.Identifier
[0.971s] -- Up-to-date: /home/peeranut/ros2_ws/install/mobile_robotic_course_assessment_task_2023/share/mobile_robotic_course_assessment_task_2023/worlds/marker_block/model.config:Zone.Identifier
[0.971s] -- Up-to-date: /home/peeranut/ros2_ws/install/mobile_robotic_course_assessment_task_2023/share/mobile_robotic_course_assessment_task_2023/worlds/marker_block/model.config_Zone.Identifier:Zone.Identifier
[0.971s] -- Up-to-date: /home/peeranut/ros2_ws/install/mobile_robotic_course_assessment_task_2023/share/mobile_robotic_course_assessment_task_2023/worlds/marker_block/model.sdf:Zone.Identifier
[0.971s] -- Up-to-date: /home/peeranut/ros2_ws/install/mobile_robotic_course_assessment_task_2023/share/mobile_robotic_course_assessment_task_2023/worlds/marker_block/model.sdf_com.dropbox.attrs
[0.971s] -- Up-to-date: /home/peeranut/ros2_ws/install/mobile_robotic_course_assessment_task_2023/share/mobile_robotic_course_assessment_task_2023/worlds/grass_plane
[0.971s] -- Up-to-date: /home/peeranut/ros2_ws/install/mobile_robotic_course_assessment_task_2023/share/mobile_robotic_course_assessment_task_2023/worlds/grass_plane/model.config_com.dropbox.attrs
[0.971s] -- Up-to-date: /home/peeranut/ros2_ws/install/mobile_robotic_course_assessment_task_2023/share/mobile_robotic_course_assessment_task_2023/worlds/grass_plane/model.sdf_Zone.Identifier
[0.971s] -- Up-to-date: /home/peeranut/ros2_ws/install/mobile_robotic_course_assessment_task_2023/share/mobile_robotic_course_assessment_task_2023/worlds/grass_plane/model.config_com.dropbox.attrs:Zone.Identifier
[0.971s] -- Up-to-date: /home/peeranut/ros2_ws/install/mobile_robotic_course_assessment_task_2023/share/mobile_robotic_course_assessment_task_2023/worlds/grass_plane/model.config
[0.971s] -- Up-to-date: /home/peeranut/ros2_ws/install/mobile_robotic_course_assessment_task_2023/share/mobile_robotic_course_assessment_task_2023/worlds/grass_plane/model.sdf_com.dropbox.attrs:Zone.Identifier
[0.972s] -- Up-to-date: /home/peeranut/ros2_ws/install/mobile_robotic_course_assessment_task_2023/share/mobile_robotic_course_assessment_task_2023/worlds/grass_plane/model.sdf_Zone.Identifier:Zone.Identifier
[0.972s] -- Up-to-date: /home/peeranut/ros2_ws/install/mobile_robotic_course_assessment_task_2023/share/mobile_robotic_course_assessment_task_2023/worlds/grass_plane/model.sdf
[0.972s] -- Up-to-date: /home/peeranut/ros2_ws/install/mobile_robotic_course_assessment_task_2023/share/mobile_robotic_course_assessment_task_2023/worlds/grass_plane/model.config_Zone.Identifier
[0.972s] -- Up-to-date: /home/peeranut/ros2_ws/install/mobile_robotic_course_assessment_task_2023/share/mobile_robotic_course_assessment_task_2023/worlds/grass_plane/materials
[0.972s] -- Up-to-date: /home/peeranut/ros2_ws/install/mobile_robotic_course_assessment_task_2023/share/mobile_robotic_course_assessment_task_2023/worlds/grass_plane/materials/textures
[0.972s] -- Up-to-date: /home/peeranut/ros2_ws/install/mobile_robotic_course_assessment_task_2023/share/mobile_robotic_course_assessment_task_2023/worlds/grass_plane/materials/textures/grass_dry.png_com.dropbox.attrs
[0.972s] -- Up-to-date: /home/peeranut/ros2_ws/install/mobile_robotic_course_assessment_task_2023/share/mobile_robotic_course_assessment_task_2023/worlds/grass_plane/materials/textures/grass_Zone.Identifier:Zone.Identifier
[0.972s] -- Up-to-date: /home/peeranut/ros2_ws/install/mobile_robotic_course_assessment_task_2023/share/mobile_robotic_course_assessment_task_2023/worlds/grass_plane/materials/textures/grass_dry.png_Zone.Identifier
[0.972s] -- Up-to-date: /home/peeranut/ros2_ws/install/mobile_robotic_course_assessment_task_2023/share/mobile_robotic_course_assessment_task_2023/worlds/grass_plane/materials/textures/grass_dry3.jpg_Zone.Identifier
[0.972s] -- Up-to-date: /home/peeranut/ros2_ws/install/mobile_robotic_course_assessment_task_2023/share/mobile_robotic_course_assessment_task_2023/worlds/grass_plane/materials/textures/grass_dry3.jpg_Zone.Identifier:Zone.Identifier
[0.972s] -- Up-to-date: /home/peeranut/ros2_ws/install/mobile_robotic_course_assessment_task_2023/share/mobile_robotic_course_assessment_task_2023/worlds/grass_plane/materials/textures/grass
[0.972s] -- Up-to-date: /home/peeranut/ros2_ws/install/mobile_robotic_course_assessment_task_2023/share/mobile_robotic_course_assessment_task_2023/worlds/grass_plane/materials/textures/grass_dry3.jpg_com.dropbox.attrs:Zone.Identifier
[0.973s] -- Up-to-date: /home/peeranut/ros2_ws/install/mobile_robotic_course_assessment_task_2023/share/mobile_robotic_course_assessment_task_2023/worlds/grass_plane/materials/textures/grass_com.dropbox.attrs
[0.973s] -- Up-to-date: /home/peeranut/ros2_ws/install/mobile_robotic_course_assessment_task_2023/share/mobile_robotic_course_assessment_task_2023/worlds/grass_plane/materials/textures/grass_dry2.jpg_Zone.Identifier:Zone.Identifier
[0.973s] -- Up-to-date: /home/peeranut/ros2_ws/install/mobile_robotic_course_assessment_task_2023/share/mobile_robotic_course_assessment_task_2023/worlds/grass_plane/materials/textures/grass_dry.png:Zone.Identifier
[0.973s] -- Up-to-date: /home/peeranut/ros2_ws/install/mobile_robotic_course_assessment_task_2023/share/mobile_robotic_course_assessment_task_2023/worlds/grass_plane/materials/textures/grass_dry2.jpg_com.dropbox.attrs
[0.973s] -- Up-to-date: /home/peeranut/ros2_ws/install/mobile_robotic_course_assessment_task_2023/share/mobile_robotic_course_assessment_task_2023/worlds/grass_plane/materials/textures/grass_dry.png
[0.973s] -- Up-to-date: /home/peeranut/ros2_ws/install/mobile_robotic_course_assessment_task_2023/share/mobile_robotic_course_assessment_task_2023/worlds/grass_plane/materials/textures/grass_dry3.jpg:Zone.Identifier
[0.973s] -- Up-to-date: /home/peeranut/ros2_ws/install/mobile_robotic_course_assessment_task_2023/share/mobile_robotic_course_assessment_task_2023/worlds/grass_plane/materials/textures/grass_dry.png_Zone.Identifier:Zone.Identifier
[0.973s] -- Up-to-date: /home/peeranut/ros2_ws/install/mobile_robotic_course_assessment_task_2023/share/mobile_robotic_course_assessment_task_2023/worlds/grass_plane/materials/textures/grass_dry2.jpg_Zone.Identifier
[0.973s] -- Up-to-date: /home/peeranut/ros2_ws/install/mobile_robotic_course_assessment_task_2023/share/mobile_robotic_course_assessment_task_2023/worlds/grass_plane/materials/textures/grass_dry3.jpg
[0.973s] -- Up-to-date: /home/peeranut/ros2_ws/install/mobile_robotic_course_assessment_task_2023/share/mobile_robotic_course_assessment_task_2023/worlds/grass_plane/materials/textures/grass_dry2.jpg:Zone.Identifier
[0.973s] -- Up-to-date: /home/peeranut/ros2_ws/install/mobile_robotic_course_assessment_task_2023/share/mobile_robotic_course_assessment_task_2023/worlds/grass_plane/materials/textures/grass_dry2.jpg
[0.973s] -- Up-to-date: /home/peeranut/ros2_ws/install/mobile_robotic_course_assessment_task_2023/share/mobile_robotic_course_assessment_task_2023/worlds/grass_plane/materials/textures/grass_dry2.jpg_com.dropbox.attrs:Zone.Identifier
[0.973s] -- Up-to-date: /home/peeranut/ros2_ws/install/mobile_robotic_course_assessment_task_2023/share/mobile_robotic_course_assessment_task_2023/worlds/grass_plane/materials/textures/grass_dry3.jpg_com.dropbox.attrs
[0.973s] -- Up-to-date: /home/peeranut/ros2_ws/install/mobile_robotic_course_assessment_task_2023/share/mobile_robotic_course_assessment_task_2023/worlds/grass_plane/materials/textures/grass_Zone.Identifier
[0.974s] -- Up-to-date: /home/peeranut/ros2_ws/install/mobile_robotic_course_assessment_task_2023/share/mobile_robotic_course_assessment_task_2023/worlds/grass_plane/materials/textures/grass:Zone.Identifier
[0.974s] -- Up-to-date: /home/peeranut/ros2_ws/install/mobile_robotic_course_assessment_task_2023/share/mobile_robotic_course_assessment_task_2023/worlds/grass_plane/materials/textures/grass_dry.png_com.dropbox.attrs:Zone.Identifier
[0.974s] -- Up-to-date: /home/peeranut/ros2_ws/install/mobile_robotic_course_assessment_task_2023/share/mobile_robotic_course_assessment_task_2023/worlds/grass_plane/materials/textures/grass_com.dropbox.attrs:Zone.Identifier
[0.974s] -- Up-to-date: /home/peeranut/ros2_ws/install/mobile_robotic_course_assessment_task_2023/share/mobile_robotic_course_assessment_task_2023/worlds/grass_plane/materials/scripts
[0.974s] -- Up-to-date: /home/peeranut/ros2_ws/install/mobile_robotic_course_assessment_task_2023/share/mobile_robotic_course_assessment_task_2023/worlds/grass_plane/materials/scripts/grass_plane.material_com.dropbox.attrs:Zone.Identifier
[0.974s] -- Up-to-date: /home/peeranut/ros2_ws/install/mobile_robotic_course_assessment_task_2023/share/mobile_robotic_course_assessment_task_2023/worlds/grass_plane/materials/scripts/grass_plane.material:Zone.Identifier
[0.974s] -- Up-to-date: /home/peeranut/ros2_ws/install/mobile_robotic_course_assessment_task_2023/share/mobile_robotic_course_assessment_task_2023/worlds/grass_plane/materials/scripts/grass_plane.material_com.dropbox.attrs
[0.974s] -- Up-to-date: /home/peeranut/ros2_ws/install/mobile_robotic_course_assessment_task_2023/share/mobile_robotic_course_assessment_task_2023/worlds/grass_plane/materials/scripts/grass_plane.material_Zone.Identifier
[0.974s] -- Up-to-date: /home/peeranut/ros2_ws/install/mobile_robotic_course_assessment_task_2023/share/mobile_robotic_course_assessment_task_2023/worlds/grass_plane/materials/scripts/grass_plane.material_Zone.Identifier:Zone.Identifier
[0.974s] -- Up-to-date: /home/peeranut/ros2_ws/install/mobile_robotic_course_assessment_task_2023/share/mobile_robotic_course_assessment_task_2023/worlds/grass_plane/materials/scripts/grass_plane.material
[0.974s] -- Up-to-date: /home/peeranut/ros2_ws/install/mobile_robotic_course_assessment_task_2023/share/mobile_robotic_course_assessment_task_2023/worlds/grass_plane/model.config:Zone.Identifier
[0.974s] -- Up-to-date: /home/peeranut/ros2_ws/install/mobile_robotic_course_assessment_task_2023/share/mobile_robotic_course_assessment_task_2023/worlds/grass_plane/model.config_Zone.Identifier:Zone.Identifier
[0.975s] -- Up-to-date: /home/peeranut/ros2_ws/install/mobile_robotic_course_assessment_task_2023/share/mobile_robotic_course_assessment_task_2023/worlds/grass_plane/model.sdf:Zone.Identifier
[0.975s] -- Up-to-date: /home/peeranut/ros2_ws/install/mobile_robotic_course_assessment_task_2023/share/mobile_robotic_course_assessment_task_2023/worlds/grass_plane/model.sdf_com.dropbox.attrs
[0.975s] -- Up-to-date: /home/peeranut/ros2_ws/install/mobile_robotic_course_assessment_task_2023/share/mobile_robotic_course_assessment_task_2023/worlds/smaze2d.world_Zone.Identifier:Zone.Identifier
[0.975s] -- Up-to-date: /home/peeranut/ros2_ws/install/mobile_robotic_course_assessment_task_2023/share/mobile_robotic_course_assessment_task_2023/urdf
[0.975s] -- Up-to-date: /home/peeranut/ros2_ws/install/mobile_robotic_course_assessment_task_2023/share/mobile_robotic_course_assessment_task_2023/urdf/8th_car_sensor_2wheel_1castor_camera_collision.urdf:Zone.Identifier
[0.975s] -- Up-to-date: /home/peeranut/ros2_ws/install/mobile_robotic_course_assessment_task_2023/share/mobile_robotic_course_assessment_task_2023/urdf/8th_car_sensor_2wheel_1castor_camera_collision.urdf
[0.975s] -- Up-to-date: /home/peeranut/ros2_ws/install/mobile_robotic_course_assessment_task_2023/share/mobile_robotic_course_assessment_task_2023/urdf/simple_robot_nav2.urdf.xacro
[0.975s] -- Up-to-date: /home/peeranut/ros2_ws/install/mobile_robotic_course_assessment_task_2023/share/mobile_robotic_course_assessment_task_2023/rviz
[0.975s] -- Up-to-date: /home/peeranut/ros2_ws/install/mobile_robotic_course_assessment_task_2023/share/mobile_robotic_course_assessment_task_2023/rviz/simple_robot_nav2.rviz
[0.975s] -- Up-to-date: /home/peeranut/ros2_ws/install/mobile_robotic_course_assessment_task_2023/share/mobile_robotic_course_assessment_task_2023/meshes
[0.975s] -- Up-to-date: /home/peeranut/ros2_ws/install/mobile_robotic_course_assessment_task_2023/share/mobile_robotic_course_assessment_task_2023/meshes/AE86_body_origin_reset.stl:Zone.Identifier
[0.975s] -- Up-to-date: /home/peeranut/ros2_ws/install/mobile_robotic_course_assessment_task_2023/share/mobile_robotic_course_assessment_task_2023/meshes/AE86_wheel_origin_reset.stl
[0.976s] -- Up-to-date: /home/peeranut/ros2_ws/install/mobile_robotic_course_assessment_task_2023/share/mobile_robotic_course_assessment_task_2023/meshes/AE86_wheel_origin_reset.stl:Zone.Identifier
[0.976s] -- Up-to-date: /home/peeranut/ros2_ws/install/mobile_robotic_course_assessment_task_2023/share/mobile_robotic_course_assessment_task_2023/meshes/AE86_body_origin_reset.stl
[0.976s] -- Up-to-date: /home/peeranut/ros2_ws/install/mobile_robotic_course_assessment_task_2023/share/mobile_robotic_course_assessment_task_2023/meshes/hokuyo.dae
[0.976s] -- Up-to-date: /home/peeranut/ros2_ws/install/mobile_robotic_course_assessment_task_2023/share/mobile_robotic_course_assessment_task_2023/maps
[0.976s] -- Up-to-date: /home/peeranut/ros2_ws/install/mobile_robotic_course_assessment_task_2023/share/mobile_robotic_course_assessment_task_2023/maps/mymap.yaml
[0.976s] -- Up-to-date: /home/peeranut/ros2_ws/install/mobile_robotic_course_assessment_task_2023/share/mobile_robotic_course_assessment_task_2023/maps/mymap.yaml:Zone.Identifier
[0.976s] -- Up-to-date: /home/peeranut/ros2_ws/install/mobile_robotic_course_assessment_task_2023/share/mobile_robotic_course_assessment_task_2023/maps/mymap.pgm:Zone.Identifier
[0.976s] -- Up-to-date: /home/peeranut/ros2_ws/install/mobile_robotic_course_assessment_task_2023/share/mobile_robotic_course_assessment_task_2023/maps/mymap.pgm
[0.976s] -- Up-to-date: /home/peeranut/ros2_ws/install/mobile_robotic_course_assessment_task_2023/share/ament_index/resource_index/package_run_dependencies/mobile_robotic_course_assessment_task_2023
[0.976s] -- Up-to-date: /home/peeranut/ros2_ws/install/mobile_robotic_course_assessment_task_2023/share/ament_index/resource_index/parent_prefix_path/mobile_robotic_course_assessment_task_2023
[0.976s] -- Up-to-date: /home/peeranut/ros2_ws/install/mobile_robotic_course_assessment_task_2023/share/mobile_robotic_course_assessment_task_2023/environment/ament_prefix_path.sh
[0.976s] -- Installing: /home/peeranut/ros2_ws/install/mobile_robotic_course_assessment_task_2023/share/mobile_robotic_course_assessment_task_2023/environment/ament_prefix_path.dsv
[0.977s] -- Up-to-date: /home/peeranut/ros2_ws/install/mobile_robotic_course_assessment_task_2023/share/mobile_robotic_course_assessment_task_2023/environment/path.sh
[0.977s] -- Installing: /home/peeranut/ros2_ws/install/mobile_robotic_course_assessment_task_2023/share/mobile_robotic_course_assessment_task_2023/environment/path.dsv
[0.977s] -- Up-to-date: /home/peeranut/ros2_ws/install/mobile_robotic_course_assessment_task_2023/share/mobile_robotic_course_assessment_task_2023/local_setup.bash
[0.977s] -- Up-to-date: /home/peeranut/ros2_ws/install/mobile_robotic_course_assessment_task_2023/share/mobile_robotic_course_assessment_task_2023/local_setup.sh
[0.977s] -- Up-to-date: /home/peeranut/ros2_ws/install/mobile_robotic_course_assessment_task_2023/share/mobile_robotic_course_assessment_task_2023/local_setup.zsh
[0.977s] -- Installing: /home/peeranut/ros2_ws/install/mobile_robotic_course_assessment_task_2023/share/mobile_robotic_course_assessment_task_2023/local_setup.dsv
[0.977s] -- Installing: /home/peeranut/ros2_ws/install/mobile_robotic_course_assessment_task_2023/share/mobile_robotic_course_assessment_task_2023/package.dsv
[0.977s] -- Up-to-date: /home/peeranut/ros2_ws/install/mobile_robotic_course_assessment_task_2023/share/ament_index/resource_index/packages/mobile_robotic_course_assessment_task_2023
[0.977s] -- Up-to-date: /home/peeranut/ros2_ws/install/mobile_robotic_course_assessment_task_2023/share/mobile_robotic_course_assessment_task_2023/cmake/mobile_robotic_course_assessment_task_2023Config.cmake
[0.977s] -- Up-to-date: /home/peeranut/ros2_ws/install/mobile_robotic_course_assessment_task_2023/share/mobile_robotic_course_assessment_task_2023/cmake/mobile_robotic_course_assessment_task_2023Config-version.cmake
[0.977s] -- Up-to-date: /home/peeranut/ros2_ws/install/mobile_robotic_course_assessment_task_2023/share/mobile_robotic_course_assessment_task_2023/package.xml
[0.977s] Invoked command in '/home/peeranut/ros2_ws/build/mobile_robotic_course_assessment_task_2023' returned '0': CMAKE_PREFIX_PATH=${CMAKE_PREFIX_PATH}:/opt/ros/humble /usr/bin/cmake --install /home/peeranut/ros2_ws/build/mobile_robotic_course_assessment_task_2023
