-- Install configuration: ""
-- Installing: /home/peeranut/ros2_ws/install/mobile_robotic_course_assessment_task_2023/lib/mobile_robotic_course_assessment_task_2023/find_yellow_and_put_marker.py
-- Up-to-date: /home/peeranut/ros2_ws/install/mobile_robotic_course_assessment_task_2023/share/mobile_robotic_course_assessment_task_2023/config
-- Up-to-date: /home/peeranut/ros2_ws/install/mobile_robotic_course_assessment_task_2023/share/mobile_robotic_course_assessment_task_2023/config/twist_mux.yaml
-- Up-to-date: /home/peeranut/ros2_ws/install/mobile_robotic_course_assessment_task_2023/share/mobile_robotic_course_assessment_task_2023/config/amcl.yaml
-- Up-to-date: /home/peeranut/ros2_ws/install/mobile_robotic_course_assessment_task_2023/share/mobile_robotic_course_assessment_task_2023/config/simple_diff_drive_v2.yaml
-- Up-to-date: /home/peeranut/ros2_ws/install/mobile_robotic_course_assessment_task_2023/share/mobile_robotic_course_assessment_task_2023/config/simple_diff_drive.yaml
-- Up-to-date: /home/peeranut/ros2_ws/install/mobile_robotic_course_assessment_task_2023/share/mobile_robotic_course_assessment_task_2023/launch
-- Up-to-date: /home/peeranut/ros2_ws/install/mobile_robotic_course_assessment_task_2023/share/mobile_robotic_course_assessment_task_2023/launch/simple_robot_nav2_bringup.launch.py
-- Up-to-date: /home/peeranut/ros2_ws/install/mobile_robotic_course_assessment_task_2023/share/mobile_robotic_course_assessment_task_2023/launch/mobile_robotic_course_assessment_task_2023.launch.py
-- Up-to-date: /home/peeranut/ros2_ws/install/mobile_robotic_course_assessment_task_2023/share/mobile_robotic_course_assessment_task_2023/launch/simple_robot_nav2.launch.py
-- Up-to-date: /home/peeranut/ros2_ws/install/mobile_robotic_course_assessment_task_2023/share/mobile_robotic_course_assessment_task_2023/worlds
-- Up-to-date: /home/peeranut/ros2_ws/install/mobile_robotic_course_assessment_task_2023/share/mobile_robotic_course_assessment_task_2023/worlds/smaze_wall_short
-- Up-to-date: /home/peeranut/ros2_ws/install/mobile_robotic_course_assessment_task_2023/share/mobile_robotic_course_assessment_task_2023/worlds/smaze_wall_short/model.config_com.dropbox.attrs
-- Up-to-date: /home/peeranut/ros2_ws/install/mobile_robotic_course_assessment_task_2023/share/mobile_robotic_course_assessment_task_2023/worlds/smaze_wall_short/model.sdf_Zone.Identifier
-- Up-to-date: /home/peeranut/ros2_ws/install/mobile_robotic_course_assessment_task_2023/share/mobile_robotic_course_assessment_task_2023/worlds/smaze_wall_short/model.config_com.dropbox.attrs:Zone.Identifier
-- Up-to-date: /home/peeranut/ros2_ws/install/mobile_robotic_course_assessment_task_2023/share/mobile_robotic_course_assessment_task_2023/worlds/smaze_wall_short/model.config
-- Up-to-date: /home/peeranut/ros2_ws/install/mobile_robotic_course_assessment_task_2023/share/mobile_robotic_course_assessment_task_2023/worlds/smaze_wall_short/model.sdf_com.dropbox.attrs:Zone.Identifier
-- Up-to-date: /home/peeranut/ros2_ws/install/mobile_robotic_course_assessment_task_2023/share/mobile_robotic_course_assessment_task_2023/worlds/smaze_wall_short/model.sdf_Zone.Identifier:Zone.Identifier
-- Up-to-date: /home/peeranut/ros2_ws/install/mobile_robotic_course_assessment_task_2023/share/mobile_robotic_course_assessment_task_2023/worlds/smaze_wall_short/model.sdf
-- Up-to-date: /home/peeranut/ros2_ws/install/mobile_robotic_course_assessment_task_2023/share/mobile_robotic_course_assessment_task_2023/worlds/smaze_wall_short/model.config_Zone.Identifier
-- Up-to-date: /home/peeranut/ros2_ws/install/mobile_robotic_course_assessment_task_2023/share/mobile_robotic_course_assessment_task_2023/worlds/smaze_wall_short/materials
-- Up-to-date: /home/peeranut/ros2_ws/install/mobile_robotic_course_assessment_task_2023/share/mobile_robotic_course_assessment_task_2023/worlds/smaze_wall_short/materials/textures
-- Up-to-date: /home/peeranut/ros2_ws/install/mobile_robotic_course_assessment_task_2023/share/mobile_robotic_course_assessment_task_2023/worlds/smaze_wall_short/materials/textures/bush.jpg
-- Up-to-date: /home/peeranut/ros2_ws/install/mobile_robotic_course_assessment_task_2023/share/mobile_robotic_course_assessment_task_2023/worlds/smaze_wall_short/materials/textures/bush.jpg_Zone.Identifier
-- Up-to-date: /home/peeranut/ros2_ws/install/mobile_robotic_course_assessment_task_2023/share/mobile_robotic_course_assessment_task_2023/worlds/smaze_wall_short/materials/textures/bush.jpg_com.dropbox.attrs:Zone.Identifier
-- Up-to-date: /home/peeranut/ros2_ws/install/mobile_robotic_course_assessment_task_2023/share/mobile_robotic_course_assessment_task_2023/worlds/smaze_wall_short/materials/textures/bush.jpg_Zone.Identifier:Zone.Identifier
-- Up-to-date: /home/peeranut/ros2_ws/install/mobile_robotic_course_assessment_task_2023/share/mobile_robotic_course_assessment_task_2023/worlds/smaze_wall_short/materials/textures/bush.jpg:Zone.Identifier
-- Up-to-date: /home/peeranut/ros2_ws/install/mobile_robotic_course_assessment_task_2023/share/mobile_robotic_course_assessment_task_2023/worlds/smaze_wall_short/materials/textures/bush.jpg_com.dropbox.attrs
-- Up-to-date: /home/peeranut/ros2_ws/install/mobile_robotic_course_assessment_task_2023/share/mobile_robotic_course_assessment_task_2023/worlds/smaze_wall_short/materials/scripts
-- Up-to-date: /home/peeranut/ros2_ws/install/mobile_robotic_course_assessment_task_2023/share/mobile_robotic_course_assessment_task_2023/worlds/smaze_wall_short/materials/scripts/smaze_wall_short.material_com.dropbox.attrs:Zone.Identifier
-- Up-to-date: /home/peeranut/ros2_ws/install/mobile_robotic_course_assessment_task_2023/share/mobile_robotic_course_assessment_task_2023/worlds/smaze_wall_short/materials/scripts/smaze_wall_short.material
-- Up-to-date: /home/peeranut/ros2_ws/install/mobile_robotic_course_assessment_task_2023/share/mobile_robotic_course_assessment_task_2023/worlds/smaze_wall_short/materials/scripts/smaze_wall_short.material_Zone.Identifier
-- Up-to-date: /home/peeranut/ros2_ws/install/mobile_robotic_course_assessment_task_2023/share/mobile_robotic_course_assessment_task_2023/worlds/smaze_wall_short/materials/scripts/smaze_wall_short.material_com.dropbox.attrs
-- Up-to-date: /home/peeranut/ros2_ws/install/mobile_robotic_course_assessment_task_2023/share/mobile_robotic_course_assessment_task_2023/worlds/smaze_wall_short/materials/scripts/smaze_wall_short.material:Zone.Identifier
-- Up-to-date: /home/peeranut/ros2_ws/install/mobile_robotic_course_assessment_task_2023/share/mobile_robotic_course_assessment_task_2023/worlds/smaze_wall_short/materials/scripts/smaze_wall_short.material_Zone.Identifier:Zone.Identifier
-- Up-to-date: /home/peeranut/ros2_ws/install/mobile_robotic_course_assessment_task_2023/share/mobile_robotic_course_assessment_task_2023/worlds/smaze_wall_short/model.config:Zone.Identifier
-- Up-to-date: /home/peeranut/ros2_ws/install/mobile_robotic_course_assessment_task_2023/share/mobile_robotic_course_assessment_task_2023/worlds/smaze_wall_short/model.config_Zone.Identifier:Zone.Identifier
-- Up-to-date: /home/peeranut/ros2_ws/install/mobile_robotic_course_assessment_task_2023/share/mobile_robotic_course_assessment_task_2023/worlds/smaze_wall_short/model.sdf:Zone.Identifier
-- Up-to-date: /home/peeranut/ros2_ws/install/mobile_robotic_course_assessment_task_2023/share/mobile_robotic_course_assessment_task_2023/worlds/smaze_wall_short/model.sdf_com.dropbox.attrs
-- Up-to-date: /home/peeranut/ros2_ws/install/mobile_robotic_course_assessment_task_2023/share/mobile_robotic_course_assessment_task_2023/worlds/pavers_plane
-- Up-to-date: /home/peeranut/ros2_ws/install/mobile_robotic_course_assessment_task_2023/share/mobile_robotic_course_assessment_task_2023/worlds/pavers_plane/model.config_com.dropbox.attrs
-- Up-to-date: /home/peeranut/ros2_ws/install/mobile_robotic_course_assessment_task_2023/share/mobile_robotic_course_assessment_task_2023/worlds/pavers_plane/model.sdf_Zone.Identifier
-- Up-to-date: /home/peeranut/ros2_ws/install/mobile_robotic_course_assessment_task_2023/share/mobile_robotic_course_assessment_task_2023/worlds/pavers_plane/model.config_com.dropbox.attrs:Zone.Identifier
-- Up-to-date: /home/peeranut/ros2_ws/install/mobile_robotic_course_assessment_task_2023/share/mobile_robotic_course_assessment_task_2023/worlds/pavers_plane/model.config
-- Up-to-date: /home/peeranut/ros2_ws/install/mobile_robotic_course_assessment_task_2023/share/mobile_robotic_course_assessment_task_2023/worlds/pavers_plane/model.sdf_com.dropbox.attrs:Zone.Identifier
-- Up-to-date: /home/peeranut/ros2_ws/install/mobile_robotic_course_assessment_task_2023/share/mobile_robotic_course_assessment_task_2023/worlds/pavers_plane/model.sdf_Zone.Identifier:Zone.Identifier
-- Up-to-date: /home/peeranut/ros2_ws/install/mobile_robotic_course_assessment_task_2023/share/mobile_robotic_course_assessment_task_2023/worlds/pavers_plane/model.sdf
-- Up-to-date: /home/peeranut/ros2_ws/install/mobile_robotic_course_assessment_task_2023/share/mobile_robotic_course_assessment_task_2023/worlds/pavers_plane/model.config_Zone.Identifier
-- Up-to-date: /home/peeranut/ros2_ws/install/mobile_robotic_course_assessment_task_2023/share/mobile_robotic_course_assessment_task_2023/worlds/pavers_plane/materials
-- Up-to-date: /home/peeranut/ros2_ws/install/mobile_robotic_course_assessment_task_2023/share/mobile_robotic_course_assessment_task_2023/worlds/pavers_plane/materials/textures
-- Up-to-date: /home/peeranut/ros2_ws/install/mobile_robotic_course_assessment_task_2023/share/mobile_robotic_course_assessment_task_2023/worlds/pavers_plane/materials/textures/grass_dry.png_com.dropbox.attrs
-- Up-to-date: /home/peeranut/ros2_ws/install/mobile_robotic_course_assessment_task_2023/share/mobile_robotic_course_assessment_task_2023/worlds/pavers_plane/materials/textures/grass_Zone.Identifier:Zone.Identifier
-- Up-to-date: /home/peeranut/ros2_ws/install/mobile_robotic_course_assessment_task_2023/share/mobile_robotic_course_assessment_task_2023/worlds/pavers_plane/materials/textures/grass_dry.png_Zone.Identifier
-- Up-to-date: /home/peeranut/ros2_ws/install/mobile_robotic_course_assessment_task_2023/share/mobile_robotic_course_assessment_task_2023/worlds/pavers_plane/materials/textures/grass_dry3.jpg_Zone.Identifier
-- Up-to-date: /home/peeranut/ros2_ws/install/mobile_robotic_course_assessment_task_2023/share/mobile_robotic_course_assessment_task_2023/worlds/pavers_plane/materials/textures/grass_dry3.jpg_Zone.Identifier:Zone.Identifier
-- Up-to-date: /home/peeranut/ros2_ws/install/mobile_robotic_course_assessment_task_2023/share/mobile_robotic_course_assessment_task_2023/worlds/pavers_plane/materials/textures/grass
-- Up-to-date: /home/peeranut/ros2_ws/install/mobile_robotic_course_assessment_task_2023/share/mobile_robotic_course_assessment_task_2023/worlds/pavers_plane/materials/textures/grass_dry3.jpg_com.dropbox.attrs:Zone.Identifier
-- Up-to-date: /home/peeranut/ros2_ws/install/mobile_robotic_course_assessment_task_2023/share/mobile_robotic_course_assessment_task_2023/worlds/pavers_plane/materials/textures/grass_com.dropbox.attrs
-- Up-to-date: /home/peeranut/ros2_ws/install/mobile_robotic_course_assessment_task_2023/share/mobile_robotic_course_assessment_task_2023/worlds/pavers_plane/materials/textures/grass_dry2.jpg_Zone.Identifier:Zone.Identifier
-- Up-to-date: /home/peeranut/ros2_ws/install/mobile_robotic_course_assessment_task_2023/share/mobile_robotic_course_assessment_task_2023/worlds/pavers_plane/materials/textures/grass_dry.png:Zone.Identifier
-- Up-to-date: /home/peeranut/ros2_ws/install/mobile_robotic_course_assessment_task_2023/share/mobile_robotic_course_assessment_task_2023/worlds/pavers_plane/materials/textures/grass_dry2.jpg_com.dropbox.attrs
-- Up-to-date: /home/peeranut/ros2_ws/install/mobile_robotic_course_assessment_task_2023/share/mobile_robotic_course_assessment_task_2023/worlds/pavers_plane/materials/textures/grass_dry.png
-- Up-to-date: /home/peeranut/ros2_ws/install/mobile_robotic_course_assessment_task_2023/share/mobile_robotic_course_assessment_task_2023/worlds/pavers_plane/materials/textures/grass_dry3.jpg:Zone.Identifier
-- Up-to-date: /home/peeranut/ros2_ws/install/mobile_robotic_course_assessment_task_2023/share/mobile_robotic_course_assessment_task_2023/worlds/pavers_plane/materials/textures/grass_dry.png_Zone.Identifier:Zone.Identifier
-- Up-to-date: /home/peeranut/ros2_ws/install/mobile_robotic_course_assessment_task_2023/share/mobile_robotic_course_assessment_task_2023/worlds/pavers_plane/materials/textures/grass_dry2.jpg_Zone.Identifier
-- Up-to-date: /home/peeranut/ros2_ws/install/mobile_robotic_course_assessment_task_2023/share/mobile_robotic_course_assessment_task_2023/worlds/pavers_plane/materials/textures/grass_dry3.jpg
-- Up-to-date: /home/peeranut/ros2_ws/install/mobile_robotic_course_assessment_task_2023/share/mobile_robotic_course_assessment_task_2023/worlds/pavers_plane/materials/textures/grass_dry2.jpg:Zone.Identifier
-- Up-to-date: /home/peeranut/ros2_ws/install/mobile_robotic_course_assessment_task_2023/share/mobile_robotic_course_assessment_task_2023/worlds/pavers_plane/materials/textures/grass_dry2.jpg
-- Up-to-date: /home/peeranut/ros2_ws/install/mobile_robotic_course_assessment_task_2023/share/mobile_robotic_course_assessment_task_2023/worlds/pavers_plane/materials/textures/grass_dry2.jpg_com.dropbox.attrs:Zone.Identifier
-- Up-to-date: /home/peeranut/ros2_ws/install/mobile_robotic_course_assessment_task_2023/share/mobile_robotic_course_assessment_task_2023/worlds/pavers_plane/materials/textures/grass_dry3.jpg_com.dropbox.attrs
-- Up-to-date: /home/peeranut/ros2_ws/install/mobile_robotic_course_assessment_task_2023/share/mobile_robotic_course_assessment_task_2023/worlds/pavers_plane/materials/textures/grass_Zone.Identifier
-- Up-to-date: /home/peeranut/ros2_ws/install/mobile_robotic_course_assessment_task_2023/share/mobile_robotic_course_assessment_task_2023/worlds/pavers_plane/materials/textures/grass:Zone.Identifier
-- Up-to-date: /home/peeranut/ros2_ws/install/mobile_robotic_course_assessment_task_2023/share/mobile_robotic_course_assessment_task_2023/worlds/pavers_plane/materials/textures/grass_dry.png_com.dropbox.attrs:Zone.Identifier
-- Up-to-date: /home/peeranut/ros2_ws/install/mobile_robotic_course_assessment_task_2023/share/mobile_robotic_course_assessment_task_2023/worlds/pavers_plane/materials/textures/grass_com.dropbox.attrs:Zone.Identifier
-- Up-to-date: /home/peeranut/ros2_ws/install/mobile_robotic_course_assessment_task_2023/share/mobile_robotic_course_assessment_task_2023/worlds/pavers_plane/materials/scripts
-- Up-to-date: /home/peeranut/ros2_ws/install/mobile_robotic_course_assessment_task_2023/share/mobile_robotic_course_assessment_task_2023/worlds/pavers_plane/materials/scripts/grass_plane.material_com.dropbox.attrs:Zone.Identifier
-- Up-to-date: /home/peeranut/ros2_ws/install/mobile_robotic_course_assessment_task_2023/share/mobile_robotic_course_assessment_task_2023/worlds/pavers_plane/materials/scripts/grass_plane.material:Zone.Identifier
-- Up-to-date: /home/peeranut/ros2_ws/install/mobile_robotic_course_assessment_task_2023/share/mobile_robotic_course_assessment_task_2023/worlds/pavers_plane/materials/scripts/grass_plane.material_com.dropbox.attrs
-- Up-to-date: /home/peeranut/ros2_ws/install/mobile_robotic_course_assessment_task_2023/share/mobile_robotic_course_assessment_task_2023/worlds/pavers_plane/materials/scripts/grass_plane.material_Zone.Identifier
-- Up-to-date: /home/peeranut/ros2_ws/install/mobile_robotic_course_assessment_task_2023/share/mobile_robotic_course_assessment_task_2023/worlds/pavers_plane/materials/scripts/grass_plane.material_Zone.Identifier:Zone.Identifier
-- Up-to-date: /home/peeranut/ros2_ws/install/mobile_robotic_course_assessment_task_2023/share/mobile_robotic_course_assessment_task_2023/worlds/pavers_plane/materials/scripts/grass_plane.material
-- Up-to-date: /home/peeranut/ros2_ws/install/mobile_robotic_course_assessment_task_2023/share/mobile_robotic_course_assessment_task_2023/worlds/pavers_plane/model.config:Zone.Identifier
-- Up-to-date: /home/peeranut/ros2_ws/install/mobile_robotic_course_assessment_task_2023/share/mobile_robotic_course_assessment_task_2023/worlds/pavers_plane/model.config_Zone.Identifier:Zone.Identifier
-- Up-to-date: /home/peeranut/ros2_ws/install/mobile_robotic_course_assessment_task_2023/share/mobile_robotic_course_assessment_task_2023/worlds/pavers_plane/model.sdf:Zone.Identifier
-- Up-to-date: /home/peeranut/ros2_ws/install/mobile_robotic_course_assessment_task_2023/share/mobile_robotic_course_assessment_task_2023/worlds/pavers_plane/model.sdf_com.dropbox.attrs
-- Up-to-date: /home/peeranut/ros2_ws/install/mobile_robotic_course_assessment_task_2023/share/mobile_robotic_course_assessment_task_2023/worlds/sun_2
-- Up-to-date: /home/peeranut/ros2_ws/install/mobile_robotic_course_assessment_task_2023/share/mobile_robotic_course_assessment_task_2023/worlds/sun_2/model.config_com.dropbox.attrs
-- Up-to-date: /home/peeranut/ros2_ws/install/mobile_robotic_course_assessment_task_2023/share/mobile_robotic_course_assessment_task_2023/worlds/sun_2/model.sdf_Zone.Identifier
-- Up-to-date: /home/peeranut/ros2_ws/install/mobile_robotic_course_assessment_task_2023/share/mobile_robotic_course_assessment_task_2023/worlds/sun_2/model.config_com.dropbox.attrs:Zone.Identifier
-- Up-to-date: /home/peeranut/ros2_ws/install/mobile_robotic_course_assessment_task_2023/share/mobile_robotic_course_assessment_task_2023/worlds/sun_2/model.config
-- Up-to-date: /home/peeranut/ros2_ws/install/mobile_robotic_course_assessment_task_2023/share/mobile_robotic_course_assessment_task_2023/worlds/sun_2/model.sdf_com.dropbox.attrs:Zone.Identifier
-- Up-to-date: /home/peeranut/ros2_ws/install/mobile_robotic_course_assessment_task_2023/share/mobile_robotic_course_assessment_task_2023/worlds/sun_2/model.sdf_Zone.Identifier:Zone.Identifier
-- Up-to-date: /home/peeranut/ros2_ws/install/mobile_robotic_course_assessment_task_2023/share/mobile_robotic_course_assessment_task_2023/worlds/sun_2/model.sdf
-- Up-to-date: /home/peeranut/ros2_ws/install/mobile_robotic_course_assessment_task_2023/share/mobile_robotic_course_assessment_task_2023/worlds/sun_2/model.config_Zone.Identifier
-- Up-to-date: /home/peeranut/ros2_ws/install/mobile_robotic_course_assessment_task_2023/share/mobile_robotic_course_assessment_task_2023/worlds/sun_2/model.config:Zone.Identifier
-- Up-to-date: /home/peeranut/ros2_ws/install/mobile_robotic_course_assessment_task_2023/share/mobile_robotic_course_assessment_task_2023/worlds/sun_2/model.config_Zone.Identifier:Zone.Identifier
-- Up-to-date: /home/peeranut/ros2_ws/install/mobile_robotic_course_assessment_task_2023/share/mobile_robotic_course_assessment_task_2023/worlds/sun_2/model.sdf:Zone.Identifier
-- Up-to-date: /home/peeranut/ros2_ws/install/mobile_robotic_course_assessment_task_2023/share/mobile_robotic_course_assessment_task_2023/worlds/sun_2/model.sdf_com.dropbox.attrs
-- Up-to-date: /home/peeranut/ros2_ws/install/mobile_robotic_course_assessment_task_2023/share/mobile_robotic_course_assessment_task_2023/worlds/simple_world.world
-- Up-to-date: /home/peeranut/ros2_ws/install/mobile_robotic_course_assessment_task_2023/share/mobile_robotic_course_assessment_task_2023/worlds/smaze2d.world
-- Up-to-date: /home/peeranut/ros2_ws/install/mobile_robotic_course_assessment_task_2023/share/mobile_robotic_course_assessment_task_2023/worlds/sroof
-- Up-to-date: /home/peeranut/ros2_ws/install/mobile_robotic_course_assessment_task_2023/share/mobile_robotic_course_assessment_task_2023/worlds/sroof/model.config_com.dropbox.attrs
-- Up-to-date: /home/peeranut/ros2_ws/install/mobile_robotic_course_assessment_task_2023/share/mobile_robotic_course_assessment_task_2023/worlds/sroof/model.sdf_Zone.Identifier
-- Up-to-date: /home/peeranut/ros2_ws/install/mobile_robotic_course_assessment_task_2023/share/mobile_robotic_course_assessment_task_2023/worlds/sroof/model.config_com.dropbox.attrs:Zone.Identifier
-- Up-to-date: /home/peeranut/ros2_ws/install/mobile_robotic_course_assessment_task_2023/share/mobile_robotic_course_assessment_task_2023/worlds/sroof/model.config
-- Up-to-date: /home/peeranut/ros2_ws/install/mobile_robotic_course_assessment_task_2023/share/mobile_robotic_course_assessment_task_2023/worlds/sroof/model.sdf_com.dropbox.attrs:Zone.Identifier
-- Up-to-date: /home/peeranut/ros2_ws/install/mobile_robotic_course_assessment_task_2023/share/mobile_robotic_course_assessment_task_2023/worlds/sroof/model.sdf_Zone.Identifier:Zone.Identifier
-- Up-to-date: /home/peeranut/ros2_ws/install/mobile_robotic_course_assessment_task_2023/share/mobile_robotic_course_assessment_task_2023/worlds/sroof/model.sdf
-- Up-to-date: /home/peeranut/ros2_ws/install/mobile_robotic_course_assessment_task_2023/share/mobile_robotic_course_assessment_task_2023/worlds/sroof/model.config_Zone.Identifier
-- Up-to-date: /home/peeranut/ros2_ws/install/mobile_robotic_course_assessment_task_2023/share/mobile_robotic_course_assessment_task_2023/worlds/sroof/materials
-- Up-to-date: /home/peeranut/ros2_ws/install/mobile_robotic_course_assessment_task_2023/share/mobile_robotic_course_assessment_task_2023/worlds/sroof/materials/textures
-- Up-to-date: /home/peeranut/ros2_ws/install/mobile_robotic_course_assessment_task_2023/share/mobile_robotic_course_assessment_task_2023/worlds/sroof/materials/textures/grass_dry.png_com.dropbox.attrs
-- Up-to-date: /home/peeranut/ros2_ws/install/mobile_robotic_course_assessment_task_2023/share/mobile_robotic_course_assessment_task_2023/worlds/sroof/materials/textures/grass_Zone.Identifier:Zone.Identifier
-- Up-to-date: /home/peeranut/ros2_ws/install/mobile_robotic_course_assessment_task_2023/share/mobile_robotic_course_assessment_task_2023/worlds/sroof/materials/textures/grass_dry.png_Zone.Identifier
-- Up-to-date: /home/peeranut/ros2_ws/install/mobile_robotic_course_assessment_task_2023/share/mobile_robotic_course_assessment_task_2023/worlds/sroof/materials/textures/grass_dry3.jpg_Zone.Identifier
-- Up-to-date: /home/peeranut/ros2_ws/install/mobile_robotic_course_assessment_task_2023/share/mobile_robotic_course_assessment_task_2023/worlds/sroof/materials/textures/grass_dry3.jpg_Zone.Identifier:Zone.Identifier
-- Up-to-date: /home/peeranut/ros2_ws/install/mobile_robotic_course_assessment_task_2023/share/mobile_robotic_course_assessment_task_2023/worlds/sroof/materials/textures/grass
-- Up-to-date: /home/peeranut/ros2_ws/install/mobile_robotic_course_assessment_task_2023/share/mobile_robotic_course_assessment_task_2023/worlds/sroof/materials/textures/grass_dry3.jpg_com.dropbox.attrs:Zone.Identifier
-- Up-to-date: /home/peeranut/ros2_ws/install/mobile_robotic_course_assessment_task_2023/share/mobile_robotic_course_assessment_task_2023/worlds/sroof/materials/textures/grass_com.dropbox.attrs
-- Up-to-date: /home/peeranut/ros2_ws/install/mobile_robotic_course_assessment_task_2023/share/mobile_robotic_course_assessment_task_2023/worlds/sroof/materials/textures/grass_dry2.jpg_Zone.Identifier:Zone.Identifier
-- Up-to-date: /home/peeranut/ros2_ws/install/mobile_robotic_course_assessment_task_2023/share/mobile_robotic_course_assessment_task_2023/worlds/sroof/materials/textures/grass_dry.png:Zone.Identifier
-- Up-to-date: /home/peeranut/ros2_ws/install/mobile_robotic_course_assessment_task_2023/share/mobile_robotic_course_assessment_task_2023/worlds/sroof/materials/textures/grass_dry2.jpg_com.dropbox.attrs
-- Up-to-date: /home/peeranut/ros2_ws/install/mobile_robotic_course_assessment_task_2023/share/mobile_robotic_course_assessment_task_2023/worlds/sroof/materials/textures/grass_dry.png
-- Up-to-date: /home/peeranut/ros2_ws/install/mobile_robotic_course_assessment_task_2023/share/mobile_robotic_course_assessment_task_2023/worlds/sroof/materials/textures/grass_dry3.jpg:Zone.Identifier
-- Up-to-date: /home/peeranut/ros2_ws/install/mobile_robotic_course_assessment_task_2023/share/mobile_robotic_course_assessment_task_2023/worlds/sroof/materials/textures/grass_dry.png_Zone.Identifier:Zone.Identifier
-- Up-to-date: /home/peeranut/ros2_ws/install/mobile_robotic_course_assessment_task_2023/share/mobile_robotic_course_assessment_task_2023/worlds/sroof/materials/textures/grass_dry2.jpg_Zone.Identifier
-- Up-to-date: /home/peeranut/ros2_ws/install/mobile_robotic_course_assessment_task_2023/share/mobile_robotic_course_assessment_task_2023/worlds/sroof/materials/textures/grass_dry3.jpg
-- Up-to-date: /home/peeranut/ros2_ws/install/mobile_robotic_course_assessment_task_2023/share/mobile_robotic_course_assessment_task_2023/worlds/sroof/materials/textures/grass_dry2.jpg:Zone.Identifier
-- Up-to-date: /home/peeranut/ros2_ws/install/mobile_robotic_course_assessment_task_2023/share/mobile_robotic_course_assessment_task_2023/worlds/sroof/materials/textures/grass_dry2.jpg
-- Up-to-date: /home/peeranut/ros2_ws/install/mobile_robotic_course_assessment_task_2023/share/mobile_robotic_course_assessment_task_2023/worlds/sroof/materials/textures/grass_dry2.jpg_com.dropbox.attrs:Zone.Identifier
-- Up-to-date: /home/peeranut/ros2_ws/install/mobile_robotic_course_assessment_task_2023/share/mobile_robotic_course_assessment_task_2023/worlds/sroof/materials/textures/grass_dry3.jpg_com.dropbox.attrs
-- Up-to-date: /home/peeranut/ros2_ws/install/mobile_robotic_course_assessment_task_2023/share/mobile_robotic_course_assessment_task_2023/worlds/sroof/materials/textures/grass_Zone.Identifier
-- Up-to-date: /home/peeranut/ros2_ws/install/mobile_robotic_course_assessment_task_2023/share/mobile_robotic_course_assessment_task_2023/worlds/sroof/materials/textures/grass:Zone.Identifier
-- Up-to-date: /home/peeranut/ros2_ws/install/mobile_robotic_course_assessment_task_2023/share/mobile_robotic_course_assessment_task_2023/worlds/sroof/materials/textures/grass_dry.png_com.dropbox.attrs:Zone.Identifier
-- Up-to-date: /home/peeranut/ros2_ws/install/mobile_robotic_course_assessment_task_2023/share/mobile_robotic_course_assessment_task_2023/worlds/sroof/materials/textures/grass_com.dropbox.attrs:Zone.Identifier
-- Up-to-date: /home/peeranut/ros2_ws/install/mobile_robotic_course_assessment_task_2023/share/mobile_robotic_course_assessment_task_2023/worlds/sroof/materials/scripts
-- Up-to-date: /home/peeranut/ros2_ws/install/mobile_robotic_course_assessment_task_2023/share/mobile_robotic_course_assessment_task_2023/worlds/sroof/materials/scripts/sroof.material_Zone.Identifier:Zone.Identifier
-- Up-to-date: /home/peeranut/ros2_ws/install/mobile_robotic_course_assessment_task_2023/share/mobile_robotic_course_assessment_task_2023/worlds/sroof/materials/scripts/sroof.material_Zone.Identifier
-- Up-to-date: /home/peeranut/ros2_ws/install/mobile_robotic_course_assessment_task_2023/share/mobile_robotic_course_assessment_task_2023/worlds/sroof/materials/scripts/sroof.material_com.dropbox.attrs:Zone.Identifier
-- Up-to-date: /home/peeranut/ros2_ws/install/mobile_robotic_course_assessment_task_2023/share/mobile_robotic_course_assessment_task_2023/worlds/sroof/materials/scripts/sroof.material:Zone.Identifier
-- Up-to-date: /home/peeranut/ros2_ws/install/mobile_robotic_course_assessment_task_2023/share/mobile_robotic_course_assessment_task_2023/worlds/sroof/materials/scripts/sroof.material
-- Up-to-date: /home/peeranut/ros2_ws/install/mobile_robotic_course_assessment_task_2023/share/mobile_robotic_course_assessment_task_2023/worlds/sroof/materials/scripts/sroof.material_com.dropbox.attrs
-- Up-to-date: /home/peeranut/ros2_ws/install/mobile_robotic_course_assessment_task_2023/share/mobile_robotic_course_assessment_task_2023/worlds/sroof/model.config:Zone.Identifier
-- Up-to-date: /home/peeranut/ros2_ws/install/mobile_robotic_course_assessment_task_2023/share/mobile_robotic_course_assessment_task_2023/worlds/sroof/model.config_Zone.Identifier:Zone.Identifier
-- Up-to-date: /home/peeranut/ros2_ws/install/mobile_robotic_course_assessment_task_2023/share/mobile_robotic_course_assessment_task_2023/worlds/sroof/model.sdf:Zone.Identifier
-- Up-to-date: /home/peeranut/ros2_ws/install/mobile_robotic_course_assessment_task_2023/share/mobile_robotic_course_assessment_task_2023/worlds/sroof/model.sdf_com.dropbox.attrs
-- Up-to-date: /home/peeranut/ros2_ws/install/mobile_robotic_course_assessment_task_2023/share/mobile_robotic_course_assessment_task_2023/worlds/smaze2d.world:Zone.Identifier
-- Up-to-date: /home/peeranut/ros2_ws/install/mobile_robotic_course_assessment_task_2023/share/mobile_robotic_course_assessment_task_2023/worlds/smaze2d.world_com.dropbox.attrs
-- Up-to-date: /home/peeranut/ros2_ws/install/mobile_robotic_course_assessment_task_2023/share/mobile_robotic_course_assessment_task_2023/worlds/smaze2d.world_Zone.Identifier
-- Up-to-date: /home/peeranut/ros2_ws/install/mobile_robotic_course_assessment_task_2023/share/mobile_robotic_course_assessment_task_2023/worlds/smaze2d
-- Up-to-date: /home/peeranut/ros2_ws/install/mobile_robotic_course_assessment_task_2023/share/mobile_robotic_course_assessment_task_2023/worlds/smaze2d/model.config_com.dropbox.attrs
-- Up-to-date: /home/peeranut/ros2_ws/install/mobile_robotic_course_assessment_task_2023/share/mobile_robotic_course_assessment_task_2023/worlds/smaze2d/model.sdf_Zone.Identifier
-- Up-to-date: /home/peeranut/ros2_ws/install/mobile_robotic_course_assessment_task_2023/share/mobile_robotic_course_assessment_task_2023/worlds/smaze2d/model.config_com.dropbox.attrs:Zone.Identifier
-- Up-to-date: /home/peeranut/ros2_ws/install/mobile_robotic_course_assessment_task_2023/share/mobile_robotic_course_assessment_task_2023/worlds/smaze2d/model.config
-- Up-to-date: /home/peeranut/ros2_ws/install/mobile_robotic_course_assessment_task_2023/share/mobile_robotic_course_assessment_task_2023/worlds/smaze2d/model.sdf_com.dropbox.attrs:Zone.Identifier
-- Up-to-date: /home/peeranut/ros2_ws/install/mobile_robotic_course_assessment_task_2023/share/mobile_robotic_course_assessment_task_2023/worlds/smaze2d/model.sdf_Zone.Identifier:Zone.Identifier
-- Up-to-date: /home/peeranut/ros2_ws/install/mobile_robotic_course_assessment_task_2023/share/mobile_robotic_course_assessment_task_2023/worlds/smaze2d/model.sdf
-- Up-to-date: /home/peeranut/ros2_ws/install/mobile_robotic_course_assessment_task_2023/share/mobile_robotic_course_assessment_task_2023/worlds/smaze2d/model.config_Zone.Identifier
-- Up-to-date: /home/peeranut/ros2_ws/install/mobile_robotic_course_assessment_task_2023/share/mobile_robotic_course_assessment_task_2023/worlds/smaze2d/model.config:Zone.Identifier
-- Up-to-date: /home/peeranut/ros2_ws/install/mobile_robotic_course_assessment_task_2023/share/mobile_robotic_course_assessment_task_2023/worlds/smaze2d/model.config_Zone.Identifier:Zone.Identifier
-- Up-to-date: /home/peeranut/ros2_ws/install/mobile_robotic_course_assessment_task_2023/share/mobile_robotic_course_assessment_task_2023/worlds/smaze2d/model.sdf:Zone.Identifier
-- Up-to-date: /home/peeranut/ros2_ws/install/mobile_robotic_course_assessment_task_2023/share/mobile_robotic_course_assessment_task_2023/worlds/smaze2d/model.sdf_com.dropbox.attrs
-- Up-to-date: /home/peeranut/ros2_ws/install/mobile_robotic_course_assessment_task_2023/share/mobile_robotic_course_assessment_task_2023/worlds/smaze2d.world_com.dropbox.attrs:Zone.Identifier
-- Up-to-date: /home/peeranut/ros2_ws/install/mobile_robotic_course_assessment_task_2023/share/mobile_robotic_course_assessment_task_2023/worlds/smaze_wall
-- Up-to-date: /home/peeranut/ros2_ws/install/mobile_robotic_course_assessment_task_2023/share/mobile_robotic_course_assessment_task_2023/worlds/smaze_wall/model.config_com.dropbox.attrs
-- Up-to-date: /home/peeranut/ros2_ws/install/mobile_robotic_course_assessment_task_2023/share/mobile_robotic_course_assessment_task_2023/worlds/smaze_wall/model.sdf_Zone.Identifier
-- Up-to-date: /home/peeranut/ros2_ws/install/mobile_robotic_course_assessment_task_2023/share/mobile_robotic_course_assessment_task_2023/worlds/smaze_wall/model.config_com.dropbox.attrs:Zone.Identifier
-- Up-to-date: /home/peeranut/ros2_ws/install/mobile_robotic_course_assessment_task_2023/share/mobile_robotic_course_assessment_task_2023/worlds/smaze_wall/model.config
-- Up-to-date: /home/peeranut/ros2_ws/install/mobile_robotic_course_assessment_task_2023/share/mobile_robotic_course_assessment_task_2023/worlds/smaze_wall/model.sdf_com.dropbox.attrs:Zone.Identifier
-- Up-to-date: /home/peeranut/ros2_ws/install/mobile_robotic_course_assessment_task_2023/share/mobile_robotic_course_assessment_task_2023/worlds/smaze_wall/model.sdf_Zone.Identifier:Zone.Identifier
-- Up-to-date: /home/peeranut/ros2_ws/install/mobile_robotic_course_assessment_task_2023/share/mobile_robotic_course_assessment_task_2023/worlds/smaze_wall/model.sdf
-- Up-to-date: /home/peeranut/ros2_ws/install/mobile_robotic_course_assessment_task_2023/share/mobile_robotic_course_assessment_task_2023/worlds/smaze_wall/model.config_Zone.Identifier
-- Up-to-date: /home/peeranut/ros2_ws/install/mobile_robotic_course_assessment_task_2023/share/mobile_robotic_course_assessment_task_2023/worlds/smaze_wall/materials
-- Up-to-date: /home/peeranut/ros2_ws/install/mobile_robotic_course_assessment_task_2023/share/mobile_robotic_course_assessment_task_2023/worlds/smaze_wall/materials/textures
-- Up-to-date: /home/peeranut/ros2_ws/install/mobile_robotic_course_assessment_task_2023/share/mobile_robotic_course_assessment_task_2023/worlds/smaze_wall/materials/textures/bush.jpg
-- Up-to-date: /home/peeranut/ros2_ws/install/mobile_robotic_course_assessment_task_2023/share/mobile_robotic_course_assessment_task_2023/worlds/smaze_wall/materials/textures/bush.jpg_Zone.Identifier
-- Up-to-date: /home/peeranut/ros2_ws/install/mobile_robotic_course_assessment_task_2023/share/mobile_robotic_course_assessment_task_2023/worlds/smaze_wall/materials/textures/bush.jpg_com.dropbox.attrs:Zone.Identifier
-- Up-to-date: /home/peeranut/ros2_ws/install/mobile_robotic_course_assessment_task_2023/share/mobile_robotic_course_assessment_task_2023/worlds/smaze_wall/materials/textures/bush.jpg_Zone.Identifier:Zone.Identifier
-- Up-to-date: /home/peeranut/ros2_ws/install/mobile_robotic_course_assessment_task_2023/share/mobile_robotic_course_assessment_task_2023/worlds/smaze_wall/materials/textures/bush.jpg:Zone.Identifier
-- Up-to-date: /home/peeranut/ros2_ws/install/mobile_robotic_course_assessment_task_2023/share/mobile_robotic_course_assessment_task_2023/worlds/smaze_wall/materials/textures/bush.jpg_com.dropbox.attrs
-- Up-to-date: /home/peeranut/ros2_ws/install/mobile_robotic_course_assessment_task_2023/share/mobile_robotic_course_assessment_task_2023/worlds/smaze_wall/materials/scripts
-- Up-to-date: /home/peeranut/ros2_ws/install/mobile_robotic_course_assessment_task_2023/share/mobile_robotic_course_assessment_task_2023/worlds/smaze_wall/materials/scripts/smaze_wall.material_com.dropbox.attrs:Zone.Identifier
-- Up-to-date: /home/peeranut/ros2_ws/install/mobile_robotic_course_assessment_task_2023/share/mobile_robotic_course_assessment_task_2023/worlds/smaze_wall/materials/scripts/smaze_wall.material_Zone.Identifier
-- Up-to-date: /home/peeranut/ros2_ws/install/mobile_robotic_course_assessment_task_2023/share/mobile_robotic_course_assessment_task_2023/worlds/smaze_wall/materials/scripts/smaze_wall.material_com.dropbox.attrs
-- Up-to-date: /home/peeranut/ros2_ws/install/mobile_robotic_course_assessment_task_2023/share/mobile_robotic_course_assessment_task_2023/worlds/smaze_wall/materials/scripts/smaze_wall.material
-- Up-to-date: /home/peeranut/ros2_ws/install/mobile_robotic_course_assessment_task_2023/share/mobile_robotic_course_assessment_task_2023/worlds/smaze_wall/materials/scripts/smaze_wall.material:Zone.Identifier
-- Up-to-date: /home/peeranut/ros2_ws/install/mobile_robotic_course_assessment_task_2023/share/mobile_robotic_course_assessment_task_2023/worlds/smaze_wall/materials/scripts/smaze_wall.material_Zone.Identifier:Zone.Identifier
-- Up-to-date: /home/peeranut/ros2_ws/install/mobile_robotic_course_assessment_task_2023/share/mobile_robotic_course_assessment_task_2023/worlds/smaze_wall/model.config:Zone.Identifier
-- Up-to-date: /home/peeranut/ros2_ws/install/mobile_robotic_course_assessment_task_2023/share/mobile_robotic_course_assessment_task_2023/worlds/smaze_wall/model.config_Zone.Identifier:Zone.Identifier
-- Up-to-date: /home/peeranut/ros2_ws/install/mobile_robotic_course_assessment_task_2023/share/mobile_robotic_course_assessment_task_2023/worlds/smaze_wall/model.sdf:Zone.Identifier
-- Up-to-date: /home/peeranut/ros2_ws/install/mobile_robotic_course_assessment_task_2023/share/mobile_robotic_course_assessment_task_2023/worlds/smaze_wall/model.sdf_com.dropbox.attrs
-- Up-to-date: /home/peeranut/ros2_ws/install/mobile_robotic_course_assessment_task_2023/share/mobile_robotic_course_assessment_task_2023/worlds/marker_block
-- Up-to-date: /home/peeranut/ros2_ws/install/mobile_robotic_course_assessment_task_2023/share/mobile_robotic_course_assessment_task_2023/worlds/marker_block/model.config_com.dropbox.attrs
-- Up-to-date: /home/peeranut/ros2_ws/install/mobile_robotic_course_assessment_task_2023/share/mobile_robotic_course_assessment_task_2023/worlds/marker_block/model.sdf_Zone.Identifier
-- Up-to-date: /home/peeranut/ros2_ws/install/mobile_robotic_course_assessment_task_2023/share/mobile_robotic_course_assessment_task_2023/worlds/marker_block/model.config_com.dropbox.attrs:Zone.Identifier
-- Up-to-date: /home/peeranut/ros2_ws/install/mobile_robotic_course_assessment_task_2023/share/mobile_robotic_course_assessment_task_2023/worlds/marker_block/model.config
-- Up-to-date: /home/peeranut/ros2_ws/install/mobile_robotic_course_assessment_task_2023/share/mobile_robotic_course_assessment_task_2023/worlds/marker_block/model.sdf_com.dropbox.attrs:Zone.Identifier
-- Up-to-date: /home/peeranut/ros2_ws/install/mobile_robotic_course_assessment_task_2023/share/mobile_robotic_course_assessment_task_2023/worlds/marker_block/model.sdf_Zone.Identifier:Zone.Identifier
-- Up-to-date: /home/peeranut/ros2_ws/install/mobile_robotic_course_assessment_task_2023/share/mobile_robotic_course_assessment_task_2023/worlds/marker_block/model.sdf
-- Up-to-date: /home/peeranut/ros2_ws/install/mobile_robotic_course_assessment_task_2023/share/mobile_robotic_course_assessment_task_2023/worlds/marker_block/model.config_Zone.Identifier
-- Up-to-date: /home/peeranut/ros2_ws/install/mobile_robotic_course_assessment_task_2023/share/mobile_robotic_course_assessment_task_2023/worlds/marker_block/materials
-- Up-to-date: /home/peeranut/ros2_ws/install/mobile_robotic_course_assessment_task_2023/share/mobile_robotic_course_assessment_task_2023/worlds/marker_block/materials/scripts
-- Up-to-date: /home/peeranut/ros2_ws/install/mobile_robotic_course_assessment_task_2023/share/mobile_robotic_course_assessment_task_2023/worlds/marker_block/materials/scripts/smaze_wall.material_com.dropbox.attrs:Zone.Identifier
-- Up-to-date: /home/peeranut/ros2_ws/install/mobile_robotic_course_assessment_task_2023/share/mobile_robotic_course_assessment_task_2023/worlds/marker_block/materials/scripts/smaze_wall.material_Zone.Identifier
-- Up-to-date: /home/peeranut/ros2_ws/install/mobile_robotic_course_assessment_task_2023/share/mobile_robotic_course_assessment_task_2023/worlds/marker_block/materials/scripts/smaze_wall.material_com.dropbox.attrs
-- Up-to-date: /home/peeranut/ros2_ws/install/mobile_robotic_course_assessment_task_2023/share/mobile_robotic_course_assessment_task_2023/worlds/marker_block/materials/scripts/smaze_wall.material
-- Up-to-date: /home/peeranut/ros2_ws/install/mobile_robotic_course_assessment_task_2023/share/mobile_robotic_course_assessment_task_2023/worlds/marker_block/materials/scripts/smaze_wall.material:Zone.Identifier
-- Up-to-date: /home/peeranut/ros2_ws/install/mobile_robotic_course_assessment_task_2023/share/mobile_robotic_course_assessment_task_2023/worlds/marker_block/materials/scripts/smaze_wall.material_Zone.Identifier:Zone.Identifier
-- Up-to-date: /home/peeranut/ros2_ws/install/mobile_robotic_course_assessment_task_2023/share/mobile_robotic_course_assessment_task_2023/worlds/marker_block/model.config:Zone.Identifier
-- Up-to-date: /home/peeranut/ros2_ws/install/mobile_robotic_course_assessment_task_2023/share/mobile_robotic_course_assessment_task_2023/worlds/marker_block/model.config_Zone.Identifier:Zone.Identifier
-- Up-to-date: /home/peeranut/ros2_ws/install/mobile_robotic_course_assessment_task_2023/share/mobile_robotic_course_assessment_task_2023/worlds/marker_block/model.sdf:Zone.Identifier
-- Up-to-date: /home/peeranut/ros2_ws/install/mobile_robotic_course_assessment_task_2023/share/mobile_robotic_course_assessment_task_2023/worlds/marker_block/model.sdf_com.dropbox.attrs
-- Up-to-date: /home/peeranut/ros2_ws/install/mobile_robotic_course_assessment_task_2023/share/mobile_robotic_course_assessment_task_2023/worlds/grass_plane
-- Up-to-date: /home/peeranut/ros2_ws/install/mobile_robotic_course_assessment_task_2023/share/mobile_robotic_course_assessment_task_2023/worlds/grass_plane/model.config_com.dropbox.attrs
-- Up-to-date: /home/peeranut/ros2_ws/install/mobile_robotic_course_assessment_task_2023/share/mobile_robotic_course_assessment_task_2023/worlds/grass_plane/model.sdf_Zone.Identifier
-- Up-to-date: /home/peeranut/ros2_ws/install/mobile_robotic_course_assessment_task_2023/share/mobile_robotic_course_assessment_task_2023/worlds/grass_plane/model.config_com.dropbox.attrs:Zone.Identifier
-- Up-to-date: /home/peeranut/ros2_ws/install/mobile_robotic_course_assessment_task_2023/share/mobile_robotic_course_assessment_task_2023/worlds/grass_plane/model.config
-- Up-to-date: /home/peeranut/ros2_ws/install/mobile_robotic_course_assessment_task_2023/share/mobile_robotic_course_assessment_task_2023/worlds/grass_plane/model.sdf_com.dropbox.attrs:Zone.Identifier
-- Up-to-date: /home/peeranut/ros2_ws/install/mobile_robotic_course_assessment_task_2023/share/mobile_robotic_course_assessment_task_2023/worlds/grass_plane/model.sdf_Zone.Identifier:Zone.Identifier
-- Up-to-date: /home/peeranut/ros2_ws/install/mobile_robotic_course_assessment_task_2023/share/mobile_robotic_course_assessment_task_2023/worlds/grass_plane/model.sdf
-- Up-to-date: /home/peeranut/ros2_ws/install/mobile_robotic_course_assessment_task_2023/share/mobile_robotic_course_assessment_task_2023/worlds/grass_plane/model.config_Zone.Identifier
-- Up-to-date: /home/peeranut/ros2_ws/install/mobile_robotic_course_assessment_task_2023/share/mobile_robotic_course_assessment_task_2023/worlds/grass_plane/materials
-- Up-to-date: /home/peeranut/ros2_ws/install/mobile_robotic_course_assessment_task_2023/share/mobile_robotic_course_assessment_task_2023/worlds/grass_plane/materials/textures
-- Up-to-date: /home/peeranut/ros2_ws/install/mobile_robotic_course_assessment_task_2023/share/mobile_robotic_course_assessment_task_2023/worlds/grass_plane/materials/textures/grass_dry.png_com.dropbox.attrs
-- Up-to-date: /home/peeranut/ros2_ws/install/mobile_robotic_course_assessment_task_2023/share/mobile_robotic_course_assessment_task_2023/worlds/grass_plane/materials/textures/grass_Zone.Identifier:Zone.Identifier
-- Up-to-date: /home/peeranut/ros2_ws/install/mobile_robotic_course_assessment_task_2023/share/mobile_robotic_course_assessment_task_2023/worlds/grass_plane/materials/textures/grass_dry.png_Zone.Identifier
-- Up-to-date: /home/peeranut/ros2_ws/install/mobile_robotic_course_assessment_task_2023/share/mobile_robotic_course_assessment_task_2023/worlds/grass_plane/materials/textures/grass_dry3.jpg_Zone.Identifier
-- Up-to-date: /home/peeranut/ros2_ws/install/mobile_robotic_course_assessment_task_2023/share/mobile_robotic_course_assessment_task_2023/worlds/grass_plane/materials/textures/grass_dry3.jpg_Zone.Identifier:Zone.Identifier
-- Up-to-date: /home/peeranut/ros2_ws/install/mobile_robotic_course_assessment_task_2023/share/mobile_robotic_course_assessment_task_2023/worlds/grass_plane/materials/textures/grass
-- Up-to-date: /home/peeranut/ros2_ws/install/mobile_robotic_course_assessment_task_2023/share/mobile_robotic_course_assessment_task_2023/worlds/grass_plane/materials/textures/grass_dry3.jpg_com.dropbox.attrs:Zone.Identifier
-- Up-to-date: /home/peeranut/ros2_ws/install/mobile_robotic_course_assessment_task_2023/share/mobile_robotic_course_assessment_task_2023/worlds/grass_plane/materials/textures/grass_com.dropbox.attrs
-- Up-to-date: /home/peeranut/ros2_ws/install/mobile_robotic_course_assessment_task_2023/share/mobile_robotic_course_assessment_task_2023/worlds/grass_plane/materials/textures/grass_dry2.jpg_Zone.Identifier:Zone.Identifier
-- Up-to-date: /home/peeranut/ros2_ws/install/mobile_robotic_course_assessment_task_2023/share/mobile_robotic_course_assessment_task_2023/worlds/grass_plane/materials/textures/grass_dry.png:Zone.Identifier
-- Up-to-date: /home/peeranut/ros2_ws/install/mobile_robotic_course_assessment_task_2023/share/mobile_robotic_course_assessment_task_2023/worlds/grass_plane/materials/textures/grass_dry2.jpg_com.dropbox.attrs
-- Up-to-date: /home/peeranut/ros2_ws/install/mobile_robotic_course_assessment_task_2023/share/mobile_robotic_course_assessment_task_2023/worlds/grass_plane/materials/textures/grass_dry.png
-- Up-to-date: /home/peeranut/ros2_ws/install/mobile_robotic_course_assessment_task_2023/share/mobile_robotic_course_assessment_task_2023/worlds/grass_plane/materials/textures/grass_dry3.jpg:Zone.Identifier
-- Up-to-date: /home/peeranut/ros2_ws/install/mobile_robotic_course_assessment_task_2023/share/mobile_robotic_course_assessment_task_2023/worlds/grass_plane/materials/textures/grass_dry.png_Zone.Identifier:Zone.Identifier
-- Up-to-date: /home/peeranut/ros2_ws/install/mobile_robotic_course_assessment_task_2023/share/mobile_robotic_course_assessment_task_2023/worlds/grass_plane/materials/textures/grass_dry2.jpg_Zone.Identifier
-- Up-to-date: /home/peeranut/ros2_ws/install/mobile_robotic_course_assessment_task_2023/share/mobile_robotic_course_assessment_task_2023/worlds/grass_plane/materials/textures/grass_dry3.jpg
-- Up-to-date: /home/peeranut/ros2_ws/install/mobile_robotic_course_assessment_task_2023/share/mobile_robotic_course_assessment_task_2023/worlds/grass_plane/materials/textures/grass_dry2.jpg:Zone.Identifier
-- Up-to-date: /home/peeranut/ros2_ws/install/mobile_robotic_course_assessment_task_2023/share/mobile_robotic_course_assessment_task_2023/worlds/grass_plane/materials/textures/grass_dry2.jpg
-- Up-to-date: /home/peeranut/ros2_ws/install/mobile_robotic_course_assessment_task_2023/share/mobile_robotic_course_assessment_task_2023/worlds/grass_plane/materials/textures/grass_dry2.jpg_com.dropbox.attrs:Zone.Identifier
-- Up-to-date: /home/peeranut/ros2_ws/install/mobile_robotic_course_assessment_task_2023/share/mobile_robotic_course_assessment_task_2023/worlds/grass_plane/materials/textures/grass_dry3.jpg_com.dropbox.attrs
-- Up-to-date: /home/peeranut/ros2_ws/install/mobile_robotic_course_assessment_task_2023/share/mobile_robotic_course_assessment_task_2023/worlds/grass_plane/materials/textures/grass_Zone.Identifier
-- Up-to-date: /home/peeranut/ros2_ws/install/mobile_robotic_course_assessment_task_2023/share/mobile_robotic_course_assessment_task_2023/worlds/grass_plane/materials/textures/grass:Zone.Identifier
-- Up-to-date: /home/peeranut/ros2_ws/install/mobile_robotic_course_assessment_task_2023/share/mobile_robotic_course_assessment_task_2023/worlds/grass_plane/materials/textures/grass_dry.png_com.dropbox.attrs:Zone.Identifier
-- Up-to-date: /home/peeranut/ros2_ws/install/mobile_robotic_course_assessment_task_2023/share/mobile_robotic_course_assessment_task_2023/worlds/grass_plane/materials/textures/grass_com.dropbox.attrs:Zone.Identifier
-- Up-to-date: /home/peeranut/ros2_ws/install/mobile_robotic_course_assessment_task_2023/share/mobile_robotic_course_assessment_task_2023/worlds/grass_plane/materials/scripts
-- Up-to-date: /home/peeranut/ros2_ws/install/mobile_robotic_course_assessment_task_2023/share/mobile_robotic_course_assessment_task_2023/worlds/grass_plane/materials/scripts/grass_plane.material_com.dropbox.attrs:Zone.Identifier
-- Up-to-date: /home/peeranut/ros2_ws/install/mobile_robotic_course_assessment_task_2023/share/mobile_robotic_course_assessment_task_2023/worlds/grass_plane/materials/scripts/grass_plane.material:Zone.Identifier
-- Up-to-date: /home/peeranut/ros2_ws/install/mobile_robotic_course_assessment_task_2023/share/mobile_robotic_course_assessment_task_2023/worlds/grass_plane/materials/scripts/grass_plane.material_com.dropbox.attrs
-- Up-to-date: /home/peeranut/ros2_ws/install/mobile_robotic_course_assessment_task_2023/share/mobile_robotic_course_assessment_task_2023/worlds/grass_plane/materials/scripts/grass_plane.material_Zone.Identifier
-- Up-to-date: /home/peeranut/ros2_ws/install/mobile_robotic_course_assessment_task_2023/share/mobile_robotic_course_assessment_task_2023/worlds/grass_plane/materials/scripts/grass_plane.material_Zone.Identifier:Zone.Identifier
-- Up-to-date: /home/peeranut/ros2_ws/install/mobile_robotic_course_assessment_task_2023/share/mobile_robotic_course_assessment_task_2023/worlds/grass_plane/materials/scripts/grass_plane.material
-- Up-to-date: /home/peeranut/ros2_ws/install/mobile_robotic_course_assessment_task_2023/share/mobile_robotic_course_assessment_task_2023/worlds/grass_plane/model.config:Zone.Identifier
-- Up-to-date: /home/peeranut/ros2_ws/install/mobile_robotic_course_assessment_task_2023/share/mobile_robotic_course_assessment_task_2023/worlds/grass_plane/model.config_Zone.Identifier:Zone.Identifier
-- Up-to-date: /home/peeranut/ros2_ws/install/mobile_robotic_course_assessment_task_2023/share/mobile_robotic_course_assessment_task_2023/worlds/grass_plane/model.sdf:Zone.Identifier
-- Up-to-date: /home/peeranut/ros2_ws/install/mobile_robotic_course_assessment_task_2023/share/mobile_robotic_course_assessment_task_2023/worlds/grass_plane/model.sdf_com.dropbox.attrs
-- Up-to-date: /home/peeranut/ros2_ws/install/mobile_robotic_course_assessment_task_2023/share/mobile_robotic_course_assessment_task_2023/worlds/smaze2d.world_Zone.Identifier:Zone.Identifier
-- Up-to-date: /home/peeranut/ros2_ws/install/mobile_robotic_course_assessment_task_2023/share/mobile_robotic_course_assessment_task_2023/urdf
-- Up-to-date: /home/peeranut/ros2_ws/install/mobile_robotic_course_assessment_task_2023/share/mobile_robotic_course_assessment_task_2023/urdf/8th_car_sensor_2wheel_1castor_camera_collision.urdf:Zone.Identifier
-- Installing: /home/peeranut/ros2_ws/install/mobile_robotic_course_assessment_task_2023/share/mobile_robotic_course_assessment_task_2023/urdf/8th_car_sensor_2wheel_1castor_camera_collision.urdf
-- Up-to-date: /home/peeranut/ros2_ws/install/mobile_robotic_course_assessment_task_2023/share/mobile_robotic_course_assessment_task_2023/urdf/simple_robot_nav2.urdf.xacro
-- Up-to-date: /home/peeranut/ros2_ws/install/mobile_robotic_course_assessment_task_2023/share/mobile_robotic_course_assessment_task_2023/rviz
-- Up-to-date: /home/peeranut/ros2_ws/install/mobile_robotic_course_assessment_task_2023/share/mobile_robotic_course_assessment_task_2023/rviz/simple_robot_nav2_original.rviz
-- Up-to-date: /home/peeranut/ros2_ws/install/mobile_robotic_course_assessment_task_2023/share/mobile_robotic_course_assessment_task_2023/rviz/simple_robot_nav2.rviz
-- Up-to-date: /home/peeranut/ros2_ws/install/mobile_robotic_course_assessment_task_2023/share/mobile_robotic_course_assessment_task_2023/meshes
-- Up-to-date: /home/peeranut/ros2_ws/install/mobile_robotic_course_assessment_task_2023/share/mobile_robotic_course_assessment_task_2023/meshes/AE86_body_origin_reset.stl:Zone.Identifier
-- Up-to-date: /home/peeranut/ros2_ws/install/mobile_robotic_course_assessment_task_2023/share/mobile_robotic_course_assessment_task_2023/meshes/AE86_wheel_origin_reset.stl
-- Up-to-date: /home/peeranut/ros2_ws/install/mobile_robotic_course_assessment_task_2023/share/mobile_robotic_course_assessment_task_2023/meshes/AE86_wheel_origin_reset.stl:Zone.Identifier
-- Up-to-date: /home/peeranut/ros2_ws/install/mobile_robotic_course_assessment_task_2023/share/mobile_robotic_course_assessment_task_2023/meshes/AE86_body_origin_reset.stl
-- Up-to-date: /home/peeranut/ros2_ws/install/mobile_robotic_course_assessment_task_2023/share/mobile_robotic_course_assessment_task_2023/meshes/hokuyo.dae
-- Up-to-date: /home/peeranut/ros2_ws/install/mobile_robotic_course_assessment_task_2023/share/mobile_robotic_course_assessment_task_2023/maps
-- Up-to-date: /home/peeranut/ros2_ws/install/mobile_robotic_course_assessment_task_2023/share/mobile_robotic_course_assessment_task_2023/maps/mymap.yaml
-- Up-to-date: /home/peeranut/ros2_ws/install/mobile_robotic_course_assessment_task_2023/share/mobile_robotic_course_assessment_task_2023/maps/mymap.yaml:Zone.Identifier
-- Up-to-date: /home/peeranut/ros2_ws/install/mobile_robotic_course_assessment_task_2023/share/mobile_robotic_course_assessment_task_2023/maps/mymap.pgm:Zone.Identifier
-- Up-to-date: /home/peeranut/ros2_ws/install/mobile_robotic_course_assessment_task_2023/share/mobile_robotic_course_assessment_task_2023/maps/mymap.pgm
-- Up-to-date: /home/peeranut/ros2_ws/install/mobile_robotic_course_assessment_task_2023/share/ament_index/resource_index/package_run_dependencies/mobile_robotic_course_assessment_task_2023
-- Up-to-date: /home/peeranut/ros2_ws/install/mobile_robotic_course_assessment_task_2023/share/ament_index/resource_index/parent_prefix_path/mobile_robotic_course_assessment_task_2023
-- Up-to-date: /home/peeranut/ros2_ws/install/mobile_robotic_course_assessment_task_2023/share/mobile_robotic_course_assessment_task_2023/environment/ament_prefix_path.sh
-- Up-to-date: /home/peeranut/ros2_ws/install/mobile_robotic_course_assessment_task_2023/share/mobile_robotic_course_assessment_task_2023/environment/ament_prefix_path.dsv
-- Up-to-date: /home/peeranut/ros2_ws/install/mobile_robotic_course_assessment_task_2023/share/mobile_robotic_course_assessment_task_2023/environment/path.sh
-- Up-to-date: /home/peeranut/ros2_ws/install/mobile_robotic_course_assessment_task_2023/share/mobile_robotic_course_assessment_task_2023/environment/path.dsv
-- Up-to-date: /home/peeranut/ros2_ws/install/mobile_robotic_course_assessment_task_2023/share/mobile_robotic_course_assessment_task_2023/local_setup.bash
-- Up-to-date: /home/peeranut/ros2_ws/install/mobile_robotic_course_assessment_task_2023/share/mobile_robotic_course_assessment_task_2023/local_setup.sh
-- Up-to-date: /home/peeranut/ros2_ws/install/mobile_robotic_course_assessment_task_2023/share/mobile_robotic_course_assessment_task_2023/local_setup.zsh
-- Up-to-date: /home/peeranut/ros2_ws/install/mobile_robotic_course_assessment_task_2023/share/mobile_robotic_course_assessment_task_2023/local_setup.dsv
-- Installing: /home/peeranut/ros2_ws/install/mobile_robotic_course_assessment_task_2023/share/mobile_robotic_course_assessment_task_2023/package.dsv
-- Up-to-date: /home/peeranut/ros2_ws/install/mobile_robotic_course_assessment_task_2023/share/ament_index/resource_index/packages/mobile_robotic_course_assessment_task_2023
-- Up-to-date: /home/peeranut/ros2_ws/install/mobile_robotic_course_assessment_task_2023/share/mobile_robotic_course_assessment_task_2023/cmake/mobile_robotic_course_assessment_task_2023Config.cmake
-- Up-to-date: /home/peeranut/ros2_ws/install/mobile_robotic_course_assessment_task_2023/share/mobile_robotic_course_assessment_task_2023/cmake/mobile_robotic_course_assessment_task_2023Config-version.cmake
-- Up-to-date: /home/peeranut/ros2_ws/install/mobile_robotic_course_assessment_task_2023/share/mobile_robotic_course_assessment_task_2023/package.xml
