[0.015s] Invoking command in '/home/peeranut/ros2_ws/build/simple_robot_nav2_ros2': CMAKE_PREFIX_PATH=${CMAKE_PREFIX_PATH}:/opt/ros/humble /usr/bin/cmake /home/peeranut/ros2_ws/src/simple_robot_nav2_ros2 -DCMAKE_INSTALL_PREFIX=/home/peeranut/ros2_ws/install/simple_robot_nav2_ros2
[0.239s] -- The C compiler identification is GNU 11.3.0
[1.262s] -- The CXX compiler identification is GNU 11.3.0
[2.112s] -- Detecting C compiler ABI info
[2.327s] -- Detecting C compiler ABI info - done
[2.332s] -- Check for working C compiler: /usr/bin/cc - skipped
[2.332s] -- Detecting C compile features
[2.332s] -- Detecting C compile features - done
[2.334s] -- Detecting CXX compiler ABI info
[2.593s] -- Detecting CXX compiler ABI info - done
[2.598s] -- Check for working CXX compiler: /usr/bin/c++ - skipped
[2.598s] -- Detecting CXX compile features
[2.598s] -- Detecting CXX compile features - done
[2.600s] -- Found ament_cmake: 1.3.5 (/opt/ros/humble/share/ament_cmake/cmake)
[2.707s] -- Found Python3: /usr/bin/python3.10 (found version "3.10.6") found components: Interpreter 
[2.763s] -- Found ament_lint_auto: 0.12.6 (/opt/ros/humble/share/ament_lint_auto/cmake)
[2.813s] -- Added test 'flake8' to check Python code syntax and style conventions
[2.813s] -- Added test 'lint_cmake' to check CMake code style
[2.814s] -- Added test 'pep257' to check Python code against some of the docstring style conventions in PEP 257
[2.815s] -- Added test 'xmllint' to check XML markup files
[2.816s] -- Configuring done
[2.819s] -- Generating done
[2.819s] -- Build files have been written to: /home/peeranut/ros2_ws/build/simple_robot_nav2_ros2
[2.822s] Invoked command in '/home/peeranut/ros2_ws/build/simple_robot_nav2_ros2' returned '0': CMAKE_PREFIX_PATH=${CMAKE_PREFIX_PATH}:/opt/ros/humble /usr/bin/cmake /home/peeranut/ros2_ws/src/simple_robot_nav2_ros2 -DCMAKE_INSTALL_PREFIX=/home/peeranut/ros2_ws/install/simple_robot_nav2_ros2
[2.824s] Invoking command in '/home/peeranut/ros2_ws/build/simple_robot_nav2_ros2': CMAKE_PREFIX_PATH=${CMAKE_PREFIX_PATH}:/opt/ros/humble /usr/bin/cmake --build /home/peeranut/ros2_ws/build/simple_robot_nav2_ros2 -- -j20 -l20
[2.843s] Invoked command in '/home/peeranut/ros2_ws/build/simple_robot_nav2_ros2' returned '0': CMAKE_PREFIX_PATH=${CMAKE_PREFIX_PATH}:/opt/ros/humble /usr/bin/cmake --build /home/peeranut/ros2_ws/build/simple_robot_nav2_ros2 -- -j20 -l20
[2.857s] Invoking command in '/home/peeranut/ros2_ws/build/simple_robot_nav2_ros2': CMAKE_PREFIX_PATH=${CMAKE_PREFIX_PATH}:/opt/ros/humble /usr/bin/cmake --install /home/peeranut/ros2_ws/build/simple_robot_nav2_ros2
[2.861s] -- Install configuration: ""
[2.861s] -- Installing: /home/peeranut/ros2_ws/install/simple_robot_nav2_ros2/share/simple_robot_nav2_ros2/config
[2.862s] -- Installing: /home/peeranut/ros2_ws/install/simple_robot_nav2_ros2/share/simple_robot_nav2_ros2/config/twist_mux.yaml
[2.862s] -- Installing: /home/peeranut/ros2_ws/install/simple_robot_nav2_ros2/share/simple_robot_nav2_ros2/config/amcl.yaml
[2.862s] -- Installing: /home/peeranut/ros2_ws/install/simple_robot_nav2_ros2/share/simple_robot_nav2_ros2/config/simple_diff_drive.yaml
[2.862s] -- Installing: /home/peeranut/ros2_ws/install/simple_robot_nav2_ros2/share/simple_robot_nav2_ros2/launch
[2.862s] -- Installing: /home/peeranut/ros2_ws/install/simple_robot_nav2_ros2/share/simple_robot_nav2_ros2/launch/simple_robot_nav2_bringup.launch.py
[2.862s] -- Installing: /home/peeranut/ros2_ws/install/simple_robot_nav2_ros2/share/simple_robot_nav2_ros2/launch/simple_robot_nav2.launch.py
[2.862s] -- Installing: /home/peeranut/ros2_ws/install/simple_robot_nav2_ros2/share/simple_robot_nav2_ros2/worlds
[2.862s] -- Installing: /home/peeranut/ros2_ws/install/simple_robot_nav2_ros2/share/simple_robot_nav2_ros2/worlds/simple_world.world
[2.862s] -- Installing: /home/peeranut/ros2_ws/install/simple_robot_nav2_ros2/share/simple_robot_nav2_ros2/urdf
[2.863s] -- Installing: /home/peeranut/ros2_ws/install/simple_robot_nav2_ros2/share/simple_robot_nav2_ros2/urdf/simple_robot_nav2.urdf.xacro
[2.863s] -- Installing: /home/peeranut/ros2_ws/install/simple_robot_nav2_ros2/share/simple_robot_nav2_ros2/rviz
[2.863s] -- Installing: /home/peeranut/ros2_ws/install/simple_robot_nav2_ros2/share/simple_robot_nav2_ros2/rviz/simple_robot_nav2.rviz
[2.863s] -- Installing: /home/peeranut/ros2_ws/install/simple_robot_nav2_ros2/share/simple_robot_nav2_ros2/meshes
[2.863s] -- Installing: /home/peeranut/ros2_ws/install/simple_robot_nav2_ros2/share/simple_robot_nav2_ros2/meshes/hokuyo.dae
[2.863s] -- Installing: /home/peeranut/ros2_ws/install/simple_robot_nav2_ros2/share/ament_index/resource_index/package_run_dependencies/simple_robot_nav2_ros2
[2.863s] -- Installing: /home/peeranut/ros2_ws/install/simple_robot_nav2_ros2/share/ament_index/resource_index/parent_prefix_path/simple_robot_nav2_ros2
[2.863s] -- Installing: /home/peeranut/ros2_ws/install/simple_robot_nav2_ros2/share/simple_robot_nav2_ros2/environment/ament_prefix_path.sh
[2.864s] -- Installing: /home/peeranut/ros2_ws/install/simple_robot_nav2_ros2/share/simple_robot_nav2_ros2/environment/ament_prefix_path.dsv
[2.864s] -- Installing: /home/peeranut/ros2_ws/install/simple_robot_nav2_ros2/share/simple_robot_nav2_ros2/environment/path.sh
[2.864s] -- Installing: /home/peeranut/ros2_ws/install/simple_robot_nav2_ros2/share/simple_robot_nav2_ros2/environment/path.dsv
[2.864s] -- Installing: /home/peeranut/ros2_ws/install/simple_robot_nav2_ros2/share/simple_robot_nav2_ros2/local_setup.bash
[2.864s] -- Installing: /home/peeranut/ros2_ws/install/simple_robot_nav2_ros2/share/simple_robot_nav2_ros2/local_setup.sh
[2.864s] -- Installing: /home/peeranut/ros2_ws/install/simple_robot_nav2_ros2/share/simple_robot_nav2_ros2/local_setup.zsh
[2.864s] -- Installing: /home/peeranut/ros2_ws/install/simple_robot_nav2_ros2/share/simple_robot_nav2_ros2/local_setup.dsv
[2.864s] -- Installing: /home/peeranut/ros2_ws/install/simple_robot_nav2_ros2/share/simple_robot_nav2_ros2/package.dsv
[2.864s] -- Installing: /home/peeranut/ros2_ws/install/simple_robot_nav2_ros2/share/ament_index/resource_index/packages/simple_robot_nav2_ros2
[2.865s] -- Installing: /home/peeranut/ros2_ws/install/simple_robot_nav2_ros2/share/simple_robot_nav2_ros2/cmake/simple_robot_nav2_ros2Config.cmake
[2.865s] -- Installing: /home/peeranut/ros2_ws/install/simple_robot_nav2_ros2/share/simple_robot_nav2_ros2/cmake/simple_robot_nav2_ros2Config-version.cmake
[2.865s] -- Installing: /home/peeranut/ros2_ws/install/simple_robot_nav2_ros2/share/simple_robot_nav2_ros2/package.xml
[2.866s] Invoked command in '/home/peeranut/ros2_ws/build/simple_robot_nav2_ros2' returned '0': CMAKE_PREFIX_PATH=${CMAKE_PREFIX_PATH}:/opt/ros/humble /usr/bin/cmake --install /home/peeranut/ros2_ws/build/simple_robot_nav2_ros2
